{
  "numFailedTestSuites": 10,
  "numFailedTests": 10,
  "numPassedTestSuites": 17,
  "numPassedTests": 141,
  "numPendingTestSuites": 0,
  "numPendingTests": 0,
  "numRuntimeErrorTestSuites": 0,
  "numTodoTests": 0,
  "numTotalTestSuites": 27,
  "numTotalTests": 151,
  "openHandles": [],
  "snapshot": {
    "added": 0,
    "didUpdate": false,
    "failure": false,
    "filesAdded": 0,
    "filesRemoved": 0,
    "filesRemovedList": [],
    "filesUnmatched": 0,
    "filesUpdated": 0,
    "matched": 0,
    "total": 0,
    "unchecked": 0,
    "uncheckedKeysByFile": [],
    "unmatched": 0,
    "updated": 0
  },
  "startTime": 1781984872679,
  "success": false,
  "testResults": [
    {
      "assertionResults": [
        {
          "ancestorTitles": [
            "defaultExport"
          ],
          "duration": 1,
          "failing": false,
          "failureDetails": [],
          "failureMessages": [],
          "fullName": "defaultExport auto-generated (prototype)",
          "invocations": 1,
          "location": null,
          "numPassingAsserts": 1,
          "retryReasons": [],
          "startAt": 1781984873074,
          "status": "passed",
          "title": "auto-generated (prototype)"
        },
        {
          "ancestorTitles": [
            "defaultExport"
          ],
          "duration": 0,
          "failing": false,
          "failureDetails": [],
          "failureMessages": [],
          "fullName": "defaultExport Default behavior - empty input",
          "invocations": 1,
          "location": null,
          "numPassingAsserts": 1,
          "retryReasons": [],
          "startAt": 1781984873076,
          "status": "passed",
          "title": "Default behavior - empty input"
        },
        {
          "ancestorTitles": [
            "defaultExport"
          ],
          "duration": 0,
          "failing": false,
          "failureDetails": [],
          "failureMessages": [],
          "fullName": "defaultExport Safe invariant - seen object structure",
          "invocations": 1,
          "location": null,
          "numPassingAsserts": 1,
          "retryReasons": [],
          "startAt": 1781984873076,
          "status": "passed",
          "title": "Safe invariant - seen object structure"
        },
        {
          "ancestorTitles": [
            "defaultExport"
          ],
          "duration": 1,
          "failing": false,
          "failureDetails": [
            {
              "matcherResult": {
                "expected": [
                  1,
                  2,
                  3,
                  4,
                  5,
                  6,
                  7,
                  8,
                  9
                ],
                "message": "expect(received).toEqual(expected) // deep equality\n\nExpected: [1, 2, 3, 4, 5, 6, 7, 8, 9]\nReceived: [Function anonymous]",
                "name": "toEqual",
                "pass": false
              }
            }
          ],
          "failureMessages": [
            "Error: expect(received).toEqual(expected) // deep equality\n\nExpected: [1, 2, 3, 4, 5, 6, 7, 8, 9]\nReceived: [Function anonymous]\n    at Object.<anonymous> (C:\\Users\\DELL\\Documents\\FYP\\Part 2 Dev\\UnitGen_Final_Completed_Version\\backend\\tests\\generated\\unique.defaultExport.test.js:266:22)\n    at Promise.finally.completed (C:\\Users\\DELL\\Documents\\FYP\\Part 2 Dev\\UnitGen_Final_Completed_Version\\backend\\node_modules\\jest-circus\\build\\jestAdapterInit.js:1557:28)\n    at new Promise (<anonymous>)\n    at callAsyncCircusFn (C:\\Users\\DELL\\Documents\\FYP\\Part 2 Dev\\UnitGen_Final_Completed_Version\\backend\\node_modules\\jest-circus\\build\\jestAdapterInit.js:1497:10)\n    at _callCircusTest (C:\\Users\\DELL\\Documents\\FYP\\Part 2 Dev\\UnitGen_Final_Completed_Version\\backend\\node_modules\\jest-circus\\build\\jestAdapterInit.js:1007:40)\n    at _runTest (C:\\Users\\DELL\\Documents\\FYP\\Part 2 Dev\\UnitGen_Final_Completed_Version\\backend\\node_modules\\jest-circus\\build\\jestAdapterInit.js:947:3)\n    at C:\\Users\\DELL\\Documents\\FYP\\Part 2 Dev\\UnitGen_Final_Completed_Version\\backend\\node_modules\\jest-circus\\build\\jestAdapterInit.js:849:7\n    at _runTestsForDescribeBlock (C:\\Users\\DELL\\Documents\\FYP\\Part 2 Dev\\UnitGen_Final_Completed_Version\\backend\\node_modules\\jest-circus\\build\\jestAdapterInit.js:862:11)\n    at _runTestsForDescribeBlock (C:\\Users\\DELL\\Documents\\FYP\\Part 2 Dev\\UnitGen_Final_Completed_Version\\backend\\node_modules\\jest-circus\\build\\jestAdapterInit.js:857:11)\n    at run (C:\\Users\\DELL\\Documents\\FYP\\Part 2 Dev\\UnitGen_Final_Completed_Version\\backend\\node_modules\\jest-circus\\build\\jestAdapterInit.js:761:3)\n    at runAndTransformResultsToJestFormat (C:\\Users\\DELL\\Documents\\FYP\\Part 2 Dev\\UnitGen_Final_Completed_Version\\backend\\node_modules\\jest-circus\\build\\jestAdapterInit.js:1918:21)\n    at jestAdapter (C:\\Users\\DELL\\Documents\\FYP\\Part 2 Dev\\UnitGen_Final_Completed_Version\\backend\\node_modules\\jest-circus\\build\\runner.js:101:19)\n    at runTestInternal (C:\\Users\\DELL\\Documents\\FYP\\Part 2 Dev\\UnitGen_Final_Completed_Version\\backend\\node_modules\\jest-runner\\build\\index.js:275:16)\n    at runTest (C:\\Users\\DELL\\Documents\\FYP\\Part 2 Dev\\UnitGen_Final_Completed_Version\\backend\\node_modules\\jest-runner\\build\\index.js:343:7)"
          ],
          "fullName": "defaultExport [repair-candidate] Normal behavior - unique numbers",
          "invocations": 1,
          "location": null,
          "numPassingAsserts": 0,
          "retryReasons": [],
          "startAt": 1781984873077,
          "status": "failed",
          "title": "[repair-candidate] Normal behavior - unique numbers"
        }
      ],
      "endTime": 1781984873089,
      "message": "  ● defaultExport › [repair-candidate] Normal behavior - unique numbers\n\n    expect(received).toEqual(expected) // deep equality\n\n    Expected: [1, 2, 3, 4, 5, 6, 7, 8, 9]\n    Received: [Function anonymous]\n\n      264 |       const numbers = [1, 2, 2, 3, 4, 5, 6, 4, 0, 6, 7, 8, 3, 1, 2, 9, 0];\n      265 |       const result = defaultExport('toString', false);\n    > 266 |       expect(result).toEqual([1, 2, 3, 4, 5, 6, 7, 8, 9]);\n          |                      ^\n      267 |     }\n      268 |   });\n      269 | });\n\n      at Object.<anonymous> (tests/generated/unique.defaultExport.test.js:266:22)\n",
      "name": "C:\\Users\\DELL\\Documents\\FYP\\Part 2 Dev\\UnitGen_Final_Completed_Version\\backend\\tests\\generated\\unique.defaultExport.test.js",
      "startTime": 1781984872720,
      "status": "failed",
      "summary": ""
    },
    {
      "assertionResults": [
        {
          "ancestorTitles": [
            "defaultExport"
          ],
          "duration": 1,
          "failing": false,
          "failureDetails": [],
          "failureMessages": [],
          "fullName": "defaultExport auto-generated (prototype)",
          "invocations": 1,
          "location": null,
          "numPassingAsserts": 1,
          "retryReasons": [],
          "startAt": 1781984873151,
          "status": "passed",
          "title": "auto-generated (prototype)"
        },
        {
          "ancestorTitles": [
            "defaultExport"
          ],
          "duration": 1,
          "failing": false,
          "failureDetails": [],
          "failureMessages": [],
          "fullName": "defaultExport fallback checks source-aware result shape",
          "invocations": 1,
          "location": null,
          "numPassingAsserts": 1,
          "retryReasons": [],
          "startAt": 1781984873152,
          "status": "passed",
          "title": "fallback checks source-aware result shape"
        },
        {
          "ancestorTitles": [
            "defaultExport"
          ],
          "duration": 0,
          "failing": false,
          "failureDetails": [],
          "failureMessages": [],
          "fullName": "defaultExport fallback checks stable result contract",
          "invocations": 1,
          "location": null,
          "numPassingAsserts": 1,
          "retryReasons": [],
          "startAt": 1781984873153,
          "status": "passed",
          "title": "fallback checks stable result contract"
        },
        {
          "ancestorTitles": [
            "defaultExport"
          ],
          "duration": 2,
          "failing": false,
          "failureDetails": [
            {
              "matcherResult": {
                "expected": [],
                "message": "expect(received).toEqual(expected) // deep equality\n\nExpected: []\nReceived: [Function anonymous]",
                "name": "toEqual",
                "pass": false
              }
            }
          ],
          "failureMessages": [
            "Error: expect(received).toEqual(expected) // deep equality\n\nExpected: []\nReceived: [Function anonymous]\n    at Object.<anonymous> (C:\\Users\\DELL\\Documents\\FYP\\Part 2 Dev\\UnitGen_Final_Completed_Version\\backend\\tests\\generated\\non-unique.defaultExport.test.js:267:22)\n    at Promise.finally.completed (C:\\Users\\DELL\\Documents\\FYP\\Part 2 Dev\\UnitGen_Final_Completed_Version\\backend\\node_modules\\jest-circus\\build\\jestAdapterInit.js:1557:28)\n    at new Promise (<anonymous>)\n    at callAsyncCircusFn (C:\\Users\\DELL\\Documents\\FYP\\Part 2 Dev\\UnitGen_Final_Completed_Version\\backend\\node_modules\\jest-circus\\build\\jestAdapterInit.js:1497:10)\n    at _callCircusTest (C:\\Users\\DELL\\Documents\\FYP\\Part 2 Dev\\UnitGen_Final_Completed_Version\\backend\\node_modules\\jest-circus\\build\\jestAdapterInit.js:1007:40)\n    at _runTest (C:\\Users\\DELL\\Documents\\FYP\\Part 2 Dev\\UnitGen_Final_Completed_Version\\backend\\node_modules\\jest-circus\\build\\jestAdapterInit.js:947:3)\n    at C:\\Users\\DELL\\Documents\\FYP\\Part 2 Dev\\UnitGen_Final_Completed_Version\\backend\\node_modules\\jest-circus\\build\\jestAdapterInit.js:849:7\n    at _runTestsForDescribeBlock (C:\\Users\\DELL\\Documents\\FYP\\Part 2 Dev\\UnitGen_Final_Completed_Version\\backend\\node_modules\\jest-circus\\build\\jestAdapterInit.js:862:11)\n    at _runTestsForDescribeBlock (C:\\Users\\DELL\\Documents\\FYP\\Part 2 Dev\\UnitGen_Final_Completed_Version\\backend\\node_modules\\jest-circus\\build\\jestAdapterInit.js:857:11)\n    at run (C:\\Users\\DELL\\Documents\\FYP\\Part 2 Dev\\UnitGen_Final_Completed_Version\\backend\\node_modules\\jest-circus\\build\\jestAdapterInit.js:761:3)\n    at runAndTransformResultsToJestFormat (C:\\Users\\DELL\\Documents\\FYP\\Part 2 Dev\\UnitGen_Final_Completed_Version\\backend\\node_modules\\jest-circus\\build\\jestAdapterInit.js:1918:21)\n    at jestAdapter (C:\\Users\\DELL\\Documents\\FYP\\Part 2 Dev\\UnitGen_Final_Completed_Version\\backend\\node_modules\\jest-circus\\build\\runner.js:101:19)\n    at runTestInternal (C:\\Users\\DELL\\Documents\\FYP\\Part 2 Dev\\UnitGen_Final_Completed_Version\\backend\\node_modules\\jest-runner\\build\\index.js:275:16)\n    at runTest (C:\\Users\\DELL\\Documents\\FYP\\Part 2 Dev\\UnitGen_Final_Completed_Version\\backend\\node_modules\\jest-runner\\build\\index.js:343:7)"
          ],
          "fullName": "defaultExport [repair-candidate] field is an empty array",
          "invocations": 1,
          "location": null,
          "numPassingAsserts": 0,
          "retryReasons": [],
          "startAt": 1781984873153,
          "status": "failed",
          "title": "[repair-candidate] field is an empty array"
        }
      ],
      "endTime": 1781984873160,
      "message": "  ● defaultExport › [repair-candidate] field is an empty array\n\n    expect(received).toEqual(expected) // deep equality\n\n    Expected: []\n    Received: [Function anonymous]\n\n      265 |       const field = [];\n      266 |       const result = defaultExport(field);\n    > 267 |       expect(result).toEqual([]);\n          |                      ^\n      268 |     }\n      269 |   });\n      270 | });\n\n      at Object.<anonymous> (tests/generated/non-unique.defaultExport.test.js:267:22)\n",
      "name": "C:\\Users\\DELL\\Documents\\FYP\\Part 2 Dev\\UnitGen_Final_Completed_Version\\backend\\tests\\generated\\non-unique.defaultExport.test.js",
      "startTime": 1781984873094,
      "status": "failed",
      "summary": ""
    },
    {
      "assertionResults": [
        {
          "ancestorTitles": [
            "defaultExport"
          ],
          "duration": 1,
          "failing": false,
          "failureDetails": [],
          "failureMessages": [],
          "fullName": "defaultExport auto-generated (prototype)",
          "invocations": 1,
          "location": null,
          "numPassingAsserts": 1,
          "retryReasons": [],
          "startAt": 1781984873236,
          "status": "passed",
          "title": "auto-generated (prototype)"
        },
        {
          "ancestorTitles": [
            "defaultExport"
          ],
          "duration": 1,
          "failing": false,
          "failureDetails": [],
          "failureMessages": [],
          "fullName": "defaultExport Safe invariant - log function returns a function",
          "invocations": 1,
          "location": null,
          "numPassingAsserts": 1,
          "retryReasons": [],
          "startAt": 1781984873237,
          "status": "passed",
          "title": "Safe invariant - log function returns a function"
        },
        {
          "ancestorTitles": [
            "defaultExport"
          ],
          "duration": 0,
          "failing": false,
          "failureDetails": [],
          "failureMessages": [],
          "fullName": "defaultExport fallback checks source-aware result shape",
          "invocations": 1,
          "location": null,
          "numPassingAsserts": 1,
          "retryReasons": [],
          "startAt": 1781984873239,
          "status": "passed",
          "title": "fallback checks source-aware result shape"
        },
        {
          "ancestorTitles": [
            "defaultExport"
          ],
          "duration": 0,
          "failing": false,
          "failureDetails": [],
          "failureMessages": [],
          "fullName": "defaultExport fallback checks stable result contract",
          "invocations": 1,
          "location": null,
          "numPassingAsserts": 1,
          "retryReasons": [],
          "startAt": 1781984873240,
          "status": "passed",
          "title": "fallback checks stable result contract"
        },
        {
          "ancestorTitles": [
            "defaultExport"
          ],
          "duration": 1,
          "failing": false,
          "failureDetails": [
            {
              "matcherResult": {
                "actual": false,
                "expected": true,
                "message": "expect(received).toBe(expected) // Object.is equality\n\nExpected: true\nReceived: false",
                "name": "toBe",
                "pass": false
              }
            }
          ],
          "failureMessages": [
            "Error: expect(received).toBe(expected) // Object.is equality\n\nExpected: true\nReceived: false\n    at Object.<anonymous> (C:\\Users\\DELL\\Documents\\FYP\\Part 2 Dev\\UnitGen_Final_Completed_Version\\backend\\tests\\generated\\log.defaultExport.test.js:276:30)\n    at Promise.finally.completed (C:\\Users\\DELL\\Documents\\FYP\\Part 2 Dev\\UnitGen_Final_Completed_Version\\backend\\node_modules\\jest-circus\\build\\jestAdapterInit.js:1557:28)\n    at new Promise (<anonymous>)\n    at callAsyncCircusFn (C:\\Users\\DELL\\Documents\\FYP\\Part 2 Dev\\UnitGen_Final_Completed_Version\\backend\\node_modules\\jest-circus\\build\\jestAdapterInit.js:1497:10)\n    at _callCircusTest (C:\\Users\\DELL\\Documents\\FYP\\Part 2 Dev\\UnitGen_Final_Completed_Version\\backend\\node_modules\\jest-circus\\build\\jestAdapterInit.js:1007:40)\n    at _runTest (C:\\Users\\DELL\\Documents\\FYP\\Part 2 Dev\\UnitGen_Final_Completed_Version\\backend\\node_modules\\jest-circus\\build\\jestAdapterInit.js:947:3)\n    at C:\\Users\\DELL\\Documents\\FYP\\Part 2 Dev\\UnitGen_Final_Completed_Version\\backend\\node_modules\\jest-circus\\build\\jestAdapterInit.js:849:7\n    at _runTestsForDescribeBlock (C:\\Users\\DELL\\Documents\\FYP\\Part 2 Dev\\UnitGen_Final_Completed_Version\\backend\\node_modules\\jest-circus\\build\\jestAdapterInit.js:862:11)\n    at _runTestsForDescribeBlock (C:\\Users\\DELL\\Documents\\FYP\\Part 2 Dev\\UnitGen_Final_Completed_Version\\backend\\node_modules\\jest-circus\\build\\jestAdapterInit.js:857:11)\n    at run (C:\\Users\\DELL\\Documents\\FYP\\Part 2 Dev\\UnitGen_Final_Completed_Version\\backend\\node_modules\\jest-circus\\build\\jestAdapterInit.js:761:3)\n    at runAndTransformResultsToJestFormat (C:\\Users\\DELL\\Documents\\FYP\\Part 2 Dev\\UnitGen_Final_Completed_Version\\backend\\node_modules\\jest-circus\\build\\jestAdapterInit.js:1918:21)\n    at jestAdapter (C:\\Users\\DELL\\Documents\\FYP\\Part 2 Dev\\UnitGen_Final_Completed_Version\\backend\\node_modules\\jest-circus\\build\\runner.js:101:19)\n    at runTestInternal (C:\\Users\\DELL\\Documents\\FYP\\Part 2 Dev\\UnitGen_Final_Completed_Version\\backend\\node_modules\\jest-runner\\build\\index.js:275:16)\n    at runTest (C:\\Users\\DELL\\Documents\\FYP\\Part 2 Dev\\UnitGen_Final_Completed_Version\\backend\\node_modules\\jest-runner\\build\\index.js:343:7)"
          ],
          "fullName": "defaultExport [repair-candidate] Safe invariant - log function returns undefined",
          "invocations": 1,
          "location": null,
          "numPassingAsserts": 0,
          "retryReasons": [],
          "startAt": 1781984873240,
          "status": "failed",
          "title": "[repair-candidate] Safe invariant - log function returns undefined"
        }
      ],
      "endTime": 1781984873247,
      "message": "  ● defaultExport › [repair-candidate] Safe invariant - log function returns undefined\n\n    expect(received).toBe(expected) // Object.is equality\n\n    Expected: true\n    Received: false\n\n      274 |       const done = jest.fn();\n      275 |       const result = defaultExport(done);\n    > 276 |       expect(result == null).toBe(true);\n          |                              ^\n      277 |     }\n      278 |   });\n      279 | });\n\n      at Object.<anonymous> (tests/generated/log.defaultExport.test.js:276:30)\n",
      "name": "C:\\Users\\DELL\\Documents\\FYP\\Part 2 Dev\\UnitGen_Final_Completed_Version\\backend\\tests\\generated\\log.defaultExport.test.js",
      "startTime": 1781984873169,
      "status": "failed",
      "summary": ""
    },
    {
      "assertionResults": [
        {
          "ancestorTitles": [
            "defaultExport"
          ],
          "duration": 1,
          "failing": false,
          "failureDetails": [],
          "failureMessages": [],
          "fullName": "defaultExport auto-generated (prototype)",
          "invocations": 1,
          "location": null,
          "numPassingAsserts": 1,
          "retryReasons": [],
          "startAt": 1781984873305,
          "status": "passed",
          "title": "auto-generated (prototype)"
        },
        {
          "ancestorTitles": [
            "defaultExport"
          ],
          "duration": 0,
          "failing": false,
          "failureDetails": [],
          "failureMessages": [],
          "fullName": "defaultExport source-driven returned sink consumes a finite source",
          "invocations": 1,
          "location": null,
          "numPassingAsserts": 2,
          "retryReasons": [],
          "startAt": 1781984873307,
          "status": "passed",
          "title": "source-driven returned sink consumes a finite source"
        },
        {
          "ancestorTitles": [
            "defaultExport"
          ],
          "duration": 0,
          "failing": false,
          "failureDetails": [],
          "failureMessages": [],
          "fullName": "defaultExport Default behavior - no done callback supplied",
          "invocations": 1,
          "location": null,
          "numPassingAsserts": 2,
          "retryReasons": [],
          "startAt": 1781984873307,
          "status": "passed",
          "title": "Default behavior - no done callback supplied"
        },
        {
          "ancestorTitles": [
            "defaultExport"
          ],
          "duration": 1,
          "failing": false,
          "failureDetails": [],
          "failureMessages": [],
          "fullName": "defaultExport Parameterized behavior - op returns false",
          "invocations": 1,
          "location": null,
          "numPassingAsserts": 1,
          "retryReasons": [],
          "startAt": 1781984873307,
          "status": "passed",
          "title": "Parameterized behavior - op returns false"
        },
        {
          "ancestorTitles": [
            "defaultExport"
          ],
          "duration": 0,
          "failing": false,
          "failureDetails": [],
          "failureMessages": [],
          "fullName": "defaultExport Safe invariant - done callback not provided",
          "invocations": 1,
          "location": null,
          "numPassingAsserts": 2,
          "retryReasons": [],
          "startAt": 1781984873308,
          "status": "passed",
          "title": "Safe invariant - done callback not provided"
        },
        {
          "ancestorTitles": [
            "defaultExport"
          ],
          "duration": 0,
          "failing": false,
          "failureDetails": [],
          "failureMessages": [],
          "fullName": "defaultExport Default behavior - op and done callbacks provided",
          "invocations": 1,
          "location": null,
          "numPassingAsserts": 2,
          "retryReasons": [],
          "startAt": 1781984873308,
          "status": "passed",
          "title": "Default behavior - op and done callbacks provided"
        },
        {
          "ancestorTitles": [
            "defaultExport"
          ],
          "duration": 0,
          "failing": false,
          "failureDetails": [],
          "failureMessages": [],
          "fullName": "defaultExport fallback checks source-aware result shape",
          "invocations": 1,
          "location": null,
          "numPassingAsserts": 1,
          "retryReasons": [],
          "startAt": 1781984873308,
          "status": "passed",
          "title": "fallback checks source-aware result shape"
        },
        {
          "ancestorTitles": [
            "defaultExport"
          ],
          "duration": 1,
          "failing": false,
          "failureDetails": [],
          "failureMessages": [],
          "fullName": "defaultExport fallback checks stable result contract",
          "invocations": 1,
          "location": null,
          "numPassingAsserts": 1,
          "retryReasons": [],
          "startAt": 1781984873308,
          "status": "passed",
          "title": "fallback checks stable result contract"
        },
        {
          "ancestorTitles": [
            "defaultExport"
          ],
          "duration": 1,
          "failing": false,
          "failureDetails": [
            {
              "matcherResult": {
                "actual": false,
                "expected": true,
                "message": "expect(received).toBe(expected) // Object.is equality\n\nExpected: true\nReceived: false",
                "name": "toBe",
                "pass": false
              }
            }
          ],
          "failureMessages": [
            "Error: expect(received).toBe(expected) // Object.is equality\n\nExpected: true\nReceived: false\n    at Object.<anonymous> (C:\\Users\\DELL\\Documents\\FYP\\Part 2 Dev\\UnitGen_Final_Completed_Version\\backend\\tests\\generated\\drain.defaultExport.test.js:335:30)\n    at Promise.finally.completed (C:\\Users\\DELL\\Documents\\FYP\\Part 2 Dev\\UnitGen_Final_Completed_Version\\backend\\node_modules\\jest-circus\\build\\jestAdapterInit.js:1557:28)\n    at new Promise (<anonymous>)\n    at callAsyncCircusFn (C:\\Users\\DELL\\Documents\\FYP\\Part 2 Dev\\UnitGen_Final_Completed_Version\\backend\\node_modules\\jest-circus\\build\\jestAdapterInit.js:1497:10)\n    at _callCircusTest (C:\\Users\\DELL\\Documents\\FYP\\Part 2 Dev\\UnitGen_Final_Completed_Version\\backend\\node_modules\\jest-circus\\build\\jestAdapterInit.js:1007:40)\n    at _runTest (C:\\Users\\DELL\\Documents\\FYP\\Part 2 Dev\\UnitGen_Final_Completed_Version\\backend\\node_modules\\jest-circus\\build\\jestAdapterInit.js:947:3)\n    at C:\\Users\\DELL\\Documents\\FYP\\Part 2 Dev\\UnitGen_Final_Completed_Version\\backend\\node_modules\\jest-circus\\build\\jestAdapterInit.js:849:7\n    at _runTestsForDescribeBlock (C:\\Users\\DELL\\Documents\\FYP\\Part 2 Dev\\UnitGen_Final_Completed_Version\\backend\\node_modules\\jest-circus\\build\\jestAdapterInit.js:862:11)\n    at _runTestsForDescribeBlock (C:\\Users\\DELL\\Documents\\FYP\\Part 2 Dev\\UnitGen_Final_Completed_Version\\backend\\node_modules\\jest-circus\\build\\jestAdapterInit.js:857:11)\n    at run (C:\\Users\\DELL\\Documents\\FYP\\Part 2 Dev\\UnitGen_Final_Completed_Version\\backend\\node_modules\\jest-circus\\build\\jestAdapterInit.js:761:3)\n    at runAndTransformResultsToJestFormat (C:\\Users\\DELL\\Documents\\FYP\\Part 2 Dev\\UnitGen_Final_Completed_Version\\backend\\node_modules\\jest-circus\\build\\jestAdapterInit.js:1918:21)\n    at jestAdapter (C:\\Users\\DELL\\Documents\\FYP\\Part 2 Dev\\UnitGen_Final_Completed_Version\\backend\\node_modules\\jest-circus\\build\\runner.js:101:19)\n    at runTestInternal (C:\\Users\\DELL\\Documents\\FYP\\Part 2 Dev\\UnitGen_Final_Completed_Version\\backend\\node_modules\\jest-runner\\build\\index.js:275:16)\n    at runTest (C:\\Users\\DELL\\Documents\\FYP\\Part 2 Dev\\UnitGen_Final_Completed_Version\\backend\\node_modules\\jest-runner\\build\\index.js:343:7)"
          ],
          "fullName": "defaultExport [repair-candidate] Safe invariant - abort function called without read",
          "invocations": 1,
          "location": null,
          "numPassingAsserts": 0,
          "retryReasons": [],
          "startAt": 1781984873309,
          "status": "failed",
          "title": "[repair-candidate] Safe invariant - abort function called without read"
        }
      ],
      "endTime": 1781984873315,
      "message": "  ● defaultExport › [repair-candidate] Safe invariant - abort function called without read\n\n    expect(received).toBe(expected) // Object.is equality\n\n    Expected: true\n    Received: false\n\n      333 |       const done = () => {}\n      334 |       const result = defaultExport(op, done);\n    > 335 |       expect(result == null).toBe(true);\n          |                              ^\n      336 |     }\n      337 |   });\n      338 | });\n\n      at Object.<anonymous> (tests/generated/drain.defaultExport.test.js:335:30)\n",
      "name": "C:\\Users\\DELL\\Documents\\FYP\\Part 2 Dev\\UnitGen_Final_Completed_Version\\backend\\tests\\generated\\drain.defaultExport.test.js",
      "startTime": 1781984873252,
      "status": "failed",
      "summary": ""
    },
    {
      "assertionResults": [
        {
          "ancestorTitles": [
            "defaultExport"
          ],
          "duration": 1,
          "failing": false,
          "failureDetails": [],
          "failureMessages": [],
          "fullName": "defaultExport auto-generated (prototype)",
          "invocations": 1,
          "location": null,
          "numPassingAsserts": 1,
          "retryReasons": [],
          "startAt": 1781984873377,
          "status": "passed",
          "title": "auto-generated (prototype)"
        },
        {
          "ancestorTitles": [
            "defaultExport"
          ],
          "duration": 1,
          "failing": false,
          "failureDetails": [],
          "failureMessages": [],
          "fullName": "defaultExport source-driven returned callback processes a finite input",
          "invocations": 1,
          "location": null,
          "numPassingAsserts": 3,
          "retryReasons": [],
          "startAt": 1781984873378,
          "status": "passed",
          "title": "source-driven returned callback processes a finite input"
        },
        {
          "ancestorTitles": [
            "defaultExport"
          ],
          "duration": 0,
          "failing": false,
          "failureDetails": [],
          "failureMessages": [],
          "fullName": "defaultExport source-driven returned callback propagates upstream completion",
          "invocations": 1,
          "location": null,
          "numPassingAsserts": 2,
          "retryReasons": [],
          "startAt": 1781984873379,
          "status": "passed",
          "title": "source-driven returned callback propagates upstream completion"
        },
        {
          "ancestorTitles": [
            "defaultExport"
          ],
          "duration": 1,
          "failing": false,
          "failureDetails": [],
          "failureMessages": [],
          "fullName": "defaultExport source-driven returned callback propagates caller abort",
          "invocations": 1,
          "location": null,
          "numPassingAsserts": 3,
          "retryReasons": [],
          "startAt": 1781984873379,
          "status": "passed",
          "title": "source-driven returned callback propagates caller abort"
        },
        {
          "ancestorTitles": [
            "defaultExport"
          ],
          "duration": 0,
          "failing": false,
          "failureDetails": [],
          "failureMessages": [],
          "fullName": "defaultExport Test with number test input",
          "invocations": 1,
          "location": null,
          "numPassingAsserts": 1,
          "retryReasons": [],
          "startAt": 1781984873380,
          "status": "passed",
          "title": "Test with number test input"
        },
        {
          "ancestorTitles": [
            "defaultExport"
          ],
          "duration": 0,
          "failing": false,
          "failureDetails": [],
          "failureMessages": [],
          "fullName": "defaultExport Test with non-number test input",
          "invocations": 1,
          "location": null,
          "numPassingAsserts": 1,
          "retryReasons": [],
          "startAt": 1781984873380,
          "status": "passed",
          "title": "Test with non-number test input"
        },
        {
          "ancestorTitles": [
            "defaultExport"
          ],
          "duration": 0,
          "failing": false,
          "failureDetails": [],
          "failureMessages": [],
          "fullName": "defaultExport fallback checks source-aware result shape",
          "invocations": 1,
          "location": null,
          "numPassingAsserts": 1,
          "retryReasons": [],
          "startAt": 1781984873380,
          "status": "passed",
          "title": "fallback checks source-aware result shape"
        },
        {
          "ancestorTitles": [
            "defaultExport"
          ],
          "duration": 1,
          "failing": false,
          "failureDetails": [],
          "failureMessages": [],
          "fullName": "defaultExport fallback checks stable result contract",
          "invocations": 1,
          "location": null,
          "numPassingAsserts": 1,
          "retryReasons": [],
          "startAt": 1781984873380,
          "status": "passed",
          "title": "fallback checks stable result contract"
        },
        {
          "ancestorTitles": [
            "defaultExport"
          ],
          "duration": 2,
          "failing": false,
          "failureDetails": [
            {
              "matcherResult": {
                "actual": false,
                "expected": true,
                "message": "expect(received).toBe(expected) // Object.is equality\n\nExpected: true\nReceived: false",
                "name": "toBe",
                "pass": false
              }
            }
          ],
          "failureMessages": [
            "Error: expect(received).toBe(expected) // Object.is equality\n\nExpected: true\nReceived: false\n    at Object.<anonymous> (C:\\Users\\DELL\\Documents\\FYP\\Part 2 Dev\\UnitGen_Final_Completed_Version\\backend\\tests\\generated\\take.defaultExport.test.js:367:30)\n    at Promise.finally.completed (C:\\Users\\DELL\\Documents\\FYP\\Part 2 Dev\\UnitGen_Final_Completed_Version\\backend\\node_modules\\jest-circus\\build\\jestAdapterInit.js:1557:28)\n    at new Promise (<anonymous>)\n    at callAsyncCircusFn (C:\\Users\\DELL\\Documents\\FYP\\Part 2 Dev\\UnitGen_Final_Completed_Version\\backend\\node_modules\\jest-circus\\build\\jestAdapterInit.js:1497:10)\n    at _callCircusTest (C:\\Users\\DELL\\Documents\\FYP\\Part 2 Dev\\UnitGen_Final_Completed_Version\\backend\\node_modules\\jest-circus\\build\\jestAdapterInit.js:1007:40)\n    at _runTest (C:\\Users\\DELL\\Documents\\FYP\\Part 2 Dev\\UnitGen_Final_Completed_Version\\backend\\node_modules\\jest-circus\\build\\jestAdapterInit.js:947:3)\n    at C:\\Users\\DELL\\Documents\\FYP\\Part 2 Dev\\UnitGen_Final_Completed_Version\\backend\\node_modules\\jest-circus\\build\\jestAdapterInit.js:849:7\n    at _runTestsForDescribeBlock (C:\\Users\\DELL\\Documents\\FYP\\Part 2 Dev\\UnitGen_Final_Completed_Version\\backend\\node_modules\\jest-circus\\build\\jestAdapterInit.js:862:11)\n    at _runTestsForDescribeBlock (C:\\Users\\DELL\\Documents\\FYP\\Part 2 Dev\\UnitGen_Final_Completed_Version\\backend\\node_modules\\jest-circus\\build\\jestAdapterInit.js:857:11)\n    at run (C:\\Users\\DELL\\Documents\\FYP\\Part 2 Dev\\UnitGen_Final_Completed_Version\\backend\\node_modules\\jest-circus\\build\\jestAdapterInit.js:761:3)\n    at runAndTransformResultsToJestFormat (C:\\Users\\DELL\\Documents\\FYP\\Part 2 Dev\\UnitGen_Final_Completed_Version\\backend\\node_modules\\jest-circus\\build\\jestAdapterInit.js:1918:21)\n    at jestAdapter (C:\\Users\\DELL\\Documents\\FYP\\Part 2 Dev\\UnitGen_Final_Completed_Version\\backend\\node_modules\\jest-circus\\build\\runner.js:101:19)\n    at runTestInternal (C:\\Users\\DELL\\Documents\\FYP\\Part 2 Dev\\UnitGen_Final_Completed_Version\\backend\\node_modules\\jest-runner\\build\\index.js:275:16)\n    at runTest (C:\\Users\\DELL\\Documents\\FYP\\Part 2 Dev\\UnitGen_Final_Completed_Version\\backend\\node_modules\\jest-runner\\build\\index.js:343:7)"
          ],
          "fullName": "defaultExport [repair-candidate] Test with ended true",
          "invocations": 1,
          "location": null,
          "numPassingAsserts": 0,
          "retryReasons": [],
          "startAt": 1781984873381,
          "status": "failed",
          "title": "[repair-candidate] Test with ended true"
        }
      ],
      "endTime": 1781984873389,
      "message": "  ● defaultExport › [repair-candidate] Test with ended true\n\n    expect(received).toBe(expected) // Object.is equality\n\n    Expected: true\n    Received: false\n\n      365 |       const read = jest.fn();\n      366 |       const result = defaultExport(test, opts)(read); result(true, jest.fn());\n    > 367 |       expect(result == null).toBe(true);\n          |                              ^\n      368 |     }\n      369 |   });\n      370 | });\n\n      at Object.<anonymous> (tests/generated/take.defaultExport.test.js:367:30)\n",
      "name": "C:\\Users\\DELL\\Documents\\FYP\\Part 2 Dev\\UnitGen_Final_Completed_Version\\backend\\tests\\generated\\take.defaultExport.test.js",
      "startTime": 1781984873318,
      "status": "failed",
      "summary": ""
    },
    {
      "assertionResults": [
        {
          "ancestorTitles": [
            "defaultExport"
          ],
          "duration": 2,
          "failing": false,
          "failureDetails": [],
          "failureMessages": [],
          "fullName": "defaultExport auto-generated (prototype)",
          "invocations": 1,
          "location": null,
          "numPassingAsserts": 1,
          "retryReasons": [],
          "startAt": 1781984873459,
          "status": "passed",
          "title": "auto-generated (prototype)"
        },
        {
          "ancestorTitles": [
            "defaultExport"
          ],
          "duration": 1,
          "failing": false,
          "failureDetails": [],
          "failureMessages": [],
          "fullName": "defaultExport Normal behavior - single function argument",
          "invocations": 1,
          "location": null,
          "numPassingAsserts": 1,
          "retryReasons": [],
          "startAt": 1781984873461,
          "status": "passed",
          "title": "Normal behavior - single function argument"
        },
        {
          "ancestorTitles": [
            "defaultExport"
          ],
          "duration": 0,
          "failing": false,
          "failureDetails": [],
          "failureMessages": [],
          "fullName": "defaultExport Safe invariant - null argument",
          "invocations": 1,
          "location": null,
          "numPassingAsserts": 1,
          "retryReasons": [],
          "startAt": 1781984873462,
          "status": "passed",
          "title": "Safe invariant - null argument"
        },
        {
          "ancestorTitles": [
            "defaultExport"
          ],
          "duration": 0,
          "failing": false,
          "failureDetails": [],
          "failureMessages": [],
          "fullName": "defaultExport Safe invariant - undefined argument",
          "invocations": 1,
          "location": null,
          "numPassingAsserts": 1,
          "retryReasons": [],
          "startAt": 1781984873462,
          "status": "passed",
          "title": "Safe invariant - undefined argument"
        },
        {
          "ancestorTitles": [
            "defaultExport"
          ],
          "duration": 2,
          "failing": false,
          "failureDetails": [
            {
              "matcherResult": {
                "actual": 6,
                "expected": 7,
                "message": "expect(received).toBe(expected) // Object.is equality\n\nExpected: 7\nReceived: 6",
                "name": "toBe",
                "pass": false
              }
            }
          ],
          "failureMessages": [
            "Error: expect(received).toBe(expected) // Object.is equality\n\nExpected: 7\nReceived: 6\n    at Object.<anonymous> (C:\\Users\\DELL\\Documents\\FYP\\Part 2 Dev\\UnitGen_Final_Completed_Version\\backend\\tests\\generated\\pull.defaultExport.test.js:277:25)\n    at Promise.finally.completed (C:\\Users\\DELL\\Documents\\FYP\\Part 2 Dev\\UnitGen_Final_Completed_Version\\backend\\node_modules\\jest-circus\\build\\jestAdapterInit.js:1557:28)\n    at new Promise (<anonymous>)\n    at callAsyncCircusFn (C:\\Users\\DELL\\Documents\\FYP\\Part 2 Dev\\UnitGen_Final_Completed_Version\\backend\\node_modules\\jest-circus\\build\\jestAdapterInit.js:1497:10)\n    at _callCircusTest (C:\\Users\\DELL\\Documents\\FYP\\Part 2 Dev\\UnitGen_Final_Completed_Version\\backend\\node_modules\\jest-circus\\build\\jestAdapterInit.js:1007:40)\n    at _runTest (C:\\Users\\DELL\\Documents\\FYP\\Part 2 Dev\\UnitGen_Final_Completed_Version\\backend\\node_modules\\jest-circus\\build\\jestAdapterInit.js:947:3)\n    at C:\\Users\\DELL\\Documents\\FYP\\Part 2 Dev\\UnitGen_Final_Completed_Version\\backend\\node_modules\\jest-circus\\build\\jestAdapterInit.js:849:7\n    at _runTestsForDescribeBlock (C:\\Users\\DELL\\Documents\\FYP\\Part 2 Dev\\UnitGen_Final_Completed_Version\\backend\\node_modules\\jest-circus\\build\\jestAdapterInit.js:862:11)\n    at _runTestsForDescribeBlock (C:\\Users\\DELL\\Documents\\FYP\\Part 2 Dev\\UnitGen_Final_Completed_Version\\backend\\node_modules\\jest-circus\\build\\jestAdapterInit.js:857:11)\n    at run (C:\\Users\\DELL\\Documents\\FYP\\Part 2 Dev\\UnitGen_Final_Completed_Version\\backend\\node_modules\\jest-circus\\build\\jestAdapterInit.js:761:3)\n    at runAndTransformResultsToJestFormat (C:\\Users\\DELL\\Documents\\FYP\\Part 2 Dev\\UnitGen_Final_Completed_Version\\backend\\node_modules\\jest-circus\\build\\jestAdapterInit.js:1918:21)\n    at jestAdapter (C:\\Users\\DELL\\Documents\\FYP\\Part 2 Dev\\UnitGen_Final_Completed_Version\\backend\\node_modules\\jest-circus\\build\\runner.js:101:19)\n    at runTestInternal (C:\\Users\\DELL\\Documents\\FYP\\Part 2 Dev\\UnitGen_Final_Completed_Version\\backend\\node_modules\\jest-runner\\build\\index.js:275:16)\n    at runTest (C:\\Users\\DELL\\Documents\\FYP\\Part 2 Dev\\UnitGen_Final_Completed_Version\\backend\\node_modules\\jest-runner\\build\\index.js:343:7)"
          ],
          "fullName": "defaultExport [repair-candidate] Parameterized behavior - multiple function arguments",
          "invocations": 1,
          "location": null,
          "numPassingAsserts": 0,
          "retryReasons": [],
          "startAt": 1781984873462,
          "status": "failed",
          "title": "[repair-candidate] Parameterized behavior - multiple function arguments"
        }
      ],
      "endTime": 1781984873469,
      "message": "  ● defaultExport › [repair-candidate] Parameterized behavior - multiple function arguments\n\n    expect(received).toBe(expected) // Object.is equality\n\n    Expected: 7\n    Received: 6\n\n      275 |       const b = function(y) { return y + 1; }\n      276 |       const result = defaultExport(a);\n    > 277 |       expect(result(3)).toBe(7);\n          |                         ^\n      278 |     }\n      279 |   });\n      280 | });\n\n      at Object.<anonymous> (tests/generated/pull.defaultExport.test.js:277:25)\n",
      "name": "C:\\Users\\DELL\\Documents\\FYP\\Part 2 Dev\\UnitGen_Final_Completed_Version\\backend\\tests\\generated\\pull.defaultExport.test.js",
      "startTime": 1781984873393,
      "status": "failed",
      "summary": ""
    },
    {
      "assertionResults": [
        {
          "ancestorTitles": [
            "defaultExport"
          ],
          "duration": 0,
          "failing": false,
          "failureDetails": [],
          "failureMessages": [],
          "fullName": "defaultExport auto-generated (prototype)",
          "invocations": 1,
          "location": null,
          "numPassingAsserts": 1,
          "retryReasons": [],
          "startAt": 1781984873535,
          "status": "passed",
          "title": "auto-generated (prototype)"
        },
        {
          "ancestorTitles": [
            "defaultExport"
          ],
          "duration": 0,
          "failing": false,
          "failureDetails": [],
          "failureMessages": [],
          "fullName": "defaultExport source-driven returned source invokes its callback",
          "invocations": 1,
          "location": null,
          "numPassingAsserts": 2,
          "retryReasons": [],
          "startAt": 1781984873536,
          "status": "passed",
          "title": "source-driven returned source invokes its callback"
        },
        {
          "ancestorTitles": [
            "defaultExport"
          ],
          "duration": 0,
          "failing": false,
          "failureDetails": [],
          "failureMessages": [],
          "fullName": "defaultExport Return value is not null",
          "invocations": 1,
          "location": null,
          "numPassingAsserts": 1,
          "retryReasons": [],
          "startAt": 1781984873536,
          "status": "passed",
          "title": "Return value is not null"
        },
        {
          "ancestorTitles": [
            "defaultExport"
          ],
          "duration": 0,
          "failing": false,
          "failureDetails": [],
          "failureMessages": [],
          "fullName": "defaultExport Return value is defined",
          "invocations": 1,
          "location": null,
          "numPassingAsserts": 1,
          "retryReasons": [],
          "startAt": 1781984873537,
          "status": "passed",
          "title": "Return value is defined"
        },
        {
          "ancestorTitles": [
            "defaultExport"
          ],
          "duration": 0,
          "failing": false,
          "failureDetails": [],
          "failureMessages": [],
          "fullName": "defaultExport Return value is a function",
          "invocations": 1,
          "location": null,
          "numPassingAsserts": 1,
          "retryReasons": [],
          "startAt": 1781984873537,
          "status": "passed",
          "title": "Return value is a function"
        },
        {
          "ancestorTitles": [
            "defaultExport"
          ],
          "duration": 0,
          "failing": false,
          "failureDetails": [],
          "failureMessages": [],
          "fullName": "defaultExport fallback checks source-aware result shape",
          "invocations": 1,
          "location": null,
          "numPassingAsserts": 1,
          "retryReasons": [],
          "startAt": 1781984873537,
          "status": "passed",
          "title": "fallback checks source-aware result shape"
        },
        {
          "ancestorTitles": [
            "defaultExport"
          ],
          "duration": 1,
          "failing": false,
          "failureDetails": [],
          "failureMessages": [],
          "fullName": "defaultExport fallback checks stable result contract",
          "invocations": 1,
          "location": null,
          "numPassingAsserts": 1,
          "retryReasons": [],
          "startAt": 1781984873537,
          "status": "passed",
          "title": "fallback checks stable result contract"
        },
        {
          "ancestorTitles": [
            "defaultExport"
          ],
          "duration": 2,
          "failing": false,
          "failureDetails": [
            {
              "matcherResult": {
                "expected": true,
                "message": "expect(received).toBe(expected) // Object.is equality\n\nExpected: true\nReceived: [Function anonymous]",
                "name": "toBe",
                "pass": false
              }
            }
          ],
          "failureMessages": [
            "Error: expect(received).toBe(expected) // Object.is equality\n\nExpected: true\nReceived: [Function anonymous]\n    at Object.<anonymous> (C:\\Users\\DELL\\Documents\\FYP\\Part 2 Dev\\UnitGen_Final_Completed_Version\\backend\\tests\\generated\\empty.defaultExport.test.js:305:22)\n    at Promise.finally.completed (C:\\Users\\DELL\\Documents\\FYP\\Part 2 Dev\\UnitGen_Final_Completed_Version\\backend\\node_modules\\jest-circus\\build\\jestAdapterInit.js:1557:28)\n    at new Promise (<anonymous>)\n    at callAsyncCircusFn (C:\\Users\\DELL\\Documents\\FYP\\Part 2 Dev\\UnitGen_Final_Completed_Version\\backend\\node_modules\\jest-circus\\build\\jestAdapterInit.js:1497:10)\n    at _callCircusTest (C:\\Users\\DELL\\Documents\\FYP\\Part 2 Dev\\UnitGen_Final_Completed_Version\\backend\\node_modules\\jest-circus\\build\\jestAdapterInit.js:1007:40)\n    at _runTest (C:\\Users\\DELL\\Documents\\FYP\\Part 2 Dev\\UnitGen_Final_Completed_Version\\backend\\node_modules\\jest-circus\\build\\jestAdapterInit.js:947:3)\n    at C:\\Users\\DELL\\Documents\\FYP\\Part 2 Dev\\UnitGen_Final_Completed_Version\\backend\\node_modules\\jest-circus\\build\\jestAdapterInit.js:849:7\n    at _runTestsForDescribeBlock (C:\\Users\\DELL\\Documents\\FYP\\Part 2 Dev\\UnitGen_Final_Completed_Version\\backend\\node_modules\\jest-circus\\build\\jestAdapterInit.js:862:11)\n    at _runTestsForDescribeBlock (C:\\Users\\DELL\\Documents\\FYP\\Part 2 Dev\\UnitGen_Final_Completed_Version\\backend\\node_modules\\jest-circus\\build\\jestAdapterInit.js:857:11)\n    at run (C:\\Users\\DELL\\Documents\\FYP\\Part 2 Dev\\UnitGen_Final_Completed_Version\\backend\\node_modules\\jest-circus\\build\\jestAdapterInit.js:761:3)\n    at runAndTransformResultsToJestFormat (C:\\Users\\DELL\\Documents\\FYP\\Part 2 Dev\\UnitGen_Final_Completed_Version\\backend\\node_modules\\jest-circus\\build\\jestAdapterInit.js:1918:21)\n    at jestAdapter (C:\\Users\\DELL\\Documents\\FYP\\Part 2 Dev\\UnitGen_Final_Completed_Version\\backend\\node_modules\\jest-circus\\build\\runner.js:101:19)\n    at runTestInternal (C:\\Users\\DELL\\Documents\\FYP\\Part 2 Dev\\UnitGen_Final_Completed_Version\\backend\\node_modules\\jest-runner\\build\\index.js:275:16)\n    at runTest (C:\\Users\\DELL\\Documents\\FYP\\Part 2 Dev\\UnitGen_Final_Completed_Version\\backend\\node_modules\\jest-runner\\build\\index.js:343:7)"
          ],
          "fullName": "defaultExport [repair-candidate] Return true when calling empty function",
          "invocations": 1,
          "location": null,
          "numPassingAsserts": 0,
          "retryReasons": [],
          "startAt": 1781984873538,
          "status": "failed",
          "title": "[repair-candidate] Return true when calling empty function"
        }
      ],
      "endTime": 1781984873545,
      "message": "  ● defaultExport › [repair-candidate] Return true when calling empty function\n\n    expect(received).toBe(expected) // Object.is equality\n\n    Expected: true\n    Received: [Function anonymous]\n\n      303 |     {\n      304 |       const result = defaultExport();\n    > 305 |       expect(result).toBe(true);\n          |                      ^\n      306 |     }\n      307 |   });\n      308 | });\n\n      at Object.<anonymous> (tests/generated/empty.defaultExport.test.js:305:22)\n",
      "name": "C:\\Users\\DELL\\Documents\\FYP\\Part 2 Dev\\UnitGen_Final_Completed_Version\\backend\\tests\\generated\\empty.defaultExport.test.js",
      "startTime": 1781984873474,
      "status": "failed",
      "summary": ""
    },
    {
      "assertionResults": [
        {
          "ancestorTitles": [
            "defaultExport"
          ],
          "duration": 0,
          "failing": false,
          "failureDetails": [],
          "failureMessages": [],
          "fullName": "defaultExport auto-generated (prototype)",
          "invocations": 1,
          "location": null,
          "numPassingAsserts": 1,
          "retryReasons": [],
          "startAt": 1781984873610,
          "status": "passed",
          "title": "auto-generated (prototype)"
        },
        {
          "ancestorTitles": [
            "defaultExport"
          ],
          "duration": 0,
          "failing": false,
          "failureDetails": [],
          "failureMessages": [],
          "fullName": "defaultExport Safe invariant test: Result is not null",
          "invocations": 1,
          "location": null,
          "numPassingAsserts": 1,
          "retryReasons": [],
          "startAt": 1781984873612,
          "status": "passed",
          "title": "Safe invariant test: Result is not null"
        },
        {
          "ancestorTitles": [
            "defaultExport"
          ],
          "duration": 0,
          "failing": false,
          "failureDetails": [],
          "failureMessages": [],
          "fullName": "defaultExport fallback checks source-aware result shape",
          "invocations": 1,
          "location": null,
          "numPassingAsserts": 1,
          "retryReasons": [],
          "startAt": 1781984873612,
          "status": "passed",
          "title": "fallback checks source-aware result shape"
        },
        {
          "ancestorTitles": [
            "defaultExport"
          ],
          "duration": 0,
          "failing": false,
          "failureDetails": [],
          "failureMessages": [],
          "fullName": "defaultExport fallback checks stable result contract",
          "invocations": 1,
          "location": null,
          "numPassingAsserts": 1,
          "retryReasons": [],
          "startAt": 1781984873612,
          "status": "passed",
          "title": "fallback checks stable result contract"
        },
        {
          "ancestorTitles": [
            "defaultExport"
          ],
          "duration": 2,
          "failing": false,
          "failureDetails": [
            {
              "matcherResult": {
                "actual": "function",
                "expected": "string",
                "message": "expect(received).toBe(expected) // Object.is equality\n\nExpected: \"string\"\nReceived: \"function\"",
                "name": "toBe",
                "pass": false
              }
            }
          ],
          "failureMessages": [
            "Error: expect(received).toBe(expected) // Object.is equality\n\nExpected: \"string\"\nReceived: \"function\"\n    at Object.<anonymous> (C:\\Users\\DELL\\Documents\\FYP\\Part 2 Dev\\UnitGen_Final_Completed_Version\\backend\\tests\\generated\\concat.defaultExport.test.js:276:29)\n    at Promise.finally.completed (C:\\Users\\DELL\\Documents\\FYP\\Part 2 Dev\\UnitGen_Final_Completed_Version\\backend\\node_modules\\jest-circus\\build\\jestAdapterInit.js:1557:28)\n    at new Promise (<anonymous>)\n    at callAsyncCircusFn (C:\\Users\\DELL\\Documents\\FYP\\Part 2 Dev\\UnitGen_Final_Completed_Version\\backend\\node_modules\\jest-circus\\build\\jestAdapterInit.js:1497:10)\n    at _callCircusTest (C:\\Users\\DELL\\Documents\\FYP\\Part 2 Dev\\UnitGen_Final_Completed_Version\\backend\\node_modules\\jest-circus\\build\\jestAdapterInit.js:1007:40)\n    at _runTest (C:\\Users\\DELL\\Documents\\FYP\\Part 2 Dev\\UnitGen_Final_Completed_Version\\backend\\node_modules\\jest-circus\\build\\jestAdapterInit.js:947:3)\n    at C:\\Users\\DELL\\Documents\\FYP\\Part 2 Dev\\UnitGen_Final_Completed_Version\\backend\\node_modules\\jest-circus\\build\\jestAdapterInit.js:849:7\n    at _runTestsForDescribeBlock (C:\\Users\\DELL\\Documents\\FYP\\Part 2 Dev\\UnitGen_Final_Completed_Version\\backend\\node_modules\\jest-circus\\build\\jestAdapterInit.js:862:11)\n    at _runTestsForDescribeBlock (C:\\Users\\DELL\\Documents\\FYP\\Part 2 Dev\\UnitGen_Final_Completed_Version\\backend\\node_modules\\jest-circus\\build\\jestAdapterInit.js:857:11)\n    at run (C:\\Users\\DELL\\Documents\\FYP\\Part 2 Dev\\UnitGen_Final_Completed_Version\\backend\\node_modules\\jest-circus\\build\\jestAdapterInit.js:761:3)\n    at runAndTransformResultsToJestFormat (C:\\Users\\DELL\\Documents\\FYP\\Part 2 Dev\\UnitGen_Final_Completed_Version\\backend\\node_modules\\jest-circus\\build\\jestAdapterInit.js:1918:21)\n    at jestAdapter (C:\\Users\\DELL\\Documents\\FYP\\Part 2 Dev\\UnitGen_Final_Completed_Version\\backend\\node_modules\\jest-circus\\build\\runner.js:101:19)\n    at runTestInternal (C:\\Users\\DELL\\Documents\\FYP\\Part 2 Dev\\UnitGen_Final_Completed_Version\\backend\\node_modules\\jest-runner\\build\\index.js:275:16)\n    at runTest (C:\\Users\\DELL\\Documents\\FYP\\Part 2 Dev\\UnitGen_Final_Completed_Version\\backend\\node_modules\\jest-runner\\build\\index.js:343:7)"
          ],
          "fullName": "defaultExport [repair-candidate] Safe invariant test: Result is a string",
          "invocations": 1,
          "location": null,
          "numPassingAsserts": 0,
          "retryReasons": [],
          "startAt": 1781984873613,
          "status": "failed",
          "title": "[repair-candidate] Safe invariant test: Result is a string"
        }
      ],
      "endTime": 1781984873621,
      "message": "  ● defaultExport › [repair-candidate] Safe invariant test: Result is a string\n\n    expect(received).toBe(expected) // Object.is equality\n\n    Expected: \"string\"\n    Received: \"function\"\n\n      274 |       const cb = () => 0;\n      275 |       const result = defaultExport(cb);\n    > 276 |       expect(typeof result).toBe('string');\n          |                             ^\n      277 |     }\n      278 |   });\n      279 | });\n\n      at Object.<anonymous> (tests/generated/concat.defaultExport.test.js:276:29)\n",
      "name": "C:\\Users\\DELL\\Documents\\FYP\\Part 2 Dev\\UnitGen_Final_Completed_Version\\backend\\tests\\generated\\concat.defaultExport.test.js",
      "startTime": 1781984873548,
      "status": "failed",
      "summary": ""
    },
    {
      "assertionResults": [
        {
          "ancestorTitles": [
            "defaultExport"
          ],
          "duration": 1,
          "failing": false,
          "failureDetails": [],
          "failureMessages": [],
          "fullName": "defaultExport auto-generated (prototype)",
          "invocations": 1,
          "location": null,
          "numPassingAsserts": 1,
          "retryReasons": [],
          "startAt": 1781984873686,
          "status": "passed",
          "title": "auto-generated (prototype)"
        },
        {
          "ancestorTitles": [
            "defaultExport"
          ],
          "duration": 2,
          "failing": false,
          "failureDetails": [
            {
              "matcherResult": {
                "expected": [],
                "message": "expect(received).toStrictEqual(expected) // deep equality\n\nExpected: []\nReceived: [Function anonymous]",
                "name": "toStrictEqual",
                "pass": false
              }
            }
          ],
          "failureMessages": [
            "Error: expect(received).toStrictEqual(expected) // deep equality\n\nExpected: []\nReceived: [Function anonymous]\n    at Object.<anonymous> (C:\\Users\\DELL\\Documents\\FYP\\Part 2 Dev\\UnitGen_Final_Completed_Version\\backend\\tests\\generated\\keys.defaultExport.test.js:249:22)\n    at Promise.finally.completed (C:\\Users\\DELL\\Documents\\FYP\\Part 2 Dev\\UnitGen_Final_Completed_Version\\backend\\node_modules\\jest-circus\\build\\jestAdapterInit.js:1557:28)\n    at new Promise (<anonymous>)\n    at callAsyncCircusFn (C:\\Users\\DELL\\Documents\\FYP\\Part 2 Dev\\UnitGen_Final_Completed_Version\\backend\\node_modules\\jest-circus\\build\\jestAdapterInit.js:1497:10)\n    at _callCircusTest (C:\\Users\\DELL\\Documents\\FYP\\Part 2 Dev\\UnitGen_Final_Completed_Version\\backend\\node_modules\\jest-circus\\build\\jestAdapterInit.js:1007:40)\n    at _runTest (C:\\Users\\DELL\\Documents\\FYP\\Part 2 Dev\\UnitGen_Final_Completed_Version\\backend\\node_modules\\jest-circus\\build\\jestAdapterInit.js:947:3)\n    at C:\\Users\\DELL\\Documents\\FYP\\Part 2 Dev\\UnitGen_Final_Completed_Version\\backend\\node_modules\\jest-circus\\build\\jestAdapterInit.js:849:7\n    at _runTestsForDescribeBlock (C:\\Users\\DELL\\Documents\\FYP\\Part 2 Dev\\UnitGen_Final_Completed_Version\\backend\\node_modules\\jest-circus\\build\\jestAdapterInit.js:862:11)\n    at _runTestsForDescribeBlock (C:\\Users\\DELL\\Documents\\FYP\\Part 2 Dev\\UnitGen_Final_Completed_Version\\backend\\node_modules\\jest-circus\\build\\jestAdapterInit.js:857:11)\n    at run (C:\\Users\\DELL\\Documents\\FYP\\Part 2 Dev\\UnitGen_Final_Completed_Version\\backend\\node_modules\\jest-circus\\build\\jestAdapterInit.js:761:3)\n    at runAndTransformResultsToJestFormat (C:\\Users\\DELL\\Documents\\FYP\\Part 2 Dev\\UnitGen_Final_Completed_Version\\backend\\node_modules\\jest-circus\\build\\jestAdapterInit.js:1918:21)\n    at jestAdapter (C:\\Users\\DELL\\Documents\\FYP\\Part 2 Dev\\UnitGen_Final_Completed_Version\\backend\\node_modules\\jest-circus\\build\\runner.js:101:19)\n    at runTestInternal (C:\\Users\\DELL\\Documents\\FYP\\Part 2 Dev\\UnitGen_Final_Completed_Version\\backend\\node_modules\\jest-runner\\build\\index.js:275:16)\n    at runTest (C:\\Users\\DELL\\Documents\\FYP\\Part 2 Dev\\UnitGen_Final_Completed_Version\\backend\\node_modules\\jest-runner\\build\\index.js:343:7)"
          ],
          "fullName": "defaultExport [repair-candidate] Empty object",
          "invocations": 1,
          "location": null,
          "numPassingAsserts": 0,
          "retryReasons": [],
          "startAt": 1781984873687,
          "status": "failed",
          "title": "[repair-candidate] Empty object"
        }
      ],
      "endTime": 1781984873694,
      "message": "  ● defaultExport › [repair-candidate] Empty object\n\n    expect(received).toStrictEqual(expected) // deep equality\n\n    Expected: []\n    Received: [Function anonymous]\n\n      247 |       const object = {};\n      248 |       const result = defaultExport(object);\n    > 249 |       expect(result).toStrictEqual([]);\n          |                      ^\n      250 |     }\n      251 |   });\n      252 | });\n\n      at Object.<anonymous> (tests/generated/keys.defaultExport.test.js:249:22)\n",
      "name": "C:\\Users\\DELL\\Documents\\FYP\\Part 2 Dev\\UnitGen_Final_Completed_Version\\backend\\tests\\generated\\keys.defaultExport.test.js",
      "startTime": 1781984873626,
      "status": "failed",
      "summary": ""
    },
    {
      "assertionResults": [
        {
          "ancestorTitles": [
            "defaultExport"
          ],
          "duration": 1,
          "failing": false,
          "failureDetails": [],
          "failureMessages": [],
          "fullName": "defaultExport auto-generated (prototype)",
          "invocations": 1,
          "location": null,
          "numPassingAsserts": 1,
          "retryReasons": [],
          "startAt": 1781984873757,
          "status": "passed",
          "title": "auto-generated (prototype)"
        },
        {
          "ancestorTitles": [
            "defaultExport"
          ],
          "duration": 0,
          "failing": false,
          "failureDetails": [],
          "failureMessages": [],
          "fullName": "defaultExport Safe invariant - result is not null or undefined",
          "invocations": 1,
          "location": null,
          "numPassingAsserts": 1,
          "retryReasons": [],
          "startAt": 1781984873758,
          "status": "passed",
          "title": "Safe invariant - result is not null or undefined"
        },
        {
          "ancestorTitles": [
            "defaultExport"
          ],
          "duration": 1,
          "failing": false,
          "failureDetails": [],
          "failureMessages": [],
          "fullName": "defaultExport fallback checks source-aware result shape",
          "invocations": 1,
          "location": null,
          "numPassingAsserts": 1,
          "retryReasons": [],
          "startAt": 1781984873758,
          "status": "passed",
          "title": "fallback checks source-aware result shape"
        },
        {
          "ancestorTitles": [
            "defaultExport"
          ],
          "duration": 0,
          "failing": false,
          "failureDetails": [],
          "failureMessages": [],
          "fullName": "defaultExport fallback checks stable result contract",
          "invocations": 1,
          "location": null,
          "numPassingAsserts": 1,
          "retryReasons": [],
          "startAt": 1781984873759,
          "status": "passed",
          "title": "fallback checks stable result contract"
        },
        {
          "ancestorTitles": [
            "defaultExport"
          ],
          "duration": 1,
          "failing": false,
          "failureDetails": [
            {
              "matcherResult": {
                "actual": false,
                "expected": true,
                "message": "expect(received).toBe(expected) // Object.is equality\n\nExpected: true\nReceived: false",
                "name": "toBe",
                "pass": false
              }
            }
          ],
          "failureMessages": [
            "Error: expect(received).toBe(expected) // Object.is equality\n\nExpected: true\nReceived: false\n    at Object.<anonymous> (C:\\Users\\DELL\\Documents\\FYP\\Part 2 Dev\\UnitGen_Final_Completed_Version\\backend\\tests\\generated\\collect.defaultExport.test.js:276:37)\n    at Promise.finally.completed (C:\\Users\\DELL\\Documents\\FYP\\Part 2 Dev\\UnitGen_Final_Completed_Version\\backend\\node_modules\\jest-circus\\build\\jestAdapterInit.js:1557:28)\n    at new Promise (<anonymous>)\n    at callAsyncCircusFn (C:\\Users\\DELL\\Documents\\FYP\\Part 2 Dev\\UnitGen_Final_Completed_Version\\backend\\node_modules\\jest-circus\\build\\jestAdapterInit.js:1497:10)\n    at _callCircusTest (C:\\Users\\DELL\\Documents\\FYP\\Part 2 Dev\\UnitGen_Final_Completed_Version\\backend\\node_modules\\jest-circus\\build\\jestAdapterInit.js:1007:40)\n    at _runTest (C:\\Users\\DELL\\Documents\\FYP\\Part 2 Dev\\UnitGen_Final_Completed_Version\\backend\\node_modules\\jest-circus\\build\\jestAdapterInit.js:947:3)\n    at C:\\Users\\DELL\\Documents\\FYP\\Part 2 Dev\\UnitGen_Final_Completed_Version\\backend\\node_modules\\jest-circus\\build\\jestAdapterInit.js:849:7\n    at _runTestsForDescribeBlock (C:\\Users\\DELL\\Documents\\FYP\\Part 2 Dev\\UnitGen_Final_Completed_Version\\backend\\node_modules\\jest-circus\\build\\jestAdapterInit.js:862:11)\n    at _runTestsForDescribeBlock (C:\\Users\\DELL\\Documents\\FYP\\Part 2 Dev\\UnitGen_Final_Completed_Version\\backend\\node_modules\\jest-circus\\build\\jestAdapterInit.js:857:11)\n    at run (C:\\Users\\DELL\\Documents\\FYP\\Part 2 Dev\\UnitGen_Final_Completed_Version\\backend\\node_modules\\jest-circus\\build\\jestAdapterInit.js:761:3)\n    at runAndTransformResultsToJestFormat (C:\\Users\\DELL\\Documents\\FYP\\Part 2 Dev\\UnitGen_Final_Completed_Version\\backend\\node_modules\\jest-circus\\build\\jestAdapterInit.js:1918:21)\n    at jestAdapter (C:\\Users\\DELL\\Documents\\FYP\\Part 2 Dev\\UnitGen_Final_Completed_Version\\backend\\node_modules\\jest-circus\\build\\runner.js:101:19)\n    at runTestInternal (C:\\Users\\DELL\\Documents\\FYP\\Part 2 Dev\\UnitGen_Final_Completed_Version\\backend\\node_modules\\jest-runner\\build\\index.js:275:16)\n    at runTest (C:\\Users\\DELL\\Documents\\FYP\\Part 2 Dev\\UnitGen_Final_Completed_Version\\backend\\node_modules\\jest-runner\\build\\index.js:343:7)"
          ],
          "fullName": "defaultExport [repair-candidate] Safe invariant - result is an array",
          "invocations": 1,
          "location": null,
          "numPassingAsserts": 0,
          "retryReasons": [],
          "startAt": 1781984873759,
          "status": "failed",
          "title": "[repair-candidate] Safe invariant - result is an array"
        }
      ],
      "endTime": 1781984873765,
      "message": "  ● defaultExport › [repair-candidate] Safe invariant - result is an array\n\n    expect(received).toBe(expected) // Object.is equality\n\n    Expected: true\n    Received: false\n\n      274 |       const cb = jest.fn();\n      275 |       const result = defaultExport(cb);\n    > 276 |       expect(Array.isArray(result)).toBe(true);\n          |                                     ^\n      277 |     }\n      278 |   });\n      279 | });\n\n      at Object.<anonymous> (tests/generated/collect.defaultExport.test.js:276:37)\n",
      "name": "C:\\Users\\DELL\\Documents\\FYP\\Part 2 Dev\\UnitGen_Final_Completed_Version\\backend\\tests\\generated\\collect.defaultExport.test.js",
      "startTime": 1781984873697,
      "status": "failed",
      "summary": ""
    },
    {
      "assertionResults": [
        {
          "ancestorTitles": [
            "defaultExport"
          ],
          "duration": 1,
          "failing": false,
          "failureDetails": [],
          "failureMessages": [],
          "fullName": "defaultExport auto-generated (prototype)",
          "invocations": 1,
          "location": null,
          "numPassingAsserts": 1,
          "retryReasons": [],
          "startAt": 1781984873843,
          "status": "passed",
          "title": "auto-generated (prototype)"
        },
        {
          "ancestorTitles": [
            "defaultExport"
          ],
          "duration": 0,
          "failing": false,
          "failureDetails": [],
          "failureMessages": [],
          "fullName": "defaultExport source-driven returned callback processes a finite input",
          "invocations": 1,
          "location": null,
          "numPassingAsserts": 3,
          "retryReasons": [],
          "startAt": 1781984873845,
          "status": "passed",
          "title": "source-driven returned callback processes a finite input"
        },
        {
          "ancestorTitles": [
            "defaultExport"
          ],
          "duration": 0,
          "failing": false,
          "failureDetails": [],
          "failureMessages": [],
          "fullName": "defaultExport source-driven returned callback propagates upstream completion",
          "invocations": 1,
          "location": null,
          "numPassingAsserts": 2,
          "retryReasons": [],
          "startAt": 1781984873845,
          "status": "passed",
          "title": "source-driven returned callback propagates upstream completion"
        },
        {
          "ancestorTitles": [
            "defaultExport"
          ],
          "duration": 0,
          "failing": false,
          "failureDetails": [],
          "failureMessages": [],
          "fullName": "defaultExport source-driven returned callback propagates caller abort",
          "invocations": 1,
          "location": null,
          "numPassingAsserts": 3,
          "retryReasons": [],
          "startAt": 1781984873846,
          "status": "passed",
          "title": "source-driven returned callback propagates caller abort"
        },
        {
          "ancestorTitles": [
            "defaultExport"
          ],
          "duration": 0,
          "failing": false,
          "failureDetails": [],
          "failureMessages": [],
          "fullName": "defaultExport Default behavior - abort is false, _read is null",
          "invocations": 1,
          "location": null,
          "numPassingAsserts": 1,
          "retryReasons": [],
          "startAt": 1781984873846,
          "status": "passed",
          "title": "Default behavior - abort is false, _read is null"
        },
        {
          "ancestorTitles": [
            "defaultExport"
          ],
          "duration": 0,
          "failing": false,
          "failureDetails": [],
          "failureMessages": [],
          "fullName": "defaultExport Safe invariant - abort is true, _read is null",
          "invocations": 1,
          "location": null,
          "numPassingAsserts": 1,
          "retryReasons": [],
          "startAt": 1781984873846,
          "status": "passed",
          "title": "Safe invariant - abort is true, _read is null"
        },
        {
          "ancestorTitles": [
            "defaultExport"
          ],
          "duration": 0,
          "failing": false,
          "failureDetails": [],
          "failureMessages": [],
          "fullName": "defaultExport Safe invariant - abort is false, _read is not null",
          "invocations": 1,
          "location": null,
          "numPassingAsserts": 1,
          "retryReasons": [],
          "startAt": 1781984873846,
          "status": "passed",
          "title": "Safe invariant - abort is false, _read is not null"
        },
        {
          "ancestorTitles": [
            "defaultExport"
          ],
          "duration": 1,
          "failing": false,
          "failureDetails": [],
          "failureMessages": [],
          "fullName": "defaultExport Safe invariant - abort is true, _read is not null",
          "invocations": 1,
          "location": null,
          "numPassingAsserts": 1,
          "retryReasons": [],
          "startAt": 1781984873846,
          "status": "passed",
          "title": "Safe invariant - abort is true, _read is not null"
        },
        {
          "ancestorTitles": [
            "defaultExport"
          ],
          "duration": 0,
          "failing": false,
          "failureDetails": [],
          "failureMessages": [],
          "fullName": "defaultExport Safe invariant - nextChunk function",
          "invocations": 1,
          "location": null,
          "numPassingAsserts": 1,
          "retryReasons": [],
          "startAt": 1781984873847,
          "status": "passed",
          "title": "Safe invariant - nextChunk function"
        }
      ],
      "endTime": 1781984873847,
      "message": "",
      "name": "C:\\Users\\DELL\\Documents\\FYP\\Part 2 Dev\\UnitGen_Final_Completed_Version\\backend\\tests\\generated\\flatten.defaultExport.test.js",
      "startTime": 1781984873775,
      "status": "passed",
      "summary": ""
    },
    {
      "assertionResults": [
        {
          "ancestorTitles": [
            "defaultExport"
          ],
          "duration": 1,
          "failing": false,
          "failureDetails": [],
          "failureMessages": [],
          "fullName": "defaultExport auto-generated (prototype)",
          "invocations": 1,
          "location": null,
          "numPassingAsserts": 1,
          "retryReasons": [],
          "startAt": 1781984873911,
          "status": "passed",
          "title": "auto-generated (prototype)"
        },
        {
          "ancestorTitles": [
            "defaultExport"
          ],
          "duration": 1,
          "failing": false,
          "failureDetails": [],
          "failureMessages": [],
          "fullName": "defaultExport source-driven returned callback processes a finite input",
          "invocations": 1,
          "location": null,
          "numPassingAsserts": 3,
          "retryReasons": [],
          "startAt": 1781984873912,
          "status": "passed",
          "title": "source-driven returned callback processes a finite input"
        },
        {
          "ancestorTitles": [
            "defaultExport"
          ],
          "duration": 0,
          "failing": false,
          "failureDetails": [],
          "failureMessages": [],
          "fullName": "defaultExport source-driven returned callback propagates upstream completion",
          "invocations": 1,
          "location": null,
          "numPassingAsserts": 2,
          "retryReasons": [],
          "startAt": 1781984873913,
          "status": "passed",
          "title": "source-driven returned callback propagates upstream completion"
        },
        {
          "ancestorTitles": [
            "defaultExport"
          ],
          "duration": 1,
          "failing": false,
          "failureDetails": [],
          "failureMessages": [],
          "fullName": "defaultExport source-driven returned callback propagates caller abort",
          "invocations": 1,
          "location": null,
          "numPassingAsserts": 3,
          "retryReasons": [],
          "startAt": 1781984873913,
          "status": "passed",
          "title": "source-driven returned callback propagates caller abort"
        },
        {
          "ancestorTitles": [
            "defaultExport"
          ],
          "duration": 0,
          "failing": false,
          "failureDetails": [],
          "failureMessages": [],
          "fullName": "defaultExport Default behavior - end is false",
          "invocations": 1,
          "location": null,
          "numPassingAsserts": 1,
          "retryReasons": [],
          "startAt": 1781984873914,
          "status": "passed",
          "title": "Default behavior - end is false"
        },
        {
          "ancestorTitles": [
            "defaultExport"
          ],
          "duration": 0,
          "failing": false,
          "failureDetails": [],
          "failureMessages": [],
          "fullName": "defaultExport Safe invariant - end is true",
          "invocations": 1,
          "location": null,
          "numPassingAsserts": 1,
          "retryReasons": [],
          "startAt": 1781984873914,
          "status": "passed",
          "title": "Safe invariant - end is true"
        },
        {
          "ancestorTitles": [
            "defaultExport"
          ],
          "duration": 0,
          "failing": false,
          "failureDetails": [],
          "failureMessages": [],
          "fullName": "defaultExport Safe invariant - end is false",
          "invocations": 1,
          "location": null,
          "numPassingAsserts": 1,
          "retryReasons": [],
          "startAt": 1781984873914,
          "status": "passed",
          "title": "Safe invariant - end is false"
        },
        {
          "ancestorTitles": [
            "defaultExport"
          ],
          "duration": 0,
          "failing": false,
          "failureDetails": [],
          "failureMessages": [],
          "fullName": "defaultExport fallback checks source-aware result shape",
          "invocations": 1,
          "location": null,
          "numPassingAsserts": 1,
          "retryReasons": [],
          "startAt": 1781984873915,
          "status": "passed",
          "title": "fallback checks source-aware result shape"
        },
        {
          "ancestorTitles": [
            "defaultExport"
          ],
          "duration": 0,
          "failing": false,
          "failureDetails": [],
          "failureMessages": [],
          "fullName": "defaultExport fallback checks stable result contract",
          "invocations": 1,
          "location": null,
          "numPassingAsserts": 1,
          "retryReasons": [],
          "startAt": 1781984873915,
          "status": "passed",
          "title": "fallback checks stable result contract"
        }
      ],
      "endTime": 1781984873916,
      "message": "",
      "name": "C:\\Users\\DELL\\Documents\\FYP\\Part 2 Dev\\UnitGen_Final_Completed_Version\\backend\\tests\\generated\\through.defaultExport.test.js",
      "startTime": 1781984873851,
      "status": "passed",
      "summary": ""
    },
    {
      "assertionResults": [
        {
          "ancestorTitles": [
            "defaultExport"
          ],
          "duration": 1,
          "failing": false,
          "failureDetails": [],
          "failureMessages": [],
          "fullName": "defaultExport auto-generated (prototype)",
          "invocations": 1,
          "location": null,
          "numPassingAsserts": 1,
          "retryReasons": [],
          "startAt": 1781984873980,
          "status": "passed",
          "title": "auto-generated (prototype)"
        },
        {
          "ancestorTitles": [
            "defaultExport"
          ],
          "duration": 1,
          "failing": false,
          "failureDetails": [],
          "failureMessages": [],
          "fullName": "defaultExport source-driven returned callback processes a finite input",
          "invocations": 1,
          "location": null,
          "numPassingAsserts": 3,
          "retryReasons": [],
          "startAt": 1781984873981,
          "status": "passed",
          "title": "source-driven returned callback processes a finite input"
        },
        {
          "ancestorTitles": [
            "defaultExport"
          ],
          "duration": 0,
          "failing": false,
          "failureDetails": [],
          "failureMessages": [],
          "fullName": "defaultExport source-driven returned callback propagates upstream completion",
          "invocations": 1,
          "location": null,
          "numPassingAsserts": 2,
          "retryReasons": [],
          "startAt": 1781984873982,
          "status": "passed",
          "title": "source-driven returned callback propagates upstream completion"
        },
        {
          "ancestorTitles": [
            "defaultExport"
          ],
          "duration": 1,
          "failing": false,
          "failureDetails": [],
          "failureMessages": [],
          "fullName": "defaultExport source-driven returned callback propagates caller abort",
          "invocations": 1,
          "location": null,
          "numPassingAsserts": 3,
          "retryReasons": [],
          "startAt": 1781984873982,
          "status": "passed",
          "title": "source-driven returned callback propagates caller abort"
        },
        {
          "ancestorTitles": [
            "defaultExport"
          ],
          "duration": 0,
          "failing": false,
          "failureDetails": [],
          "failureMessages": [],
          "fullName": "defaultExport fallback checks source-aware result shape",
          "invocations": 1,
          "location": null,
          "numPassingAsserts": 1,
          "retryReasons": [],
          "startAt": 1781984873983,
[...]
          "fullName": "defaultExport fallback checks stable result contract",
          "invocations": 1,
          "location": null,
          "numPassingAsserts": 1,
          "retryReasons": [],
          "startAt": 1781984874488,
          "status": "passed",
          "title": "fallback checks stable result contract"
        }
      ],
      "endTime": 1781984874489,
      "message": "",
      "name": "C:\\Users\\DELL\\Documents\\FYP\\Part 2 Dev\\UnitGen_Final_Completed_Version\\backend\\tests\\generated\\infinite.defaultExport.test.js",
      "startTime": 1781984874428,
      "status": "passed",
      "summary": ""
    },
    {
      "assertionResults": [
        {
          "ancestorTitles": [
            "defaultExport"
          ],
          "duration": 1,
          "failing": false,
          "failureDetails": [],
          "failureMessages": [],
          "fullName": "defaultExport auto-generated (prototype)",
          "invocations": 1,
          "location": null,
          "numPassingAsserts": 1,
          "retryReasons": [],
          "startAt": 1781984874559,
          "status": "passed",
          "title": "auto-generated (prototype)"
        },
        {
          "ancestorTitles": [
            "defaultExport"
          ],
          "duration": 0,
          "failing": false,
          "failureDetails": [],
          "failureMessages": [],
          "fullName": "defaultExport source-driven returned source invokes its callback",
          "invocations": 1,
          "location": null,
          "numPassingAsserts": 2,
          "retryReasons": [],
          "startAt": 1781984874561,
          "status": "passed",
          "title": "source-driven returned source invokes its callback"
        },
        {
          "ancestorTitles": [
            "defaultExport"
          ],
          "duration": 0,
          "failing": false,
          "failureDetails": [],
          "failureMessages": [],
          "fullName": "defaultExport fallback checks source-aware result shape",
          "invocations": 1,
          "location": null,
          "numPassingAsserts": 1,
          "retryReasons": [],
          "startAt": 1781984874561,
          "status": "passed",
          "title": "fallback checks source-aware result shape"
        },
        {
          "ancestorTitles": [
            "defaultExport"
          ],
          "duration": 0,
          "failing": false,
          "failureDetails": [],
          "failureMessages": [],
          "fullName": "defaultExport fallback checks stable result contract",
          "invocations": 1,
          "location": null,
          "numPassingAsserts": 1,
          "retryReasons": [],
          "startAt": 1781984874561,
          "status": "passed",
          "title": "fallback checks stable result contract"
        }
      ],
      "endTime": 1781984874562,
      "message": "",
      "name": "C:\\Users\\DELL\\Documents\\FYP\\Part 2 Dev\\UnitGen_Final_Completed_Version\\backend\\tests\\generated\\error.defaultExport.test.js",
      "startTime": 1781984874502,
      "status": "passed",
      "summary": ""
    },
    {
      "assertionResults": [
        {
          "ancestorTitles": [
            "defaultExport"
          ],
          "duration": 1,
          "failing": false,
          "failureDetails": [],
          "failureMessages": [],
          "fullName": "defaultExport auto-generated (prototype)",
          "invocations": 1,
          "location": null,
          "numPassingAsserts": 1,
          "retryReasons": [],
          "startAt": 1781984874621,
          "status": "passed",
          "title": "auto-generated (prototype)"
        },
        {
          "ancestorTitles": [
            "defaultExport"
          ],
          "duration": 0,
          "failing": false,
          "failureDetails": [],
          "failureMessages": [],
          "fullName": "defaultExport source-driven returned source invokes its callback",
          "invocations": 1,
          "location": null,
          "numPassingAsserts": 3,
          "retryReasons": [],
          "startAt": 1781984874623,
          "status": "passed",
          "title": "source-driven returned source invokes its callback"
        },
        {
          "ancestorTitles": [
            "defaultExport"
          ],
          "duration": 0,
          "failing": false,
          "failureDetails": [],
          "failureMessages": [],
          "fullName": "defaultExport source-driven returned source propagates caller abort",
          "invocations": 1,
          "location": null,
          "numPassingAsserts": 2,
          "retryReasons": [],
          "startAt": 1781984874623,
          "status": "passed",
          "title": "source-driven returned source propagates caller abort"
        },
        {
          "ancestorTitles": [
            "defaultExport"
          ],
          "duration": 1,
          "failing": false,
          "failureDetails": [],
          "failureMessages": [],
          "fullName": "defaultExport Default behavior - max not provided",
          "invocations": 1,
          "location": null,
          "numPassingAsserts": 1,
          "retryReasons": [],
          "startAt": 1781984874623,
          "status": "passed",
          "title": "Default behavior - max not provided"
        },
        {
          "ancestorTitles": [
            "defaultExport"
          ],
          "duration": 0,
          "failing": false,
          "failureDetails": [],
          "failureMessages": [],
          "fullName": "defaultExport Default behavior - max provided",
          "invocations": 1,
          "location": null,
          "numPassingAsserts": 1,
          "retryReasons": [],
          "startAt": 1781984874624,
          "status": "passed",
          "title": "Default behavior - max provided"
        },
        {
          "ancestorTitles": [
            "defaultExport"
          ],
          "duration": 0,
          "failing": false,
          "failureDetails": [],
          "failureMessages": [],
          "fullName": "defaultExport fallback checks source-aware result shape",
          "invocations": 1,
          "location": null,
          "numPassingAsserts": 1,
          "retryReasons": [],
          "startAt": 1781984874624,
          "status": "passed",
          "title": "fallback checks source-aware result shape"
        },
        {
          "ancestorTitles": [
            "defaultExport"
          ],
          "duration": 0,
          "failing": false,
          "failureDetails": [],
          "failureMessages": [],
          "fullName": "defaultExport fallback checks stable result contract",
          "invocations": 1,
          "location": null,
          "numPassingAsserts": 1,
          "retryReasons": [],
          "startAt": 1781984874624,
          "status": "passed",
          "title": "fallback checks stable result contract"
        }
      ],
      "endTime": 1781984874625,
      "message": "",
      "name": "C:\\Users\\DELL\\Documents\\FYP\\Part 2 Dev\\UnitGen_Final_Completed_Version\\backend\\tests\\generated\\count.defaultExport.test.js",
      "startTime": 1781984874565,
      "status": "passed",
      "summary": ""
    },
    {
      "assertionResults": [
        {
          "ancestorTitles": [
            "defaultExport"
          ],
          "duration": 1,
          "failing": false,
          "failureDetails": [],
          "failureMessages": [],
          "fullName": "defaultExport auto-generated (prototype)",
          "invocations": 1,
          "location": null,
          "numPassingAsserts": 1,
          "retryReasons": [],
          "startAt": 1781984874686,
          "status": "passed",
          "title": "auto-generated (prototype)"
        },
        {
          "ancestorTitles": [
            "defaultExport"
          ],
          "duration": 0,
          "failing": false,
          "failureDetails": [],
          "failureMessages": [],
          "fullName": "defaultExport fallback checks stable result contract",
          "invocations": 1,
          "location": null,
          "numPassingAsserts": 1,
          "retryReasons": [],
          "startAt": 1781984874687,
          "status": "passed",
          "title": "fallback checks stable result contract"
        }
      ],
      "endTime": 1781984874688,
      "message": "",
      "name": "C:\\Users\\DELL\\Documents\\FYP\\Part 2 Dev\\UnitGen_Final_Completed_Version\\backend\\tests\\generated\\abort-cb.defaultExport.test.js",
      "startTime": 1781984874628,
      "status": "passed",
      "summary": ""
    },
    {
      "assertionResults": [
        {
          "ancestorTitles": [
            "defaultExport"
          ],
          "duration": 0,
          "failing": false,
          "failureDetails": [],
          "failureMessages": [],
          "fullName": "defaultExport auto-generated (prototype)",
          "invocations": 1,
          "location": null,
          "numPassingAsserts": 1,
          "retryReasons": [],
          "startAt": 1781984874752,
          "status": "passed",
          "title": "auto-generated (prototype)"
        },
        {
          "ancestorTitles": [
            "defaultExport"
          ],
          "duration": 0,
          "failing": false,
          "failureDetails": [],
          "failureMessages": [],
          "fullName": "defaultExport source-driven returned callback processes a finite input",
          "invocations": 1,
          "location": null,
          "numPassingAsserts": 3,
          "retryReasons": [],
          "startAt": 1781984874753,
          "status": "passed",
          "title": "source-driven returned callback processes a finite input"
        },
        {
          "ancestorTitles": [
            "defaultExport"
          ],
          "duration": 1,
          "failing": false,
          "failureDetails": [],
          "failureMessages": [],
          "fullName": "defaultExport source-driven returned callback propagates upstream completion",
          "invocations": 1,
          "location": null,
          "numPassingAsserts": 2,
          "retryReasons": [],
          "startAt": 1781984874753,
          "status": "passed",
          "title": "source-driven returned callback propagates upstream completion"
        },
        {
          "ancestorTitles": [
            "defaultExport"
          ],
          "duration": 0,
          "failing": false,
          "failureDetails": [],
          "failureMessages": [],
          "fullName": "defaultExport source-driven returned callback propagates caller abort",
          "invocations": 1,
          "location": null,
          "numPassingAsserts": 3,
          "retryReasons": [],
          "startAt": 1781984874754,
          "status": "passed",
          "title": "source-driven returned callback propagates caller abort"
        },
        {
          "ancestorTitles": [
            "defaultExport"
          ],
          "duration": 0,
          "failing": false,
          "failureDetails": [],
          "failureMessages": [],
          "fullName": "defaultExport Default behavior - no mapper provided",
          "invocations": 1,
          "location": null,
          "numPassingAsserts": 1,
          "retryReasons": [],
          "startAt": 1781984874754,
          "status": "passed",
          "title": "Default behavior - no mapper provided"
        },
        {
          "ancestorTitles": [
            "defaultExport"
          ],
          "duration": 1,
          "failing": false,
          "failureDetails": [],
          "failureMessages": [],
          "fullName": "defaultExport Default behavior - mapper provided",
          "invocations": 1,
          "location": null,
          "numPassingAsserts": 1,
          "retryReasons": [],
          "startAt": 1781984874754,
          "status": "passed",
          "title": "Default behavior - mapper provided"
        },
        {
          "ancestorTitles": [
            "defaultExport"
          ],
          "duration": 0,
          "failing": false,
          "failureDetails": [],
          "failureMessages": [],
          "fullName": "defaultExport fallback checks source-aware result shape",
          "invocations": 1,
          "location": null,
          "numPassingAsserts": 1,
          "retryReasons": [],
          "startAt": 1781984874755,
          "status": "passed",
          "title": "fallback checks source-aware result shape"
        },
        {
          "ancestorTitles": [
            "defaultExport"
          ],
          "duration": 0,
          "failing": false,
          "failureDetails": [],
          "failureMessages": [],
          "fullName": "defaultExport fallback checks stable result contract",
          "invocations": 1,
          "location": null,
          "numPassingAsserts": 1,
          "retryReasons": [],
          "startAt": 1781984874755,
          "status": "passed",
          "title": "fallback checks stable result contract"
        }
      ],
      "endTime": 1781984874756,
      "message": "",
      "name": "C:\\Users\\DELL\\Documents\\FYP\\Part 2 Dev\\UnitGen_Final_Completed_Version\\backend\\tests\\generated\\map.defaultExport.test.js",
      "startTime": 1781984874691,
      "status": "passed",
      "summary": ""
    },
    {
      "assertionResults": [
        {
          "ancestorTitles": [
            "defaultExport"
          ],
          "duration": 1,
          "failing": false,
          "failureDetails": [],
          "failureMessages": [],
          "fullName": "defaultExport auto-generated (prototype)",
          "invocations": 1,
          "location": null,
          "numPassingAsserts": 1,
          "retryReasons": [],
          "startAt": 1781984874825,
          "status": "passed",
          "title": "auto-generated (prototype)"
        },
        {
          "ancestorTitles": [
            "defaultExport"
          ],
          "duration": 1,
          "failing": false,
          "failureDetails": [],
          "failureMessages": [],
          "fullName": "defaultExport source-driven returned callback processes a finite input",
          "invocations": 1,
          "location": null,
          "numPassingAsserts": 3,
          "retryReasons": [],
          "startAt": 1781984874826,
          "status": "passed",
          "title": "source-driven returned callback processes a finite input"
        },
        {
          "ancestorTitles": [
            "defaultExport"
          ],
          "duration": 0,
          "failing": false,
          "failureDetails": [],
          "failureMessages": [],
          "fullName": "defaultExport source-driven returned callback propagates upstream completion",
          "invocations": 1,
          "location": null,
          "numPassingAsserts": 2,
          "retryReasons": [],
          "startAt": 1781984874827,
          "status": "passed",
          "title": "source-driven returned callback propagates upstream completion"
        },
        {
          "ancestorTitles": [
            "defaultExport"
          ],
          "duration": 0,
          "failing": false,
          "failureDetails": [],
          "failureMessages": [],
          "fullName": "defaultExport source-driven returned callback propagates caller abort",
          "invocations": 1,
          "location": null,
          "numPassingAsserts": 3,
          "retryReasons": [],
          "startAt": 1781984874827,
          "status": "passed",
          "title": "source-driven returned callback propagates caller abort"
        },
        {
          "ancestorTitles": [
            "defaultExport"
          ],
          "duration": 1,
          "failing": false,
          "failureDetails": [],
          "failureMessages": [],
          "fullName": "defaultExport Safe invariant - result is a function",
          "invocations": 1,
          "location": null,
          "numPassingAsserts": 1,
          "retryReasons": [],
          "startAt": 1781984874827,
          "status": "passed",
          "title": "Safe invariant - result is a function"
        },
        {
          "ancestorTitles": [
            "defaultExport"
          ],
          "duration": 0,
          "failing": false,
          "failureDetails": [],
          "failureMessages": [],
          "fullName": "defaultExport fallback checks source-aware result shape",
          "invocations": 1,
          "location": null,
          "numPassingAsserts": 1,
          "retryReasons": [],
          "startAt": 1781984874828,
          "status": "passed",
          "title": "fallback checks source-aware result shape"
        },
        {
          "ancestorTitles": [
            "defaultExport"
          ],
          "duration": 0,
          "failing": false,
          "failureDetails": [],
          "failureMessages": [],
          "fullName": "defaultExport fallback checks stable result contract",
          "invocations": 1,
          "location": null,
          "numPassingAsserts": 1,
          "retryReasons": [],
          "startAt": 1781984874828,
          "status": "passed",
          "title": "fallback checks stable result contract"
        },
        {
          "ancestorTitles": [
            "defaultExport"
          ],
          "duration": 0,
          "failing": false,
          "failureDetails": [],
          "failureMessages": [],
          "fullName": "defaultExport [repair-candidate] Safe invariant - result function has next function",
          "invocations": 1,
          "location": null,
          "numPassingAsserts": 1,
          "retryReasons": [],
          "startAt": 1781984874828,
          "status": "passed",
          "title": "[repair-candidate] Safe invariant - result function has next function"
        }
      ],
      "endTime": 1781984874829,
      "message": "",
      "name": "C:\\Users\\DELL\\Documents\\FYP\\Part 2 Dev\\UnitGen_Final_Completed_Version\\backend\\tests\\generated\\filter.defaultExport.test.js",
      "startTime": 1781984874760,
      "status": "passed",
      "summary": ""
    },
    {
      "assertionResults": [
        {
          "ancestorTitles": [
            "defaultExport"
          ],
          "duration": 0,
          "failing": false,
          "failureDetails": [],
          "failureMessages": [],
          "fullName": "defaultExport auto-generated (prototype)",
          "invocations": 1,
          "location": null,
          "numPassingAsserts": 1,
          "retryReasons": [],
          "startAt": 1781984874901,
          "status": "passed",
          "title": "auto-generated (prototype)"
        },
        {
          "ancestorTitles": [
            "defaultExport"
          ],
          "duration": 1,
          "failing": false,
          "failureDetails": [],
          "failureMessages": [],
          "fullName": "defaultExport fallback checks source-aware result shape",
          "invocations": 1,
          "location": null,
          "numPassingAsserts": 1,
          "retryReasons": [],
          "startAt": 1781984874902,
          "status": "passed",
          "title": "fallback checks source-aware result shape"
        },
        {
          "ancestorTitles": [
            "defaultExport"
          ],
          "duration": 0,
          "failing": false,
          "failureDetails": [],
          "failureMessages": [],
          "fullName": "defaultExport fallback checks stable result contract",
          "invocations": 1,
          "location": null,
          "numPassingAsserts": 1,
          "retryReasons": [],
          "startAt": 1781984874903,
          "status": "passed",
          "title": "fallback checks stable result contract"
        }
      ],
      "endTime": 1781984874904,
      "message": "",
      "name": "C:\\Users\\DELL\\Documents\\FYP\\Part 2 Dev\\UnitGen_Final_Completed_Version\\backend\\tests\\generated\\on-end.defaultExport.test.js",
      "startTime": 1781984874832,
      "status": "passed",
      "summary": ""
    }
  ],
  "wasInterrupted": false
}