{
  "C:\\Users\\DELL\\Documents\\FYP\\Part 2 Dev\\UnitGen_Final_Completed_Version\\backend\\benchmark_packages\\node-dir\\index.js": {
    "path": "C:\\Users\\DELL\\Documents\\FYP\\Part 2 Dev\\UnitGen_Final_Completed_Version\\backend\\benchmark_packages\\node-dir\\index.js",
    "statementMap": {
      "0": {
        "start": {
          "line": 1,
          "column": 15
        },
        "end": {
          "line": 1,
          "column": 37
        }
      },
      "1": {
        "start": {
          "line": 3,
          "column": 0
        },
        "end": {
          "line": 3,
          "column": 32
        }
      },
      "2": {
        "start": {
          "line": 4,
          "column": 0
        },
        "end": {
          "line": 4,
          "column": 47
        }
      },
      "3": {
        "start": {
          "line": 5,
          "column": 0
        },
        "end": {
          "line": 5,
          "column": 59
        }
      }
    },
    "fnMap": {},
    "branchMap": {},
    "s": {
      "0": 6,
      "1": 6,
      "2": 6,
      "3": 6
    },
    "f": {},
    "b": {},
    "_coverageSchema": "1a1c01bbd47fc00a2c39e90264f33305004495a9",
    "hash": "b89898f1485386b4a3021922c7433b3f465f4474"
  },
  "C:\\Users\\DELL\\Documents\\FYP\\Part 2 Dev\\UnitGen_Final_Completed_Version\\backend\\benchmark_packages\\node-dir\\lib\\paths.js": {
    "path": "C:\\Users\\DELL\\Documents\\FYP\\Part 2 Dev\\UnitGen_Final_Completed_Version\\backend\\benchmark_packages\\node-dir\\lib\\paths.js",
    "statementMap": {
      "0": {
        "start": {
          "line": 1,
          "column": 10
        },
        "end": {
          "line": 1,
          "column": 23
        }
      },
      "1": {
        "start": {
          "line": 2,
          "column": 11
        },
        "end": {
          "line": 2,
          "column": 26
        }
      },
      "2": {
        "start": {
          "line": 4,
          "column": 0
        },
        "end": {
          "line": 15,
          "column": 1
        }
      },
      "3": {
        "start": {
          "line": 5,
          "column": 2
        },
        "end": {
          "line": 5,
          "column": 23
        }
      },
      "4": {
        "start": {
          "line": 7,
          "column": 18
        },
        "end": {
          "line": 13,
          "column": 3
        }
      },
      "5": {
        "start": {
          "line": 8,
          "column": 13
        },
        "end": {
          "line": 11,
          "column": 5
        }
      },
      "6": {
        "start": {
          "line": 9,
          "column": 6
        },
        "end": {
          "line": 9,
          "column": 28
        }
      },
      "7": {
        "start": {
          "line": 9,
          "column": 13
        },
        "end": {
          "line": 9,
          "column": 28
        }
      },
      "8": {
        "start": {
          "line": 10,
          "column": 6
        },
        "end": {
          "line": 10,
          "column": 15
        }
      },
      "9": {
        "start": {
          "line": 12,
          "column": 4
        },
        "end": {
          "line": 12,
          "column": 38
        }
      },
      "10": {
        "start": {
          "line": 14,
          "column": 2
        },
        "end": {
          "line": 14,
          "column": 31
        }
      },
      "11": {
        "start": {
          "line": 29,
          "column": 0
        },
        "end": {
          "line": 166,
          "column": 2
        }
      },
      "12": {
        "start": {
          "line": 30,
          "column": 15
        },
        "end": {
          "line": 30,
          "column": 26
        }
      },
      "13": {
        "start": {
          "line": 31,
          "column": 2
        },
        "end": {
          "line": 39,
          "column": 3
        }
      },
      "14": {
        "start": {
          "line": 32,
          "column": 4
        },
        "end": {
          "line": 32,
          "column": 29
        }
      },
      "15": {
        "start": {
          "line": 33,
          "column": 4
        },
        "end": {
          "line": 33,
          "column": 17
        }
      },
      "16": {
        "start": {
          "line": 34,
          "column": 4
        },
        "end": {
          "line": 34,
          "column": 27
        }
      },
      "17": {
        "start": {
          "line": 35,
          "column": 8
        },
        "end": {
          "line": 39,
          "column": 3
        }
      },
      "18": {
        "start": {
          "line": 37,
          "column": 4
        },
        "end": {
          "line": 37,
          "column": 20
        }
      },
      "19": {
        "start": {
          "line": 38,
          "column": 4
        },
        "end": {
          "line": 38,
          "column": 18
        }
      },
      "20": {
        "start": {
          "line": 41,
          "column": 2
        },
        "end": {
          "line": 41,
          "column": 25
        }
      },
      "21": {
        "start": {
          "line": 44,
          "column": 16
        },
        "end": {
          "line": 47,
          "column": 7
        }
      },
      "22": {
        "start": {
          "line": 49,
          "column": 13
        },
        "end": {
          "line": 62,
          "column": 3
        }
      },
      "23": {
        "start": {
          "line": 50,
          "column": 4
        },
        "end": {
          "line": 56,
          "column": 5
        }
      },
      "24": {
        "start": {
          "line": 51,
          "column": 6
        },
        "end": {
          "line": 51,
          "column": 50
        }
      },
      "25": {
        "start": {
          "line": 52,
          "column": 11
        },
        "end": {
          "line": 56,
          "column": 5
        }
      },
      "26": {
        "start": {
          "line": 53,
          "column": 8
        },
        "end": {
          "line": 53,
          "column": 25
        }
      },
      "27": {
        "start": {
          "line": 55,
          "column": 6
        },
        "end": {
          "line": 55,
          "column": 35
        }
      },
      "28": {
        "start": {
          "line": 58,
          "column": 4
        },
        "end": {
          "line": 58,
          "column": 27
        }
      },
      "29": {
        "start": {
          "line": 58,
          "column": 20
        },
        "end": {
          "line": 58,
          "column": 27
        }
      },
      "30": {
        "start": {
          "line": 61,
          "column": 4
        },
        "end": {
          "line": 61,
          "column": 28
        }
      },
      "31": {
        "start": {
          "line": 64,
          "column": 23
        },
        "end": {
          "line": 122,
          "column": 3
        }
      },
      "32": {
        "start": {
          "line": 65,
          "column": 4
        },
        "end": {
          "line": 121,
          "column": 5
        }
      },
      "33": {
        "start": {
          "line": 66,
          "column": 6
        },
        "end": {
          "line": 71,
          "column": 7
        }
      },
      "34": {
        "start": {
          "line": 67,
          "column": 8
        },
        "end": {
          "line": 69,
          "column": 9
        }
      },
      "35": {
        "start": {
          "line": 68,
          "column": 10
        },
        "end": {
          "line": 68,
          "column": 74
        }
      },
      "36": {
        "start": {
          "line": 70,
          "column": 8
        },
        "end": {
          "line": 70,
          "column": 29
        }
      },
      "37": {
        "start": {
          "line": 73,
          "column": 20
        },
        "end": {
          "line": 73,
          "column": 55
        }
      },
      "38": {
        "start": {
          "line": 75,
          "column": 6
        },
        "end": {
          "line": 120,
          "column": 7
        }
      },
      "39": {
        "start": {
          "line": 76,
          "column": 8
        },
        "end": {
          "line": 78,
          "column": 9
        }
      },
      "40": {
        "start": {
          "line": 77,
          "column": 10
        },
        "end": {
          "line": 77,
          "column": 37
        }
      },
      "41": {
        "start": {
          "line": 80,
          "column": 8
        },
        "end": {
          "line": 111,
          "column": 9
        }
      },
      "42": {
        "start": {
          "line": 81,
          "column": 24
        },
        "end": {
          "line": 100,
          "column": 11
        }
      },
      "43": {
        "start": {
          "line": 82,
          "column": 12
        },
        "end": {
          "line": 84,
          "column": 13
        }
      },
      "44": {
        "start": {
          "line": 83,
          "column": 16
        },
        "end": {
          "line": 83,
          "column": 36
        }
      },
      "45": {
        "start": {
          "line": 86,
          "column": 12
        },
        "end": {
          "line": 95,
          "column": 13
        }
      },
      "46": {
        "start": {
          "line": 87,
          "column": 14
        },
        "end": {
          "line": 87,
          "column": 56
        }
      },
      "47": {
        "start": {
          "line": 88,
          "column": 18
        },
        "end": {
          "line": 95,
          "column": 13
        }
      },
      "48": {
        "start": {
          "line": 89,
          "column": 14
        },
        "end": {
          "line": 89,
          "column": 62
        }
      },
      "49": {
        "start": {
          "line": 90,
          "column": 14
        },
        "end": {
          "line": 90,
          "column": 59
        }
      },
      "50": {
        "start": {
          "line": 91,
          "column": 19
        },
        "end": {
          "line": 95,
          "column": 13
        }
      },
      "51": {
        "start": {
          "line": 92,
          "column": 16
        },
        "end": {
          "line": 92,
          "column": 64
        }
      },
      "52": {
        "start": {
          "line": 94,
          "column": 16
        },
        "end": {
          "line": 94,
          "column": 61
        }
      },
      "53": {
        "start": {
          "line": 97,
          "column": 12
        },
        "end": {
          "line": 99,
          "column": 13
        }
      },
      "54": {
        "start": {
          "line": 98,
          "column": 14
        },
        "end": {
          "line": 98,
          "column": 21
        }
      },
      "55": {
        "start": {
          "line": 102,
          "column": 27
        },
        "end": {
          "line": 102,
          "column": 53
        }
      },
      "56": {
        "start": {
          "line": 103,
          "column": 10
        },
        "end": {
          "line": 103,
          "column": 38
        }
      },
      "57": {
        "start": {
          "line": 104,
          "column": 28
        },
        "end": {
          "line": 104,
          "column": 70
        }
      },
      "58": {
        "start": {
          "line": 106,
          "column": 10
        },
        "end": {
          "line": 108,
          "column": 11
        }
      },
      "59": {
        "start": {
          "line": 107,
          "column": 12
        },
        "end": {
          "line": 107,
          "column": 38
        }
      },
      "60": {
        "start": {
          "line": 109,
          "column": 14
        },
        "end": {
          "line": 111,
          "column": 9
        }
      },
      "61": {
        "start": {
          "line": 110,
          "column": 10
        },
        "end": {
          "line": 110,
          "column": 16
        }
      },
      "62": {
        "start": {
          "line": 113,
          "column": 8
        },
        "end": {
          "line": 115,
          "column": 9
        }
      },
      "63": {
        "start": {
          "line": 114,
          "column": 10
        },
        "end": {
          "line": 114,
          "column": 38
        }
      },
      "64": {
        "start": {
          "line": 117,
          "column": 8
        },
        "end": {
          "line": 119,
          "column": 9
        }
      },
      "65": {
        "start": {
          "line": 118,
          "column": 10
        },
        "end": {
          "line": 118,
          "column": 16
        }
      },
      "66": {
        "start": {
          "line": 124,
          "column": 15
        },
        "end": {
          "line": 124,
          "column": 31
        }
      },
      "67": {
        "start": {
          "line": 126,
          "column": 20
        },
        "end": {
          "line": 146,
          "column": 3
        }
      },
      "68": {
        "start": {
          "line": 127,
          "column": 4
        },
        "end": {
          "line": 127,
          "column": 34
        }
      },
      "69": {
        "start": {
          "line": 127,
          "column": 13
        },
        "end": {
          "line": 127,
          "column": 34
        }
      },
      "70": {
        "start": {
          "line": 129,
          "column": 4
        },
        "end": {
          "line": 129,
          "column": 26
        }
      },
      "71": {
        "start": {
          "line": 130,
          "column": 4
        },
        "end": {
          "line": 130,
          "column": 32
        }
      },
      "72": {
        "start": {
          "line": 130,
          "column": 18
        },
        "end": {
          "line": 130,
          "column": 32
        }
      },
      "73": {
        "start": {
          "line": 132,
          "column": 4
        },
        "end": {
          "line": 143,
          "column": 5
        }
      },
      "74": {
        "start": {
          "line": 132,
          "column": 23
        },
        "end": {
          "line": 132,
          "column": 24
        }
      },
      "75": {
        "start": {
          "line": 132,
          "column": 30
        },
        "end": {
          "line": 132,
          "column": 41
        }
      },
      "76": {
        "start": {
          "line": 133,
          "column": 18
        },
        "end": {
          "line": 133,
          "column": 36
        }
      },
      "77": {
        "start": {
          "line": 134,
          "column": 6
        },
        "end": {
          "line": 134,
          "column": 35
        }
      },
      "78": {
        "start": {
          "line": 135,
          "column": 20
        },
        "end": {
          "line": 135,
          "column": 75
        }
      },
      "79": {
        "start": {
          "line": 137,
          "column": 6
        },
        "end": {
          "line": 142,
          "column": 7
        }
      },
      "80": {
        "start": {
          "line": 138,
          "column": 18
        },
        "end": {
          "line": 138,
          "column": 38
        }
      },
      "81": {
        "start": {
          "line": 139,
          "column": 8
        },
        "end": {
          "line": 139,
          "column": 45
        }
      },
      "82": {
        "start": {
          "line": 141,
          "column": 8
        },
        "end": {
          "line": 141,
          "column": 53
        }
      },
      "83": {
        "start": {
          "line": 145,
          "column": 4
        },
        "end": {
          "line": 145,
          "column": 18
        }
      },
      "84": {
        "start": {
          "line": 148,
          "column": 17
        },
        "end": {
          "line": 158,
          "column": 3
        }
      },
      "85": {
        "start": {
          "line": 149,
          "column": 4
        },
        "end": {
          "line": 149,
          "column": 34
        }
      },
      "86": {
        "start": {
          "line": 149,
          "column": 13
        },
        "end": {
          "line": 149,
          "column": 34
        }
      },
      "87": {
        "start": {
          "line": 150,
          "column": 4
        },
        "end": {
          "line": 150,
          "column": 51
        }
      },
      "88": {
        "start": {
          "line": 150,
          "column": 37
        },
        "end": {
          "line": 150,
          "column": 51
        }
      },
      "89": {
        "start": {
          "line": 152,
          "column": 4
        },
        "end": {
          "line": 157,
          "column": 5
        }
      },
      "90": {
        "start": {
          "line": 153,
          "column": 19
        },
        "end": {
          "line": 153,
          "column": 63
        }
      },
      "91": {
        "start": {
          "line": 154,
          "column": 6
        },
        "end": {
          "line": 154,
          "column": 34
        }
      },
      "92": {
        "start": {
          "line": 156,
          "column": 6
        },
        "end": {
          "line": 156,
          "column": 57
        }
      },
      "93": {
        "start": {
          "line": 160,
          "column": 2
        },
        "end": {
          "line": 165,
          "column": 3
        }
      },
      "94": {
        "start": {
          "line": 161,
          "column": 17
        },
        "end": {
          "line": 161,
          "column": 36
        }
      },
      "95": {
        "start": {
          "line": 162,
          "column": 4
        },
        "end": {
          "line": 162,
          "column": 29
        }
      },
      "96": {
        "start": {
          "line": 164,
          "column": 4
        },
        "end": {
          "line": 164,
          "column": 28
        }
      },
      "97": {
        "start": {
          "line": 186,
          "column": 0
        },
        "end": {
          "line": 204,
          "column": 2
        }
      },
      "98": {
        "start": {
          "line": 190,
          "column": 4
        },
        "end": {
          "line": 193,
          "column": 5
        }
      },
      "99": {
        "start": {
          "line": 191,
          "column": 8
        },
        "end": {
          "line": 191,
          "column": 27
        }
      },
      "100": {
        "start": {
          "line": 192,
          "column": 8
        },
        "end": {
          "line": 192,
          "column": 24
        }
      },
      "101": {
        "start": {
          "line": 195,
          "column": 4
        },
        "end": {
          "line": 203,
          "column": 7
        }
      },
      "102": {
        "start": {
          "line": 196,
          "column": 8
        },
        "end": {
          "line": 196,
          "column": 38
        }
      },
      "103": {
        "start": {
          "line": 196,
          "column": 17
        },
        "end": {
          "line": 196,
          "column": 38
        }
      },
      "104": {
        "start": {
          "line": 197,
          "column": 8
        },
        "end": {
          "line": 202,
          "column": 9
        }
      },
      "105": {
        "start": {
          "line": 199,
          "column": 12
        },
        "end": {
          "line": 199,
          "column": 63
        }
      },
      "106": {
        "start": {
          "line": 201,
          "column": 12
        },
        "end": {
          "line": 201,
          "column": 36
        }
      },
      "107": {
        "start": {
          "line": 220,
          "column": 0
        },
        "end": {
          "line": 240,
          "column": 2
        }
      },
      "108": {
        "start": {
          "line": 221,
          "column": 2
        },
        "end": {
          "line": 221,
          "column": 25
        }
      },
      "109": {
        "start": {
          "line": 223,
          "column": 20
        },
        "end": {
          "line": 233,
          "column": 3
        }
      },
      "110": {
        "start": {
          "line": 224,
          "column": 4
        },
        "end": {
          "line": 224,
          "column": 34
        }
      },
      "111": {
        "start": {
          "line": 224,
          "column": 13
        },
        "end": {
          "line": 224,
          "column": 34
        }
      },
      "112": {
        "start": {
          "line": 226,
          "column": 4
        },
        "end": {
          "line": 228,
          "column": 5
        }
      },
      "113": {
        "start": {
          "line": 227,
          "column": 6
        },
        "end": {
          "line": 227,
          "column": 50
        }
      },
      "114": {
        "start": {
          "line": 230,
          "column": 4
        },
        "end": {
          "line": 230,
          "column": 34
        }
      },
      "115": {
        "start": {
          "line": 230,
          "column": 20
        },
        "end": {
          "line": 230,
          "column": 34
        }
      },
      "116": {
        "start": {
          "line": 232,
          "column": 4
        },
        "end": {
          "line": 232,
          "column": 28
        }
      },
      "117": {
        "start": {
          "line": 235,
          "column": 14
        },
        "end": {
          "line": 235,
          "column": 59
        }
      },
      "118": {
        "start": {
          "line": 237,
          "column": 2
        },
        "end": {
          "line": 239,
          "column": 3
        }
      },
      "119": {
        "start": {
          "line": 238,
          "column": 4
        },
        "end": {
          "line": 238,
          "column": 30
        }
      }
    },
    "fnMap": {
      "0": {
        "name": "promiseFiles",
        "decl": {
          "start": {
            "line": 4,
            "column": 32
          },
          "end": {
            "line": 4,
            "column": 44
          }
        },
        "loc": {
          "start": {
            "line": 4,
            "column": 64
          },
          "end": {
            "line": 15,
            "column": 1
          }
        },
        "line": 4
      },
      "1": {
        "name": "(anonymous_1)",
        "decl": {
          "start": {
            "line": 7,
            "column": 18
          },
          "end": {
            "line": 7,
            "column": 19
          }
        },
        "loc": {
          "start": {
            "line": 7,
            "column": 35
          },
          "end": {
            "line": 13,
            "column": 3
          }
        },
        "line": 7
      },
      "2": {
        "name": "(anonymous_2)",
        "decl": {
          "start": {
            "line": 8,
            "column": 13
          },
          "end": {
            "line": 8,
            "column": 14
          }
        },
        "loc": {
          "start": {
            "line": 8,
            "column": 31
          },
          "end": {
            "line": 11,
            "column": 5
          }
        },
        "line": 8
      },
      "3": {
        "name": "files",
        "decl": {
          "start": {
            "line": 29,
            "column": 25
          },
          "end": {
            "line": 29,
            "column": 30
          }
        },
        "loc": {
          "start": {
            "line": 29,
            "column": 61
          },
          "end": {
            "line": 166,
            "column": 1
          }
        },
        "line": 29
      },
      "4": {
        "name": "(anonymous_4)",
        "decl": {
          "start": {
            "line": 34,
            "column": 15
          },
          "end": {
            "line": 34,
            "column": 16
          }
        },
        "loc": {
          "start": {
            "line": 34,
            "column": 25
          },
          "end": {
            "line": 34,
            "column": 27
          }
        },
        "line": 34
      },
      "5": {
        "name": "(anonymous_5)",
        "decl": {
          "start": {
            "line": 49,
            "column": 13
          },
          "end": {
            "line": 49,
            "column": 14
          }
        },
        "loc": {
          "start": {
            "line": 49,
            "column": 24
          },
          "end": {
            "line": 62,
            "column": 3
          }
        },
        "line": 49
      },
      "6": {
        "name": "(anonymous_6)",
        "decl": {
          "start": {
            "line": 64,
            "column": 23
          },
          "end": {
            "line": 64,
            "column": 24
          }
        },
        "loc": {
          "start": {
            "line": 64,
            "column": 61
          },
          "end": {
            "line": 122,
            "column": 3
          }
        },
        "line": 64
      },
      "7": {
        "name": "(anonymous_7)",
        "decl": {
          "start": {
            "line": 65,
            "column": 11
          },
          "end": {
            "line": 65,
            "column": 12
          }
        },
        "loc": {
          "start": {
            "line": 65,
            "column": 31
          },
          "end": {
            "line": 121,
            "column": 5
          }
        },
        "line": 65
      },
      "8": {
        "name": "(anonymous_8)",
        "decl": {
          "start": {
            "line": 81,
            "column": 24
          },
          "end": {
            "line": 81,
            "column": 25
          }
        },
        "loc": {
          "start": {
            "line": 81,
            "column": 43
          },
          "end": {
            "line": 100,
            "column": 11
          }
        },
        "line": 81
      },
      "9": {
        "name": "(anonymous_9)",
        "decl": {
          "start": {
            "line": 126,
            "column": 20
          },
          "end": {
            "line": 126,
            "column": 21
          }
        },
        "loc": {
          "start": {
            "line": 126,
            "column": 40
          },
          "end": {
            "line": 146,
            "column": 3
          }
        },
        "line": 126
      },
      "10": {
        "name": "(anonymous_10)",
        "decl": {
          "start": {
            "line": 148,
            "column": 17
          },
          "end": {
            "line": 148,
            "column": 18
          }
        },
        "loc": {
          "start": {
            "line": 148,
            "column": 37
          },
          "end": {
            "line": 158,
            "column": 3
          }
        },
        "line": 148
      },
      "11": {
        "name": "paths",
        "decl": {
          "start": {
            "line": 186,
            "column": 25
          },
          "end": {
            "line": 186,
            "column": 30
          }
        },
        "loc": {
          "start": {
            "line": 186,
            "column": 55
          },
          "end": {
            "line": 204,
            "column": 1
          }
        },
        "line": 186
      },
      "12": {
        "name": "(anonymous_12)",
        "decl": {
          "start": {
            "line": 195,
            "column": 30
          },
          "end": {
            "line": 195,
            "column": 31
          }
        },
        "loc": {
          "start": {
            "line": 195,
            "column": 53
          },
          "end": {
            "line": 203,
            "column": 5
          }
        },
        "line": 195
      },
      "13": {
        "name": "subdirs",
        "decl": {
          "start": {
            "line": 220,
            "column": 27
          },
          "end": {
            "line": 220,
            "column": 34
          }
        },
        "loc": {
          "start": {
            "line": 220,
            "column": 65
          },
          "end": {
            "line": 240,
            "column": 1
          }
        },
        "line": 220
      },
      "14": {
        "name": "(anonymous_14)",
        "decl": {
          "start": {
            "line": 223,
            "column": 20
          },
          "end": {
            "line": 223,
            "column": 21
          }
        },
        "loc": {
          "start": {
            "line": 223,
            "column": 43
          },
          "end": {
            "line": 233,
            "column": 3
          }
        },
        "line": 223
      }
    },
    "branchMap": {
      "0": {
        "loc": {
          "start": {
            "line": 5,
            "column": 9
          },
          "end": {
            "line": 5,
            "column": 23
          }
        },
        "type": "binary-expr",
        "locations": [
          {
            "start": {
              "line": 5,
              "column": 9
            },
            "end": {
              "line": 5,
              "column": 13
            }
          },
          {
            "start": {
              "line": 5,
              "column": 17
            },
            "end": {
              "line": 5,
              "column": 23
            }
          }
        ],
        "line": 5
      },
      "1": {
        "loc": {
          "start": {
            "line": 9,
            "column": 6
          },
          "end": {
            "line": 9,
            "column": 28
          }
        },
        "type": "if",
        "locations": [
          {
            "start": {
              "line": 9,
              "column": 6
            },
            "end": {
              "line": 9,
              "column": 28
            }
          },
          {
            "start": {},
            "end": {}
          }
        ],
        "line": 9
      },
      "2": {
        "loc": {
          "start": {
            "line": 31,
            "column": 2
          },
          "end": {
            "line": 39,
            "column": 3
          }
        },
        "type": "if",
        "locations": [
          {
            "start": {
              "line": 31,
              "column": 2
            },
            "end": {
              "line": 39,
              "column": 3
            }
          },
          {
            "start": {
              "line": 35,
              "column": 8
            },
            "end": {
              "line": 39,
              "column": 3
            }
          }
        ],
        "line": 31
      },
      "3": {
        "loc": {
          "start": {
            "line": 32,
            "column": 14
          },
          "end": {
            "line": 32,
            "column": 29
          }
        },
        "type": "binary-expr",
        "locations": [
          {
            "start": {
              "line": 32,
              "column": 14
            },
            "end": {
              "line": 32,
              "column": 21
            }
          },
          {
            "start": {
              "line": 32,
              "column": 25
            },
            "end": {
              "line": 32,
              "column": 29
            }
          }
        ],
        "line": 32
      },
      "4": {
        "loc": {
          "start": {
            "line": 35,
            "column": 8
          },
          "end": {
            "line": 39,
            "column": 3
          }
        },
        "type": "if",
        "locations": [
          {
            "start": {
              "line": 35,
              "column": 8
            },
            "end": {
              "line": 39,
              "column": 3
            }
          },
          {
            "start": {},
            "end": {}
          }
        ],
        "line": 35
      },
      "5": {
        "loc": {
          "start": {
            "line": 41,
            "column": 12
          },
          "end": {
            "line": 41,
            "column": 25
          }
        },
        "type": "binary-expr",
        "locations": [
          {
            "start": {
              "line": 41,
              "column": 12
            },
            "end": {
              "line": 41,
              "column": 19
            }
          },
          {
            "start": {
              "line": 41,
              "column": 23
            },
            "end": {
              "line": 41,
              "column": 25
            }
          }
        ],
        "line": 41
      },
      "6": {
        "loc": {
          "start": {
            "line": 50,
            "column": 4
          },
          "end": {
            "line": 56,
            "column": 5
          }
        },
        "type": "if",
        "locations": [
          {
            "start": {
              "line": 50,
              "column": 4
            },
            "end": {
              "line": 56,
              "column": 5
            }
          },
          {
            "start": {
              "line": 52,
              "column": 11
            },
            "end": {
              "line": 56,
              "column": 5
            }
          }
        ],
        "line": 50
      },
      "7": {
        "loc": {
          "start": {
            "line": 52,
            "column": 11
          },
          "end": {
            "line": 56,
            "column": 5
          }
        },
        "type": "if",
        "locations": [
          {
            "start": {
              "line": 52,
              "column": 11
            },
            "end": {
              "line": 56,
              "column": 5
            }
          },
          {
            "start": {
              "line": 54,
              "column": 11
            },
            "end": {
              "line": 56,
              "column": 5
            }
          }
        ],
        "line": 52
      },
      "8": {
        "loc": {
          "start": {
            "line": 52,
            "column": 15
          },
          "end": {
            "line": 52,
            "column": 80
          }
        },
        "type": "binary-expr",
        "locations": [
          {
            "start": {
              "line": 52,
              "column": 15
            },
            "end": {
              "line": 52,
              "column": 20
            }
          },
          {
            "start": {
              "line": 52,
              "column": 24
            },
            "end": {
              "line": 52,
              "column": 42
            }
          },
          {
            "start": {
              "line": 52,
              "column": 46
            },
            "end": {
              "line": 52,
              "column": 80
            }
          }
        ],
        "line": 52
      },
      "9": {
        "loc": {
          "start": {
            "line": 58,
            "column": 4
          },
          "end": {
            "line": 58,
            "column": 27
          }
        },
        "type": "if",
        "locations": [
          {
            "start": {
              "line": 58,
              "column": 4
            },
            "end": {
              "line": 58,
              "column": 27
            }
          },
          {
            "start": {},
            "end": {}
          }
        ],
        "line": 58
      },
      "10": {
        "loc": {
          "start": {
            "line": 66,
            "column": 6
          },
          "end": {
            "line": 71,
            "column": 7
          }
        },
        "type": "if",
        "locations": [
          {
            "start": {
              "line": 66,
              "column": 6
            },
            "end": {
              "line": 71,
              "column": 7
            }
          },
          {
            "start": {},
            "end": {}
          }
        ],
        "line": 66
      },
      "11": {
        "loc": {
          "start": {
            "line": 67,
            "column": 8
          },
          "end": {
            "line": 69,
            "column": 9
          }
        },
        "type": "if",
        "locations": [
          {
            "start": {
              "line": 67,
              "column": 8
            },
            "end": {
              "line": 69,
              "column": 9
            }
          },
          {
            "start": {},
            "end": {}
          }
        ],
        "line": 67
      },
      "12": {
        "loc": {
          "start": {
            "line": 73,
            "column": 20
          },
          "end": {
            "line": 73,
            "column": 55
          }
        },
        "type": "cond-expr",
        "locations": [
          {
            "start": {
              "line": 73,
              "column": 40
            },
            "end": {
              "line": 73,
              "column": 44
            }
          },
          {
            "start": {
              "line": 73,
              "column": 47
            },
            "end": {
              "line": 73,
              "column": 55
            }
          }
        ],
        "line": 73
      },
      "13": {
        "loc": {
          "start": {
            "line": 75,
            "column": 6
          },
          "end": {
            "line": 120,
            "column": 7
          }
        },
        "type": "if",
        "locations": [
          {
            "start": {
              "line": 75,
              "column": 6
            },
            "end": {
              "line": 120,
              "column": 7
            }
          },
          {
            "start": {
              "line": 112,
              "column": 13
            },
            "end": {
              "line": 120,
              "column": 7
            }
          }
        ],
        "line": 75
      },
      "14": {
        "loc": {
          "start": {
            "line": 75,
            "column": 10
          },
          "end": {
            "line": 75,
            "column": 59
          }
        },
        "type": "binary-expr",
        "locations": [
          {
            "start": {
              "line": 75,
              "column": 10
            },
            "end": {
              "line": 75,
              "column": 14
            }
          },
          {
            "start": {
              "line": 75,
              "column": 18
            },
            "end": {
              "line": 75,
              "column": 36
            }
          },
          {
            "start": {
              "line": 75,
              "column": 40
            },
            "end": {
              "line": 75,
              "column": 59
            }
          }
        ],
        "line": 75
      },
      "15": {
        "loc": {
          "start": {
            "line": 76,
            "column": 8
          },
          "end": {
            "line": 78,
            "column": 9
          }
        },
        "type": "if",
        "locations": [
          {
            "start": {
              "line": 76,
              "column": 8
            },
            "end": {
              "line": 78,
              "column": 9
            }
          },
          {
            "start": {},
            "end": {}
          }
        ],
        "line": 76
      },
      "16": {
        "loc": {
          "start": {
            "line": 80,
            "column": 8
          },
          "end": {
            "line": 111,
            "column": 9
          }
        },
        "type": "if",
        "locations": [
          {
            "start": {
              "line": 80,
              "column": 8
            },
            "end": {
              "line": 111,
              "column": 9
            }
          },
          {
            "start": {
              "line": 109,
              "column": 14
            },
            "end": {
              "line": 111,
              "column": 9
            }
          }
        ],
        "line": 80
      },
      "17": {
        "loc": {
          "start": {
            "line": 80,
            "column": 12
          },
          "end": {
            "line": 80,
            "column": 56
          }
        },
        "type": "binary-expr",
        "locations": [
          {
            "start": {
              "line": 80,
              "column": 12
            },
            "end": {
              "line": 80,
              "column": 35
            }
          },
          {
            "start": {
              "line": 80,
              "column": 39
            },
            "end": {
              "line": 80,
              "column": 56
            }
          }
        ],
        "line": 80
      },
      "18": {
        "loc": {
          "start": {
            "line": 82,
            "column": 12
          },
          "end": {
            "line": 84,
            "column": 13
          }
        },
        "type": "if",
        "locations": [
          {
            "start": {
              "line": 82,
              "column": 12
            },
            "end": {
              "line": 84,
              "column": 13
            }
          },
          {
            "start": {},
            "end": {}
          }
        ],
        "line": 82
      },
      "19": {
        "loc": {
          "start": {
            "line": 86,
            "column": 12
          },
          "end": {
            "line": 95,
            "column": 13
          }
        },
        "type": "if",
        "locations": [
          {
            "start": {
              "line": 86,
              "column": 12
            },
            "end": {
              "line": 95,
              "column": 13
            }
          },
          {
            "start": {
              "line": 88,
              "column": 18
            },
            "end": {
              "line": 95,
              "column": 13
            }
          }
        ],
        "line": 86
      },
      "20": {
        "loc": {
          "start": {
            "line": 88,
            "column": 18
          },
          "end": {
            "line": 95,
            "column": 13
          }
        },
        "type": "if",
        "locations": [
          {
            "start": {
              "line": 88,
              "column": 18
            },
            "end": {
              "line": 95,
              "column": 13
            }
          },
          {
            "start": {
              "line": 91,
              "column": 19
            },
            "end": {
              "line": 95,
              "column": 13
            }
          }
        ],
        "line": 88
      },
      "21": {
        "loc": {
          "start": {
            "line": 91,
            "column": 19
          },
          "end": {
            "line": 95,
            "column": 13
          }
        },
        "type": "if",
        "locations": [
          {
            "start": {
              "line": 91,
              "column": 19
            },
            "end": {
              "line": 95,
              "column": 13
            }
          },
          {
            "start": {
              "line": 93,
              "column": 19
            },
            "end": {
              "line": 95,
              "column": 13
            }
          }
        ],
        "line": 91
      },
      "22": {
        "loc": {
          "start": {
            "line": 97,
            "column": 12
          },
          "end": {
            "line": 99,
            "column": 13
          }
        },
        "type": "if",
        "locations": [
          {
            "start": {
              "line": 97,
              "column": 12
            },
            "end": {
              "line": 99,
              "column": 13
            }
          },
          {
            "start": {},
            "end": {}
          }
        ],
        "line": 97
      },
      "23": {
        "loc": {
          "start": {
            "line": 106,
            "column": 10
          },
          "end": {
            "line": 108,
            "column": 11
          }
        },
        "type": "if",
        "locations": [
          {
            "start": {
              "line": 106,
              "column": 10
            },
            "end": {
              "line": 108,
              "column": 11
            }
          },
          {
            "start": {},
            "end": {}
          }
        ],
        "line": 106
      },
      "24": {
        "loc": {
          "start": {
            "line": 109,
            "column": 14
          },
          "end": {
            "line": 111,
            "column": 9
          }
        },
        "type": "if",
        "locations": [
          {
            "start": {
              "line": 109,
              "column": 14
            },
            "end": {
              "line": 111,
              "column": 9
            }
          },
          {
            "start": {},
            "end": {}
          }
        ],
        "line": 109
      },
      "25": {
        "loc": {
          "start": {
            "line": 113,
            "column": 8
          },
          "end": {
            "line": 115,
            "column": 9
          }
        },
        "type": "if",
        "locations": [
          {
            "start": {
              "line": 113,
              "column": 8
            },
            "end": {
              "line": 115,
              "column": 9
            }
          },
          {
            "start": {},
            "end": {}
          }
        ],
        "line": 113
      },
      "26": {
        "loc": {
          "start": {
            "line": 117,
            "column": 8
          },
          "end": {
            "line": 119,
            "column": 9
          }
        },
        "type": "if",
        "locations": [
          {
            "start": {
              "line": 117,
              "column": 8
            },
            "end": {
              "line": 119,
              "column": 9
            }
          },
          {
            "start": {},
            "end": {}
          }
        ],
        "line": 117
      },
      "27": {
        "loc": {
          "start": {
            "line": 127,
            "column": 4
          },
          "end": {
            "line": 127,
            "column": 34
          }
        },
        "type": "if",
        "locations": [
          {
            "start": {
              "line": 127,
              "column": 4
            },
            "end": {
              "line": 127,
              "column": 34
            }
          },
          {
            "start": {},
            "end": {}
          }
        ],
        "line": 127
      },
      "28": {
        "loc": {
          "start": {
            "line": 130,
            "column": 4
          },
          "end": {
            "line": 130,
            "column": 32
          }
        },
        "type": "if",
        "locations": [
          {
            "start": {
              "line": 130,
              "column": 4
            },
            "end": {
              "line": 130,
              "column": 32
            }
          },
          {
            "start": {},
            "end": {}
          }
        ],
        "line": 130
      },
      "29": {
        "loc": {
          "start": {
            "line": 137,
            "column": 6
          },
          "end": {
            "line": 142,
            "column": 7
          }
        },
        "type": "if",
        "locations": [
          {
            "start": {
              "line": 137,
              "column": 6
            },
            "end": {
              "line": 142,
              "column": 7
            }
          },
          {
            "start": {
              "line": 140,
              "column": 11
            },
            "end": {
              "line": 142,
              "column": 7
            }
          }
        ],
        "line": 137
      },
      "30": {
        "loc": {
          "start": {
            "line": 149,
            "column": 4
          },
          "end": {
            "line": 149,
            "column": 34
          }
        },
        "type": "if",
        "locations": [
          {
            "start": {
              "line": 149,
              "column": 4
            },
            "end": {
              "line": 149,
              "column": 34
            }
          },
          {
            "start": {},
            "end": {}
          }
        ],
        "line": 149
      },
      "31": {
        "loc": {
          "start": {
            "line": 150,
            "column": 4
          },
          "end": {
            "line": 150,
            "column": 51
          }
        },
        "type": "if",
        "locations": [
          {
            "start": {
              "line": 150,
              "column": 4
            },
            "end": {
              "line": 150,
              "column": 51
            }
          },
          {
            "start": {},
            "end": {}
          }
        ],
        "line": 150
      },
      "32": {
        "loc": {
          "start": {
            "line": 150,
            "column": 8
          },
          "end": {
            "line": 150,
            "column": 35
          }
        },
        "type": "binary-expr",
        "locations": [
          {
            "start": {
              "line": 150,
              "column": 8
            },
            "end": {
              "line": 150,
              "column": 12
            }
          },
          {
            "start": {
              "line": 150,
              "column": 16
            },
            "end": {
              "line": 150,
              "column": 35
            }
          }
        ],
        "line": 150
      },
      "33": {
        "loc": {
          "start": {
            "line": 152,
            "column": 4
          },
          "end": {
            "line": 157,
            "column": 5
          }
        },
        "type": "if",
        "locations": [
          {
            "start": {
              "line": 152,
              "column": 4
            },
            "end": {
              "line": 157,
              "column": 5
            }
          },
          {
            "start": {
              "line": 155,
              "column": 9
            },
            "end": {
              "line": 157,
              "column": 5
            }
          }
        ],
        "line": 152
      },
      "34": {
        "loc": {
          "start": {
            "line": 160,
            "column": 2
          },
          "end": {
            "line": 165,
            "column": 3
          }
        },
        "type": "if",
        "locations": [
          {
            "start": {
              "line": 160,
              "column": 2
            },
            "end": {
              "line": 165,
              "column": 3
            }
          },
          {
            "start": {
              "line": 163,
              "column": 7
            },
            "end": {
              "line": 165,
              "column": 3
            }
          }
        ],
        "line": 160
      },
      "35": {
        "loc": {
          "start": {
            "line": 190,
            "column": 4
          },
          "end": {
            "line": 193,
            "column": 5
          }
        },
        "type": "if",
        "locations": [
          {
            "start": {
              "line": 190,
              "column": 4
            },
            "end": {
              "line": 193,
              "column": 5
            }
          },
          {
            "start": {},
            "end": {}
          }
        ],
        "line": 190
      },
      "36": {
        "loc": {
          "start": {
            "line": 196,
            "column": 8
          },
          "end": {
            "line": 196,
            "column": 38
          }
        },
        "type": "if",
        "locations": [
          {
            "start": {
              "line": 196,
              "column": 8
            },
            "end": {
              "line": 196,
              "column": 38
            }
          },
          {
            "start": {},
            "end": {}
          }
        ],
        "line": 196
      },
      "37": {
        "loc": {
          "start": {
            "line": 197,
            "column": 8
          },
          "end": {
            "line": 202,
            "column": 9
          }
        },
        "type": "if",
        "locations": [
          {
            "start": {
              "line": 197,
              "column": 8
            },
            "end": {
              "line": 202,
              "column": 9
            }
          },
          {
            "start": {
              "line": 200,
              "column": 15
            },
            "end": {
              "line": 202,
              "column": 9
            }
          }
        ],
        "line": 197
      },
      "38": {
        "loc": {
          "start": {
            "line": 221,
            "column": 12
          },
          "end": {
            "line": 221,
            "column": 25
          }
        },
        "type": "binary-expr",
        "locations": [
          {
            "start": {
              "line": 221,
              "column": 12
            },
            "end": {
              "line": 221,
              "column": 19
            }
          },
          {
            "start": {
              "line": 221,
              "column": 23
            },
            "end": {
              "line": 221,
              "column": 25
            }
          }
        ],
        "line": 221
      },
      "39": {
        "loc": {
          "start": {
            "line": 224,
            "column": 4
          },
          "end": {
            "line": 224,
            "column": 34
          }
        },
        "type": "if",
        "locations": [
          {
            "start": {
              "line": 224,
              "column": 4
            },
            "end": {
              "line": 224,
              "column": 34
            }
          },
          {
            "start": {},
            "end": {}
          }
        ],
        "line": 224
      },
      "40": {
        "loc": {
          "start": {
            "line": 226,
            "column": 4
          },
          "end": {
            "line": 228,
            "column": 5
          }
        },
        "type": "if",
        "locations": [
          {
            "start": {
              "line": 226,
              "column": 4
            },
            "end": {
              "line": 228,
              "column": 5
            }
          },
          {
            "start": {},
            "end": {}
          }
        ],
        "line": 226
      },
      "41": {
        "loc": {
          "start": {
            "line": 230,
            "column": 4
          },
          "end": {
            "line": 230,
            "column": 34
          }
        },
        "type": "if",
        "locations": [
          {
            "start": {
              "line": 230,
              "column": 4
            },
            "end": {
              "line": 230,
              "column": 34
            }
          },
          {
            "start": {},
            "end": {}
          }
        ],
        "line": 230
      },
      "42": {
        "loc": {
          "start": {
            "line": 237,
            "column": 2
          },
          "end": {
            "line": 239,
            "column": 3
          }
        },
        "type": "if",
        "locations": [
          {
            "start": {
              "line": 237,
              "column": 2
            },
            "end": {
              "line": 239,
              "column": 3
            }
          },
          {
            "start": {},
            "end": {}
          }
        ],
        "line": 237
      },
      "43": {
        "loc": {
          "start": {
            "line": 237,
            "column": 5
          },
          "end": {
            "line": 237,
            "column": 28
          }
        },
        "type": "binary-expr",
        "locations": [
          {
            "start": {
              "line": 237,
              "column": 5
            },
            "end": {
              "line": 237,
              "column": 12
            }
          },
          {
            "start": {
              "line": 237,
              "column": 16
            },
            "end": {
              "line": 237,
              "column": 28
            }
          }
        ],
        "line": 237
      }
    },
    "s": {
      "0": 10,
      "1": 10,
      "2": 10,
      "3": 4,
      "4": 4,
      "5": 4,
      "6": 4,
      "7": 0,
      "8": 4,
      "9": 4,
      "10": 4,
      "11": 10,
      "12": 20,
      "13": 20,
      "14": 0,
      "15": 0,
      "16": 0,
      "17": 20,
      "18": 0,
      "19": 0,
      "20": 20,
      "21": 20,
      "22": 20,
      "23": 11,
      "24": 0,
      "25": 11,
      "26": 5,
      "27": 6,
      "28": 11,
      "29": 0,
      "30": 11,
      "31": 20,
      "32": 16,
      "33": 16,
      "34": 0,
      "35": 0,
      "36": 0,
      "37": 16,
      "38": 16,
      "39": 4,
      "40": 2,
      "41": 4,
      "42": 4,
      "43": 4,
      "44": 0,
      "45": 4,
      "46": 0,
      "47": 4,
      "48": 1,
      "49": 1,
      "50": 3,
      "51": 2,
      "52": 1,
      "53": 4,
      "54": 4,
      "55": 4,
      "56": 4,
      "57": 4,
      "58": 4,
      "59": 0,
      "60": 0,
      "61": 0,
      "62": 12,
      "63": 10,
      "64": 12,
      "65": 6,
      "66": 20,
      "67": 20,
      "68": 14,
      "69": 3,
      "70": 11,
      "71": 11,
      "72": 1,
      "73": 10,
      "74": 10,
      "75": 10,
      "76": 16,
      "77": 16,
      "78": 16,
      "79": 16,
      "80": 0,
      "81": 0,
      "82": 16,
      "83": 10,
      "84": 20,
      "85": 14,
      "86": 0,
      "87": 14,
      "88": 0,
      "89": 14,
      "90": 0,
      "91": 0,
      "92": 14,
      "93": 20,
      "94": 0,
      "95": 0,
      "96": 20,
      "97": 10,
      "98": 4,
      "99": 0,
      "100": 0,
      "101": 4,
      "102": 2,
      "103": 1,
      "104": 1,
      "105": 0,
      "106": 1,
      "107": 10,
      "108": 4,
      "109": 4,
      "110": 2,
      "111": 1,
      "112": 1,
      "113": 0,
      "114": 1,
      "115": 0,
      "116": 1,
      "117": 4,
      "118": 4,
      "119": 0
    },
    "f": {
      "0": 4,
      "1": 4,
      "2": 4,
      "3": 20,
      "4": 0,
      "5": 11,
      "6": 16,
      "7": 16,
      "8": 4,
      "9": 14,
      "10": 14,
      "11": 4,
      "12": 2,
      "13": 4,
      "14": 2
    },
    "b": {
      "0": [
        4,
        0
      ],
      "1": [
        0,
        4
      ],
      "2": [
        0,
        20
      ],
      "3": [
        0,
        0
      ],
      "4": [
        0,
        20
      ],
      "5": [
        20,
        4
      ],
      "6": [
        0,
        11
      ],
      "7": [
        5,
        6
      ],
      "8": [
        11,
        11,
        7
      ],
      "9": [
        0,
        11
      ],
      "10": [
        0,
        16
      ],
      "11": [
        0,
        0
      ],
      "12": [
        9,
        7
      ],
      "13": [
        4,
        12
      ],
      "14": [
        16,
        16,
        4
      ],
      "15": [
        2,
        2
      ],
      "16": [
        4,
        0
      ],
      "17": [
        4,
        3
      ],
      "18": [
        0,
        4
      ],
      "19": [
        0,
        4
      ],
      "20": [
        1,
        3
      ],
      "21": [
        2,
        1
      ],
      "22": [
        4,
        0
      ],
      "23": [
        0,
        4
      ],
      "24": [
        0,
        0
      ],
      "25": [
        10,
        2
      ],
      "26": [
        6,
        6
      ],
      "27": [
        3,
        11
      ],
      "28": [
        1,
        10
      ],
      "29": [
        0,
        16
      ],
      "30": [
        0,
        14
      ],
      "31": [
        0,
        14
      ],
      "32": [
        14,
        14
      ],
      "33": [
        0,
        14
      ],
      "34": [
        0,
        20
      ],
      "35": [
        0,
        4
      ],
      "36": [
        1,
        1
      ],
      "37": [
        0,
        1
      ],
      "38": [
        4,
        0
      ],
      "39": [
        1,
        1
      ],
      "40": [
        0,
        1
      ],
      "41": [
        0,
        1
      ],
      "42": [
        0,
        4
      ],
      "43": [
        4,
        4
      ]
    },
    "_coverageSchema": "1a1c01bbd47fc00a2c39e90264f33305004495a9",
    "hash": "d7f4adf9144f1fb652c522d4a1f24d3b05859232"
  },
  "C:\\Users\\DELL\\Documents\\FYP\\Part 2 Dev\\UnitGen_Final_Completed_Version\\backend\\benchmark_packages\\node-dir\\lib\\readfiles.js": {
    "path": "C:\\Users\\DELL\\Documents\\FYP\\Part 2 Dev\\UnitGen_Final_Completed_Version\\backend\\benchmark_packages\\node-dir\\lib\\readfiles.js",
    "statementMap": {
      "0": {
        "start": {
          "line": 1,
          "column": 9
        },
        "end": {
          "line": 1,
          "column": 22
        }
      },
      "1": {
        "start": {
          "line": 2,
          "column": 11
        },
        "end": {
          "line": 2,
          "column": 26
        }
      },
      "2": {
        "start": {
          "line": 12,
          "column": 17
        },
        "end": {
          "line": 12,
          "column": 73
        }
      },
      "3": {
        "start": {
          "line": 13,
          "column": 4
        },
        "end": {
          "line": 13,
          "column": 31
        }
      },
      "4": {
        "start": {
          "line": 13,
          "column": 17
        },
        "end": {
          "line": 13,
          "column": 31
        }
      },
      "5": {
        "start": {
          "line": 14,
          "column": 4
        },
        "end": {
          "line": 18,
          "column": 5
        }
      },
      "6": {
        "start": {
          "line": 15,
          "column": 8
        },
        "end": {
          "line": 17,
          "column": 9
        }
      },
      "7": {
        "start": {
          "line": 16,
          "column": 12
        },
        "end": {
          "line": 16,
          "column": 38
        }
      },
      "8": {
        "start": {
          "line": 19,
          "column": 4
        },
        "end": {
          "line": 19,
          "column": 18
        }
      },
      "9": {
        "start": {
          "line": 29,
          "column": 4
        },
        "end": {
          "line": 29,
          "column": 61
        }
      },
      "10": {
        "start": {
          "line": 29,
          "column": 30
        },
        "end": {
          "line": 29,
          "column": 61
        }
      },
      "11": {
        "start": {
          "line": 30,
          "column": 4
        },
        "end": {
          "line": 30,
          "column": 27
        }
      },
      "12": {
        "start": {
          "line": 42,
          "column": 4
        },
        "end": {
          "line": 46,
          "column": 5
        }
      },
      "13": {
        "start": {
          "line": 43,
          "column": 8
        },
        "end": {
          "line": 43,
          "column": 28
        }
      },
      "14": {
        "start": {
          "line": 44,
          "column": 8
        },
        "end": {
          "line": 44,
          "column": 27
        }
      },
      "15": {
        "start": {
          "line": 45,
          "column": 8
        },
        "end": {
          "line": 45,
          "column": 21
        }
      },
      "16": {
        "start": {
          "line": 47,
          "column": 4
        },
        "end": {
          "line": 49,
          "column": 6
        }
      },
      "17": {
        "start": {
          "line": 47,
          "column": 37
        },
        "end": {
          "line": 49,
          "column": 6
        }
      },
      "18": {
        "start": {
          "line": 50,
          "column": 4
        },
        "end": {
          "line": 54,
          "column": 16
        }
      },
      "19": {
        "start": {
          "line": 55,
          "column": 16
        },
        "end": {
          "line": 55,
          "column": 18
        }
      },
      "20": {
        "start": {
          "line": 57,
          "column": 15
        },
        "end": {
          "line": 62,
          "column": 5
        }
      },
      "21": {
        "start": {
          "line": 58,
          "column": 8
        },
        "end": {
          "line": 61,
          "column": 9
        }
      },
      "22": {
        "start": {
          "line": 59,
          "column": 12
        },
        "end": {
          "line": 59,
          "column": 42
        }
      },
      "23": {
        "start": {
          "line": 59,
          "column": 21
        },
        "end": {
          "line": 59,
          "column": 42
        }
      },
      "24": {
        "start": {
          "line": 60,
          "column": 12
        },
        "end": {
          "line": 60,
          "column": 34
        }
      },
      "25": {
        "start": {
          "line": 64,
          "column": 4
        },
        "end": {
          "line": 120,
          "column": 7
        }
      },
      "26": {
        "start": {
          "line": 65,
          "column": 8
        },
        "end": {
          "line": 70,
          "column": 9
        }
      },
      "27": {
        "start": {
          "line": 66,
          "column": 12
        },
        "end": {
          "line": 69,
          "column": 13
        }
      },
      "28": {
        "start": {
          "line": 67,
          "column": 14
        },
        "end": {
          "line": 67,
          "column": 55
        }
      },
      "29": {
        "start": {
          "line": 67,
          "column": 41
        },
        "end": {
          "line": 67,
          "column": 55
        }
      },
      "30": {
        "start": {
          "line": 68,
          "column": 14
        },
        "end": {
          "line": 68,
          "column": 31
        }
      },
      "31": {
        "start": {
          "line": 71,
          "column": 16
        },
        "end": {
          "line": 71,
          "column": 17
        }
      },
      "32": {
        "start": {
          "line": 73,
          "column": 8
        },
        "end": {
          "line": 77,
          "column": 62
        }
      },
      "33": {
        "start": {
          "line": 76,
          "column": 12
        },
        "end": {
          "line": 76,
          "column": 34
        }
      },
      "34": {
        "start": {
          "line": 77,
          "column": 15
        },
        "end": {
          "line": 77,
          "column": 62
        }
      },
      "35": {
        "start": {
          "line": 77,
          "column": 43
        },
        "end": {
          "line": 77,
          "column": 62
        }
      },
      "36": {
        "start": {
          "line": 79,
          "column": 8
        },
        "end": {
          "line": 118,
          "column": 13
        }
      },
      "37": {
        "start": {
          "line": 80,
          "column": 27
        },
        "end": {
          "line": 80,
          "column": 36
        }
      },
      "38": {
        "start": {
          "line": 81,
          "column": 12
        },
        "end": {
          "line": 81,
          "column": 52
        }
      },
      "39": {
        "start": {
          "line": 81,
          "column": 27
        },
        "end": {
          "line": 81,
          "column": 52
        }
      },
      "40": {
        "start": {
          "line": 82,
          "column": 23
        },
        "end": {
          "line": 82,
          "column": 47
        }
      },
      "41": {
        "start": {
          "line": 83,
          "column": 12
        },
        "end": {
          "line": 117,
          "column": 15
        }
      },
      "42": {
        "start": {
          "line": 84,
          "column": 16
        },
        "end": {
          "line": 84,
          "column": 72
        }
      },
      "43": {
        "start": {
          "line": 84,
          "column": 55
        },
        "end": {
          "line": 84,
          "column": 72
        }
      },
      "44": {
        "start": {
          "line": 85,
          "column": 16
        },
        "end": {
          "line": 116,
          "column": 17
        }
      },
      "45": {
        "start": {
          "line": 86,
          "column": 20
        },
        "end": {
          "line": 94,
          "column": 34
        }
      },
      "46": {
        "start": {
          "line": 87,
          "column": 24
        },
        "end": {
          "line": 87,
          "column": 100
        }
      },
      "47": {
        "start": {
          "line": 87,
          "column": 86
        },
        "end": {
          "line": 87,
          "column": 100
        }
      },
      "48": {
        "start": {
          "line": 88,
          "column": 24
        },
        "end": {
          "line": 88,
          "column": 103
        }
      },
      "49": {
        "start": {
          "line": 88,
          "column": 89
        },
        "end": {
          "line": 88,
          "column": 103
        }
      },
      "50": {
        "start": {
          "line": 89,
          "column": 24
        },
        "end": {
          "line": 93,
          "column": 27
        }
      },
      "51": {
        "start": {
          "line": 90,
          "column": 28
        },
        "end": {
          "line": 90,
          "column": 84
        }
      },
      "52": {
        "start": {
          "line": 90,
          "column": 67
        },
        "end": {
          "line": 90,
          "column": 84
        }
      },
      "53": {
        "start": {
          "line": 91,
          "column": 28
        },
        "end": {
          "line": 91,
          "column": 57
        }
      },
      "54": {
        "start": {
          "line": 92,
          "column": 28
        },
        "end": {
          "line": 92,
          "column": 35
        }
      },
      "55": {
        "start": {
          "line": 94,
          "column": 27
        },
        "end": {
          "line": 94,
          "column": 34
        }
      },
      "56": {
        "start": {
          "line": 95,
          "column": 23
        },
        "end": {
          "line": 116,
          "column": 17
        }
      },
      "57": {
        "start": {
          "line": 96,
          "column": 20
        },
        "end": {
          "line": 96,
          "column": 90
        }
      },
      "58": {
        "start": {
          "line": 96,
          "column": 76
        },
        "end": {
          "line": 96,
          "column": 90
        }
      },
      "59": {
        "start": {
          "line": 97,
          "column": 20
        },
        "end": {
          "line": 97,
          "column": 93
        }
      },
      "60": {
        "start": {
          "line": 97,
          "column": 79
        },
        "end": {
          "line": 97,
          "column": 93
        }
      },
      "61": {
        "start": {
          "line": 98,
          "column": 20
        },
        "end": {
          "line": 98,
          "column": 83
        }
      },
      "62": {
        "start": {
          "line": 98,
          "column": 69
        },
        "end": {
          "line": 98,
          "column": 83
        }
      },
      "63": {
        "start": {
          "line": 99,
          "column": 20
        },
        "end": {
          "line": 100,
          "column": 42
        }
      },
      "64": {
        "start": {
          "line": 99,
          "column": 43
        },
        "end": {
          "line": 99,
          "column": 64
        }
      },
      "65": {
        "start": {
          "line": 100,
          "column": 25
        },
        "end": {
          "line": 100,
          "column": 42
        }
      },
      "66": {
        "start": {
          "line": 101,
          "column": 20
        },
        "end": {
          "line": 112,
          "column": 23
        }
      },
      "67": {
        "start": {
          "line": 102,
          "column": 24
        },
        "end": {
          "line": 107,
          "column": 25
        }
      },
      "68": {
        "start": {
          "line": 103,
          "column": 28
        },
        "end": {
          "line": 103,
          "column": 69
        }
      },
      "69": {
        "start": {
          "line": 103,
          "column": 55
        },
        "end": {
          "line": 103,
          "column": 69
        }
      },
      "70": {
        "start": {
          "line": 104,
          "column": 28
        },
        "end": {
          "line": 106,
          "column": 29
        }
      },
      "71": {
        "start": {
          "line": 105,
          "column": 32
        },
        "end": {
          "line": 105,
          "column": 49
        }
      },
      "72": {
        "start": {
          "line": 108,
          "column": 24
        },
        "end": {
          "line": 111,
          "column": 60
        }
      },
      "73": {
        "start": {
          "line": 109,
          "column": 28
        },
        "end": {
          "line": 110,
          "column": 66
        }
      },
      "74": {
        "start": {
          "line": 109,
          "column": 51
        },
        "end": {
          "line": 109,
          "column": 88
        }
      },
      "75": {
        "start": {
          "line": 110,
          "column": 33
        },
        "end": {
          "line": 110,
          "column": 66
        }
      },
      "76": {
        "start": {
          "line": 111,
          "column": 33
        },
        "end": {
          "line": 111,
          "column": 60
        }
      },
      "77": {
        "start": {
          "line": 115,
          "column": 20
        },
        "end": {
          "line": 115,
          "column": 27
        }
      },
      "78": {
        "start": {
          "line": 122,
          "column": 0
        },
        "end": {
          "line": 122,
          "column": 27
        }
      }
    },
    "fnMap": {
      "0": {
        "name": "extend",
        "decl": {
          "start": {
            "line": 11,
            "column": 9
          },
          "end": {
            "line": 11,
            "column": 15
          }
        },
        "loc": {
          "start": {
            "line": 11,
            "column": 40
          },
          "end": {
            "line": 20,
            "column": 1
          }
        },
        "line": 11
      },
      "1": {
        "name": "matches",
        "decl": {
          "start": {
            "line": 28,
            "column": 9
          },
          "end": {
            "line": 28,
            "column": 16
          }
        },
        "loc": {
          "start": {
            "line": 28,
            "column": 29
          },
          "end": {
            "line": 31,
            "column": 1
          }
        },
        "line": 28
      },
      "2": {
        "name": "readFiles",
        "decl": {
          "start": {
            "line": 41,
            "column": 9
          },
          "end": {
            "line": 41,
            "column": 18
          }
        },
        "loc": {
          "start": {
            "line": 41,
            "column": 53
          },
          "end": {
            "line": 121,
            "column": 1
          }
        },
        "line": 41
      },
      "3": {
        "name": "(anonymous_3)",
        "decl": {
          "start": {
            "line": 57,
            "column": 15
          },
          "end": {
            "line": 57,
            "column": 16
          }
        },
        "loc": {
          "start": {
            "line": 57,
            "column": 29
          },
          "end": {
            "line": 62,
            "column": 5
          }
        },
        "line": 57
      },
      "4": {
        "name": "(anonymous_4)",
        "decl": {
          "start": {
            "line": 64,
            "column": 20
          },
          "end": {
            "line": 64,
            "column": 21
          }
        },
        "loc": {
          "start": {
            "line": 64,
            "column": 40
          },
          "end": {
            "line": 120,
            "column": 5
          }
        },
        "line": 64
      },
      "5": {
        "name": "next",
        "decl": {
          "start": {
            "line": 79,
            "column": 18
          },
          "end": {
            "line": 79,
            "column": 22
          }
        },
        "loc": {
          "start": {
            "line": 79,
            "column": 25
          },
          "end": {
            "line": 118,
            "column": 9
          }
        },
        "line": 79
      },
      "6": {
        "name": "(anonymous_6)",
        "decl": {
          "start": {
            "line": 83,
            "column": 26
          },
          "end": {
            "line": 83,
            "column": 27
          }
        },
        "loc": {
          "start": {
            "line": 83,
            "column": 46
          },
          "end": {
            "line": 117,
            "column": 13
          }
        },
        "line": 83
      },
      "7": {
        "name": "(anonymous_7)",
        "decl": {
          "start": {
            "line": 89,
            "column": 59
          },
          "end": {
            "line": 89,
            "column": 60
          }
        },
        "loc": {
          "start": {
            "line": 89,
            "column": 81
          },
          "end": {
            "line": 93,
            "column": 25
          }
        },
        "line": 89
      },
      "8": {
        "name": "(anonymous_8)",
        "decl": {
          "start": {
            "line": 101,
            "column": 56
          },
          "end": {
            "line": 101,
            "column": 57
          }
        },
        "loc": {
          "start": {
            "line": 101,
            "column": 76
          },
          "end": {
            "line": 112,
            "column": 21
          }
        },
        "line": 101
      }
    },
    "branchMap": {
      "0": {
        "loc": {
          "start": {
            "line": 12,
            "column": 17
          },
          "end": {
            "line": 12,
            "column": 73
          }
        },
        "type": "cond-expr",
        "locations": [
          {
            "start": {
              "line": 12,
              "column": 26
            },
            "end": {
              "line": 12,
              "column": 68
            }
          },
          {
            "start": {
              "line": 12,
              "column": 71
            },
            "end": {
              "line": 12,
              "column": 73
            }
          }
        ],
        "line": 12
      },
      "1": {
        "loc": {
          "start": {
            "line": 12,
            "column": 26
          },
[...]
              "line": 86,
              "column": 15
            },
            "end": {
              "line": 86,
              "column": 62
            }
          },
          {
            "start": {},
            "end": {}
          }
        ],
        "line": 86
      },
      "17": {
        "loc": {
          "start": {
            "line": 90,
            "column": 12
          },
          "end": {
            "line": 90,
            "column": 52
          }
        },
        "type": "if",
        "locations": [
          {
            "start": {
              "line": 90,
              "column": 12
            },
            "end": {
              "line": 90,
              "column": 52
            }
          },
          {
            "start": {},
            "end": {}
          }
        ],
        "line": 90
      },
      "18": {
        "loc": {
          "start": {
            "line": 93,
            "column": 16
          },
          "end": {
            "line": 93,
            "column": 72
          }
        },
        "type": "if",
        "locations": [
          {
            "start": {
              "line": 93,
              "column": 16
            },
            "end": {
              "line": 93,
              "column": 72
            }
          },
          {
            "start": {},
            "end": {}
          }
        ],
        "line": 93
      },
      "19": {
        "loc": {
          "start": {
            "line": 93,
            "column": 20
          },
          "end": {
            "line": 93,
            "column": 53
          }
        },
        "type": "binary-expr",
        "locations": [
          {
            "start": {
              "line": 93,
              "column": 20
            },
            "end": {
              "line": 93,
              "column": 23
            }
          },
          {
            "start": {
              "line": 93,
              "column": 27
            },
            "end": {
              "line": 93,
              "column": 53
            }
          }
        ],
        "line": 93
      },
      "20": {
        "loc": {
          "start": {
            "line": 94,
            "column": 16
          },
          "end": {
            "line": 125,
            "column": 17
          }
        },
        "type": "if",
        "locations": [
          {
            "start": {
              "line": 94,
              "column": 16
            },
            "end": {
              "line": 125,
              "column": 17
            }
          },
          {
            "start": {
              "line": 104,
              "column": 23
            },
            "end": {
              "line": 125,
              "column": 17
            }
          }
        ],
        "line": 94
      },
      "21": {
        "loc": {
          "start": {
            "line": 94,
            "column": 20
          },
          "end": {
            "line": 94,
            "column": 46
          }
        },
        "type": "binary-expr",
        "locations": [
          {
            "start": {
              "line": 94,
              "column": 20
            },
            "end": {
              "line": 94,
              "column": 24
            }
          },
          {
            "start": {
              "line": 94,
              "column": 28
            },
            "end": {
              "line": 94,
              "column": 46
            }
          }
        ],
        "line": 94
      },
      "22": {
        "loc": {
          "start": {
            "line": 95,
            "column": 20
          },
          "end": {
            "line": 103,
            "column": 34
          }
        },
        "type": "if",
        "locations": [
          {
            "start": {
              "line": 95,
              "column": 20
            },
            "end": {
              "line": 103,
              "column": 34
            }
          },
          {
            "start": {
              "line": 103,
              "column": 27
            },
            "end": {
              "line": 103,
              "column": 34
            }
          }
        ],
        "line": 95
      },
      "23": {
        "loc": {
          "start": {
            "line": 96,
            "column": 24
          },
          "end": {
            "line": 96,
            "column": 100
          }
        },
        "type": "if",
        "locations": [
          {
            "start": {
              "line": 96,
              "column": 24
            },
            "end": {
              "line": 96,
              "column": 100
            }
          },
          {
            "start": {},
            "end": {}
          }
        ],
        "line": 96
      },
      "24": {
        "loc": {
          "start": {
            "line": 96,
            "column": 28
          },
          "end": {
            "line": 96,
            "column": 84
          }
        },
        "type": "binary-expr",
        "locations": [
          {
            "start": {
              "line": 96,
              "column": 28
            },
            "end": {
              "line": 96,
              "column": 44
            }
          },
          {
            "start": {
              "line": 96,
              "column": 48
            },
            "end": {
              "line": 96,
              "column": 84
            }
          }
        ],
        "line": 96
      },
      "25": {
        "loc": {
          "start": {
            "line": 97,
            "column": 24
          },
          "end": {
            "line": 97,
            "column": 103
          }
        },
        "type": "if",
        "locations": [
          {
            "start": {
              "line": 97,
              "column": 24
            },
            "end": {
              "line": 97,
              "column": 103
            }
          },
          {
            "start": {},
            "end": {}
          }
        ],
        "line": 97
      },
      "26": {
        "loc": {
          "start": {
            "line": 97,
            "column": 28
          },
          "end": {
            "line": 97,
            "column": 87
          }
        },
        "type": "binary-expr",
        "locations": [
          {
            "start": {
              "line": 97,
              "column": 28
            },
            "end": {
              "line": 97,
              "column": 46
            }
          },
          {
            "start": {
              "line": 97,
              "column": 50
            },
            "end": {
              "line": 97,
              "column": 87
            }
          }
        ],
        "line": 97
      },
      "27": {
        "loc": {
          "start": {
            "line": 99,
            "column": 28
          },
          "end": {
            "line": 99,
            "column": 84
          }
        },
        "type": "if",
        "locations": [
          {
            "start": {
              "line": 99,
              "column": 28
            },
            "end": {
              "line": 99,
              "column": 84
            }
          },
          {
            "start": {},
            "end": {}
          }
        ],
        "line": 99
      },
      "28": {
        "loc": {
          "start": {
            "line": 99,
            "column": 32
          },
          "end": {
            "line": 99,
            "column": 65
          }
        },
        "type": "binary-expr",
        "locations": [
          {
            "start": {
              "line": 99,
              "column": 32
            },
            "end": {
              "line": 99,
              "column": 35
            }
          },
          {
            "start": {
              "line": 99,
              "column": 39
            },
            "end": {
              "line": 99,
              "column": 65
            }
          }
        ],
        "line": 99
      },
      "29": {
        "loc": {
          "start": {
            "line": 104,
            "column": 23
          },
          "end": {
            "line": 125,
            "column": 17
          }
        },
        "type": "if",
        "locations": [
          {
            "start": {
              "line": 104,
              "column": 23
            },
            "end": {
              "line": 125,
              "column": 17
            }
          },
          {
            "start": {
              "line": 123,
              "column": 21
            },
            "end": {
              "line": 125,
              "column": 17
            }
          }
        ],
        "line": 104
      },
      "30": {
        "loc": {
          "start": {
            "line": 104,
            "column": 27
          },
          "end": {
            "line": 104,
            "column": 48
          }
        },
        "type": "binary-expr",
        "locations": [
          {
            "start": {
              "line": 104,
              "column": 27
            },
            "end": {
              "line": 104,
              "column": 31
            }
          },
          {
            "start": {
              "line": 104,
              "column": 35
            },
            "end": {
              "line": 104,
              "column": 48
            }
          }
        ],
        "line": 104
      },
      "31": {
        "loc": {
          "start": {
            "line": 105,
            "column": 20
          },
          "end": {
            "line": 105,
            "column": 90
          }
        },
        "type": "if",
        "locations": [
          {
            "start": {
              "line": 105,
              "column": 20
            },
            "end": {
              "line": 105,
              "column": 90
            }
          },
          {
            "start": {},
            "end": {}
          }
        ],
        "line": 105
      },
      "32": {
        "loc": {
          "start": {
            "line": 105,
            "column": 24
          },
          "end": {
            "line": 105,
            "column": 74
          }
        },
        "type": "binary-expr",
        "locations": [
          {
            "start": {
              "line": 105,
              "column": 24
            },
            "end": {
              "line": 105,
              "column": 37
            }
          },
          {
            "start": {
              "line": 105,
              "column": 41
            },
            "end": {
              "line": 105,
              "column": 74
            }
          }
        ],
        "line": 105
      },
      "33": {
        "loc": {
          "start": {
            "line": 106,
            "column": 20
          },
          "end": {
            "line": 106,
            "column": 93
          }
        },
        "type": "if",
        "locations": [
          {
            "start": {
              "line": 106,
              "column": 20
            },
            "end": {
              "line": 106,
              "column": 93
            }
          },
          {
            "start": {},
            "end": {}
          }
        ],
        "line": 106
      },
      "34": {
        "loc": {
          "start": {
            "line": 106,
            "column": 24
          },
          "end": {
            "line": 106,
            "column": 77
          }
        },
        "type": "binary-expr",
        "locations": [
          {
            "start": {
              "line": 106,
              "column": 24
            },
            "end": {
              "line": 106,
              "column": 39
            }
          },
          {
            "start": {
              "line": 106,
              "column": 43
            },
            "end": {
              "line": 106,
              "column": 77
            }
          }
        ],
        "line": 106
      },
      "35": {
        "loc": {
          "start": {
            "line": 107,
            "column": 20
          },
          "end": {
            "line": 107,
            "column": 83
          }
        },
        "type": "if",
        "locations": [
          {
            "start": {
              "line": 107,
              "column": 20
            },
            "end": {
              "line": 107,
              "column": 83
            }
          },
          {
            "start": {},
            "end": {}
          }
        ],
        "line": 107
      },
      "36": {
        "loc": {
          "start": {
            "line": 107,
            "column": 24
          },
          "end": {
            "line": 107,
            "column": 67
          }
        },
        "type": "binary-expr",
        "locations": [
          {
            "start": {
              "line": 107,
              "column": 24
            },
            "end": {
              "line": 107,
              "column": 38
            }
          },
          {
            "start": {
              "line": 107,
              "column": 42
            },
            "end": {
              "line": 107,
              "column": 67
            }
          }
        ],
        "line": 107
      },
      "37": {
        "loc": {
          "start": {
            "line": 108,
            "column": 20
          },
          "end": {
            "line": 109,
            "column": 42
          }
        },
        "type": "if",
        "locations": [
          {
            "start": {
              "line": 108,
              "column": 20
            },
            "end": {
              "line": 109,
              "column": 42
            }
          },
          {
            "start": {
              "line": 109,
              "column": 25
            },
            "end": {
              "line": 109,
              "column": 42
            }
          }
        ],
        "line": 108
      },
      "38": {
        "loc": {
          "start": {
            "line": 111,
            "column": 20
          },
          "end": {
            "line": 113,
            "column": 21
          }
        },
        "type": "if",
        "locations": [
          {
            "start": {
              "line": 111,
              "column": 20
            },
            "end": {
              "line": 113,
              "column": 21
            }
          },
          {
            "start": {},
            "end": {}
          }
        ],
        "line": 111
      },
      "39": {
        "loc": {
          "start": {
            "line": 115,
            "column": 22
          },
          "end": {
            "line": 115,
            "column": 71
          }
        },
        "type": "if",
        "locations": [
          {
            "start": {
              "line": 115,
              "column": 22
            },
            "end": {
              "line": 115,
              "column": 71
            }
          },
          {
            "start": {},
            "end": {}
          }
        ],
        "line": 115
      },
      "40": {
        "loc": {
          "start": {
            "line": 118,
            "column": 20
          },
          "end": {
            "line": 121,
            "column": 58
          }
        },
        "type": "if",
        "locations": [
          {
            "start": {
              "line": 118,
              "column": 20
            },
            "end": {
              "line": 121,
              "column": 58
            }
          },
          {
            "start": {
              "line": 121,
              "column": 29
            },
            "end": {
              "line": 121,
              "column": 58
            }
          }
        ],
        "line": 118
      },
      "41": {
        "loc": {
          "start": {
            "line": 119,
            "column": 24
          },
          "end": {
            "line": 120,
            "column": 64
          }
        },
        "type": "if",
        "locations": [
          {
            "start": {
              "line": 119,
              "column": 24
            },
            "end": {
              "line": 120,
              "column": 64
            }
          },
          {
            "start": {
              "line": 120,
              "column": 29
            },
            "end": {
              "line": 120,
              "column": 64
            }
          }
        ],
        "line": 119
      }
    },
    "s": {
      "0": 7,
      "1": 7,
      "2": 7,
      "3": 12,
      "4": 12,
      "5": 0,
      "6": 12,
      "7": 28,
      "8": 28,
      "9": 12,
      "10": 0,
      "11": 0,
      "12": 0,
      "13": 0,
      "14": 0,
      "15": 0,
      "16": 0,
      "17": 0,
      "18": 6,
      "19": 0,
      "20": 0,
      "21": 0,
      "22": 6,
      "23": 0,
      "24": 6,
      "25": 6,
      "26": 6,
      "27": 3,
      "28": 3,
      "29": 1,
      "30": 2,
      "31": 6,
      "32": 3,
      "33": 0,
      "34": 0,
      "35": 0,
      "36": 0,
      "37": 3,
      "38": 3,
      "39": 0,
      "40": 3,
      "41": 3,
      "42": 3,
      "43": 6,
      "44": 6,
      "45": 2,
      "46": 4,
      "47": 4,
      "48": 4,
      "49": 1,
      "50": 3,
      "51": 1,
      "52": 1,
      "53": 0,
      "54": 1,
      "55": 0,
      "56": 1,
      "57": 1,
      "58": 0,
      "59": 1,
      "60": 1,
      "61": 0,
      "62": 2,
      "63": 2,
      "64": 0,
      "65": 2,
      "66": 0,
      "67": 2,
      "68": 0,
      "69": 2,
      "70": 2,
      "71": 0,
      "72": 2,
      "73": 2,
      "74": 2,
      "75": 2,
      "76": 0,
      "77": 0,
      "78": 0,
      "79": 2,
      "80": 2,
      "81": 2,
      "82": 0,
      "83": 0,
      "84": 0,
      "85": 7
    },
    "f": {
      "0": 12,
      "1": 0,
      "2": 6,
      "3": 3,
      "4": 3,
      "5": 6,
      "6": 4,
      "7": 1,
      "8": 0
    },
    "b": {
      "0": [
        12,
        0
      ],
      "1": [
        6,
        6
      ],
      "2": [
        0,
        12
      ],
      "3": [
        28,
        0
      ],
      "4": [
        28,
        28
      ],
      "5": [
        0,
        0
      ],
      "6": [
        0,
        0
      ],
      "7": [
        0,
        6
      ],
      "8": [
        0,
        6
      ],
      "9": [
        3,
        0
      ],
      "10": [
        1,
        2
      ],
      "11": [
        0,
        3
      ],
      "12": [
        0,
        0
      ],
      "13": [
        0,
        0
      ],
      "14": [
        0,
        3
      ],
      "15": [
        3,
        3,
        0
      ],
      "16": [
        3,
        0
      ],
      "17": [
        2,
        4
      ],
      "18": [
        1,
        3
      ],
      "19": [
        4,
        1
      ],
      "20": [
        1,
        2
      ],
      "21": [
        3,
        3
      ],
      "22": [
        1,
        0
      ],
      "23": [
        0,
        1
      ],
      "24": [
        1,
        0
      ],
      "25": [
        0,
        1
      ],
      "26": [
        1,
        0
      ],
      "27": [
        0,
        1
      ],
      "28": [
        1,
        0
      ],
      "29": [
        2,
        0
      ],
      "30": [
        2,
        2
      ],
      "31": [
        0,
        2
      ],
      "32": [
        2,
        0
      ],
      "33": [
        0,
        2
      ],
      "34": [
        2,
        0
      ],
      "35": [
        0,
        2
      ],
      "36": [
        2,
        0
      ],
      "37": [
        2,
        0
      ],
      "38": [
        2,
        0
      ],
      "39": [
        0,
        0
      ],
      "40": [
        2,
        0
      ],
      "41": [
        2,
        0
      ]
    },
    "_coverageSchema": "1a1c01bbd47fc00a2c39e90264f33305004495a9",
    "hash": "f8a89ac20f231f894a2c5fdf7abe91775b6b6dda"
  }
}