{"total": {"lines":{"total":32,"covered":20,"skipped":0,"pct":62.5},"statements":{"total":33,"covered":21,"skipped":0,"pct":63.63},"functions":{"total":7,"covered":6,"skipped":0,"pct":85.71},"branches":{"total":16,"covered":9,"skipped":0,"pct":56.25},"branchesTrue":{"total":0,"covered":0,"skipped":0,"pct":100}}
,"C:\\Users\\DELL\\Documents\\FYP\\Part 2 Dev\\UnitGen_Final_Completed_Version\\backend\\benchmark_packages\\image-downloader\\index.js": {"lines":{"total":17,"covered":9,"skipped":0,"pct":52.94},"functions":{"total":1,"covered":1,"skipped":0,"pct":100},"statements":{"total":17,"covered":9,"skipped":0,"pct":52.94},"branches":{"total":12,"covered":6,"skipped":0,"pct":50}}
,"C:\\Users\\DELL\\Documents\\FYP\\Part 2 Dev\\UnitGen_Final_Completed_Version\\backend\\benchmark_packages\\image-downloader\\lib\\TimeoutError.js": {"lines":{"total":2,"covered":2,"skipped":0,"pct":100},"functions":{"total":1,"covered":1,"skipped":0,"pct":100},"statements":{"total":2,"covered":2,"skipped":0,"pct":100},"branches":{"total":0,"covered":0,"skipped":0,"pct":100}}
,"C:\\Users\\DELL\\Documents\\FYP\\Part 2 Dev\\UnitGen_Final_Completed_Version\\backend\\benchmark_packages\\image-downloader\\lib\\request.js": {"lines":{"total":13,"covered":9,"skipped":0,"pct":69.23},"functions":{"total":5,"covered":4,"skipped":0,"pct":80},"statements":{"total":14,"covered":10,"skipped":0,"pct":71.42},"branches":{"total":4,"covered":3,"skipped":0,"pct":75}}
}
