{
  "C:\\Users\\DELL\\Documents\\FYP\\Part 2\\Continuation Version\\UnitGen_Final_Completed_Version\\backend\\benchmark_packages\\gitlab-js\\src\\gitlab.classes.ts": {
    "path": "C:\\Users\\DELL\\Documents\\FYP\\Part 2\\Continuation Version\\UnitGen_Final_Completed_Version\\backend\\benchmark_packages\\gitlab-js\\src\\gitlab.classes.ts",
    "statementMap": {
      "0": {
        "start": {
          "line": 25,
          "column": 18
        },
        "end": {
          "line": 25,
          "column": 19
        }
      },
      "1": {
        "start": {
          "line": 31,
          "column": 2
        },
        "end": {
          "line": 31,
          "column": 8
        }
      },
      "2": {
        "start": {
          "line": 31,
          "column": 20
        },
        "end": {
          "line": 31,
          "column": 8
        }
      },
      "3": {
        "start": {
          "line": 42,
          "column": 2
        },
        "end": {
          "line": 42,
          "column": 8
        }
      },
      "4": {
        "start": {
          "line": 42,
          "column": 23
        },
        "end": {
          "line": 42,
          "column": 8
        }
      },
      "5": {
        "start": {
          "line": 49,
          "column": 0
        },
        "end": {
          "line": 49,
          "column": 13
        }
      },
      "6": {
        "start": {
          "line": 61,
          "column": 14
        },
        "end": {
          "line": 61,
          "column": null
        }
      },
      "7": {
        "start": {
          "line": 62,
          "column": 11
        },
        "end": {
          "line": 62,
          "column": null
        }
      },
      "8": {
        "start": {
          "line": 56,
          "column": 2
        },
        "end": {
          "line": 56,
          "column": 24
        }
      },
      "9": {
        "start": {
          "line": 58,
          "column": 12
        },
        "end": {
          "line": 58,
          "column": 36
        }
      },
      "10": {
        "start": {
          "line": 65,
          "column": 4
        },
        "end": {
          "line": 72,
          "column": null
        }
      },
      "11": {
        "start": {
          "line": 67,
          "column": 6
        },
        "end": {
          "line": 67,
          "column": 11
        }
      },
      "12": {
        "start": {
          "line": 68,
          "column": 11
        },
        "end": {
          "line": 72,
          "column": null
        }
      },
      "13": {
        "start": {
          "line": 69,
          "column": 6
        },
        "end": {
          "line": 69,
          "column": 11
        }
      },
      "14": {
        "start": {
          "line": 70,
          "column": 11
        },
        "end": {
          "line": 72,
          "column": null
        }
      },
      "15": {
        "start": {
          "line": 71,
          "column": 6
        },
        "end": {
          "line": 71,
          "column": 11
        }
      },
      "16": {
        "start": {
          "line": 139,
          "column": 2
        },
        "end": {
          "line": 139,
          "column": 8
        }
      },
      "17": {
        "start": {
          "line": 151,
          "column": 2
        },
        "end": {
          "line": 151,
          "column": 8
        }
      },
      "18": {
        "start": {
          "line": 155,
          "column": 10
        },
        "end": {
          "line": 151,
          "column": 8
        }
      },
      "19": {
        "start": {
          "line": 174,
          "column": 21
        },
        "end": {
          "line": null,
          "column": -1
        }
      },
      "20": {
        "start": {
          "line": 176,
          "column": 4
        },
        "end": {
          "line": 181,
          "column": null
        }
      },
      "21": {
        "start": {
          "line": 178,
          "column": 6
        },
        "end": {
          "line": 178,
          "column": 10
        }
      },
      "22": {
        "start": {
          "line": 180,
          "column": 6
        },
        "end": {
          "line": 180,
          "column": 12
        }
      },
      "23": {
        "start": {
          "line": 183,
          "column": 4
        },
        "end": {
          "line": 183,
          "column": 11
        }
      },
      "24": {
        "start": {
          "line": 81,
          "column": 4
        },
        "end": {
          "line": 81,
          "column": 11
        }
      },
      "25": {
        "start": {
          "line": 90,
          "column": 20
        },
        "end": {
          "line": 90,
          "column": null
        }
      },
      "26": {
        "start": {
          "line": 93,
          "column": 4
        },
        "end": {
          "line": 93,
          "column": 14
        }
      },
      "27": {
        "start": {
          "line": 102,
          "column": 14
        },
        "end": {
          "line": 102,
          "column": null
        }
      },
      "28": {
        "start": {
          "line": 104,
          "column": 4
        },
        "end": {
          "line": 104,
          "column": 7
        }
      },
      "29": {
        "start": {
          "line": 106,
          "column": 4
        },
        "end": {
          "line": 106,
          "column": 11
        }
      },
      "30": {
        "start": {
          "line": 115,
          "column": 21
        },
        "end": {
          "line": null,
          "column": -1
        }
      },
      "31": {
        "start": {
          "line": 117,
          "column": 16
        },
        "end": {
          "line": 117,
          "column": null
        }
      },
      "32": {
        "start": {
          "line": 119,
          "column": 4
        },
        "end": {
          "line": 121,
          "column": null
        }
      },
      "33": {
        "start": {
          "line": 120,
          "column": 6
        },
        "end": {
          "line": 120,
          "column": 13
        }
      },
      "34": {
        "start": {
          "line": 123,
          "column": 4
        },
        "end": {
          "line": 129,
          "column": null
        }
      },
      "35": {
        "start": {
          "line": 124,
          "column": 6
        },
        "end": {
          "line": 124,
          "column": 12
        }
      },
      "36": {
        "start": {
          "line": 126,
          "column": 6
        },
        "end": {
          "line": 128,
          "column": null
        }
      },
      "37": {
        "start": {
          "line": 127,
          "column": 8
        },
        "end": {
          "line": 127,
          "column": 15
        }
      },
      "38": {
        "start": {
          "line": 131,
          "column": 4
        },
        "end": {
          "line": 131,
          "column": 14
        }
      },
      "39": {
        "start": {
          "line": 50,
          "column": 9
        },
        "end": {
          "line": 50,
          "column": 29
        }
      },
      "40": {
        "start": {
          "line": 52,
          "column": 9
        },
        "end": {
          "line": 52,
          "column": 34
        }
      },
      "41": {
        "start": {
          "line": 194,
          "column": 2
        },
        "end": {
          "line": 198,
          "column": null
        }
      },
      "42": {
        "start": {
          "line": 195,
          "column": 11
        },
        "end": {
          "line": 195,
          "column": null
        }
      },
      "43": {
        "start": {
          "line": 196,
          "column": 11
        },
        "end": {
          "line": 196,
          "column": null
        }
      },
      "44": {
        "start": {
          "line": 188,
          "column": 9
        },
        "end": {
          "line": 188,
          "column": 29
        }
      },
      "45": {
        "start": {
          "line": 190,
          "column": 9
        },
        "end": {
          "line": 190,
          "column": 33
        }
      },
      "46": {
        "start": {
          "line": 192,
          "column": 9
        },
        "end": {
          "line": 192,
          "column": 38
        }
      },
      "47": {
        "start": {
          "line": 201,
          "column": 0
        },
        "end": {
          "line": 201,
          "column": 13
        }
      },
      "48": {
        "start": {
          "line": 203,
          "column": 14
        },
        "end": {
          "line": 203,
          "column": null
        }
      },
      "49": {
        "start": {
          "line": 204,
          "column": 14
        },
        "end": {
          "line": 204,
          "column": null
        }
      },
      "50": {
        "start": {
          "line": 205,
          "column": 14
        },
        "end": {
          "line": 205,
          "column": null
        }
      },
      "51": {
        "start": {
          "line": 221,
          "column": 2
        },
        "end": {
          "line": 221,
          "column": 8
        }
      },
      "52": {
        "start": {
          "line": 221,
          "column": 13
        },
        "end": {
          "line": 221,
          "column": 8
        }
      },
      "53": {
        "start": {
          "line": 222,
          "column": 8
        },
        "end": {
          "line": 221,
          "column": 8
        }
      },
      "54": {
        "start": {
          "line": 224,
          "column": 4
        },
        "end": {
          "line": 224,
          "column": 7
        }
      },
      "55": {
        "start": {
          "line": 226,
          "column": 10
        },
        "end": {
          "line": 221,
          "column": 8
        }
      },
      "56": {
        "start": {
          "line": 229,
          "column": 10
        },
        "end": {
          "line": 221,
          "column": 8
        }
      },
      "57": {
        "start": {
          "line": 244,
          "column": 2
        },
        "end": {
          "line": 244,
          "column": 8
        }
      },
      "58": {
        "start": {
          "line": 246,
          "column": 4
        },
        "end": {
          "line": 244,
          "column": 8
        }
      },
      "59": {
        "start": {
          "line": 248,
          "column": 10
        },
        "end": {
          "line": 244,
          "column": 8
        }
      },
      "60": {
        "start": {
          "line": 250,
          "column": 8
        },
        "end": {
          "line": 244,
          "column": 8
        }
      },
      "61": {
        "start": {
          "line": 252,
          "column": 4
        },
        "end": {
          "line": 252,
          "column": 7
        }
      },
      "62": {
        "start": {
          "line": 254,
          "column": 10
        },
        "end": {
          "line": 244,
          "column": 8
        }
      },
      "63": {
        "start": {
          "line": 267,
          "column": 2
        },
        "end": {
          "line": 267,
          "column": 8
        }
      },
      "64": {
        "start": {
          "line": 271,
          "column": 8
        },
        "end": {
          "line": 267,
          "column": 8
        }
      },
      "65": {
        "start": {
          "line": 272,
          "column": 10
        },
        "end": {
          "line": 267,
          "column": 8
        }
      },
      "66": {
        "start": {
          "line": 274,
          "column": 4
        },
        "end": {
          "line": 278,
          "column": null
        }
      },
      "67": {
        "start": {
          "line": 275,
          "column": 12
        },
        "end": {
          "line": 274,
          "column": null
        }
      },
      "68": {
        "start": {
          "line": 277,
          "column": 6
        },
        "end": {
          "line": 277,
          "column": 9
        }
      },
      "69": {
        "start": {
          "line": 280,
          "column": 4
        },
        "end": {
          "line": 280,
          "column": 7
        }
      },
      "70": {
        "start": {
          "line": 282,
          "column": 10
        },
        "end": {
          "line": 267,
          "column": 8
        }
      },
      "71": {
        "start": {
          "line": 300,
          "column": 12
        },
        "end": {
          "line": 300,
          "column": 18
        }
      },
      "72": {
        "start": {
          "line": 302,
          "column": 10
        },
        "end": {
          "line": 300,
          "column": 18
        }
      },
      "73": {
        "start": {
          "line": 304,
          "column": 4
        },
        "end": {
          "line": 304,
          "column": 8
        }
      },
      "74": {
        "start": {
          "line": 318,
          "column": 21
        },
        "end": {
          "line": null,
          "column": -1
        }
      },
      "75": {
        "start": {
          "line": 320,
          "column": 4
        },
        "end": {
          "line": 325,
          "column": null
        }
      },
      "76": {
        "start": {
          "line": 322,
          "column": 6
        },
        "end": {
          "line": 322,
          "column": 10
        }
      },
      "77": {
        "start": {
          "line": 324,
          "column": 6
        },
        "end": {
          "line": 324,
          "column": 12
        }
      },
      "78": {
        "start": {
          "line": 327,
          "column": 4
        },
        "end": {
          "line": 327,
          "column": 11
        }
      },
      "79": {
        "start": {
          "line": 210,
          "column": 4
        },
        "end": {
          "line": 210,
          "column": 11
        }
      },
      "80": {
        "start": {
          "line": 337,
          "column": 0
        },
        "end": {
          "line": 337,
          "column": 13
        }
      },
      "81": {
        "start": {
          "line": 342,
          "column": 4
        },
        "end": {
          "line": 342,
          "column": 10
        }
      },
      "82": {
        "start": {
          "line": 338,
          "column": 24
        },
        "end": {
          "line": 338,
          "column": null
        }
      },
      "83": {
        "start": {
          "line": 339,
          "column": 14
        },
        "end": {
          "line": 339,
          "column": null
        }
      },
      "84": {
        "start": {
          "line": 340,
          "column": 14
        },
        "end": {
          "line": 340,
          "column": null
        }
      },
      "85": {
        "start": {
          "line": 341,
          "column": 12
        },
        "end": {
          "line": 341,
          "column": null
        }
      },
      "86": {
        "start": {
          "line": 358,
          "column": 12
        },
        "end": {
          "line": 358,
          "column": 18
        }
      },
      "87": {
        "start": {
          "line": 359,
          "column": 10
        },
        "end": {
          "line": 358,
          "column": 18
        }
      },
      "88": {
        "start": {
          "line": 362,
          "column": 6
        },
        "end": {
          "line": 358,
          "column": 18
        }
      },
      "89": {
        "start": {
          "line": 350,
          "column": 4
        },
        "end": {
          "line": 350,
          "column": 11
        }
      },
      "90": {
        "start": {
          "line": 369,
          "column": 0
        },
        "end": {
          "line": 369,
          "column": 13
        }
      },
      "91": {
        "start": {
          "line": 370,
          "column": 9
        },
        "end": {
          "line": 370,
          "column": 21
        }
      },
      "92": {
        "start": {
          "line": 375,
          "column": 0
        },
        "end": {
          "line": 375,
          "column": 13
        }
      },
      "93": {
        "start": {
          "line": 386,
          "column": 4
        },
        "end": {
          "line": 386,
          "column": 10
        }
      },
      "94": {
        "start": {
          "line": 388,
          "column": 4
        },
        "end": {
          "line": 388,
          "column": 9
        }
      },
      "95": {
        "start": {
          "line": 376,
          "column": 9
        },
        "end": {
          "line": 376,
          "column": 21
        }
      },
      "96": {
        "start": {
          "line": 392,
          "column": 0
        },
        "end": {
          "line": 392,
          "column": 13
        }
      },
      "97": {
        "start": {
          "line": 393,
          "column": 9
        },
        "end": {
          "line": 393,
          "column": 21
        }
      },
      "98": {
        "start": {
          "line": 398,
          "column": 0
        },
        "end": {
          "line": 398,
          "column": 13
        }
      },
      "99": {
        "start": {
          "line": 399,
          "column": 9
        },
        "end": {
          "line": 399,
          "column": 21
        }
      },
      "100": {
        "start": {
          "line": 404,
          "column": 0
        },
        "end": {
          "line": 404,
          "column": 13
        }
      },
      "101": {
        "start": {
          "line": 405,
          "column": 9
        },
        "end": {
          "line": 405,
          "column": 21
        }
      },
      "102": {
        "start": {
          "line": 410,
          "column": 0
        },
        "end": {
          "line": 410,
          "column": 13
        }
      },
      "103": {
        "start": {
          "line": 423,
          "column": 4
        },
        "end": {
          "line": 423,
          "column": 10
        }
      },
      "104": {
        "start": {
          "line": 425,
          "column": 4
        },
        "end": {
          "line": 425,
          "column": 9
        }
      },
      "105": {
        "start": {
          "line": 426,
          "column": 4
        },
        "end": {
          "line": 426,
          "column": 9
        }
      },
      "106": {
        "start": {
          "line": 434,
          "column": 2
        },
        "end": {
          "line": 434,
          "column": 8
        }
      },
      "107": {
        "start": {
          "line": 411,
          "column": 9
        },
        "end": {
          "line": 411,
          "column": 21
        }
      },
      "108": {
        "start": {
          "line": 439,
          "column": 0
        },
        "end": {
          "line": 439,
          "column": 13
        }
      },
      "109": {
        "start": {
          "line": 452,
          "column": 4
        },
        "end": {
          "line": 452,
          "column": 10
        }
      },
      "110": {
        "start": {
          "line": 454,
          "column": 4
        },
        "end": {
          "line": 454,
          "column": 9
        }
      },
      "111": {
        "start": {
          "line": 455,
          "column": 4
        },
        "end": {
          "line": 455,
          "column": 9
        }
      },
      "112": {
        "start": {
          "line": 461,
          "column": 2
        },
        "end": {
          "line": 461,
          "column": 8
        }
      },
      "113": {
        "start": {
          "line": 470,
          "column": 2
        },
        "end": {
          "line": 470,
          "column": 8
        }
      },
      "114": {
        "start": {
          "line": 479,
          "column": 2
        },
        "end": {
          "line": 479,
          "column": 8
        }
      },
      "115": {
        "start": {
          "line": 489,
          "column": 2
        },
        "end": {
          "line": 489,
          "column": 8
        }
      },
      "116": {
        "start": {
          "line": 501,
          "column": 4
        },
        "end": {
          "line": 501,
          "column": 11
        }
      },
      "117": {
        "start": {
          "line": 440,
          "column": 9
        },
        "end": {
          "line": 440,
          "column": 21
        }
      },
      "118": {
        "start": {
          "line": 505,
          "column": 0
        },
        "end": {
          "line": 505,
          "column": 13
        }
      },
      "119": {
        "start": {
          "line": 518,
          "column": 4
        },
        "end": {
          "line": 518,
          "column": 10
        }
      },
      "120": {
        "start": {
          "line": 520,
          "column": 4
        },
        "end": {
          "line": 520,
          "column": 9
        }
      },
      "121": {
        "start": {
          "line": 521,
          "column": 4
        },
        "end": {
          "line": 521,
          "column": 9
        }
      },
      "122": {
        "start": {
          "line": 522,
          "column": 4
        },
        "end": {
          "line": 522,
          "column": 9
        }
      },
      "123": {
        "start": {
          "line": 506,
          "column": 9
        },
        "end": {
          "line": 506,
          "column": 21
        }
      },
      "124": {
        "start": {
          "line": 526,
          "column": 0
        },
        "end": {
          "line": 526,
          "column": 13
        }
      },
      "125": {
        "start": {
          "line": 527,
          "column": 9
        },
        "end": {
          "line": 527,
          "column": 21
        }
      },
      "126": {
        "start": {
          "line": 532,
          "column": 0
        },
        "end": {
          "line": 532,
          "column": 13
        }
      },
      "127": {
        "start": {
          "line": 533,
          "column": 9
        },
        "end": {
          "line": 533,
          "column": 21
        }
      },
      "128": {
        "start": {
          "line": 538,
          "column": 0
        },
        "end": {
          "line": 538,
          "column": 13
        }
      },
      "129": {
        "start": {
          "line": 539,
          "column": 9
        },
        "end": {
          "line": 539,
          "column": 21
        }
      },
      "130": {
        "start": {
          "line": 544,
          "column": 0
        },
        "end": {
          "line": 544,
          "column": 13
        }
      },
      "131": {
        "start": {
          "line": 545,
          "column": 9
        },
        "end": {
          "line": 545,
          "column": 21
        }
      },
      "132": {
        "start": {
          "line": 547,
          "column": 9
        },
        "end": {
          "line": 547,
          "column": 24
        }
      },
      "133": {
        "start": {
          "line": 549,
          "column": 9
        },
        "end": {
          "line": 549,
          "column": 38
        }
      },
      "134": {
        "start": {
          "line": 554,
          "column": 0
        },
        "end": {
          "line": 554,
          "column": 13
        }
      },
      "135": {
        "start": {
          "line": 566,
          "column": 2
        },
        "end": {
          "line": 566,
          "column": 8
        }
      },
      "136": {
        "start": {
          "line": 555,
          "column": 9
        },
        "end": {
          "line": 555,
          "column": 21
        }
      },
      "137": {
        "start": {
          "line": 571,
          "column": 0
        },
        "end": {
          "line": 571,
          "column": 13
        }
      },
      "138": {
        "start": {
          "line": 583,
          "column": 4
        },
        "end": {
          "line": 583,
          "column": 10
        }
      },
      "139": {
        "start": {
          "line": 585,
          "column": 4
        },
        "end": {
          "line": 585,
          "column": 9
        }
      },
      "140": {
        "start": {
          "line": 572,
          "column": 9
        },
        "end": {
          "line": 572,
          "column": 21
        }
      },
      "141": {
        "start": {
          "line": 573,
          "column": 9
        },
        "end": {
          "line": 573,
          "column": 19
        }
      },
      "142": {
        "start": {
          "line": 589,
          "column": 0
        },
        "end": {
          "line": 589,
          "column": 13
        }
      },
      "143": {
        "start": {
          "line": 590,
          "column": 9
        },
        "end": {
          "line": 590,
          "column": 21
        }
      },
      "144": {
        "start": {
          "line": 595,
          "column": 0
        },
        "end": {
          "line": 595,
          "column": 13
        }
      },
      "145": {
        "start": {
          "line": 596,
          "column": 9
        },
        "end": {
          "line": 596,
          "column": 21
        }
      },
      "146": {
        "start": {
          "line": 601,
          "column": 0
        },
        "end": {
          "line": 601,
          "column": 13
        }
      },
      "147": {
        "start": {
          "line": 602,
          "column": 9
        },
        "end": {
          "line": 602,
          "column": 21
        }
      },
      "148": {
        "start": {
          "line": 607,
          "column": 0
        },
        "end": {
          "line": 607,
          "column": 13
        }
      },
      "149": {
        "start": {
          "line": 640,
          "column": 4
        },
        "end": {
          "line": 640,
          "column": 10
        }
      },
      "150": {
        "start": {
          "line": 610,
          "column": 2
        },
        "end": {
          "line": 610,
          "column": 15
        }
      },
      "151": {
        "start": {
          "line": 642,
          "column": 4
        },
        "end": {
          "line": 642,
          "column": 9
        }
      },
      "152": {
        "start": {
          "line": 643,
          "column": 4
        },
        "end": {
          "line": 643,
          "column": 9
        }
      },
      "153": {
        "start": {
          "line": 644,
          "column": 4
        },
        "end": {
          "line": 644,
          "column": 9
        }
      },
      "154": {
        "start": {
          "line": 645,
          "column": 4
        },
        "end": {
          "line": 645,
          "column": 9
        }
      },
      "155": {
        "start": {
          "line": 646,
          "column": 4
        },
        "end": {
          "line": 646,
          "column": 9
        }
      },
      "156": {
        "start": {
          "line": 647,
          "column": 4
        },
        "end": {
          "line": 647,
          "column": 9
        }
      },
      "157": {
        "start": {
          "line": 648,
          "column": 4
        },
        "end": {
          "line": 648,
          "column": 9
        }
      },
      "158": {
        "start": {
          "line": 649,
          "column": 4
        },
        "end": {
          "line": 649,
          "column": 9
        }
      },
      "159": {
        "start": {
          "line": 650,
          "column": 4
        },
        "end": {
          "line": 650,
          "column": 9
        }
      },
      "160": {
        "start": {
          "line": 651,
          "column": 4
        },
        "end": {
          "line": 651,
          "column": 9
        }
      },
      "161": {
        "start": {
          "line": 652,
          "column": 4
        },
        "end": {
          "line": 652,
          "column": 9
        }
      },
      "162": {
        "start": {
          "line": 608,
          "column": 9
        },
        "end": {
          "line": 608,
          "column": 21
        }
      },
      "163": {
        "start": {
          "line": 656,
          "column": 0
        },
        "end": {
          "line": 656,
          "column": 13
        }
      },
      "164": {
        "start": {
          "line": 679,
          "column": 4
        },
        "end": {
          "line": 679,
          "column": 10
        }
      },
      "165": {
        "start": {
          "line": 681,
          "column": 4
        },
        "end": {
          "line": 681,
          "column": 9
        }
      },
      "166": {
        "start": {
          "line": 682,
          "column": 4
        },
        "end": {
          "line": 682,
          "column": 9
        }
      },
      "167": {
        "start": {
          "line": 683,
          "column": 4
        },
        "end": {
          "line": 683,
          "column": 9
        }
      },
      "168": {
        "start": {
          "line": 684,
          "column": 4
        },
        "end": {
          "line": 684,
          "column": 9
        }
      },
      "169": {
        "start": {
          "line": 685,
          "column": 4
        },
        "end": {
          "line": 685,
          "column": 9
        }
      },
      "170": {
        "start": {
          "line": 686,
          "column": 4
        },
        "end": {
          "line": 686,
          "column": 9
        }
      },
      "171": {
        "start": {
          "line": 687,
          "column": 4
        },
        "end": {
          "line": 687,
          "column": 9
        }
      },
      "172": {
        "start": {
          "line": 657,
          "column": 9
        },
        "end": {
          "line": 657,
          "column": 21
        }
      },
      "173": {
        "start": {
          "line": 691,
          "column": 0
        },
        "end": {
          "line": 691,
          "column": 13
        }
      },
      "174": {
        "start": {
          "line": 692,
          "column": 9
        },
        "end": {
          "line": 692,
          "column": 21
        }
      },
      "175": {
        "start": {
          "line": 697,
          "column": 0
        },
        "end": {
          "line": 697,
          "column": 13
        }
      },
      "176": {
        "start": {
          "line": 713,
          "column": 4
        },
        "end": {
          "line": 713,
          "column": 9
        }
      },
      "177": {
        "start": {
          "line": 714,
          "column": 4
        },
        "end": {
          "line": 714,
          "column": 9
        }
      },
      "178": {
        "start": {
          "line": 715,
          "column": 4
        },
        "end": {
          "line": 715,
          "column": 9
        }
      },
      "179": {
        "start": {
          "line": 716,
          "column": 4
        },
        "end": {
          "line": 716,
          "column": 9
        }
      },
      "180": {
        "start": {
          "line": 717,
          "column": 4
        },
        "end": {
          "line": 717,
          "column": 9
        }
      },
      "181": {
        "start": {
          "line": 718,
          "column": 4
        },
        "end": {
          "line": 718,
          "column": 9
        }
      },
      "182": {
        "start": {
          "line": 721,
          "column": 18
        },
        "end": {
          "line": 721,
          "column": null
        }
      },
      "183": {
        "start": {
          "line": 723,
          "column": 4
        },
        "end": {
          "line": 730,
          "column": null
        }
      },
      "184": {
        "start": {
          "line": 724,
          "column": 6
        },
        "end": {
          "line": 729,
          "column": null
        }
      },
      "185": {
        "start": {
          "line": 725,
          "column": 8
        },
        "end": {
          "line": 725,
          "column": 13
        }
      },
      "186": {
        "start": {
          "line": 727,
          "column": 8
        },
        "end": {
          "line": 727,
          "column": 13
        }
      },
      "187": {
        "start": {
          "line": 728,
          "column": 8
        },
        "end": {
          "line": 728,
          "column": 15
        }
      },
      "188": {
        "start": {
          "line": 732,
          "column": 4
        },
        "end": {
          "line": 734,
          "column": null
        }
      },
      "189": {
        "start": {
          "line": 733,
          "column": 6
        },
        "end": {
          "line": 733,
          "column": 11
        }
      },
      "190": {
        "start": {
          "line": 736,
          "column": 4
        },
        "end": {
          "line": 738,
          "column": null
        }
      },
      "191": {
        "start": {
          "line": 737,
          "column": 6
        },
        "end": {
          "line": 737,
          "column": 13
        }
      },
      "192": {
        "start": {
          "line": 740,
          "column": 4
        },
        "end": {
          "line": 742,
          "column": null
        }
      },
      "193": {
        "start": {
          "line": 741,
          "column": 6
        },
        "end": {
          "line": 741,
          "column": 13
        }
      },
      "194": {
        "start": {
          "line": 744,
          "column": 4
        },
        "end": {
          "line": 744,
          "column": 11
        }
      },
      "195": {
        "start": {
          "line": 746,
          "column": 4
        },
        "end": {
          "line": 746,
          "column": 9
        }
      },
      "196": {
        "start": {
          "line": 764,
          "column": 2
        },
        "end": {
          "line": 764,
          "column": 8
        }
      },
      "197": {
        "start": {
          "line": 767,
          "column": 4
        },
        "end": {
          "line": 764,
          "column": 8
        }
      },
      "198": {
        "start": {
          "line": 769,
          "column": 10
        },
        "end": {
          "line": 764,
          "column": 8
        }
      },
      "199": {
        "start": {
          "line": 787,
          "column": 2
        },
        "end": {
          "line": 787,
          "column": 8
        }
      },
      "200": {
        "start": {
          "line": 791,
          "column": 4
        },
        "end": {
          "line": 787,
          "column": 8
        }
      },
      "201": {
        "start": {
          "line": 793,
          "column": 10
        },
        "end": {
          "line": 787,
          "column": 8
        }
      },
      "202": {
        "start": {
          "line": 813,
          "column": 2
        },
        "end": {
          "line": 813,
          "column": 8
        }
      },
      "203": {
        "start": {
          "line": 817,
          "column": 4
        },
        "end": {
          "line": 813,
          "column": 8
        }
      },
      "204": {
        "start": {
          "line": 819,
          "column": 10
        },
        "end": {
          "line": 813,
          "column": 8
        }
      }
    },
    "fnMap": {
      "0": {
        "name": "(anonymous_65)",
        "decl": {
          "start": {
            "line": 25,
            "column": 18
          },
          "end": {
            "line": 25,
            "column": 19
          }
        },
        "loc": {
          "start": {
            "line": 25,
            "column": 18
          },
          "end": {
            "line": 25,
            "column": 19
          }
        }
      },
      "1": {
        "name": "_callee",
        "decl": {
          "start": {
            "line": 31,
            "column": 2
          },
          "end": {
            "line": 31,
            "column": 8
          }
        },
        "loc": {
          "start": {
            "line": 31,
            "column": 2
          },
          "end": {
            "line": 31,
            "column": 8
          }
        }
      },
      "2": {
        "name": "_callee2",
        "decl": {
          "start": {
            "line": 42,
            "column": 2
          },
          "end": {
            "line": 42,
            "column": 8
          }
        },
        "loc": {
          "start": {
            "line": 42,
            "column": 2
          },
          "end": {
            "line": 42,
            "column": 8
          }
        }
      },
      "3": {
        "name": "(anonymous_75)",
        "decl": {
          "start": {
            "line": 49,
            "column": 0
          },
          "end": {
            "line": 49,
            "column": 13
          }
        },
        "loc": {
          "start": {
            "line": 49,
            "column": 0
          },
          "end": {
            "line": 49,
            "column": 13
          }
        }
      },
      "4": {
        "name": "GenericItem",
        "decl": {
          "start": {
            "line": 60,
            "column": 2
          },
          "end": {
            "line": 60,
            "column": null
          }
        },
        "loc": {
          "start": {
            "line": 60,
            "column": 2
          },
          "end": {
            "line": 73,
            "column": null
          }
        }
      },
      "5": {
        "name": "_callee3",
        "decl": {
          "start": {
            "line": 139,
            "column": 2
          },
          "end": {
            "line": 139,
            "column": 8
          }
        },
        "loc": {
          "start": {
            "line": 139,
            "column": 2
          },
          "end": {
            "line": 139,
            "column": 8
          }
        }
      },
      "6": {
        "name": "_callee4",
        "decl": {
          "start": {
            "line": 151,
            "column": 2
          },
          "end": {
            "line": 151,
            "column": 8
          }
        },
        "loc": {
          "start": {
            "line": 151,
            "column": 2
          },
          "end": {
            "line": 151,
            "column": 8
          }
        }
      },
      "7": {
        "name": "prependParentPath",
        "decl": {
          "start": {
            "line": 173,
            "column": 10
          },
          "end": {
            "line": 173,
            "column": 28
          }
        },
        "loc": {
          "start": {
            "line": 173,
            "column": 10
          },
          "end": {
            "line": 184,
            "column": null
          }
        }
      },
      "8": {
        "name": "SingularItem",
        "decl": {
          "start": {
            "line": 194,
            "column": 2
          },
          "end": {
            "line": 194,
            "column": null
          }
        },
        "loc": {
          "start": {
            "line": 194,
            "column": 2
          },
          "end": {
            "line": 198,
            "column": null
          }
        }
      },
      "9": {
        "name": "(anonymous_91)",
        "decl": {
          "start": {
            "line": 201,
            "column": 0
          },
          "end": {
            "line": 201,
            "column": 13
          }
        },
        "loc": {
          "start": {
            "line": 201,
            "column": 0
          },
          "end": {
            "line": 201,
            "column": 13
          }
        }
      },
      "10": {
        "name": "Collection",
        "decl": {
          "start": {
            "line": 202,
            "column": 2
          },
          "end": {
            "line": 202,
            "column": null
          }
        },
        "loc": {
          "start": {
            "line": 202,
            "column": 2
          },
          "end": {
            "line": 207,
            "column": null
          }
        }
      },
      "11": {
        "name": "_callee5",
        "decl": {
          "start": {
            "line": 221,
            "column": 2
          },
          "end": {
            "line": 221,
            "column": 8
          }
        },
        "loc": {
          "start": {
            "line": 221,
            "column": 2
          },
          "end": {
            "line": 221,
            "column": 8
          }
        }
      },
      "12": {
        "name": "_callee6",
        "decl": {
          "start": {
            "line": 244,
            "column": 2
          },
          "end": {
            "line": 244,
            "column": 8
          }
        },
        "loc": {
          "start": {
            "line": 244,
            "column": 2
          },
          "end": {
            "line": 244,
            "column": 8
          }
        }
      },
      "13": {
        "name": "_callee7",
        "decl": {
          "start": {
            "line": 267,
            "column": 2
          },
          "end": {
            "line": 267,
            "column": 8
          }
        },
        "loc": {
          "start": {
            "line": 267,
            "column": 2
          },
          "end": {
            "line": 267,
            "column": 8
          }
        }
      },
      "14": {
        "name": "_callee8",
        "decl": {
          "start": {
            "line": 300,
            "column": 12
          },
          "end": {
            "line": 300,
            "column": 18
          }
        },
        "loc": {
          "start": {
            "line": 300,
            "column": 12
          },
          "end": {
            "line": 300,
            "column": 18
          }
        }
      },
      "15": {
        "name": "prependParentPath",
        "decl": {
          "start": {
            "line": 317,
            "column": 10
          },
          "end": {
            "line": 317,
            "column": 28
          }
        },
        "loc": {
          "start": {
            "line": 317,
            "column": 10
          },
          "end": {
            "line": 328,
            "column": null
          }
        }
      },
      "16": {
        "name": "(anonymous_111)",
        "decl": {
          "start": {
            "line": 337,
            "column": 0
          },
          "end": {
            "line": 337,
            "column": 13
          }
        },
        "loc": {
          "start": {
            "line": 337,
            "column": 0
          },
          "end": {
            "line": 337,
            "column": 13
          }
        }
      },
      "17": {
        "name": "MappedCollection",
        "decl": {
          "start": {
            "line": 338,
            "column": 2
          },
          "end": {
            "line": 338,
            "column": 24
          }
        },
        "loc": {
          "start": {
            "line": 338,
            "column": 2
          },
          "end": {
            "line": 343,
            "column": null
          }
        }
      },
      "18": {
        "name": "_callee9",
        "decl": {
          "start": {
            "line": 358,
            "column": 12
          },
          "end": {
            "line": 358,
            "column": 18
          }
        },
        "loc": {
          "start": {
            "line": 358,
            "column": 12
          },
          "end": {
            "line": 358,
            "column": 18
          }
        }
      },
      "19": {
        "name": "(anonymous_118)",
        "decl": {
          "start": {
            "line": 369,
            "column": 0
          },
          "end": {
            "line": 369,
            "column": 13
          }
        },
        "loc": {
          "start": {
            "line": 369,
            "column": 0
          },
          "end": {
            "line": 369,
            "column": 13
          }
        }
      },
      "20": {
        "name": "(anonymous_120)",
        "decl": {
          "start": {
            "line": 375,
            "column": 0
          },
          "end": {
            "line": 375,
            "column": 13
          }
        },
        "loc": {
          "start": {
            "line": 375,
            "column": 0
          },
          "end": {
            "line": 375,
            "column": 13
          }
        }
      },
      "21": {
        "name": "Discussion",
        "decl": {
          "start": {
            "line": 382,
            "column": 2
          },
          "end": {
            "line": 382,
            "column": null
          }
        },
        "loc": {
          "start": {
            "line": 382,
            "column": 2
          },
          "end": {
            "line": 389,
            "column": null
          }
        }
      },
      "22": {
        "name": "(anonymous_122)",
        "decl": {
          "start": {
            "line": 392,
            "column": 0
          },
          "end": {
            "line": 392,
            "column": 13
          }
        },
        "loc": {
          "start": {
            "line": 392,
            "column": 0
          },
          "end": {
            "line": 392,
            "column": 13
          }
        }
      },
      "23": {
        "name": "(anonymous_124)",
        "decl": {
          "start": {
            "line": 398,
            "column": 0
          },
          "end": {
            "line": 398,
            "column": 13
          }
        },
        "loc": {
          "start": {
            "line": 398,
            "column": 0
          },
          "end": {
            "line": 398,
            "column": 13
          }
        }
      },
      "24": {
        "name": "(anonymous_126)",
        "decl": {
          "start": {
            "line": 404,
            "column": 0
          },
          "end": {
            "line": 404,
            "column": 13
          }
        },
        "loc": {
          "start": {
            "line": 404,
            "column": 0
          },
          "end": {
            "line": 404,
            "column": 13
          }
        }
      },
      "25": {
        "name": "(anonymous_128)",
        "decl": {
          "start": {
            "line": 410,
            "column": 0
          },
          "end": {
            "line": 410,
            "column": 13
          }
        },
        "loc": {
          "start": {
            "line": 410,
            "column": 0
          },
          "end": {
            "line": 410,
            "column": 13
          }
        }
      },
      "26": {
        "name": "Issue",
        "decl": {
          "start": {
            "line": 419,
            "column": 2
          },
          "end": {
            "line": 419,
            "column": null
          }
        },
        "loc": {
          "start": {
            "line": 419,
            "column": 2
          },
          "end": {
            "line": 427,
            "column": null
          }
        }
      },
      "27": {
        "name": "_callee10",
        "decl": {
          "start": {
            "line": 434,
            "column": 2
          },
          "end": {
            "line": 434,
            "column": 8
          }
        },
        "loc": {
          "start": {
            "line": 434,
            "column": 2
          },
          "end": {
            "line": 434,
            "column": 8
          }
        }
      },
      "28": {
        "name": "(anonymous_134)",
        "decl": {
          "start": {
            "line": 439,
            "column": 0
          },
          "end": {
            "line": 439,
            "column": 13
          }
        },
        "loc": {
          "start": {
            "line": 439,
            "column": 0
          },
          "end": {
            "line": 439,
            "column": 13
          }
        }
      },
      "29": {
        "name": "MergeRequest",
        "decl": {
          "start": {
            "line": 448,
            "column": 2
          },
          "end": {
            "line": 448,
            "column": null
          }
        },
        "loc": {
          "start": {
            "line": 448,
            "column": 2
          },
          "end": {
            "line": 456,
            "column": null
          }
        }
      },
      "30": {
        "name": "_callee11",
        "decl": {
          "start": {
            "line": 461,
            "column": 2
          },
          "end": {
            "line": 461,
            "column": 8
          }
        },
        "loc": {
          "start": {
            "line": 461,
            "column": 2
          },
          "end": {
            "line": 461,
            "column": 8
          }
        }
      },
      "31": {
        "name": "_callee12",
        "decl": {
          "start": {
            "line": 470,
            "column": 2
          },
          "end": {
            "line": 470,
            "column": 8
          }
        },
        "loc": {
          "start": {
            "line": 470,
            "column": 2
          },
          "end": {
            "line": 470,
            "column": 8
          }
        }
      },
      "32": {
        "name": "_callee13",
        "decl": {
          "start": {
            "line": 479,
            "column": 2
          },
          "end": {
            "line": 479,
            "column": 8
          }
        },
        "loc": {
          "start": {
            "line": 479,
            "column": 2
          },
          "end": {
            "line": 479,
            "column": 8
          }
        }
      },
      "33": {
        "name": "_callee14",
        "decl": {
          "start": {
            "line": 489,
            "column": 2
          },
          "end": {
            "line": 489,
            "column": 8
          }
        },
        "loc": {
          "start": {
            "line": 489,
            "column": 2
          },
          "end": {
            "line": 489,
            "column": 8
          }
        }
      },
      "34": {
        "name": "closesIssues",
        "decl": {
          "start": {
            "line": 500,
            "column": 2
          },
          "end": {
            "line": 500,
            "column": null
          }
        },
        "loc": {
          "start": {
            "line": 500,
            "column": 2
          },
          "end": {
            "line": 502,
            "column": null
          }
        }
      },
      "35": {
        "name": "(anonymous_153)",
        "decl": {
          "start": {
            "line": 505,
            "column": 0
          },
          "end": {
            "line": 505,
            "column": 13
          }
        },
        "loc": {
          "start": {
            "line": 505,
            "column": 0
          },
          "end": {
            "line": 505,
            "column": 13
          }
        }
      },
      "36": {
        "name": "Epic",
        "decl": {
          "start": {
            "line": 514,
            "column": 2
          },
          "end": {
            "line": 514,
            "column": null
          }
        },
        "loc": {
          "start": {
            "line": 514,
            "column": 2
          },
          "end": {
            "line": 523,
            "column": null
          }
        }
      },
      "37": {
        "name": "(anonymous_155)",
        "decl": {
          "start": {
            "line": 526,
            "column": 0
          },
          "end": {
            "line": 526,
            "column": 13
          }
        },
        "loc": {
          "start": {
            "line": 526,
            "column": 0
          },
          "end": {
            "line": 526,
            "column": 13
          }
        }
      },
      "38": {
        "name": "(anonymous_157)",
        "decl": {
          "start": {
            "line": 532,
            "column": 0
          },
          "end": {
            "line": 532,
            "column": 13
          }
        },
        "loc": {
          "start": {
            "line": 532,
            "column": 0
          },
          "end": {
            "line": 532,
            "column": 13
          }
        }
      },
      "39": {
        "name": "(anonymous_159)",
        "decl": {
          "start": {
            "line": 538,
            "column": 0
          },
          "end": {
            "line": 538,
            "column": 13
          }
        },
        "loc": {
          "start": {
            "line": 538,
            "column": 0
          },
          "end": {
            "line": 538,
            "column": 13
          }
        }
      },
      "40": {
        "name": "(anonymous_161)",
        "decl": {
          "start": {
            "line": 544,
            "column": 0
          },
          "end": {
            "line": 544,
            "column": 13
          }
        },
        "loc": {
          "start": {
            "line": 544,
            "column": 0
          },
          "end": {
            "line": 544,
            "column": 13
          }
        }
      },
      "41": {
        "name": "(anonymous_163)",
        "decl": {
          "start": {
            "line": 554,
            "column": 0
          },
          "end": {
            "line": 554,
            "column": 13
          }
        },
        "loc": {
          "start": {
            "line": 554,
            "column": 0
          },
          "end": {
            "line": 554,
            "column": 13
          }
        }
      },
      "42": {
        "name": "_callee15",
        "decl": {
          "start": {
            "line": 566,
            "column": 2
          },
          "end": {
            "line": 566,
            "column": 8
          }
        },
        "loc": {
          "start": {
            "line": 566,
            "column": 2
          },
          "end": {
            "line": 566,
            "column": 8
          }
        }
      },
      "43": {
        "name": "(anonymous_169)",
        "decl": {
          "start": {
            "line": 571,
            "column": 0
          },
          "end": {
            "line": 571,
            "column": 13
          }
        },
        "loc": {
          "start": {
            "line": 571,
            "column": 0
          },
          "end": {
            "line": 571,
            "column": 13
          }
        }
      },
      "44": {
        "name": "Pipeline",
        "decl": {
          "start": {
            "line": 579,
            "column": 2
          },
          "end": {
            "line": 579,
            "column": null
          }
        },
        "loc": {
          "start": {
            "line": 579,
            "column": 2
          },
          "end": {
            "line": 586,
            "column": null
          }
        }
      },
      "45": {
        "name": "(anonymous_171)",
        "decl": {
          "start": {
            "line": 589,
            "column": 0
          },
          "end": {
            "line": 589,
            "column": 13
          }
        },
        "loc": {
          "start": {
            "line": 589,
            "column": 0
          },
          "end": {
            "line": 589,
            "column": 13
          }
        }
      },
      "46": {
        "name": "(anonymous_173)",
        "decl": {
          "start": {
            "line": 595,
            "column": 0
          },
          "end": {
            "line": 595,
            "column": 13
          }
        },
        "loc": {
          "start": {
            "line": 595,
            "column": 0
          },
          "end": {
            "line": 595,
            "column": 13
          }
        }
      },
      "47": {
        "name": "(anonymous_175)",
        "decl": {
          "start": {
            "line": 601,
            "column": 0
          },
          "end": {
            "line": 601,
            "column": 13
          }
        },
        "loc": {
          "start": {
            "line": 601,
            "column": 0
          },
          "end": {
            "line": 601,
            "column": 13
          }
        }
      },
      "48": {
        "name": "(anonymous_177)",
        "decl": {
          "start": {
            "line": 607,
            "column": 0
          },
          "end": {
            "line": 607,
            "column": 13
          }
        },
        "loc": {
          "start": {
            "line": 607,
            "column": 0
          },
          "end": {
            "line": 607,
            "column": 13
          }
        }
      },
      "49": {
        "name": "Project",
        "decl": {
          "start": {
            "line": 636,
            "column": 2
          },
          "end": {
            "line": 636,
            "column": null
          }
        },
        "loc": {
          "start": {
            "line": 636,
            "column": 2
          },
          "end": {
            "line": 653,
            "column": null
          }
        }
      },
      "50": {
        "name": "(anonymous_179)",
        "decl": {
          "start": {
            "line": 656,
            "column": 0
          },
          "end": {
            "line": 656,
            "column": 13
          }
        },
        "loc": {
          "start": {
            "line": 656,
            "column": 0
          },
          "end": {
            "line": 656,
            "column": 13
          }
        }
      },
      "51": {
        "name": "Group",
        "decl": {
          "start": {
            "line": 675,
            "column": 2
          },
          "end": {
            "line": 675,
            "column": null
          }
        },
        "loc": {
          "start": {
            "line": 675,
            "column": 2
          },
          "end": {
            "line": 688,
            "column": null
          }
        }
      },
      "52": {
        "name": "(anonymous_181)",
        "decl": {
          "start": {
            "line": 691,
            "column": 0
          },
          "end": {
            "line": 691,
            "column": 13
          }
        },
        "loc": {
          "start": {
            "line": 691,
            "column": 0
          },
          "end": {
            "line": 691,
            "column": 13
          }
        }
      },
      "53": {
        "name": "(anonymous_183)",
        "decl": {
          "start": {
            "line": 697,
            "column": 0
          },
          "end": {
            "line": 697,
            "column": 13
          }
        },
        "loc": {
          "start": {
            "line": 697,
            "column": 0
          },
          "end": {
            "line": 697,
            "column": 13
          }
        }
      },
      "54": {
        "name": "Client",
        "decl": {
          "start": {
            "line": 712,
            "column": 2
          },
          "end": {
            "line": 712,
            "column": 14
          }
        },
        "loc": {
          "start": {
            "line": 712,
            "column": 2
          },
          "end": {
            "line": 753,
            "column": null
          }
        }
      },
      "55": {
        "name": "_callee16",
        "decl": {
          "start": {
            "line": 764,
            "column": 2
          },
          "end": {
            "line": 764,
            "column": 8
          }
        },
        "loc": {
          "start": {
            "line": 764,
            "column": 2
          },
          "end": {
            "line": 764,
            "column": 8
          }
        }
      },
      "56": {
        "name": "_callee17",
        "decl": {
          "start": {
            "line": 787,
            "column": 2
          },
          "end": {
            "line": 787,
            "column": 8
          }
        },
        "loc": {
          "start": {
            "line": 787,
            "column": 2
          },
          "end": {
            "line": 787,
            "column": 8
          }
        }
      },
      "57": {
        "name": "_callee18",
        "decl": {
          "start": {
            "line": 813,
            "column": 2
          },
          "end": {
            "line": 813,
            "column": 8
          }
        },
        "loc": {
          "start": {
            "line": 813,
            "column": 2
          },
          "end": {
            "line": 813,
            "column": 8
          }
        }
      }
    },
    "branchMap": {
      "0": {
        "loc": {
          "start": {
            "line": 25,
            "column": 18
          },
          "end": {
            "line": 25,
            "column": 19
          }
        },
        "type": "binary-expr",
        "locations": [
          {
            "start": {
              "line": 25,
              "column": 18
            },
            "end": {
              "line": 25,
              "column": 19
            }
          },
          {
            "start": {
              "line": 25,
              "column": 18
            },
            "end": {
              "line": 25,
              "column": 19
            }
          }
        ]
      },
      "1": {
        "loc": {
          "start": {
            "line": 31,
            "column": 2
          },
          "end": {
            "line": 31,
            "column": 8
          }
        },
        "type": "switch",
        "locations": [
          {
            "start": {
              "line": 31,
              "column": 2
            },
            "end": {
              "line": 31,
              "column": 8
            }
          },
          {
            "start": {
              "line": 31,
              "column": 2
            },
            "end": {
              "line": 31,
              "column": 8
            }
          },
          {
            "start": {
              "line": 31,
              "column": 2
            },
            "end": {
              "line": 31,
              "column": 8
            }
          }
        ]
      },
      "2": {
        "loc": {
          "start": {
            "line": 42,
            "column": 2
          },
          "end": {
            "line": 42,
            "column": 8
          }
        },
        "type": "switch",
        "locations": [
          {
            "start": {
              "line": 42,
              "column": 2
            },
            "end": {
              "line": 42,
              "column": 8
            }
          },
          {
            "start": {
              "line": 42,
              "column": 2
            },
            "end": {
              "line": 42,
              "column": 8
            }
          },
          {
            "start": {
              "line": 42,
              "column": 2
            },
            "end": {
              "line": 42,
              "column": 8
            }
          }
        ]
      },
      "3": {
        "loc": {
          "start": {
            "line": 65,
            "column": 4
          },
          "end": {
            "line": 72,
            "column": null
          }
        },
        "type": "if",
        "locations": [
          {
            "start": {
              "line": 65,
              "column": 4
            },
            "end": {
              "line": 72,
              "column": null
            }
          },
          {
            "start": {
              "line": 68,
              "column": 11
            },
            "end": {
              "line": 72,
              "column": null
            }
          }
        ]
      },
      "4": {
        "loc": {
          "start": {
            "line": 68,
            "column": 11
          },
          "end": {
            "line": 72,
            "column": null
          }
        },
        "type": "if",
        "locations": [
          {
            "start": {
              "line": 68,
              "column": 11
            },
            "end": {
              "line": 72,
              "column": null
            }
          },
          {
            "start": {
              "line": 70,
              "column": 11
            },
            "end": {
              "line": 72,
              "column": null
            }
          }
        ]
      },
      "5": {
        "loc": {
          "start": {
            "line": 70,
            "column": 11
          },
          "end": {
            "line": 72,
            "column": null
          }
        },
        "type": "if",
        "locations": [
          {
            "start": {
              "line": 70,
              "column": 11
            },
            "end": {
              "line": 72,
              "column": null
            }
          },
          {
            "start": {},
            "end": {}
          }
        ]
      },
      "6": {
        "loc": {
          "start": {
            "line": 139,
            "column": 2
          },
          "end": {
            "line": 139,
            "column": 8
          }
        },
        "type": "switch",
        "locations": [
          {
            "start": {
              "line": 139,
              "column": 2
            },
            "end": {
              "line": 139,
              "column": 8
            }
          },
          {
            "start": {
              "line": 139,
              "column": 2
            },
            "end": {
              "line": 139,
              "column": 8
            }
          },
          {
            "start": {
              "line": 139,
              "column": 2
            },
            "end": {
              "line": 139,
              "column": 8
            }
          }
        ]
      },
      "7": {
        "loc": {
          "start": {
            "line": 151,
            "column": 2
          },
          "end": {
            "line": 151,
            "column": 8
          }
        },
        "type": "switch",
        "locations": [
          {
            "start": {
              "line": 151,
              "column": 2
            },
            "end": {
              "line": 151,
              "column": 8
            }
          },
          {
            "start": {
              "line": 151,
              "column": 2
            },
            "end": {
              "line": 151,
              "column": 8
            }
          },
          {
            "start": {
              "line": 151,
              "column": 2
            },
            "end": {
              "line": 151,
              "column": 8
            }
          },
          {
            "start": {
              "line": 151,
              "column": 2
            },
            "end": {
              "line": 151,
              "column": 8
            }
          }
        ]
      },
      "8": {
        "loc": {
          "start": {
            "line": 156,
            "column": 9
          },
          "end": {
            "line": 156,
            "column": 63
          }
        },
        "type": "cond-expr",
        "locations": [
          {
            "start": {
              "line": 156,
              "column": 30
            },
            "end": {
              "line": 156,
              "column": 50
            }
          },
          {
            "start": {
              "line": 156,
              "column": 50
            },
            "end": {
              "line": 156,
              "column": 63
            }
          }
        ]
      },
      "9": {
        "loc": {
          "start": {
            "line": 180,
            "column": 15
          },
          "end": {
            "line": 180,
            "column": null
          }
        },
        "type": "cond-expr",
        "locations": [
          {
            "start": {
              "line": 180,
              "column": 35
            },
            "end": {
              "line": 180,
              "column": 47
            }
          },
          {
            "start": {
              "line": 180,
              "column": 47
            },
            "end": {
              "line": 180,
              "column": null
            }
          }
        ]
      },
      "10": {
        "loc": {
          "start": {
            "line": 90,
            "column": 20
          },
          "end": {
            "line": 90,
            "column": null
          }
        },
        "type": "cond-expr",
        "locations": [
          {
            "start": {
              "line": 90,
              "column": 50
            },
            "end": {
              "line": 90,
              "column": 69
            }
          },
          {
            "start": {
              "line": 90,
              "column": 80
            },
            "end": {
              "line": 90,
              "column": null
            }
          }
        ]
      },
      "11": {
        "loc": {
          "start": {
            "line": 119,
            "column": 4
          },
          "end": {
            "line": 121,
            "column": null
          }
        },
        "type": "if",
        "locations": [
          {
            "start": {
              "line": 119,
              "column": 4
            },
            "end": {
              "line": 121,
              "column": null
            }
          },
          {
            "start": {},
            "end": {}
          }
        ]
      },
      "12": {
        "loc": {
          "start": {
            "line": 126,
            "column": 6
          },
          "end": {
            "line": 128,
            "column": null
          }
        },
        "type": "if",
        "locations": [
          {
            "start": {
              "line": 126,
              "column": 6
            },
            "end": {
              "line": 128,
              "column": null
            }
          },
          {
            "start": {},
            "end": {}
          }
        ]
      },
      "13": {
        "loc": {
          "start": {
            "line": 221,
            "column": 2
          },
          "end": {
            "line": 221,
            "column": 8
          }
        },
        "type": "if",
        "locations": [
          {
            "start": {
              "line": 221,
              "column": 2
            },
            "end": {
              "line": 221,
              "column": 8
            }
          },
          {
            "start": {},
            "end": {}
          }
        ]
      },
      "14": {
        "loc": {
          "start": {
            "line": 244,
            "column": 2
          },
          "end": {
            "line": 244,
            "column": 8
          }
        },
        "type": "if",
        "locations": [
          {
            "start": {
              "line": 244,
              "column": 2
            },
            "end": {
              "line": 244,
              "column": 8
            }
          },
          {
            "start": {},
            "end": {}
          }
        ]
      },
      "15": {
        "loc": {
          "start": {
            "line": 248,
            "column": 20
          },
          "end": {
            "line": 248,
            "column": null
          }
        },
        "type": "cond-expr",
        "locations": [
          {
            "start": {
              "line": 248,
              "column": 45
            },
            "end": {
              "line": 248,
              "column": 64
            }
          },
          {
            "start": {
              "line": 248,
              "column": 70
            },
            "end": {
              "line": 248,
              "column": null
            }
          }
        ]
      },
      "16": {
        "loc": {
          "start": {
            "line": 267,
            "column": 2
          },
          "end": {
            "line": 267,
            "column": 8
          }
        },
        "type": "switch",
        "locations": [
          {
            "start": {
              "line": 267,
              "column": 2
            },
            "end": {
              "line": 267,
              "column": 8
            }
          },
          {
            "start": {
              "line": 267,
              "column": 2
            },
            "end": {
              "line": 267,
              "column": 8
            }
          },
          {
            "start": {
              "line": 267,
              "column": 2
            },
            "end": {
              "line": 267,
              "column": 8
            }
          },
          {
            "start": {
              "line": 267,
              "column": 2
            },
            "end": {
              "line": 267,
              "column": 8
            }
          }
        ]
      },
      "17": {
        "loc": {
          "start": {
            "line": 272,
            "column": 15
          },
          "end": {
            "line": 272,
            "column": null
          }
        },
        "type": "cond-expr",
        "locations": [
          {
            "start": {
              "line": 272,
              "column": 45
            },
            "end": {
              "line": 272,
              "column": 55
            }
          },
          {
            "start": {
              "line": 272,
              "column": 55
            },
            "end": {
              "line": 272,
              "column": null
            }
          }
        ]
      },
      "18": {
        "loc": {
          "start": {
            "line": 272,
            "column": 55
          },
          "end": {
            "line": 272,
            "column": null
          }
        },
        "type": "binary-expr",
        "locations": [
          {
            "start": {
              "line": 272,
              "column": 55
            },
            "end": {
              "line": 272,
              "column": 67
            }
          },
          {
            "start": {
              "line": 272,
              "column": 67
            },
            "end": {
              "line": 272,
              "column": null
            }
          }
        ]
      },
      "19": {
        "loc": {
          "start": {
            "line": 274,
            "column": 4
          },
          "end": {
            "line": 278,
            "column": null
          }
        },
        "type": "if",
        "locations": [
          {
            "start": {
              "line": 274,
              "column": 4
            },
            "end": {
              "line": 278,
              "column": null
            }
          },
          {
            "start": {},
            "end": {}
          }
        ]
      },
      "20": {
        "loc": {
          "start": {
            "line": 275,
            "column": 22
          },
          "end": {
            "line": 275,
            "column": null
          }
        },
        "type": "cond-expr",
        "locations": [
          {
            "start": {
              "line": 275,
              "column": 47
            },
            "end": {
              "line": 275,
              "column": 66
            }
          },
          {
            "start": {
              "line": 275,
              "column": 72
            },
            "end": {
              "line": 275,
              "column": null
            }
          }
        ]
      },
      "21": {
        "loc": {
          "start": {
            "line": 282,
            "column": 39
          },
          "end": {
            "line": 282,
            "column": null
          }
        },
        "type": "cond-expr",
        "locations": [
          {
            "start": {
              "line": 282,
              "column": 44
            },
            "end": {
              "line": 282,
              "column": 52
            }
          },
          {
            "start": {
              "line": 282,
              "column": 52
            },
            "end": {
              "line": 282,
              "column": null
            }
          }
        ]
      },
      "22": {
        "loc": {
          "start": {
            "line": 282,
            "column": 27
          },
          "end": {
            "line": 285,
            "column": null
          }
        },
        "type": "cond-expr",
        "locations": [
          {
            "start": {
              "line": 282,
              "column": 27
            },
            "end": {
              "line": 282,
              "column": 32
            }
          },
          {
            "start": {
              "line": 285,
              "column": 19
            },
            "end": {
              "line": 285,
              "column": null
            }
          }
        ]
      },
      "23": {
        "loc": {
          "start": {
            "line": 300,
            "column": 12
          },
          "end": {
            "line": 300,
            "column": 18
          }
        },
        "type": "switch",
        "locations": [
          {
            "start": {
              "line": 300,
              "column": 12
            },
            "end": {
              "line": 300,
              "column": 18
            }
          },
          {
            "start": {
              "line": 300,
              "column": 12
            },
            "end": {
              "line": 300,
              "column": 18
            }
          },
          {
            "start": {
              "line": 300,
              "column": 12
            },
            "end": {
              "line": 300,
              "column": 18
            }
          }
        ]
      },
      "24": {
        "loc": {
          "start": {
            "line": 324,
            "column": 15
          },
          "end": {
            "line": 324,
            "column": null
          }
        },
        "type": "cond-expr",
        "locations": [
          {
            "start": {
              "line": 324,
              "column": 35
            },
            "end": {
              "line": 324,
              "column": 47
            }
          },
          {
            "start": {
              "line": 324,
              "column": 47
            },
            "end": {
              "line": 324,
              "column": null
            }
          }
        ]
      },
      "25": {
        "loc": {
          "start": {
            "line": 342,
            "column": 4
          },
          "end": {
            "line": 342,
            "column": 10
          }
        },
        "type": "binary-expr",
        "locations": [
          {
            "start": {
              "line": 342,
              "column": 4
            },
            "end": {
              "line": 342,
              "column": 10
            }
          },
          {
            "start": {
              "line": 342,
              "column": 4
            },
            "end": {
              "line": 342,
              "column": 10
            }
          }
        ]
      },
      "26": {
        "loc": {
          "start": {
            "line": 358,
            "column": 12
          },
          "end": {
            "line": 358,
            "column": 18
          }
        },
        "type": "if",
        "locations": [
          {
            "start": {
              "line": 358,
              "column": 12
            },
[...]
        "locations": [
          {
            "start": {
              "line": 554,
              "column": 0
            },
            "end": {
              "line": 554,
              "column": 13
            }
          },
          {
            "start": {
              "line": 554,
              "column": 0
            },
            "end": {
              "line": 554,
              "column": 13
            }
          }
        ]
      },
      "46": {
        "loc": {
          "start": {
            "line": 566,
            "column": 2
          },
          "end": {
            "line": 566,
            "column": 8
          }
        },
        "type": "switch",
        "locations": [
          {
            "start": {
              "line": 566,
              "column": 2
            },
            "end": {
              "line": 566,
              "column": 8
            }
          },
          {
            "start": {
              "line": 566,
              "column": 2
            },
            "end": {
              "line": 566,
              "column": 8
            }
          },
          {
            "start": {
              "line": 566,
              "column": 2
            },
            "end": {
              "line": 566,
              "column": 8
            }
          }
        ]
      },
      "47": {
        "loc": {
          "start": {
            "line": 583,
            "column": 4
          },
          "end": {
            "line": 583,
            "column": 10
          }
        },
        "type": "binary-expr",
        "locations": [
          {
            "start": {
              "line": 583,
              "column": 4
            },
            "end": {
              "line": 583,
              "column": 10
            }
          },
          {
            "start": {
              "line": 583,
              "column": 4
            },
            "end": {
              "line": 583,
              "column": 10
            }
          }
        ]
      },
      "48": {
        "loc": {
          "start": {
            "line": 589,
            "column": 0
          },
          "end": {
            "line": 589,
            "column": 13
          }
        },
        "type": "binary-expr",
        "locations": [
          {
            "start": {
              "line": 589,
              "column": 0
            },
            "end": {
              "line": 589,
              "column": 13
            }
          },
          {
            "start": {
              "line": 589,
              "column": 0
            },
            "end": {
              "line": 589,
              "column": 13
            }
          }
        ]
      },
      "49": {
        "loc": {
          "start": {
            "line": 595,
            "column": 0
          },
          "end": {
            "line": 595,
            "column": 13
          }
        },
        "type": "binary-expr",
        "locations": [
          {
            "start": {
              "line": 595,
              "column": 0
            },
            "end": {
              "line": 595,
              "column": 13
            }
          },
          {
            "start": {
              "line": 595,
              "column": 0
            },
            "end": {
              "line": 595,
              "column": 13
            }
          }
        ]
      },
      "50": {
        "loc": {
          "start": {
            "line": 601,
            "column": 0
          },
          "end": {
            "line": 601,
            "column": 13
          }
        },
        "type": "binary-expr",
        "locations": [
          {
            "start": {
              "line": 601,
              "column": 0
            },
            "end": {
              "line": 601,
              "column": 13
            }
          },
          {
            "start": {
              "line": 601,
              "column": 0
            },
            "end": {
              "line": 601,
              "column": 13
            }
          }
        ]
      },
      "51": {
        "loc": {
          "start": {
            "line": 640,
            "column": 4
          },
          "end": {
            "line": 640,
            "column": 10
          }
        },
        "type": "binary-expr",
        "locations": [
          {
            "start": {
              "line": 640,
              "column": 4
            },
            "end": {
              "line": 640,
              "column": 10
            }
          },
          {
            "start": {
              "line": 640,
              "column": 4
            },
            "end": {
              "line": 640,
              "column": 10
            }
          }
        ]
      },
      "52": {
        "loc": {
          "start": {
            "line": 679,
            "column": 4
          },
          "end": {
            "line": 679,
            "column": 10
          }
        },
        "type": "binary-expr",
        "locations": [
          {
            "start": {
              "line": 679,
              "column": 4
            },
            "end": {
              "line": 679,
              "column": 10
            }
          },
          {
            "start": {
              "line": 679,
              "column": 4
            },
            "end": {
              "line": 679,
              "column": 10
            }
          }
        ]
      },
      "53": {
        "loc": {
          "start": {
            "line": 691,
            "column": 0
          },
          "end": {
            "line": 691,
            "column": 13
          }
        },
        "type": "binary-expr",
        "locations": [
          {
            "start": {
              "line": 691,
              "column": 0
            },
            "end": {
              "line": 691,
              "column": 13
            }
          },
          {
            "start": {
              "line": 691,
              "column": 0
            },
            "end": {
              "line": 691,
              "column": 13
            }
          }
        ]
      },
      "54": {
        "loc": {
          "start": {
            "line": 723,
            "column": 4
          },
          "end": {
            "line": 730,
            "column": null
          }
        },
        "type": "if",
        "locations": [
          {
            "start": {
              "line": 723,
              "column": 4
            },
            "end": {
              "line": 730,
              "column": null
            }
          },
          {
            "start": {},
            "end": {}
          }
        ]
      },
      "55": {
        "loc": {
          "start": {
            "line": 724,
            "column": 6
          },
          "end": {
            "line": 729,
            "column": null
          }
        },
        "type": "if",
        "locations": [
          {
            "start": {
              "line": 724,
              "column": 6
            },
            "end": {
              "line": 729,
              "column": null
            }
          },
          {
            "start": {
              "line": 726,
              "column": 13
            },
            "end": {
              "line": 729,
              "column": null
            }
          }
        ]
      },
      "56": {
        "loc": {
          "start": {
            "line": 728,
            "column": 18
          },
          "end": {
            "line": 728,
            "column": null
          }
        },
        "type": "binary-expr",
        "locations": [
          {
            "start": {
              "line": 728,
              "column": 18
            },
            "end": {
              "line": 728,
              "column": 33
            }
          },
          {
            "start": {
              "line": 728,
              "column": 33
            },
            "end": {
              "line": 728,
              "column": null
            }
          }
        ]
      },
      "57": {
        "loc": {
          "start": {
            "line": 732,
            "column": 4
          },
          "end": {
            "line": 734,
            "column": null
          }
        },
        "type": "if",
        "locations": [
          {
            "start": {
              "line": 732,
              "column": 4
            },
            "end": {
              "line": 734,
              "column": null
            }
          },
          {
            "start": {},
            "end": {}
          }
        ]
      },
      "58": {
        "loc": {
          "start": {
            "line": 732,
            "column": 8
          },
          "end": {
            "line": 732,
            "column": 44
          }
        },
        "type": "binary-expr",
        "locations": [
          {
            "start": {
              "line": 732,
              "column": 8
            },
            "end": {
              "line": 732,
              "column": 18
            }
          },
          {
            "start": {
              "line": 732,
              "column": 18
            },
            "end": {
              "line": 732,
              "column": 44
            }
          }
        ]
      },
      "59": {
        "loc": {
          "start": {
            "line": 736,
            "column": 4
          },
          "end": {
            "line": 738,
            "column": null
          }
        },
        "type": "if",
        "locations": [
          {
            "start": {
              "line": 736,
              "column": 4
            },
            "end": {
              "line": 738,
              "column": null
            }
          },
          {
            "start": {},
            "end": {}
          }
        ]
      },
      "60": {
        "loc": {
          "start": {
            "line": 736,
            "column": 8
          },
          "end": {
            "line": 736,
            "column": 69
          }
        },
        "type": "binary-expr",
        "locations": [
          {
            "start": {
              "line": 736,
              "column": 8
            },
            "end": {
              "line": 736,
              "column": 44
            }
          },
          {
            "start": {
              "line": 736,
              "column": 44
            },
            "end": {
              "line": 736,
              "column": 69
            }
          }
        ]
      },
      "61": {
        "loc": {
          "start": {
            "line": 740,
            "column": 4
          },
          "end": {
            "line": 742,
            "column": null
          }
        },
        "type": "if",
        "locations": [
          {
            "start": {
              "line": 740,
              "column": 4
            },
            "end": {
              "line": 742,
              "column": null
            }
          },
          {
            "start": {},
            "end": {}
          }
        ]
      },
      "62": {
        "loc": {
          "start": {
            "line": 764,
            "column": 2
          },
          "end": {
            "line": 764,
            "column": 8
          }
        },
        "type": "if",
        "locations": [
          {
            "start": {
              "line": 764,
              "column": 2
            },
            "end": {
              "line": 764,
              "column": 8
            }
          },
          {
            "start": {},
            "end": {}
          }
        ]
      },
      "63": {
        "loc": {
          "start": {
            "line": 787,
            "column": 2
          },
          "end": {
            "line": 787,
            "column": 8
          }
        },
        "type": "if",
        "locations": [
          {
            "start": {
              "line": 787,
              "column": 2
            },
            "end": {
              "line": 787,
              "column": 8
            }
          },
          {
            "start": {},
            "end": {}
          }
        ]
      },
      "64": {
        "loc": {
          "start": {
            "line": 813,
            "column": 2
          },
          "end": {
            "line": 813,
            "column": 8
          }
        },
        "type": "if",
        "locations": [
          {
            "start": {
              "line": 813,
              "column": 2
            },
            "end": {
              "line": 813,
              "column": 8
            }
          },
          {
            "start": {},
            "end": {}
          }
        ]
      }
    },
    "s": {
      "0": 2744,
      "1": 0,
      "2": 0,
      "3": 0,
      "4": 0,
      "5": 968,
      "6": 59,
      "7": 59,
      "8": 59,
      "9": 59,
      "10": 59,
      "11": 8,
      "12": 51,
      "13": 0,
      "14": 36,
      "15": 0,
      "16": 0,
      "17": 0,
      "18": 0,
      "19": 0,
      "20": 0,
      "21": 0,
      "22": 0,
      "23": 0,
      "24": 0,
      "25": 0,
      "26": 0,
      "27": 0,
      "28": 0,
      "29": 0,
      "30": 0,
      "31": 0,
      "32": 0,
      "33": 0,
      "34": 0,
      "35": 0,
      "36": 0,
      "37": 0,
      "38": 0,
      "39": 88,
      "40": 88,
      "41": 88,
      "42": 11,
      "43": 11,
      "44": 88,
      "45": 88,
      "46": 88,
      "47": 1496,
      "48": 256,
      "49": 256,
      "50": 256,
      "51": 0,
      "52": 0,
      "53": 0,
      "54": 0,
      "55": 0,
      "56": 0,
      "57": 0,
      "58": 0,
      "59": 0,
      "60": 0,
      "61": 0,
      "62": 0,
      "63": 0,
      "64": 0,
      "65": 0,
      "66": 0,
      "67": 0,
      "68": 0,
      "69": 0,
      "70": 0,
      "71": 0,
      "72": 0,
      "73": 0,
      "74": 0,
      "75": 0,
      "76": 0,
      "77": 0,
      "78": 0,
      "79": 0,
      "80": 704,
      "81": 0,
      "82": 0,
      "83": 0,
      "84": 0,
      "85": 0,
      "86": 0,
      "87": 0,
      "88": 0,
      "89": 0,
      "90": 264,
      "91": 88,
      "92": 264,
      "93": 0,
      "94": 0,
      "95": 88,
      "96": 266,
      "97": 88,
      "98": 264,
      "99": 88,
      "100": 264,
      "101": 88,
      "102": 616,
      "103": 6,
      "104": 6,
      "105": 6,
      "106": 0,
      "107": 88,
      "108": 1496,
      "109": 10,
      "110": 10,
      "111": 10,
      "112": 0,
      "113": 0,
      "114": 0,
      "115": 0,
      "116": 0,
      "117": 88,
      "118": 264,
      "119": 0,
      "120": 0,
      "121": 0,
      "122": 0,
      "123": 88,
      "124": 266,
      "125": 88,
      "126": 266,
      "127": 88,
      "128": 264,
      "129": 88,
      "130": 275,
      "131": 88,
      "132": 88,
      "133": 88,
      "134": 618,
      "135": 0,
      "136": 88,
      "137": 264,
      "138": 8,
      "139": 8,
      "140": 88,
      "141": 88,
      "142": 266,
      "143": 88,
      "144": 264,
      "145": 88,
      "146": 267,
      "147": 88,
      "148": 264,
      "149": 7,
      "150": 7,
      "151": 7,
      "152": 7,
      "153": 7,
      "154": 7,
      "155": 7,
      "156": 7,
      "157": 7,
      "158": 7,
      "159": 7,
      "160": 7,
      "161": 7,
      "162": 88,
      "163": 264,
      "164": 13,
      "165": 13,
      "166": 13,
      "167": 13,
      "168": 13,
      "169": 13,
      "170": 13,
      "171": 13,
      "172": 88,
      "173": 266,
      "174": 88,
      "175": 1056,
      "176": 6,
      "177": 6,
      "178": 6,
      "179": 6,
      "180": 6,
      "181": 6,
      "182": 6,
      "183": 6,
      "184": 6,
      "185": 0,
      "186": 6,
      "187": 6,
      "188": 6,
      "189": 0,
      "190": 6,
      "191": 0,
      "192": 6,
      "193": 4,
      "194": 4,
      "195": 4,
      "196": 0,
      "197": 0,
      "198": 0,
      "199": 0,
      "200": 0,
      "201": 0,
      "202": 0,
      "203": 0,
      "204": 0
    },
    "f": {
      "0": 808,
      "1": 0,
      "2": 0,
      "3": 264,
      "4": 59,
      "5": 0,
      "6": 0,
      "7": 0,
      "8": 11,
      "9": 440,
      "10": 256,
      "11": 0,
      "12": 0,
      "13": 0,
      "14": 0,
      "15": 0,
      "16": 176,
      "17": 0,
      "18": 0,
      "19": 88,
      "20": 88,
      "21": 0,
      "22": 90,
      "23": 88,
      "24": 88,
      "25": 176,
      "26": 6,
      "27": 0,
      "28": 440,
      "29": 10,
      "30": 0,
      "31": 0,
      "32": 0,
      "33": 0,
      "34": 0,
      "35": 88,
      "36": 0,
      "37": 90,
      "38": 90,
      "39": 88,
      "40": 99,
      "41": 178,
      "42": 0,
      "43": 88,
      "44": 8,
      "45": 90,
      "46": 88,
      "47": 91,
      "48": 88,
      "49": 7,
      "50": 88,
      "51": 13,
      "52": 90,
      "53": 352,
      "54": 6,
      "55": 0,
      "56": 0,
      "57": 0
    },
    "b": {
      "0": [
        16,
        16
      ],
      "1": [
        0,
        0,
        0
      ],
      "2": [
        0,
        0,
        0
      ],
      "3": [
        8,
        51
      ],
      "4": [
        0,
        36
      ],
      "5": [
        0,
        36
      ],
      "6": [
        0,
        0,
        0
      ],
      "7": [
        0,
        0,
        0,
        0
      ],
      "8": [
        0,
        0
      ],
      "9": [
        0,
        0
      ],
      "10": [
        0,
        0
      ],
      "11": [
        0,
        0
      ],
      "12": [
        0,
        0
      ],
      "13": [
        0,
        0
      ],
      "14": [
        0,
        0
      ],
      "15": [
        0,
        0
      ],
      "16": [
        0,
        0,
        0,
        0
      ],
      "17": [
        0,
        0
      ],
      "18": [
        0,
        0
      ],
      "19": [
        0,
        0
      ],
      "20": [
        0,
        0
      ],
      "21": [
        0,
        0
      ],
      "22": [
        0,
        0
      ],
      "23": [
        0,
        0,
        0
      ],
      "24": [
        0,
        0
      ],
      "25": [
        0,
        0
      ],
      "26": [
        0,
        0
      ],
      "27": [
        0,
        0
      ],
      "28": [
        0,
        0
      ],
      "29": [
        0,
        0
      ],
      "30": [
        2,
        0
      ],
      "31": [
        0,
        0
      ],
      "32": [
        0,
        0
      ],
      "33": [
        6,
        0
      ],
      "34": [
        0,
        0,
        0
      ],
      "35": [
        10,
        0
      ],
      "36": [
        0,
        0,
        0
      ],
      "37": [
        0,
        0,
        0
      ],
      "38": [
        0,
        0,
        0
      ],
      "39": [
        0,
        0,
        0
      ],
      "40": [
        0,
        0
      ],
      "41": [
        2,
        0
      ],
      "42": [
        2,
        0
      ],
      "43": [
        0,
        0
      ],
      "44": [
        11,
        11
      ],
      "45": [
        2,
        0
      ],
      "46": [
        0,
        0,
        0
      ],
      "47": [
        8,
        8
      ],
      "48": [
        2,
        0
      ],
      "49": [
        0,
        0
      ],
      "50": [
        3,
        0
      ],
      "51": [
        7,
        7
      ],
      "52": [
        13,
        13
      ],
      "53": [
        2,
        0
      ],
      "54": [
        6,
        0
      ],
      "55": [
        0,
        6
      ],
      "56": [
        6,
        4
      ],
      "57": [
        0,
        6
      ],
      "58": [
        6,
        4
      ],
      "59": [
        0,
        6
      ],
      "60": [
        6,
        4
      ],
      "61": [
        4,
        0
      ],
      "62": [
        0,
        0
      ],
      "63": [
        0,
        0
      ],
      "64": [
        0,
        0
      ]
    }
  }
}