{
  "numFailedTestSuites": 15,
  "numFailedTests": 15,
  "numPassedTestSuites": 169,
  "numPassedTests": 1157,
  "numPendingTestSuites": 0,
  "numPendingTests": 0,
  "numRuntimeErrorTestSuites": 0,
  "numTodoTests": 0,
  "numTotalTestSuites": 184,
  "numTotalTests": 1172,
  "openHandles": [],
  "snapshot": {
    "added": 0,
    "didUpdate": false,
    "failure": false,
    "filesAdded": 0,
    "filesRemoved": 0,
    "filesRemovedList": [],
    "filesUnmatched": 0,
    "filesUpdated": 0,
    "matched": 0,
    "total": 0,
    "unchecked": 0,
    "uncheckedKeysByFile": [],
    "unmatched": 0,
    "updated": 0
  },
  "startTime": 1784403962337,
  "success": false,
  "testResults": [
    {
      "assertionResults": [
        {
          "ancestorTitles": [
            "equalIntervalBreaks"
          ],
          "duration": 3,
          "failing": false,
          "failureDetails": [],
          "failureMessages": [],
          "fullName": "equalIntervalBreaks auto-generated (prototype)",
          "invocations": 1,
          "location": null,
          "numPassingAsserts": 1,
          "retryReasons": [],
          "startAt": 1784403963122,
          "status": "passed",
          "title": "auto-generated (prototype)"
        },
        {
          "ancestorTitles": [
            "equalIntervalBreaks"
          ],
          "duration": 2,
          "failing": false,
          "failureDetails": [],
          "failureMessages": [],
          "fullName": "equalIntervalBreaks Returns breaks array with minimum and maximum values when x length is less than 2",
          "invocations": 1,
          "location": null,
          "numPassingAsserts": 1,
          "retryReasons": [],
          "startAt": 1784403963127,
          "status": "passed",
          "title": "Returns breaks array with minimum and maximum values when x length is less than 2"
        },
        {
          "ancestorTitles": [
            "equalIntervalBreaks"
          ],
          "duration": 0,
          "failing": false,
          "failureDetails": [],
          "failureMessages": [],
          "fullName": "equalIntervalBreaks Returns breaks array with minimum and maximum values when nClasses is 1",
          "invocations": 1,
          "location": null,
          "numPassingAsserts": 1,
          "retryReasons": [],
          "startAt": 1784403963130,
          "status": "passed",
          "title": "Returns breaks array with minimum and maximum values when nClasses is 1"
        },
        {
          "ancestorTitles": [
            "equalIntervalBreaks"
          ],
          "duration": 0,
          "failing": false,
          "failureDetails": [],
          "failureMessages": [],
          "fullName": "equalIntervalBreaks Returns breaks array with equal intervals for nClasses greater than 1",
          "invocations": 1,
          "location": null,
          "numPassingAsserts": 1,
          "retryReasons": [],
          "startAt": 1784403963131,
          "status": "passed",
          "title": "Returns breaks array with equal intervals for nClasses greater than 1"
        },
        {
          "ancestorTitles": [
            "equalIntervalBreaks"
          ],
          "duration": 0,
          "failing": false,
          "failureDetails": [],
          "failureMessages": [],
          "fullName": "equalIntervalBreaks Returns breaks array with equal intervals for nClasses greater than 1 (edge case: nClasses = 2)",
          "invocations": 1,
          "location": null,
          "numPassingAsserts": 1,
          "retryReasons": [],
          "startAt": 1784403963132,
          "status": "passed",
          "title": "Returns breaks array with equal intervals for nClasses greater than 1 (edge case: nClasses = 2)"
        },
        {
          "ancestorTitles": [
            "equalIntervalBreaks"
          ],
          "duration": 1,
          "failing": false,
          "failureDetails": [],
          "failureMessages": [],
          "fullName": "equalIntervalBreaks fallback checks source-aware result shape",
          "invocations": 1,
          "location": null,
          "numPassingAsserts": 1,
          "retryReasons": [],
          "startAt": 1784403963132,
          "status": "passed",
          "title": "fallback checks source-aware result shape"
        },
        {
          "ancestorTitles": [
            "equalIntervalBreaks"
          ],
          "duration": 1,
          "failing": false,
          "failureDetails": [],
          "failureMessages": [],
          "fullName": "equalIntervalBreaks fallback checks stable result contract",
          "invocations": 1,
          "location": null,
          "numPassingAsserts": 1,
          "retryReasons": [],
          "startAt": 1784403963133,
          "status": "passed",
          "title": "fallback checks stable result contract"
        },
        {
          "ancestorTitles": [
            "equalIntervalBreaks"
          ],
          "duration": 5,
          "failing": false,
          "failureDetails": [
            {
              "matcherResult": {
                "actual": [
                  1,
                  2.666666666666667,
                  4.333333333333334,
                  6
                ],
                "expected": [
                  1,
                  2.75,
                  4.5,
                  6
                ],
                "message": "expect(received).toEqual(expected) // deep equality\n\n- Expected  - 2\n+ Received  + 2\n\n  Array [\n    1,\n-   2.75,\n-   4.5,\n+   2.666666666666667,\n+   4.333333333333334,\n    6,\n  ]",
                "name": "toEqual",
                "pass": false
              }
            }
          ],
          "failureMessages": [
            "Error: expect(received).toEqual(expected) // deep equality\n\n- Expected  - 2\n+ Received  + 2\n\n  Array [\n    1,\n-   2.75,\n-   4.5,\n+   2.666666666666667,\n+   4.333333333333334,\n    6,\n  ]\n    at Object.<anonymous> (C:\\Users\\DELL\\Documents\\FYP\\Part 2\\Continuation Version\\UnitGen_Final_Completed_Version\\backend\\tests\\generated\\simple-statistics.equalIntervalBreaks.test.js:311:22)\n    at Promise.finally.completed (C:\\Users\\DELL\\Documents\\FYP\\Part 2\\Continuation Version\\UnitGen_Final_Completed_Version\\backend\\node_modules\\jest-circus\\build\\jestAdapterInit.js:1557:28)\n    at new Promise (<anonymous>)\n    at callAsyncCircusFn (C:\\Users\\DELL\\Documents\\FYP\\Part 2\\Continuation Version\\UnitGen_Final_Completed_Version\\backend\\node_modules\\jest-circus\\build\\jestAdapterInit.js:1497:10)\n    at _callCircusTest (C:\\Users\\DELL\\Documents\\FYP\\Part 2\\Continuation Version\\UnitGen_Final_Completed_Version\\backend\\node_modules\\jest-circus\\build\\jestAdapterInit.js:1007:40)\n    at _runTest (C:\\Users\\DELL\\Documents\\FYP\\Part 2\\Continuation Version\\UnitGen_Final_Completed_Version\\backend\\node_modules\\jest-circus\\build\\jestAdapterInit.js:947:3)\n    at C:\\Users\\DELL\\Documents\\FYP\\Part 2\\Continuation Version\\UnitGen_Final_Completed_Version\\backend\\node_modules\\jest-circus\\build\\jestAdapterInit.js:849:7\n    at _runTestsForDescribeBlock (C:\\Users\\DELL\\Documents\\FYP\\Part 2\\Continuation Version\\UnitGen_Final_Completed_Version\\backend\\node_modules\\jest-circus\\build\\jestAdapterInit.js:862:11)\n    at _runTestsForDescribeBlock (C:\\Users\\DELL\\Documents\\FYP\\Part 2\\Continuation Version\\UnitGen_Final_Completed_Version\\backend\\node_modules\\jest-circus\\build\\jestAdapterInit.js:857:11)\n    at run (C:\\Users\\DELL\\Documents\\FYP\\Part 2\\Continuation Version\\UnitGen_Final_Completed_Version\\backend\\node_modules\\jest-circus\\build\\jestAdapterInit.js:761:3)\n    at runAndTransformResultsToJestFormat (C:\\Users\\DELL\\Documents\\FYP\\Part 2\\Continuation Version\\UnitGen_Final_Completed_Version\\backend\\node_modules\\jest-circus\\build\\jestAdapterInit.js:1918:21)\n    at jestAdapter (C:\\Users\\DELL\\Documents\\FYP\\Part 2\\Continuation Version\\UnitGen_Final_Completed_Version\\backend\\node_modules\\jest-circus\\build\\runner.js:101:19)\n    at runTestInternal (C:\\Users\\DELL\\Documents\\FYP\\Part 2\\Continuation Version\\UnitGen_Final_Completed_Version\\backend\\node_modules\\jest-runner\\build\\index.js:275:16)\n    at runTest (C:\\Users\\DELL\\Documents\\FYP\\Part 2\\Continuation Version\\UnitGen_Final_Completed_Version\\backend\\node_modules\\jest-runner\\build\\index.js:343:7)"
          ],
          "fullName": "equalIntervalBreaks [repair-candidate] Returns breaks array with equal intervals for nClasses greater than 1 (edge case: nClasses = 3)",
          "invocations": 1,
          "location": null,
          "numPassingAsserts": 0,
          "retryReasons": [],
          "startAt": 1784403963134,
          "status": "failed",
          "title": "[repair-candidate] Returns breaks array with equal intervals for nClasses greater than 1 (edge case: nClasses = 3)"
        }
      ],
      "endTime": 1784403963166,
      "message": "  ● equalIntervalBreaks › [repair-candidate] Returns breaks array with equal intervals for nClasses greater than 1 (edge case: nClasses = 3)\n\n    expect(received).toEqual(expected) // deep equality\n\n    - Expected  - 2\n    + Received  + 2\n\n      Array [\n        1,\n    -   2.75,\n    -   4.5,\n    +   2.666666666666667,\n    +   4.333333333333334,\n        6,\n      ]\n\n      309 |       const nClasses = 3;\n      310 |       const result = equalIntervalBreaks(x, nClasses);\n    > 311 |       expect(result).toEqual([1, 2.75, 4.5, 6]);\n          |                      ^\n      312 |     }\n      313 |   });\n      314 | });\n\n      at Object.<anonymous> (tests/generated/simple-statistics.equalIntervalBreaks.test.js:311:22)\n",
      "name": "C:\\Users\\DELL\\Documents\\FYP\\Part 2\\Continuation Version\\UnitGen_Final_Completed_Version\\backend\\tests\\generated\\simple-statistics.equalIntervalBreaks.test.js",
      "startTime": 1784403962412,
      "status": "failed",
      "summary": ""
    },
    {
      "assertionResults": [
        {
          "ancestorTitles": [
            "sampleCovariance"
          ],
          "duration": 2,
          "failing": false,
          "failureDetails": [],
          "failureMessages": [],
          "fullName": "sampleCovariance auto-generated (prototype)",
          "invocations": 1,
          "location": null,
          "numPassingAsserts": 1,
          "retryReasons": [],
          "startAt": 1784403963300,
          "status": "passed",
          "title": "auto-generated (prototype)"
        },
        {
          "ancestorTitles": [
            "sampleCovariance"
          ],
          "duration": 1,
          "failing": false,
          "failureDetails": [],
          "failureMessages": [],
          "fullName": "sampleCovariance Two datasets with positive correlation",
          "invocations": 1,
          "location": null,
          "numPassingAsserts": 1,
          "retryReasons": [],
          "startAt": 1784403963302,
          "status": "passed",
          "title": "Two datasets with positive correlation"
        },
        {
          "ancestorTitles": [
            "sampleCovariance"
          ],
          "duration": 0,
          "failing": false,
          "failureDetails": [],
          "failureMessages": [],
          "fullName": "sampleCovariance Two datasets with negative correlation",
          "invocations": 1,
          "location": null,
          "numPassingAsserts": 1,
          "retryReasons": [],
          "startAt": 1784403963303,
          "status": "passed",
          "title": "Two datasets with negative correlation"
        },
        {
          "ancestorTitles": [
            "sampleCovariance"
          ],
          "duration": 42,
          "failing": false,
          "failureDetails": [],
          "failureMessages": [],
          "fullName": "sampleCovariance Two datasets with one data point each - throws error",
          "invocations": 1,
          "location": null,
          "numPassingAsserts": 1,
          "retryReasons": [],
          "startAt": 1784403963304,
          "status": "passed",
          "title": "Two datasets with one data point each - throws error"
        },
        {
          "ancestorTitles": [
            "sampleCovariance"
          ],
          "duration": 0,
          "failing": false,
          "failureDetails": [],
          "failureMessages": [],
          "fullName": "sampleCovariance fallback checks source-aware result shape",
          "invocations": 1,
          "location": null,
          "numPassingAsserts": 1,
          "retryReasons": [],
          "startAt": 1784403963346,
          "status": "passed",
          "title": "fallback checks source-aware result shape"
        },
        {
          "ancestorTitles": [
            "sampleCovariance"
          ],
          "duration": 0,
          "failing": false,
          "failureDetails": [],
          "failureMessages": [],
          "fullName": "sampleCovariance fallback checks stable result contract",
          "invocations": 1,
          "location": null,
          "numPassingAsserts": 1,
          "retryReasons": [],
          "startAt": 1784403963347,
          "status": "passed",
          "title": "fallback checks stable result contract"
        },
        {
          "ancestorTitles": [
            "sampleCovariance"
          ],
          "duration": 1,
          "failing": false,
          "failureDetails": [
            {
              "matcherResult": {
                "message": "expect(received).toBeCloseTo(expected)\n\nExpected: 0.69\nReceived: 30\n\nExpected precision:    2\nExpected difference: < 0.005\nReceived difference:   29.31",
                "pass": false
              }
            }
          ],
          "failureMessages": [
            "Error: expect(received).toBeCloseTo(expected)\n\nExpected: 0.69\nReceived: 30\n\nExpected precision:    2\nExpected difference: < 0.005\nReceived difference:   29.31\n    at Object.<anonymous> (C:\\Users\\DELL\\Documents\\FYP\\Part 2\\Continuation Version\\UnitGen_Final_Completed_Version\\backend\\tests\\generated\\simple-statistics.sampleCovariance.test.js:300:22)\n    at Promise.finally.completed (C:\\Users\\DELL\\Documents\\FYP\\Part 2\\Continuation Version\\UnitGen_Final_Completed_Version\\backend\\node_modules\\jest-circus\\build\\jestAdapterInit.js:1557:28)\n    at new Promise (<anonymous>)\n    at callAsyncCircusFn (C:\\Users\\DELL\\Documents\\FYP\\Part 2\\Continuation Version\\UnitGen_Final_Completed_Version\\backend\\node_modules\\jest-circus\\build\\jestAdapterInit.js:1497:10)\n    at _callCircusTest (C:\\Users\\DELL\\Documents\\FYP\\Part 2\\Continuation Version\\UnitGen_Final_Completed_Version\\backend\\node_modules\\jest-circus\\build\\jestAdapterInit.js:1007:40)\n    at _runTest (C:\\Users\\DELL\\Documents\\FYP\\Part 2\\Continuation Version\\UnitGen_Final_Completed_Version\\backend\\node_modules\\jest-circus\\build\\jestAdapterInit.js:947:3)\n    at C:\\Users\\DELL\\Documents\\FYP\\Part 2\\Continuation Version\\UnitGen_Final_Completed_Version\\backend\\node_modules\\jest-circus\\build\\jestAdapterInit.js:849:7\n    at _runTestsForDescribeBlock (C:\\Users\\DELL\\Documents\\FYP\\Part 2\\Continuation Version\\UnitGen_Final_Completed_Version\\backend\\node_modules\\jest-circus\\build\\jestAdapterInit.js:862:11)\n    at _runTestsForDescribeBlock (C:\\Users\\DELL\\Documents\\FYP\\Part 2\\Continuation Version\\UnitGen_Final_Completed_Version\\backend\\node_modules\\jest-circus\\build\\jestAdapterInit.js:857:11)\n    at run (C:\\Users\\DELL\\Documents\\FYP\\Part 2\\Continuation Version\\UnitGen_Final_Completed_Version\\backend\\node_modules\\jest-circus\\build\\jestAdapterInit.js:761:3)\n    at runAndTransformResultsToJestFormat (C:\\Users\\DELL\\Documents\\FYP\\Part 2\\Continuation Version\\UnitGen_Final_Completed_Version\\backend\\node_modules\\jest-circus\\build\\jestAdapterInit.js:1918:21)\n    at jestAdapter (C:\\Users\\DELL\\Documents\\FYP\\Part 2\\Continuation Version\\UnitGen_Final_Completed_Version\\backend\\node_modules\\jest-circus\\build\\runner.js:101:19)\n    at runTestInternal (C:\\Users\\DELL\\Documents\\FYP\\Part 2\\Continuation Version\\UnitGen_Final_Completed_Version\\backend\\node_modules\\jest-runner\\build\\index.js:275:16)\n    at runTest (C:\\Users\\DELL\\Documents\\FYP\\Part 2\\Continuation Version\\UnitGen_Final_Completed_Version\\backend\\node_modules\\jest-runner\\build\\index.js:343:7)"
          ],
          "fullName": "sampleCovariance [repair-candidate] Two datasets with positive correlation - additional example",
          "invocations": 1,
          "location": null,
          "numPassingAsserts": 0,
          "retryReasons": [],
          "startAt": 1784403963347,
          "status": "failed",
          "title": "[repair-candidate] Two datasets with positive correlation - additional example"
        },
        {
          "ancestorTitles": [
            "sampleCovariance"
          ],
          "duration": 0,
          "failing": false,
          "failureDetails": [],
          "failureMessages": [],
          "fullName": "sampleCovariance [repair-candidate] Observed behavior returns 0.5",
          "invocations": 1,
          "location": null,
          "numPassingAsserts": 1,
          "retryReasons": [],
          "startAt": 1784403963349,
          "status": "passed",
          "title": "[repair-candidate] Observed behavior returns 0.5"
        },
        {
          "ancestorTitles": [
            "sampleCovariance"
          ],
          "duration": 0,
          "failing": false,
          "failureDetails": [],
          "failureMessages": [],
          "fullName": "sampleCovariance [repair-candidate] Observed behavior returns 1",
          "invocations": 1,
          "location": null,
          "numPassingAsserts": 1,
          "retryReasons": [],
          "startAt": 1784403963350,
          "status": "passed",
          "title": "[repair-candidate] Observed behavior returns 1"
        }
      ],
      "endTime": 1784403963356,
      "message": "  ● sampleCovariance › [repair-candidate] Two datasets with positive correlation - additional example\n\n    expect(received).toBeCloseTo(expected)\n\n    Expected: 0.69\n    Received: 30\n\n    Expected precision:    2\n    Expected difference: < 0.005\n    Received difference:   29.31\n\n      298 |       const y = [2, 2, 3, 4, 5, 60];\n      299 |       const result = sampleCovariance(x, y);\n    > 300 |       expect(result).toBeCloseTo(0.69);\n          |                      ^\n      301 |     }\n      302 |   });\n      303 |\n\n      at Object.<anonymous> (tests/generated/simple-statistics.sampleCovariance.test.js:300:22)\n",
      "name": "C:\\Users\\DELL\\Documents\\FYP\\Part 2\\Continuation Version\\UnitGen_Final_Completed_Version\\backend\\tests\\generated\\simple-statistics.sampleCovariance.test.js",
      "startTime": 1784403963175,
      "status": "failed",
      "summary": ""
    },
    {
      "assertionResults": [
        {
          "ancestorTitles": [
            "sampleVariance"
          ],
          "duration": 1,
          "failing": false,
          "failureDetails": [],
          "failureMessages": [],
          "fullName": "sampleVariance auto-generated (prototype)",
          "invocations": 1,
          "location": null,
          "numPassingAsserts": 1,
          "retryReasons": [],
          "startAt": 1784403963496,
          "status": "passed",
          "title": "auto-generated (prototype)"
        },
        {
          "ancestorTitles": [
            "sampleVariance"
          ],
          "duration": 1,
          "failing": false,
          "failureDetails": [],
          "failureMessages": [],
          "fullName": "sampleVariance Sample variance of an array with multiple data points",
          "invocations": 1,
          "location": null,
          "numPassingAsserts": 1,
          "retryReasons": [],
          "startAt": 1784403963498,
          "status": "passed",
          "title": "Sample variance of an array with multiple data points"
        },
        {
          "ancestorTitles": [
            "sampleVariance"
          ],
          "duration": 44,
          "failing": false,
          "failureDetails": [],
          "failureMessages": [],
          "fullName": "sampleVariance Sample variance throws an error for less than 2 data points",
          "invocations": 1,
          "location": null,
          "numPassingAsserts": 1,
          "retryReasons": [],
          "startAt": 1784403963499,
          "status": "passed",
          "title": "Sample variance throws an error for less than 2 data points"
        },
        {
          "ancestorTitles": [
            "sampleVariance"
          ],
          "duration": 1,
          "failing": false,
          "failureDetails": [],
          "failureMessages": [],
          "fullName": "sampleVariance Sample variance of an array with negative data points",
          "invocations": 1,
          "location": null,
          "numPassingAsserts": 1,
          "retryReasons": [],
          "startAt": 1784403963543,
          "status": "passed",
          "title": "Sample variance of an array with negative data points"
        },
        {
          "ancestorTitles": [
            "sampleVariance"
          ],
          "duration": 0,
          "failing": false,
          "failureDetails": [],
          "failureMessages": [],
          "fullName": "sampleVariance Sample variance of an array with decimal data points",
          "invocations": 1,
          "location": null,
          "numPassingAsserts": 1,
          "retryReasons": [],
          "startAt": 1784403963544,
          "status": "passed",
          "title": "Sample variance of an array with decimal data points"
        },
        {
          "ancestorTitles": [
            "sampleVariance"
          ],
          "duration": 1,
          "failing": false,
          "failureDetails": [],
          "failureMessages": [],
          "fullName": "sampleVariance fallback checks source-aware result shape",
          "invocations": 1,
          "location": null,
          "numPassingAsserts": 1,
          "retryReasons": [],
          "startAt": 1784403963544,
          "status": "passed",
          "title": "fallback checks source-aware result shape"
        },
        {
          "ancestorTitles": [
            "sampleVariance"
          ],
          "duration": 0,
          "failing": false,
          "failureDetails": [],
          "failureMessages": [],
          "fullName": "sampleVariance fallback checks stable result contract",
          "invocations": 1,
          "location": null,
          "numPassingAsserts": 1,
          "retryReasons": [],
          "startAt": 1784403963545,
          "status": "passed",
          "title": "fallback checks stable result contract"
        },
        {
          "ancestorTitles": [
            "sampleVariance"
          ],
          "duration": 2,
          "failing": false,
          "failureDetails": [
            {
              "matcherResult": {
                "message": "expect(received).toBeCloseTo(expected)\n\nExpected: 2.14\nReceived: 4.571428571428571\n\nExpected precision:    2\nExpected difference: < 0.005\nReceived difference:   2.431428571428571",
                "pass": false
              }
            }
          ],
          "failureMessages": [
            "Error: expect(received).toBeCloseTo(expected)\n\nExpected: 2.14\nReceived: 4.571428571428571\n\nExpected precision:    2\nExpected difference: < 0.005\nReceived difference:   2.431428571428571\n    at Object.<anonymous> (C:\\Users\\DELL\\Documents\\FYP\\Part 2\\Continuation Version\\UnitGen_Final_Completed_Version\\backend\\tests\\generated\\simple-statistics.sampleVariance.test.js:302:22)\n    at Promise.finally.completed (C:\\Users\\DELL\\Documents\\FYP\\Part 2\\Continuation Version\\UnitGen_Final_Completed_Version\\backend\\node_modules\\jest-circus\\build\\jestAdapterInit.js:1557:28)\n    at new Promise (<anonymous>)\n    at callAsyncCircusFn (C:\\Users\\DELL\\Documents\\FYP\\Part 2\\Continuation Version\\UnitGen_Final_Completed_Version\\backend\\node_modules\\jest-circus\\build\\jestAdapterInit.js:1497:10)\n    at _callCircusTest (C:\\Users\\DELL\\Documents\\FYP\\Part 2\\Continuation Version\\UnitGen_Final_Completed_Version\\backend\\node_modules\\jest-circus\\build\\jestAdapterInit.js:1007:40)\n    at _runTest (C:\\Users\\DELL\\Documents\\FYP\\Part 2\\Continuation Version\\UnitGen_Final_Completed_Version\\backend\\node_modules\\jest-circus\\build\\jestAdapterInit.js:947:3)\n    at C:\\Users\\DELL\\Documents\\FYP\\Part 2\\Continuation Version\\UnitGen_Final_Completed_Version\\backend\\node_modules\\jest-circus\\build\\jestAdapterInit.js:849:7\n    at _runTestsForDescribeBlock (C:\\Users\\DELL\\Documents\\FYP\\Part 2\\Continuation Version\\UnitGen_Final_Completed_Version\\backend\\node_modules\\jest-circus\\build\\jestAdapterInit.js:862:11)\n    at _runTestsForDescribeBlock (C:\\Users\\DELL\\Documents\\FYP\\Part 2\\Continuation Version\\UnitGen_Final_Completed_Version\\backend\\node_modules\\jest-circus\\build\\jestAdapterInit.js:857:11)\n    at run (C:\\Users\\DELL\\Documents\\FYP\\Part 2\\Continuation Version\\UnitGen_Final_Completed_Version\\backend\\node_modules\\jest-circus\\build\\jestAdapterInit.js:761:3)\n    at runAndTransformResultsToJestFormat (C:\\Users\\DELL\\Documents\\FYP\\Part 2\\Continuation Version\\UnitGen_Final_Completed_Version\\backend\\node_modules\\jest-circus\\build\\jestAdapterInit.js:1918:21)\n    at jestAdapter (C:\\Users\\DELL\\Documents\\FYP\\Part 2\\Continuation Version\\UnitGen_Final_Completed_Version\\backend\\node_modules\\jest-circus\\build\\runner.js:101:19)\n    at runTestInternal (C:\\Users\\DELL\\Documents\\FYP\\Part 2\\Continuation Version\\UnitGen_Final_Completed_Version\\backend\\node_modules\\jest-runner\\build\\index.js:275:16)\n    at runTest (C:\\Users\\DELL\\Documents\\FYP\\Part 2\\Continuation Version\\UnitGen_Final_Completed_Version\\backend\\node_modules\\jest-runner\\build\\index.js:343:7)"
          ],
          "fullName": "sampleVariance [repair-candidate] Sample variance of an array with more data points",
          "invocations": 1,
          "location": null,
          "numPassingAsserts": 0,
          "retryReasons": [],
          "startAt": 1784403963545,
          "status": "failed",
          "title": "[repair-candidate] Sample variance of an array with more data points"
        },
        {
          "ancestorTitles": [
            "sampleVariance"
          ],
          "duration": 1,
          "failing": false,
          "failureDetails": [],
          "failureMessages": [],
          "fullName": "sampleVariance [repair-candidate] Observed behavior returns 0.5",
          "invocations": 1,
          "location": null,
          "numPassingAsserts": 1,
          "retryReasons": [],
          "startAt": 1784403963547,
          "status": "passed",
          "title": "[repair-candidate] Observed behavior returns 0.5"
        }
      ],
      "endTime": 1784403963554,
      "message": "  ● sampleVariance › [repair-candidate] Sample variance of an array with more data points\n\n    expect(received).toBeCloseTo(expected)\n\n    Expected: 2.14\n    Received: 4.571428571428571\n\n    Expected precision:    2\n    Expected difference: < 0.005\n    Received difference:   2.431428571428571\n\n      300 |       const x = [2, 4, 4, 4, 5, 5, 7, 9];\n      301 |       const result = sampleVariance(x);\n    > 302 |       expect(result).toBeCloseTo(2.14);\n          |                      ^\n      303 |     }\n      304 |   });\n      305 |\n\n      at Object.<anonymous> (tests/generated/simple-statistics.sampleVariance.test.js:302:22)\n",
      "name": "C:\\Users\\DELL\\Documents\\FYP\\Part 2\\Continuation Version\\UnitGen_Final_Completed_Version\\backend\\tests\\generated\\simple-statistics.sampleVariance.test.js",
      "startTime": 1784403963365,
      "status": "failed",
      "summary": ""
    },
    {
      "assertionResults": [
        {
          "ancestorTitles": [
            "harmonicMean"
          ],
          "duration": 1,
          "failing": false,
          "failureDetails": [],
          "failureMessages": [],
          "fullName": "harmonicMean auto-generated (prototype)",
          "invocations": 1,
          "location": null,
          "numPassingAsserts": 1,
          "retryReasons": [],
          "startAt": 1784403963667,
          "status": "passed",
          "title": "auto-generated (prototype)"
        },
        {
          "ancestorTitles": [
            "harmonicMean"
          ],
          "duration": 1,
          "failing": false,
          "failureDetails": [],
          "failureMessages": [],
          "fullName": "harmonicMean Valid input with positive numbers",
          "invocations": 1,
          "location": null,
          "numPassingAsserts": 1,
          "retryReasons": [],
          "startAt": 1784403963669,
          "status": "passed",
          "title": "Valid input with positive numbers"
        },
        {
          "ancestorTitles": [
            "harmonicMean"
          ],
          "duration": 60,
          "failing": false,
          "failureDetails": [],
          "failureMessages": [],
          "fullName": "harmonicMean Empty input array",
          "invocations": 1,
          "location": null,
          "numPassingAsserts": 1,
          "retryReasons": [],
          "startAt": 1784403963670,
          "status": "passed",
          "title": "Empty input array"
        },
        {
          "ancestorTitles": [
            "harmonicMean"
          ],
          "duration": 0,
          "failing": false,
          "failureDetails": [],
          "failureMessages": [],
          "fullName": "harmonicMean Input with negative number",
          "invocations": 1,
          "location": null,
          "numPassingAsserts": 1,
          "retryReasons": [],
          "startAt": 1784403963731,
          "status": "passed",
          "title": "Input with negative number"
        },
        {
          "ancestorTitles": [
            "harmonicMean"
          ],
          "duration": 1,
          "failing": false,
          "failureDetails": [],
          "failureMessages": [],
          "fullName": "harmonicMean fallback checks source-aware result shape",
          "invocations": 1,
          "location": null,
          "numPassingAsserts": 1,
          "retryReasons": [],
          "startAt": 1784403963731,
          "status": "passed",
          "title": "fallback checks source-aware result shape"
        },
        {
          "ancestorTitles": [
            "harmonicMean"
          ],
          "duration": 0,
          "failing": false,
          "failureDetails": [],
          "failureMessages": [],
          "fullName": "harmonicMean fallback checks stable result contract",
          "invocations": 1,
          "location": null,
          "numPassingAsserts": 1,
          "retryReasons": [],
          "startAt": 1784403963732,
          "status": "passed",
          "title": "fallback checks stable result contract"
        },
        {
          "ancestorTitles": [
            "harmonicMean"
          ],
          "duration": 1,
          "failing": false,
          "failureDetails": [
            {
              "matcherResult": {
                "message": "expect(received).toBeCloseTo(expected, precision)\n\nExpected: 9\nReceived: 8.087890383903222\n\nExpected precision:    0\nExpected difference: < 0.5\nReceived difference:   0.9121096160967781",
                "pass": false
              }
            }
          ],
          "failureMessages": [
            "Error: expect(received).toBeCloseTo(expected, precision)\n\nExpected: 9\nReceived: 8.087890383903222\n\nExpected precision:    0\nExpected difference: < 0.5\nReceived difference:   0.9121096160967781\n    at Object.<anonymous> (C:\\Users\\DELL\\Documents\\FYP\\Part 2\\Continuation Version\\UnitGen_Final_Completed_Version\\backend\\tests\\generated\\simple-statistics.harmonicMean.test.js:292:22)\n    at Promise.finally.completed (C:\\Users\\DELL\\Documents\\FYP\\Part 2\\Continuation Version\\UnitGen_Final_Completed_Version\\backend\\node_modules\\jest-circus\\build\\jestAdapterInit.js:1557:28)\n    at new Promise (<anonymous>)\n    at callAsyncCircusFn (C:\\Users\\DELL\\Documents\\FYP\\Part 2\\Continuation Version\\UnitGen_Final_Completed_Version\\backend\\node_modules\\jest-circus\\build\\jestAdapterInit.js:1497:10)\n    at _callCircusTest (C:\\Users\\DELL\\Documents\\FYP\\Part 2\\Continuation Version\\UnitGen_Final_Completed_Version\\backend\\node_modules\\jest-circus\\build\\jestAdapterInit.js:1007:40)\n    at _runTest (C:\\Users\\DELL\\Documents\\FYP\\Part 2\\Continuation Version\\UnitGen_Final_Completed_Version\\backend\\node_modules\\jest-circus\\build\\jestAdapterInit.js:947:3)\n    at C:\\Users\\DELL\\Documents\\FYP\\Part 2\\Continuation Version\\UnitGen_Final_Completed_Version\\backend\\node_modules\\jest-circus\\build\\jestAdapterInit.js:849:7\n    at _runTestsForDescribeBlock (C:\\Users\\DELL\\Documents\\FYP\\Part 2\\Continuation Version\\UnitGen_Final_Completed_Version\\backend\\node_modules\\jest-circus\\build\\jestAdapterInit.js:862:11)\n    at _runTestsForDescribeBlock (C:\\Users\\DELL\\Documents\\FYP\\Part 2\\Continuation Version\\UnitGen_Final_Completed_Version\\backend\\node_modules\\jest-circus\\build\\jestAdapterInit.js:857:11)\n    at run (C:\\Users\\DELL\\Documents\\FYP\\Part 2\\Continuation Version\\UnitGen_Final_Completed_Version\\backend\\node_modules\\jest-circus\\build\\jestAdapterInit.js:761:3)\n    at runAndTransformResultsToJestFormat (C:\\Users\\DELL\\Documents\\FYP\\Part 2\\Continuation Version\\UnitGen_Final_Completed_Version\\backend\\node_modules\\jest-circus\\build\\jestAdapterInit.js:1918:21)\n    at jestAdapter (C:\\Users\\DELL\\Documents\\FYP\\Part 2\\Continuation Version\\UnitGen_Final_Completed_Version\\backend\\node_modules\\jest-circus\\build\\runner.js:101:19)\n    at runTestInternal (C:\\Users\\DELL\\Documents\\FYP\\Part 2\\Continuation Version\\UnitGen_Final_Completed_Version\\backend\\node_modules\\jest-runner\\build\\index.js:275:16)\n    at runTest (C:\\Users\\DELL\\Documents\\FYP\\Part 2\\Continuation Version\\UnitGen_Final_Completed_Version\\backend\\node_modules\\jest-runner\\build\\index.js:343:7)"
          ],
          "fullName": "harmonicMean [repair-candidate] Valid input with more numbers",
          "invocations": 1,
          "location": null,
          "numPassingAsserts": 0,
          "retryReasons": [],
          "startAt": 1784403963733,
          "status": "failed",
          "title": "[repair-candidate] Valid input with more numbers"
        },
        {
          "ancestorTitles": [
            "harmonicMean"
          ],
          "duration": 0,
          "failing": false,
          "failureDetails": [],
          "failureMessages": [],
          "fullName": "harmonicMean [repair-candidate] Observed behavior returns 5",
          "invocations": 1,
          "location": null,
          "numPassingAsserts": 1,
          "retryReasons": [],
          "startAt": 1784403963734,
          "status": "passed",
          "title": "[repair-candidate] Observed behavior returns 5"
        }
      ],
      "endTime": 1784403963740,
      "message": "  ● harmonicMean › [repair-candidate] Valid input with more numbers\n\n    expect(received).toBeCloseTo(expected, precision)\n\n    Expected: 9\n    Received: 8.087890383903222\n\n    Expected precision:    0\n    Expected difference: < 0.5\n    Received difference:   0.9121096160967781\n\n      290 |       const x = [3, 6, 7, 8, 8, 9, 10, 13, 15, 16, 20];\n      291 |       const result = harmonicMean(x);\n    > 292 |       expect(result).toBeCloseTo(9, 0);\n          |                      ^\n      293 |     }\n      294 |   });\n      295 |\n\n      at Object.<anonymous> (tests/generated/simple-statistics.harmonicMean.test.js:292:22)\n",
      "name": "C:\\Users\\DELL\\Documents\\FYP\\Part 2\\Continuation Version\\UnitGen_Final_Completed_Version\\backend\\tests\\generated\\simple-statistics.harmonicMean.test.js",
      "startTime": 1784403963561,
      "status": "failed",
      "summary": ""
    },
    {
      "assertionResults": [
        {
          "ancestorTitles": [
            "sampleCorrelation"
          ],
          "duration": 1,
          "failing": false,
          "failureDetails": [],
          "failureMessages": [],
          "fullName": "sampleCorrelation auto-generated (prototype)",
          "invocations": 1,
          "location": null,
          "numPassingAsserts": 1,
          "retryReasons": [],
          "startAt": 1784403963871,
          "status": "passed",
          "title": "auto-generated (prototype)"
        },
        {
          "ancestorTitles": [
            "sampleCorrelation"
          ],
          "duration": 0,
          "failing": false,
          "failureDetails": [],
          "failureMessages": [],
          "fullName": "sampleCorrelation Default behavior - example 1",
          "invocations": 1,
          "location": null,
          "numPassingAsserts": 1,
          "retryReasons": [],
          "startAt": 1784403963873,
          "status": "passed",
          "title": "Default behavior - example 1"
        },
        {
          "ancestorTitles": [
            "sampleCorrelation"
          ],
          "duration": 1,
          "failing": false,
          "failureDetails": [],
          "failureMessages": [],
          "fullName": "sampleCorrelation fallback checks source-aware result shape",
          "invocations": 1,
          "location": null,
          "numPassingAsserts": 1,
          "retryReasons": [],
          "startAt": 1784403963873,
          "status": "passed",
          "title": "fallback checks source-aware result shape"
        },
        {
          "ancestorTitles": [
            "sampleCorrelation"
          ],
          "duration": 0,
          "failing": false,
          "failureDetails": [],
          "failureMessages": [],
          "fullName": "sampleCorrelation fallback checks stable result contract",
          "invocations": 1,
          "location": null,
          "numPassingAsserts": 1,
          "retryReasons": [],
          "startAt": 1784403963874,
          "status": "passed",
          "title": "fallback checks stable result contract"
        },
        {
          "ancestorTitles": [
            "sampleCorrelation"
          ],
          "duration": 1,
          "failing": false,
          "failureDetails": [
            {
              "matcherResult": {
                "message": "expect(received).toBeCloseTo(expected)\n\nExpected: 0.98\nReceived: 0.9999999999999999\n\nExpected precision:    2\nExpected difference: < 0.005\nReceived difference:   0.019999999999999907",
                "pass": false
              }
            }
          ],
          "failureMessages": [
            "Error: expect(received).toBeCloseTo(expected)\n\nExpected: 0.98\nReceived: 0.9999999999999999\n\nExpected precision:    2\nExpected difference: < 0.005\nReceived difference:   0.019999999999999907\n    at Object.<anonymous> (C:\\Users\\DELL\\Documents\\FYP\\Part 2\\Continuation Version\\UnitGen_Final_Completed_Version\\backend\\tests\\generated\\sample_correlation.sampleCorrelation.test.js:281:22)\n    at Promise.finally.completed (C:\\Users\\DELL\\Documents\\FYP\\Part 2\\Continuation Version\\UnitGen_Final_Completed_Version\\backend\\node_modules\\jest-circus\\build\\jestAdapterInit.js:1557:28)\n    at new Promise (<anonymous>)\n    at callAsyncCircusFn (C:\\Users\\DELL\\Documents\\FYP\\Part 2\\Continuation Version\\UnitGen_Final_Completed_Version\\backend\\node_modules\\jest-circus\\build\\jestAdapterInit.js:1497:10)\n    at _callCircusTest (C:\\Users\\DELL\\Documents\\FYP\\Part 2\\Continuation Version\\UnitGen_Final_Completed_Version\\backend\\node_modules\\jest-circus\\build\\jestAdapterInit.js:1007:40)\n    at _runTest (C:\\Users\\DELL\\Documents\\FYP\\Part 2\\Continuation Version\\UnitGen_Final_Completed_Version\\backend\\node_modules\\jest-circus\\build\\jestAdapterInit.js:947:3)\n    at C:\\Users\\DELL\\Documents\\FYP\\Part 2\\Continuation Version\\UnitGen_Final_Completed_Version\\backend\\node_modules\\jest-circus\\build\\jestAdapterInit.js:849:7\n    at _runTestsForDescribeBlock (C:\\Users\\DELL\\Documents\\FYP\\Part 2\\Continuation Version\\UnitGen_Final_Completed_Version\\backend\\node_modules\\jest-circus\\build\\jestAdapterInit.js:862:11)\n    at _runTestsForDescribeBlock (C:\\Users\\DELL\\Documents\\FYP\\Part 2\\Continuation Version\\UnitGen_Final_Completed_Version\\backend\\node_modules\\jest-circus\\build\\jestAdapterInit.js:857:11)\n    at run (C:\\Users\\DELL\\Documents\\FYP\\Part 2\\Continuation Version\\UnitGen_Final_Completed_Version\\backend\\node_modules\\jest-circus\\build\\jestAdapterInit.js:761:3)\n    at runAndTransformResultsToJestFormat (C:\\Users\\DELL\\Documents\\FYP\\Part 2\\Continuation Version\\UnitGen_Final_Completed_Version\\backend\\node_modules\\jest-circus\\build\\jestAdapterInit.js:1918:21)\n    at jestAdapter (C:\\Users\\DELL\\Documents\\FYP\\Part 2\\Continuation Version\\UnitGen_Final_Completed_Version\\backend\\node_modules\\jest-circus\\build\\runner.js:101:19)\n    at runTestInternal (C:\\Users\\DELL\\Documents\\FYP\\Part 2\\Continuation Version\\UnitGen_Final_Completed_Version\\backend\\node_modules\\jest-runner\\build\\index.js:275:16)\n    at runTest (C:\\Users\\DELL\\Documents\\FYP\\Part 2\\Continuation Version\\UnitGen_Final_Completed_Version\\backend\\node_modules\\jest-runner\\build\\index.js:343:7)"
          ],
          "fullName": "sampleCorrelation [repair-candidate] Parameterized behavior - small values",
          "invocations": 1,
          "location": null,
          "numPassingAsserts": 0,
          "retryReasons": [],
          "startAt": 1784403963874,
          "status": "failed",
          "title": "[repair-candidate] Parameterized behavior - small values"
        },
        {
          "ancestorTitles": [
            "sampleCorrelation"
          ],
          "duration": 1,
          "failing": false,
          "failureDetails": [],
          "failureMessages": [],
          "fullName": "sampleCorrelation [repair-candidate] Observed behavior returns 0.6906626864601291",
          "invocations": 1,
          "location": null,
          "numPassingAsserts": 1,
          "retryReasons": [],
          "startAt": 1784403963878,
          "status": "passed",
          "title": "[repair-candidate] Observed behavior returns 0.6906626864601291"
        }
      ],
      "endTime": 1784403963885,
      "message": "  ● sampleCorrelation › [repair-candidate] Parameterized behavior - small values\n\n    expect(received).toBeCloseTo(expected)\n\n    Expected: 0.98\n    Received: 0.9999999999999999\n\n    Expected precision:    2\n    Expected difference: < 0.005\n    Received difference:   0.019999999999999907\n\n      279 |       const y = [2, 3];\n      280 |       const result = sampleCorrelation(x, y);\n    > 281 |       expect(result).toBeCloseTo(0.98);\n          |                      ^\n      282 |     }\n      283 |   });\n      284 |\n\n      at Object.<anonymous> (tests/generated/sample_correlation.sampleCorrelation.test.js:281:22)\n",
      "name": "C:\\Users\\DELL\\Documents\\FYP\\Part 2\\Continuation Version\\UnitGen_Final_Completed_Version\\backend\\tests\\generated\\sample_correlation.sampleCorrelation.test.js",
      "startTime": 1784403963749,
      "status": "failed",
      "summary": ""
    },
    {
      "assertionResults": [
        {
          "ancestorTitles": [
            "sampleSkewness"
          ],
          "duration": 2,
          "failing": false,
          "failureDetails": [],
          "failureMessages": [],
          "fullName": "sampleSkewness auto-generated (prototype)",
          "invocations": 1,
          "location": null,
          "numPassingAsserts": 1,
          "retryReasons": [],
          "startAt": 1784403964000,
          "status": "passed",
          "title": "auto-generated (prototype)"
        },
        {
          "ancestorTitles": [
            "sampleSkewness"
          ],
          "duration": 0,
          "failing": false,
          "failureDetails": [],
          "failureMessages": [],
          "fullName": "sampleSkewness Sample skewness of an array with 5 data points",
          "invocations": 1,
          "location": null,
          "numPassingAsserts": 1,
          "retryReasons": [],
          "startAt": 1784403964003,
          "status": "passed",
          "title": "Sample skewness of an array with 5 data points"
        },
        {
          "ancestorTitles": [
            "sampleSkewness"
          ],
          "duration": 0,
          "failing": false,
          "failureDetails": [],
          "failureMessages": [],
          "fullName": "sampleSkewness Sample skewness of an array with 6 data points",
          "invocations": 1,
          "location": null,
          "numPassingAsserts": 1,
          "retryReasons": [],
          "startAt": 1784403964004,
          "status": "passed",
          "title": "Sample skewness of an array with 6 data points"
        },
        {
          "ancestorTitles": [
            "sampleSkewness"
          ],
          "duration": 1,
          "failing": false,
          "failureDetails": [],
          "failureMessages": [],
          "fullName": "sampleSkewness Sample skewness of an array with 7 data points",
          "invocations": 1,
          "location": null,
          "numPassingAsserts": 1,
          "retryReasons": [],
          "startAt": 1784403964004,
          "status": "passed",
          "title": "Sample skewness of an array with 7 data points"
        },
        {
          "ancestorTitles": [
            "sampleSkewness"
          ],
          "duration": 2,
          "failing": false,
          "failureDetails": [
            {
              "matcherResult": {
                "message": "expect(received).toBeNaN()\n\nReceived: 0",
                "pass": false
              }
            }
          ],
          "failureMessages": [
            "Error: expect(received).toBeNaN()\n\nReceived: 0\n    at Object.<anonymous> (C:\\Users\\DELL\\Documents\\FYP\\Part 2\\Continuation Version\\UnitGen_Final_Completed_Version\\backend\\tests\\generated\\simple-statistics.sampleSkewness.test.js:276:22)\n    at Promise.finally.completed (C:\\Users\\DELL\\Documents\\FYP\\Part 2\\Continuation Version\\UnitGen_Final_Completed_Version\\backend\\node_modules\\jest-circus\\build\\jestAdapterInit.js:1557:28)\n    at new Promise (<anonymous>)\n    at callAsyncCircusFn (C:\\Users\\DELL\\Documents\\FYP\\Part 2\\Continuation Version\\UnitGen_Final_Completed_Version\\backend\\node_modules\\jest-circus\\build\\jestAdapterInit.js:1497:10)\n    at _callCircusTest (C:\\Users\\DELL\\Documents\\FYP\\Part 2\\Continuation Version\\UnitGen_Final_Completed_Version\\backend\\node_modules\\jest-circus\\build\\jestAdapterInit.js:1007:40)\n    at _runTest (C:\\Users\\DELL\\Documents\\FYP\\Part 2\\Continuation Version\\UnitGen_Final_Completed_Version\\backend\\node_modules\\jest-circus\\build\\jestAdapterInit.js:947:3)\n    at C:\\Users\\DELL\\Documents\\FYP\\Part 2\\Continuation Version\\UnitGen_Final_Completed_Version\\backend\\node_modules\\jest-circus\\build\\jestAdapterInit.js:849:7\n    at _runTestsForDescribeBlock (C:\\Users\\DELL\\Documents\\FYP\\Part 2\\Continuation Version\\UnitGen_Final_Completed_Version\\backend\\node_modules\\jest-circus\\build\\jestAdapterInit.js:862:11)\n    at _runTestsForDescribeBlock (C:\\Users\\DELL\\Documents\\FYP\\Part 2\\Continuation Version\\UnitGen_Final_Completed_Version\\backend\\node_modules\\jest-circus\\build\\jestAdapterInit.js:857:11)\n    at run (C:\\Users\\DELL\\Documents\\FYP\\Part 2\\Continuation Version\\UnitGen_Final_Completed_Version\\backend\\node_modules\\jest-circus\\build\\jestAdapterInit.js:761:3)\n    at runAndTransformResultsToJestFormat (C:\\Users\\DELL\\Documents\\FYP\\Part 2\\Continuation Version\\UnitGen_Final_Completed_Version\\backend\\node_modules\\jest-circus\\build\\jestAdapterInit.js:1918:21)\n    at jestAdapter (C:\\Users\\DELL\\Documents\\FYP\\Part 2\\Continuation Version\\UnitGen_Final_Completed_Version\\backend\\node_modules\\jest-circus\\build\\runner.js:101:19)\n    at runTestInternal (C:\\Users\\DELL\\Documents\\FYP\\Part 2\\Continuation Version\\UnitGen_Final_Completed_Version\\backend\\node_modules\\jest-runner\\build\\index.js:275:16)\n    at runTest (C:\\Users\\DELL\\Documents\\FYP\\Part 2\\Continuation Version\\UnitGen_Final_Completed_Version\\backend\\node_modules\\jest-runner\\build\\index.js:343:7)"
          ],
          "fullName": "sampleSkewness [repair-candidate] Sample skewness of an array with 3 data points",
          "invocations": 1,
          "location": null,
          "numPassingAsserts": 0,
          "retryReasons": [],
          "startAt": 1784403964005,
          "status": "failed",
          "title": "[repair-candidate] Sample skewness of an array with 3 data points"
        }
      ],
      "endTime": 1784403964020,
      "message": "  ● sampleSkewness › [repair-candidate] Sample skewness of an array with 3 data points\n\n    expect(received).toBeNaN()\n\n    Received: 0\n\n      274 |       const x = [1, 2, 3];\n      275 |       const result = sampleSkewness(x);\n    > 276 |       expect(result).toBeNaN();\n          |                      ^\n      277 |     }\n      278 |   });\n      279 | });\n\n      at Object.<anonymous> (tests/generated/simple-statistics.sampleSkewness.test.js:276:22)\n",
      "name": "C:\\Users\\DELL\\Documents\\FYP\\Part 2\\Continuation Version\\UnitGen_Final_Completed_Version\\backend\\tests\\generated\\simple-statistics.sampleSkewness.test.js",
      "startTime": 1784403963890,
      "status": "failed",
      "summary": ""
    },
    {
      "assertionResults": [
        {
          "ancestorTitles": [
            "errorFunction"
          ],
          "duration": 2,
          "failing": false,
          "failureDetails": [],
          "failureMessages": [],
          "fullName": "errorFunction auto-generated (prototype)",
          "invocations": 1,
          "location": null,
          "numPassingAsserts": 1,
          "retryReasons": [],
          "startAt": 1784403964130,
          "status": "passed",
          "title": "auto-generated (prototype)"
        },
        {
          "ancestorTitles": [
            "errorFunction"
          ],
          "duration": 0,
          "failing": false,
          "failureDetails": [],
          "failureMessages": [],
          "fullName": "errorFunction Positive input value",
          "invocations": 1,
          "location": null,
          "numPassingAsserts": 1,
          "retryReasons": [],
          "startAt": 1784403964133,
          "status": "passed",
          "title": "Positive input value"
        },
        {
          "ancestorTitles": [
            "errorFunction"
          ],
          "duration": 1,
          "failing": false,
          "failureDetails": [],
          "failureMessages": [],
          "fullName": "errorFunction Negative input value",
          "invocations": 1,
          "location": null,
          "numPassingAsserts": 1,
          "retryReasons": [],
          "startAt": 1784403964133,
          "status": "passed",
          "title": "Negative input value"
        },
        {
          "ancestorTitles": [
            "errorFunction"
          ],
          "duration": 0,
          "failing": false,
          "failureDetails": [],
          "failureMessages": [],
          "fullName": "errorFunction Large positive input value",
          "invocations": 1,
          "location": null,
          "numPassingAsserts": 1,
          "retryReasons": [],
          "startAt": 1784403964134,
          "status": "passed",
          "title": "Large positive input value"
        },
        {
          "ancestorTitles": [
            "errorFunction"
          ],
          "duration": 1,
          "failing": false,
          "failureDetails": [],
          "failureMessages": [],
          "fullName": "errorFunction Large negative input value",
          "invocations": 1,
          "location": null,
          "numPassingAsserts": 1,
          "retryReasons": [],
          "startAt": 1784403964134,
          "status": "passed",
          "title": "Large negative input value"
        },
        {
          "ancestorTitles": [
            "errorFunction"
          ],
          "duration": 0,
          "failing": false,
          "failureDetails": [],
          "failureMessages": [],
          "fullName": "errorFunction Fractional input value",
          "invocations": 1,
          "location": null,
          "numPassingAsserts": 1,
          "retryReasons": [],
          "startAt": 1784403964135,
          "status": "passed",
          "title": "Fractional input value"
        },
        {
          "ancestorTitles": [
            "errorFunction"
          ],
          "duration": 0,
          "failing": false,
          "failureDetails": [],
          "failureMessages": [],
          "fullName": "errorFunction fallback checks source-aware result shape",
          "invocations": 1,
          "location": null,
          "numPassingAsserts": 1,
          "retryReasons": [],
          "startAt": 1784403964135,
          "status": "passed",
          "title": "fallback checks source-aware result shape"
        },
        {
          "ancestorTitles": [
            "errorFunction"
          ],
          "duration": 0,
          "failing": false,
          "failureDetails": [],
          "failureMessages": [],
          "fullName": "errorFunction fallback checks stable result contract",
          "invocations": 1,
          "location": null,
          "numPassingAsserts": 1,
          "retryReasons": [],
          "startAt": 1784403964136,
          "status": "passed",
          "title": "fallback checks stable result contract"
        },
        {
          "ancestorTitles": [
            "errorFunction"
          ],
          "duration": 2,
          "failing": false,
          "failureDetails": [
            {
              "matcherResult": {
                "actual": -3.0000000483809686e-8,
                "expected": -3.0000000483809686,
                "message": "expect(received).toBe(expected) // Object.is equality\n\nExpected: -3.0000000483809686\nReceived: -3.0000000483809686e-8",
                "name": "toBe",
                "pass": false
              }
            }
          ],
          "failureMessages": [
            "Error: expect(received).toBe(expected) // Object.is equality\n\nExpected: -3.0000000483809686\nReceived: -3.0000000483809686e-8\n    at Object.<anonymous> (C:\\Users\\DELL\\Documents\\FYP\\Part 2\\Continuation Version\\UnitGen_Final_Completed_Version\\backend\\tests\\generated\\simple-statistics.errorFunction.test.js:312:22)\n    at Promise.finally.completed (C:\\Users\\DELL\\Documents\\FYP\\Part 2\\Continuation Version\\UnitGen_Final_Completed_Version\\backend\\node_modules\\jest-circus\\build\\jestAdapterInit.js:1557:28)\n    at new Promise (<anonymous>)\n    at callAsyncCircusFn (C:\\Users\\DELL\\Documents\\FYP\\Part 2\\Continuation Version\\UnitGen_Final_Completed_Version\\backend\\node_modules\\jest-circus\\build\\jestAdapterInit.js:1497:10)\n    at _callCircusTest (C:\\Users\\DELL\\Documents\\FYP\\Part 2\\Continuation Version\\UnitGen_Final_Completed_Version\\backend\\node_modules\\jest-circus\\build\\jestAdapterInit.js:1007:40)\n    at _runTest (C:\\Users\\DELL\\Documents\\FYP\\Part 2\\Continuation Version\\UnitGen_Final_Completed_Version\\backend\\node_modules\\jest-circus\\build\\jestAdapterInit.js:947:3)\n    at C:\\Users\\DELL\\Documents\\FYP\\Part 2\\Continuation Version\\UnitGen_Final_Completed_Version\\backend\\node_modules\\jest-circus\\build\\jestAdapterInit.js:849:7\n    at _runTestsForDescribeBlock (C:\\Users\\DELL\\Documents\\FYP\\Part 2\\Continuation Version\\UnitGen_Final_Completed_Version\\backend\\node_modules\\jest-circus\\build\\jestAdapterInit.js:862:11)\n    at _runTestsForDescribeBlock (C:\\Users\\DELL\\Documents\\FYP\\Part 2\\Continuation Version\\UnitGen_Final_Completed_Version\\backend\\node_modules\\jest-circus\\build\\jestAdapterInit.js:857:11)\n    at run (C:\\Users\\DELL\\Documents\\FYP\\Part 2\\Continuation Version\\UnitGen_Final_Completed_Version\\backend\\node_modules\\jest-circus\\build\\jestAdapterInit.js:761:3)\n    at runAndTransformResultsToJestFormat (C:\\Users\\DELL\\Documents\\FYP\\Part 2\\Continuation Version\\UnitGen_Final_Completed_Version\\backend\\node_modules\\jest-circus\\build\\jestAdapterInit.js:1918:21)\n    at jestAdapter (C:\\Users\\DELL\\Documents\\FYP\\Part 2\\Continuation Version\\UnitGen_Final_Completed_Version\\backend\\node_modules\\jest-circus\\build\\runner.js:101:19)\n    at runTestInternal (C:\\Users\\DELL\\Documents\\FYP\\Part 2\\Continuation Version\\UnitGen_Final_Completed_Version\\backend\\node_modules\\jest-runner\\build\\index.js:275:16)\n    at runTest (C:\\Users\\DELL\\Documents\\FYP\\Part 2\\Continuation Version\\UnitGen_Final_Completed_Version\\backend\\node_modules\\jest-runner\\build\\index.js:343:7)"
          ],
          "fullName": "errorFunction [repair-candidate] Observed behavior returns -3.0000000483809686",
          "invocations": 1,
          "location": null,
          "numPassingAsserts": 0,
          "retryReasons": [],
          "startAt": 1784403964136,
          "status": "failed",
          "title": "[repair-candidate] Observed behavior returns -3.0000000483809686"
        }
      ],
      "endTime": 1784403964147,
      "message": "  ● errorFunction › [repair-candidate] Observed behavior returns -3.0000000483809686\n\n    expect(received).toBe(expected) // Object.is equality\n\n    Expected: -3.0000000483809686\n    Received: -3.0000000483809686e-8\n\n      310 |       const x = 0;\n      311 |       const result = errorFunction(x);\n    > 312 |       expect(result).toBe(-3.0000000483809686);\n          |                      ^\n      313 |     }\n      314 |   });\n      315 | });\n\n      at Object.<anonymous> (tests/generated/simple-statistics.errorFunction.test.js:312:22)\n",
      "name": "C:\\Users\\DELL\\Documents\\FYP\\Part 2\\Continuation Version\\UnitGen_Final_Completed_Version\\backend\\tests\\generated\\simple-statistics.errorFunction.test.js",
      "startTime": 1784403964028,
      "status": "failed",
      "summary": ""
    },
    {
      "assertionResults": [
        {
          "ancestorTitles": [
            "interquartileRange"
          ],
          "duration": 2,
          "failing": false,
          "failureDetails": [],
          "failureMessages": [],
          "fullName": "interquartileRange auto-generated (prototype)",
          "invocations": 1,
          "location": null,
          "numPassingAsserts": 1,
          "retryReasons": [],
          "startAt": 1784403964262,
          "status": "passed",
          "title": "auto-generated (prototype)"
        },
        {
          "ancestorTitles": [
            "interquartileRange"
          ],
          "duration": 1,
          "failing": false,
          "failureDetails": [],
          "failureMessages": [],
          "fullName": "interquartileRange Array with three elements",
          "invocations": 1,
          "location": null,
          "numPassingAsserts": 1,
          "retryReasons": [],
          "startAt": 1784403964264,
          "status": "passed",
          "title": "Array with three elements"
        },
        {
          "ancestorTitles": [
            "interquartileRange"
          ],
          "duration": 2,
          "failing": false,
          "failureDetails": [
            {
              "matcherResult": {
                "actual": false,
                "expected": true,
                "message": "expect(received).toBe(expected) // Object.is equality\n\nExpected: true\nReceived: false",
                "name": "toBe",
                "pass": false
              }
            }
          ],
          "failureMessages": [
            "Error: expect(received).toBe(expected) // Object.is equality\n\nExpected: true\nReceived: false\n    at Object.<anonymous> (C:\\Users\\DELL\\Documents\\FYP\\Part 2\\Continuation Version\\UnitGen_Final_Completed_Version\\backend\\tests\\generated\\simple-statistics.interquartileRange.test.js:258:30)\n    at Promise.finally.completed (C:\\Users\\DELL\\Documents\\FYP\\Part 2\\Continuation Version\\UnitGen_Final_Completed_Version\\backend\\node_modules\\jest-circus\\build\\jestAdapterInit.js:1557:28)\n    at new Promise (<anonymous>)\n    at callAsyncCircusFn (C:\\Users\\DELL\\Documents\\FYP\\Part 2\\Continuation Version\\UnitGen_Final_Completed_Version\\backend\\node_modules\\jest-circus\\build\\jestAdapterInit.js:1497:10)\n    at _callCircusTest (C:\\Users\\DELL\\Documents\\FYP\\Part 2\\Continuation Version\\UnitGen_Final_Completed_Version\\backend\\node_modules\\jest-circus\\build\\jestAdapterInit.js:1007:40)\n    at _runTest (C:\\Users\\DELL\\Documents\\FYP\\Part 2\\Continuation Version\\UnitGen_Final_Completed_Version\\backend\\node_modules\\jest-circus\\build\\jestAdapterInit.js:947:3)\n    at C:\\Users\\DELL\\Documents\\FYP\\Part 2\\Continuation Version\\UnitGen_Final_Completed_Version\\backend\\node_modules\\jest-circus\\build\\jestAdapterInit.js:849:7\n    at _runTestsForDescribeBlock (C:\\Users\\DELL\\Documents\\FYP\\Part 2\\Continuation Version\\UnitGen_Final_Completed_Version\\backend\\node_modules\\jest-circus\\build\\jestAdapterInit.js:862:11)\n    at _runTestsForDescribeBlock (C:\\Users\\DELL\\Documents\\FYP\\Part 2\\Continuation Version\\UnitGen_Final_Completed_Version\\backend\\node_modules\\jest-circus\\build\\jestAdapterInit.js:857:11)\n    at run (C:\\Users\\DELL\\Documents\\FYP\\Part 2\\Continuation Version\\UnitGen_Final_Completed_Version\\backend\\node_modules\\jest-circus\\build\\jestAdapterInit.js:761:3)\n    at runAndTransformResultsToJestFormat (C:\\Users\\DELL\\Documents\\FYP\\Part 2\\Continuation Version\\UnitGen_Final_Completed_Version\\backend\\node_modules\\jest-circus\\build\\jestAdapterInit.js:1918:21)\n    at jestAdapter (C:\\Users\\DELL\\Documents\\FYP\\Part 2\\Continuation Version\\UnitGen_Final_Completed_Version\\backend\\node_modules\\jest-circus\\build\\runner.js:101:19)\n    at runTestInternal (C:\\Users\\DELL\\Documents\\FYP\\Part 2\\Continuation Version\\UnitGen_Final_Completed_Version\\backend\\node_modules\\jest-runner\\build\\index.js:275:16)\n    at runTest (C:\\Users\\DELL\\Documents\\FYP\\Part 2\\Continuation Version\\UnitGen_Final_Completed_Version\\backend\\node_modules\\jest-runner\\build\\index.js:343:7)"
          ],
          "fullName": "interquartileRange [repair-candidate] Array with one element",
          "invocations": 1,
          "location": null,
          "numPassingAsserts": 0,
          "retryReasons": [],
          "startAt": 1784403964265,
          "status": "failed",
          "title": "[repair-candidate] Array with one element"
        },
        {
          "ancestorTitles": [
            "interquartileRange"
          ],
          "duration": 0,
          "failing": false,
          "failureDetails": [],
          "failureMessages": [],
          "fullName": "interquartileRange [repair-candidate] Observed behavior returns 5",
          "invocations": 1,
          "location": null,
          "numPassingAsserts": 1,
          "retryReasons": [],
          "startAt": 1784403964270,
          "status": "passed",
          "title": "[repair-candidate] Observed behavior returns 5"
        },
        {
          "ancestorTitles": [
            "interquartileRange"
          ],
          "duration": 1,
          "failing": false,
          "failureDetails": [],
          "failureMessages": [],
          "fullName": "interquartileRange [repair-candidate] Observed behavior returns 1.75",
          "invocations": 1,
          "location": null,
          "numPassingAsserts": 1,
          "retryReasons": [],
          "startAt": 1784403964270,
          "status": "passed",
          "title": "[repair-candidate] Observed behavior returns 1.75"
        }
      ],
      "endTime": 1784403964277,
      "message": "  ● interquartileRange › [repair-candidate] Array with one element\n\n    expect(received).toBe(expected) // Object.is equality\n\n    Expected: true\n    Received: false\n\n      256 |       const x = [5];\n      257 |       const result = interquartileRange(x);\n    > 258 |       expect(result == null).toBe(true);\n          |                              ^\n      259 |     }\n      260 |   });\n      261 |\n\n      at Object.<anonymous> (tests/generated/simple-statistics.interquartileRange.test.js:258:30)\n",
      "name": "C:\\Users\\DELL\\Documents\\FYP\\Part 2\\Continuation Version\\UnitGen_Final_Completed_Version\\backend\\tests\\generated\\simple-statistics.interquartileRange.test.js",
      "startTime": 1784403964153,
      "status": "failed",
      "summary": ""
    },
    {
      "assertionResults": [
        {
          "ancestorTitles": [
            "interquartileRange"
          ],
          "duration": 3,
          "failing": false,
          "failureDetails": [],
          "failureMessages": [],
          "fullName": "interquartileRange auto-generated (prototype)",
          "invocations": 1,
          "location": null,
          "numPassingAsserts": 1,
          "retryReasons": [],
          "startAt": 1784403964425,
          "status": "passed",
          "title": "auto-generated (prototype)"
        },
        {
          "ancestorTitles": [
            "interquartileRange"
          ],
          "duration": 1,
          "failing": false,
          "failureDetails": [],
          "failureMessages": [],
          "fullName": "interquartileRange Input array with multiple elements",
          "invocations": 1,
          "location": null,
          "numPassingAsserts": 1,
          "retryReasons": [],
          "startAt": 1784403964429,
          "status": "passed",
          "title": "Input array with multiple elements"
        },
        {
          "ancestorTitles": [
            "interquartileRange"
          ],
          "duration": 7,
          "failing": false,
          "failureDetails": [
            {
              "matcherResult": {
                "actual": false,
                "expected": true,
                "message": "expect(received).toBe(expected) // Object.is equality\n\nExpected: true\nReceived: false",
                "name": "toBe",
                "pass": false
              }
            }
          ],
          "failureMessages": [
            "Error: expect(received).toBe(expected) // Object.is equality\n\nExpected: true\nReceived: false\n    at Object.<anonymous> (C:\\Users\\DELL\\Documents\\FYP\\Part 2\\Continuation Version\\UnitGen_Final_Completed_Version\\backend\\tests\\generated\\interquartile_range.interquartileRange.test.js:258:30)\n    at Promise.finally.completed (C:\\Users\\DELL\\Documents\\FYP\\Part 2\\Continuation Version\\UnitGen_Final_Completed_Version\\backend\\node_modules\\jest-circus\\build\\jestAdapterInit.js:1557:28)\n    at new Promise (<anonymous>)\n    at callAsyncCircusFn (C:\\Users\\DELL\\Documents\\FYP\\Part 2\\Continuation Version\\UnitGen_Final_Completed_Version\\backend\\node_modules\\jest-circus\\build\\jestAdapterInit.js:1497:10)\n    at _callCircusTest (C:\\Users\\DELL\\Documents\\FYP\\Part 2\\Continuation Version\\UnitGen_Final_Completed_Version\\backend\\node_modules\\jest-circus\\build\\jestAdapterInit.js:1007:40)\n    at _runTest (C:\\Users\\DELL\\Documents\\FYP\\Part 2\\Continuation Version\\UnitGen_Final_Completed_Version\\backend\\node_modules\\jest-circus\\build\\jestAdapterInit.js:947:3)\n    at C:\\Users\\DELL\\Documents\\FYP\\Part 2\\Continuation Version\\UnitGen_Final_Completed_Version\\backend\\node_modules\\jest-circus\\build\\jestAdapterInit.js:849:7\n    at _runTestsForDescribeBlock (C:\\Users\\DELL\\Documents\\FYP\\Part 2\\Continuation Version\\UnitGen_Final_Completed_Version\\backend\\node_modules\\jest-circus\\build\\jestAdapterInit.js:862:11)\n    at _runTestsForDescribeBlock (C:\\Users\\DELL\\Documents\\FYP\\Part 2\\Continuation Version\\UnitGen_Final_Completed_Version\\backend\\node_modules\\jest-circus\\build\\jestAdapterInit.js:857:11)\n    at run (C:\\Users\\DELL\\Documents\\FYP\\Part 2\\Continuation Version\\UnitGen_Final_Completed_Version\\backend\\node_modules\\jest-circus\\build\\jestAdapterInit.js:761:3)\n    at runAndTransformResultsToJestFormat (C:\\Users\\DELL\\Documents\\FYP\\Part 2\\Continuation Version\\UnitGen_Final_Completed_Version\\backend\\node_modules\\jest-circus\\build\\jestAdapterInit.js:1918:21)\n    at jestAdapter (C:\\Users\\DELL\\Documents\\FYP\\Part 2\\Continuation Version\\UnitGen_Final_Completed_Version\\backend\\node_modules\\jest-circus\\build\\runner.js:101:19)\n    at runTestInternal (C:\\Users\\DELL\\Documents\\FYP\\Part 2\\Continuation Version\\UnitGen_Final_Completed_Version\\backend\\node_modules\\jest-runner\\build\\index.js:275:16)\n    at runTest (C:\\Users\\DELL\\Documents\\FYP\\Part 2\\Continuation Version\\UnitGen_Final_Completed_Version\\backend\\node_modules\\jest-runner\\build\\index.js:343:7)"
          ],
          "fullName": "interquartileRange [repair-candidate] Input array with one element",
          "invocations": 1,
          "location": null,
          "numPassingAsserts": 0,
          "retryReasons": [],
          "startAt": 1784403964431,
          "status": "failed",
          "title": "[repair-candidate] Input array with one element"
        },
        {
          "ancestorTitles": [
            "interquartileRange"
          ],
          "duration": 0,
          "failing": false,
          "failureDetails": [],
          "failureMessages": [],
          "fullName": "interquartileRange [repair-candidate] Observed behavior returns 2",
          "invocations": 1,
          "location": null,
          "numPassingAsserts": 1,
          "retryReasons": [],
          "startAt": 1784403964443,
          "status": "passed",
          "title": "[repair-candidate] Observed behavior returns 2"
        },
        {
          "ancestorTitles": [
            "interquartileRange"
          ],
          "duration": 1,
          "failing": false,
          "failureDetails": [],
          "failureMessages": [],
          "fullName": "interquartileRange [repair-candidate] Observed behavior returns 3",
          "invocations": 1,
          "location": null,
          "numPassingAsserts": 1,
          "retryReasons": [],
          "startAt": 1784403964443,
          "status": "passed",
          "title": "[repair-candidate] Observed behavior returns 3"
        }
      ],
      "endTime": 1784403964456,
      "message": "  ● interquartileRange › [repair-candidate] Input array with one element\n\n    expect(received).toBe(expected) // Object.is equality\n\n    Expected: true\n    Received: false\n\n      256 |       const x = [5];\n      257 |       const result = interquartileRange(x);\n    > 258 |       expect(result == null).toBe(true);\n          |                              ^\n      259 |     }\n      260 |   });\n      261 |\n\n      at Object.<anonymous> (tests/generated/interquartile_range.interquartileRange.test.js:258:30)\n",
      "name": "C:\\Users\\DELL\\Documents\\FYP\\Part 2\\Continuation Version\\UnitGen_Final_Completed_Version\\backend\\tests\\generated\\interquartile_range.interquartileRange.test.js",
      "startTime": 1784403964293,
      "status": "failed",
      "summary": ""
    },
    {
      "assertionResults": [
        {
          "ancestorTitles": [
            "PerceptronModel"
          ],
          "duration": 2,
          "failing": false,
          "failureDetails": [],
          "failureMessages": [],
          "fullName": "PerceptronModel auto-generated (prototype)",
          "invocations": 1,
          "location": null,
          "numPassingAsserts": 2,
          "retryReasons": [],
          "startAt": 1784403964562,
          "status": "passed",
          "title": "auto-generated (prototype)"
        },
        {
          "ancestorTitles": [
            "PerceptronModel"
          ],
          "duration": 1,
          "failing": false,
          "failureDetails": [],
          "failureMessages": [],
          "fullName": "PerceptronModel Default model initialization",
          "invocations": 1,
          "location": null,
          "numPassingAsserts": 2,
          "retryReasons": [],
          "startAt": 1784403964564,
          "status": "passed",
          "title": "Default model initialization"
        },
        {
          "ancestorTitles": [
            "PerceptronModel"
          ],
          "duration": 0,
          "failing": false,
          "failureDetails": [],
          "failureMessages": [],
          "fullName": "PerceptronModel PerceptronModel constructor creates an instance",
          "invocations": 1,
          "location": null,
          "numPassingAsserts": 2,
          "retryReasons": [],
          "startAt": 1784403964566,
          "status": "passed",
          "title": "PerceptronModel constructor creates an instance"
        },
        {
          "ancestorTitles": [
            "PerceptronModel"
          ],
          "duration": 0,
          "failing": false,
          "failureDetails": [],
          "failureMessages": [],
          "fullName": "PerceptronModel PerceptronModel constructor exposes an object-like result",
          "invocations": 1,
          "location": null,
          "numPassingAsserts": 1,
          "retryReasons": [],
          "startAt": 1784403964566,
          "status": "passed",
          "title": "PerceptronModel constructor exposes an object-like result"
        },
        {
          "ancestorTitles": [
            "PerceptronModel"
          ],
          "duration": 2,
          "failing": false,
          "failureDetails": [
            {
              "matcherResult": {
                "actual": {
                  "weights": [],
                  "bias": 0
                },
                "expected": 1,
                "message": "expect(received).toBe(expected) // Object.is equality\n\nExpected: 1\nReceived: {\"bias\": 0, \"weights\": []}",
                "name": "toBe",
                "pass": false
              }
            }
          ],
          "failureMessages": [
            "Error: expect(received).toBe(expected) // Object.is equality\n\nExpected: 1\nReceived: {\"bias\": 0, \"weights\": []}\n    at Object.<anonymous> (C:\\Users\\DELL\\Documents\\FYP\\Part 2\\Continuation Version\\UnitGen_Final_Completed_Version\\backend\\tests\\generated\\simple-statistics.PerceptronModel.test.js:277:22)\n    at Promise.finally.completed (C:\\Users\\DELL\\Documents\\FYP\\Part 2\\Continuation Version\\UnitGen_Final_Completed_Version\\backend\\node_modules\\jest-circus\\build\\jestAdapterInit.js:1557:28)\n    at new Promise (<anonymous>)\n    at callAsyncCircusFn (C:\\Users\\DELL\\Documents\\FYP\\Part 2\\Continuation Version\\UnitGen_Final_Completed_Version\\backend\\node_modules\\jest-circus\\build\\jestAdapterInit.js:1497:10)\n    at _callCircusTest (C:\\Users\\DELL\\Documents\\FYP\\Part 2\\Continuation Version\\UnitGen_Final_Completed_Version\\backend\\node_modules\\jest-circus\\build\\jestAdapterInit.js:1007:40)\n    at _runTest (C:\\Users\\DELL\\Documents\\FYP\\Part 2\\Continuation Version\\UnitGen_Final_Completed_Version\\backend\\node_modules\\jest-circus\\build\\jestAdapterInit.js:947:3)\n    at C:\\Users\\DELL\\Documents\\FYP\\Part 2\\Continuation Version\\UnitGen_Final_Completed_Version\\backend\\node_modules\\jest-circus\\build\\jestAdapterInit.js:849:7\n    at _runTestsForDescribeBlock (C:\\Users\\DELL\\Documents\\FYP\\Part 2\\Continuation Version\\UnitGen_Final_Completed_Version\\backend\\node_modules\\jest-circus\\build\\jestAdapterInit.js:862:11)\n    at _runTestsForDescribeBlock (C:\\Users\\DELL\\Documents\\FYP\\Part 2\\Continuation Version\\UnitGen_Final_Completed_Version\\backend\\node_modules\\jest-circus\\build\\jestAdapterInit.js:857:11)\n    at run (C:\\Users\\DELL\\Documents\\FYP\\Part 2\\Continuation Version\\UnitGen_Final_Completed_Version\\backend\\node_modules\\jest-circus\\build\\jestAdapterInit.js:761:3)\n    at runAndTransformResultsToJestFormat (C:\\Users\\DELL\\Documents\\FYP\\Part 2\\Continuation Version\\UnitGen_Final_Completed_Version\\backend\\node_modules\\jest-circus\\build\\jestAdapterInit.js:1918:21)\n    at jestAdapter (C:\\Users\\DELL\\Documents\\FYP\\Part 2\\Continuation Version\\UnitGen_Final_Completed_Version\\backend\\node_modules\\jest-circus\\build\\runner.js:101:19)\n    at runTestInternal (C:\\Users\\DELL\\Documents\\FYP\\Part 2\\Continuation Version\\UnitGen_Final_Completed_Version\\backend\\node_modules\\jest-runner\\build\\index.js:275:16)\n    at runTest (C:\\Users\\DELL\\Documents\\FYP\\Part 2\\Continuation Version\\UnitGen_Final_Completed_Version\\backend\\node_modules\\jest-runner\\build\\index.js:343:7)"
          ],
          "fullName": "PerceptronModel [repair-candidate] Predict with score over 0",
          "invocations": 1,
          "location": null,
          "numPassingAsserts": 0,
          "retryReasons": [],
          "startAt": 1784403964567,
          "status": "failed",
          "title": "[repair-candidate] Predict with score over 0"
        }
      ],
      "endTime": 1784403964578,
      "message": "  ● PerceptronModel › [repair-candidate] Predict with score over 0\n\n    expect(received).toBe(expected) // Object.is equality\n\n    Expected: 1\n    Received: {\"bias\": 0, \"weights\": []}\n\n      275 |       p.bias = -1;\n      276 |       const result = new PerceptronModel();\n    > 277 |       expect(result).toBe(1);\n          |                      ^\n      278 |     }\n      279 |   });\n      280 | });\n\n      at Object.<anonymous> (tests/generated/simple-statistics.PerceptronModel.test.js:277:22)\n",
      "name": "C:\\Users\\DELL\\Documents\\FYP\\Part 2\\Continuation Version\\UnitGen_Final_Completed_Version\\backend\\tests\\generated\\simple-statistics.PerceptronModel.test.js",
      "startTime": 1784403964463,
      "status": "failed",
      "summary": ""
    },
    {
      "assertionResults": [
        {
          "ancestorTitles": [
            "shuffle"
          ],
          "duration": 2,
          "failing": false,
          "failureDetails": [],
          "failureMessages": [],
          "fullName": "shuffle auto-generated (prototype)",
          "invocations": 1,
          "location": null,
          "numPassingAsserts": 1,
          "retryReasons": [],
          "startAt": 1784403964692,
          "status": "passed",
          "title": "auto-generated (prototype)"
        },
        {
          "ancestorTitles": [
            "shuffle"
          ],
          "duration": 1,
          "failing": false,
          "failureDetails": [],
          "failureMessages": [],
          "fullName": "shuffle fallback checks source-aware result shape",
          "invocations": 1,
          "location": null,
          "numPassingAsserts": 1,
          "retryReasons": [],
          "startAt": 1784403964694,
          "status": "passed",
          "title": "fallback checks source-aware result shape"
        },
        {
          "ancestorTitles": [
            "shuffle"
          ],
          "duration": 2,
          "failing": false,
          "failureDetails": [
            {
              "matcherResult": {
                "message": "expect(received).toContain(expected) // indexOf\n\nExpected value: 100\nReceived array: [200, 300, 400, 500, undefined]",
[...]
      "startTime": 1784403994202,
      "status": "passed",
      "summary": ""
    },
    {
      "assertionResults": [
        {
          "ancestorTitles": [
            "combinations"
          ],
          "duration": 2,
          "failing": false,
          "failureDetails": [],
          "failureMessages": [],
          "fullName": "combinations auto-generated (prototype)",
          "invocations": 1,
          "location": null,
          "numPassingAsserts": 1,
          "retryReasons": [],
          "startAt": 1784403994604,
          "status": "passed",
          "title": "auto-generated (prototype)"
        },
        {
          "ancestorTitles": [
            "combinations"
          ],
          "duration": 1,
          "failing": false,
          "failureDetails": [],
          "failureMessages": [],
          "fullName": "combinations Returns empty array for k = 0",
          "invocations": 1,
          "location": null,
          "numPassingAsserts": 1,
          "retryReasons": [],
          "startAt": 1784403994606,
          "status": "passed",
          "title": "Returns empty array for k = 0"
        },
        {
          "ancestorTitles": [
            "combinations"
          ],
          "duration": 0,
          "failing": false,
          "failureDetails": [],
          "failureMessages": [],
          "fullName": "combinations Returns empty array for empty input array",
          "invocations": 1,
          "location": null,
          "numPassingAsserts": 1,
          "retryReasons": [],
          "startAt": 1784403994608,
          "status": "passed",
          "title": "Returns empty array for empty input array"
        },
        {
          "ancestorTitles": [
            "combinations"
          ],
          "duration": 0,
          "failing": false,
          "failureDetails": [],
          "failureMessages": [],
          "fullName": "combinations Returns single element arrays for k = 1",
          "invocations": 1,
          "location": null,
          "numPassingAsserts": 1,
          "retryReasons": [],
          "startAt": 1784403994608,
          "status": "passed",
          "title": "Returns single element arrays for k = 1"
        },
        {
          "ancestorTitles": [
            "combinations"
          ],
          "duration": 1,
          "failing": false,
          "failureDetails": [],
          "failureMessages": [],
          "fullName": "combinations Returns combinations for k = 2",
          "invocations": 1,
          "location": null,
          "numPassingAsserts": 1,
          "retryReasons": [],
          "startAt": 1784403994608,
          "status": "passed",
          "title": "Returns combinations for k = 2"
        },
        {
          "ancestorTitles": [
            "combinations"
          ],
          "duration": 1,
          "failing": false,
          "failureDetails": [],
          "failureMessages": [],
          "fullName": "combinations Returns combinations for k = 3",
          "invocations": 1,
          "location": null,
          "numPassingAsserts": 1,
          "retryReasons": [],
          "startAt": 1784403994609,
          "status": "passed",
          "title": "Returns combinations for k = 3"
        },
        {
          "ancestorTitles": [
            "combinations"
          ],
          "duration": 0,
          "failing": false,
          "failureDetails": [],
          "failureMessages": [],
          "fullName": "combinations Returns empty array for k > length of input array",
          "invocations": 1,
          "location": null,
          "numPassingAsserts": 1,
          "retryReasons": [],
          "startAt": 1784403994610,
          "status": "passed",
          "title": "Returns empty array for k > length of input array"
        },
        {
          "ancestorTitles": [
            "combinations"
          ],
          "duration": 0,
          "failing": false,
          "failureDetails": [],
          "failureMessages": [],
          "fullName": "combinations fallback checks source-aware result shape",
          "invocations": 1,
          "location": null,
          "numPassingAsserts": 1,
          "retryReasons": [],
          "startAt": 1784403994610,
          "status": "passed",
          "title": "fallback checks source-aware result shape"
        },
        {
          "ancestorTitles": [
            "combinations"
          ],
          "duration": 0,
          "failing": false,
          "failureDetails": [],
          "failureMessages": [],
          "fullName": "combinations fallback checks stable result contract",
          "invocations": 1,
          "location": null,
          "numPassingAsserts": 1,
          "retryReasons": [],
          "startAt": 1784403994611,
          "status": "passed",
          "title": "fallback checks stable result contract"
        }
      ],
      "endTime": 1784403994612,
      "message": "",
      "name": "C:\\Users\\DELL\\Documents\\FYP\\Part 2\\Continuation Version\\UnitGen_Final_Completed_Version\\backend\\tests\\generated\\combinations.combinations.test.js",
      "startTime": 1784403994406,
      "status": "passed",
      "summary": ""
    },
    {
      "assertionResults": [
        {
          "ancestorTitles": [
            "uniqueCountSorted"
          ],
          "duration": 2,
          "failing": false,
          "failureDetails": [],
          "failureMessages": [],
          "fullName": "uniqueCountSorted auto-generated (prototype)",
          "invocations": 1,
          "location": null,
          "numPassingAsserts": 1,
          "retryReasons": [],
          "startAt": 1784403994822,
          "status": "passed",
          "title": "auto-generated (prototype)"
        },
        {
          "ancestorTitles": [
            "uniqueCountSorted"
          ],
          "duration": 1,
          "failing": false,
          "failureDetails": [],
          "failureMessages": [],
          "fullName": "uniqueCountSorted Sorted array with unique values",
          "invocations": 1,
          "location": null,
          "numPassingAsserts": 1,
          "retryReasons": [],
          "startAt": 1784403994825,
          "status": "passed",
          "title": "Sorted array with unique values"
        },
        {
          "ancestorTitles": [
            "uniqueCountSorted"
          ],
          "duration": 0,
          "failing": false,
          "failureDetails": [],
          "failureMessages": [],
          "fullName": "uniqueCountSorted Sorted array with all values the same",
          "invocations": 1,
          "location": null,
          "numPassingAsserts": 1,
          "retryReasons": [],
          "startAt": 1784403994826,
          "status": "passed",
          "title": "Sorted array with all values the same"
        },
        {
          "ancestorTitles": [
            "uniqueCountSorted"
          ],
          "duration": 1,
          "failing": false,
          "failureDetails": [],
          "failureMessages": [],
          "fullName": "uniqueCountSorted Empty array",
          "invocations": 1,
          "location": null,
          "numPassingAsserts": 1,
          "retryReasons": [],
          "startAt": 1784403994826,
          "status": "passed",
          "title": "Empty array"
        },
        {
          "ancestorTitles": [
            "uniqueCountSorted"
          ],
          "duration": 0,
          "failing": false,
          "failureDetails": [],
          "failureMessages": [],
          "fullName": "uniqueCountSorted Array with one unique value",
          "invocations": 1,
          "location": null,
          "numPassingAsserts": 1,
          "retryReasons": [],
          "startAt": 1784403994827,
          "status": "passed",
          "title": "Array with one unique value"
        },
        {
          "ancestorTitles": [
            "uniqueCountSorted"
          ],
          "duration": 1,
          "failing": false,
          "failureDetails": [],
          "failureMessages": [],
          "fullName": "uniqueCountSorted Array with multiple repeated values",
          "invocations": 1,
          "location": null,
          "numPassingAsserts": 1,
          "retryReasons": [],
          "startAt": 1784403994827,
          "status": "passed",
          "title": "Array with multiple repeated values"
        },
        {
          "ancestorTitles": [
            "uniqueCountSorted"
          ],
          "duration": 1,
          "failing": false,
          "failureDetails": [],
          "failureMessages": [],
          "fullName": "uniqueCountSorted Array with negative values",
          "invocations": 1,
          "location": null,
          "numPassingAsserts": 1,
          "retryReasons": [],
          "startAt": 1784403994828,
          "status": "passed",
          "title": "Array with negative values"
        },
        {
          "ancestorTitles": [
            "uniqueCountSorted"
          ],
          "duration": 0,
          "failing": false,
          "failureDetails": [],
          "failureMessages": [],
          "fullName": "uniqueCountSorted fallback checks source-aware result shape",
          "invocations": 1,
          "location": null,
          "numPassingAsserts": 1,
          "retryReasons": [],
          "startAt": 1784403994829,
          "status": "passed",
          "title": "fallback checks source-aware result shape"
        },
        {
          "ancestorTitles": [
            "uniqueCountSorted"
          ],
          "duration": 1,
          "failing": false,
          "failureDetails": [],
          "failureMessages": [],
          "fullName": "uniqueCountSorted fallback checks stable result contract",
          "invocations": 1,
          "location": null,
          "numPassingAsserts": 1,
          "retryReasons": [],
          "startAt": 1784403994829,
          "status": "passed",
          "title": "fallback checks stable result contract"
        }
      ],
      "endTime": 1784403994831,
      "message": "",
      "name": "C:\\Users\\DELL\\Documents\\FYP\\Part 2\\Continuation Version\\UnitGen_Final_Completed_Version\\backend\\tests\\generated\\simple-statistics.uniqueCountSorted.test.js",
      "startTime": 1784403994617,
      "status": "passed",
      "summary": ""
    },
    {
      "assertionResults": [
        {
          "ancestorTitles": [
            "subtractFromMean"
          ],
          "duration": 1,
          "failing": false,
          "failureDetails": [],
          "failureMessages": [],
          "fullName": "subtractFromMean auto-generated (prototype)",
          "invocations": 1,
          "location": null,
          "numPassingAsserts": 1,
          "retryReasons": [],
          "startAt": 1784403995030,
          "status": "passed",
          "title": "auto-generated (prototype)"
        },
        {
          "ancestorTitles": [
            "subtractFromMean"
          ],
          "duration": 0,
          "failing": false,
          "failureDetails": [],
          "failureMessages": [],
          "fullName": "subtractFromMean Compute new mean after removing a value from the list",
          "invocations": 1,
          "location": null,
          "numPassingAsserts": 1,
          "retryReasons": [],
          "startAt": 1784403995032,
          "status": "passed",
          "title": "Compute new mean after removing a value from the list"
        },
        {
          "ancestorTitles": [
            "subtractFromMean"
          ],
          "duration": 1,
          "failing": false,
          "failureDetails": [],
          "failureMessages": [],
          "fullName": "subtractFromMean fallback checks source-aware result shape",
          "invocations": 1,
          "location": null,
          "numPassingAsserts": 1,
          "retryReasons": [],
          "startAt": 1784403995032,
          "status": "passed",
          "title": "fallback checks source-aware result shape"
        },
        {
          "ancestorTitles": [
            "subtractFromMean"
          ],
          "duration": 0,
          "failing": false,
          "failureDetails": [],
          "failureMessages": [],
          "fullName": "subtractFromMean fallback checks stable result contract",
          "invocations": 1,
          "location": null,
          "numPassingAsserts": 1,
          "retryReasons": [],
          "startAt": 1784403995033,
          "status": "passed",
          "title": "fallback checks stable result contract"
        },
        {
          "ancestorTitles": [
            "subtractFromMean"
          ],
          "duration": 0,
          "failing": false,
          "failureDetails": [],
          "failureMessages": [],
          "fullName": "subtractFromMean [repair-candidate] Observed behavior returns 12.5",
          "invocations": 1,
          "location": null,
          "numPassingAsserts": 1,
          "retryReasons": [],
          "startAt": 1784403995033,
          "status": "passed",
          "title": "[repair-candidate] Observed behavior returns 12.5"
        },
        {
          "ancestorTitles": [
            "subtractFromMean"
          ],
          "duration": 0,
          "failing": false,
          "failureDetails": [],
          "failureMessages": [],
          "fullName": "subtractFromMean [repair-candidate] Observed behavior returns -3.3333333333333335",
          "invocations": 1,
          "location": null,
          "numPassingAsserts": 1,
          "retryReasons": [],
          "startAt": 1784403995034,
          "status": "passed",
          "title": "[repair-candidate] Observed behavior returns -3.3333333333333335"
        },
        {
          "ancestorTitles": [
            "subtractFromMean"
          ],
          "duration": 0,
          "failing": false,
          "failureDetails": [],
          "failureMessages": [],
          "fullName": "subtractFromMean [repair-candidate] Observed behavior returns 18.75",
          "invocations": 1,
          "location": null,
          "numPassingAsserts": 1,
          "retryReasons": [],
          "startAt": 1784403995034,
          "status": "passed",
          "title": "[repair-candidate] Observed behavior returns 18.75"
        }
      ],
      "endTime": 1784403995036,
      "message": "",
      "name": "C:\\Users\\DELL\\Documents\\FYP\\Part 2\\Continuation Version\\UnitGen_Final_Completed_Version\\backend\\tests\\generated\\simple-statistics.subtractFromMean.test.js",
      "startTime": 1784403994837,
      "status": "passed",
      "summary": ""
    },
    {
      "assertionResults": [
        {
          "ancestorTitles": [
            "subtractFromMean"
          ],
          "duration": 2,
          "failing": false,
          "failureDetails": [],
          "failureMessages": [],
          "fullName": "subtractFromMean auto-generated (prototype)",
          "invocations": 1,
          "location": null,
          "numPassingAsserts": 1,
          "retryReasons": [],
          "startAt": 1784403995231,
          "status": "passed",
          "title": "auto-generated (prototype)"
        },
        {
          "ancestorTitles": [
            "subtractFromMean"
          ],
          "duration": 1,
          "failing": false,
          "failureDetails": [],
          "failureMessages": [],
          "fullName": "subtractFromMean Default behavior - subtract value from mean",
          "invocations": 1,
          "location": null,
          "numPassingAsserts": 1,
          "retryReasons": [],
          "startAt": 1784403995233,
          "status": "passed",
          "title": "Default behavior - subtract value from mean"
        },
        {
          "ancestorTitles": [
            "subtractFromMean"
          ],
          "duration": 0,
          "failing": false,
          "failureDetails": [],
          "failureMessages": [],
          "fullName": "subtractFromMean Safe invariant - result is a number",
          "invocations": 1,
          "location": null,
          "numPassingAsserts": 1,
          "retryReasons": [],
          "startAt": 1784403995234,
          "status": "passed",
          "title": "Safe invariant - result is a number"
        },
        {
          "ancestorTitles": [
            "subtractFromMean"
          ],
          "duration": 1,
          "failing": false,
          "failureDetails": [],
          "failureMessages": [],
          "fullName": "subtractFromMean Safe invariant - result is defined",
          "invocations": 1,
          "location": null,
          "numPassingAsserts": 1,
          "retryReasons": [],
          "startAt": 1784403995234,
          "status": "passed",
          "title": "Safe invariant - result is defined"
        },
        {
          "ancestorTitles": [
            "subtractFromMean"
          ],
          "duration": 0,
          "failing": false,
          "failureDetails": [],
          "failureMessages": [],
          "fullName": "subtractFromMean Safe invariant - result is not null",
          "invocations": 1,
          "location": null,
          "numPassingAsserts": 1,
          "retryReasons": [],
          "startAt": 1784403995235,
          "status": "passed",
          "title": "Safe invariant - result is not null"
        },
        {
          "ancestorTitles": [
            "subtractFromMean"
          ],
          "duration": 1,
          "failing": false,
          "failureDetails": [],
          "failureMessages": [],
          "fullName": "subtractFromMean fallback checks source-aware result shape",
          "invocations": 1,
          "location": null,
          "numPassingAsserts": 1,
          "retryReasons": [],
          "startAt": 1784403995235,
          "status": "passed",
          "title": "fallback checks source-aware result shape"
        },
        {
          "ancestorTitles": [
            "subtractFromMean"
          ],
          "duration": 0,
          "failing": false,
          "failureDetails": [],
          "failureMessages": [],
          "fullName": "subtractFromMean fallback checks stable result contract",
          "invocations": 1,
          "location": null,
          "numPassingAsserts": 1,
          "retryReasons": [],
          "startAt": 1784403995236,
          "status": "passed",
          "title": "fallback checks stable result contract"
        },
        {
          "ancestorTitles": [
            "subtractFromMean"
          ],
          "duration": 1,
          "failing": false,
          "failureDetails": [],
          "failureMessages": [],
          "fullName": "subtractFromMean [repair-candidate] Observed behavior returns 12.5",
          "invocations": 1,
          "location": null,
          "numPassingAsserts": 1,
          "retryReasons": [],
          "startAt": 1784403995236,
          "status": "passed",
          "title": "[repair-candidate] Observed behavior returns 12.5"
        },
        {
          "ancestorTitles": [
            "subtractFromMean"
          ],
          "duration": 0,
          "failing": false,
          "failureDetails": [],
          "failureMessages": [],
          "fullName": "subtractFromMean [repair-candidate] Observed behavior returns -0.75",
          "invocations": 1,
          "location": null,
          "numPassingAsserts": 1,
          "retryReasons": [],
          "startAt": 1784403995237,
          "status": "passed",
          "title": "[repair-candidate] Observed behavior returns -0.75"
        }
      ],
      "endTime": 1784403995239,
      "message": "",
      "name": "C:\\Users\\DELL\\Documents\\FYP\\Part 2\\Continuation Version\\UnitGen_Final_Completed_Version\\backend\\tests\\generated\\subtract_from_mean.subtractFromMean.test.js",
      "startTime": 1784403995041,
      "status": "passed",
      "summary": ""
    }
  ],
  "wasInterrupted": false
}