{
  "C:\\Users\\DELL\\Documents\\FYP\\Part 2\\Continuation Version\\UnitGen_Final_Completed_Version\\backend\\benchmark_packages\\node-graceful-fs\\fs.js": {
    "path": "C:\\Users\\DELL\\Documents\\FYP\\Part 2\\Continuation Version\\UnitGen_Final_Completed_Version\\backend\\benchmark_packages\\node-graceful-fs\\fs.js",
    "statementMap": {
      "0": {
        "start": {
          "line": 3,
          "column": 9
        },
        "end": {
          "line": 3,
          "column": 22
        }
      },
      "1": {
        "start": {
          "line": 5,
          "column": 0
        },
        "end": {
          "line": 5,
          "column": 26
        }
      },
      "2": {
        "start": {
          "line": 8,
          "column": 2
        },
        "end": {
          "line": 9,
          "column": 14
        }
      },
      "3": {
        "start": {
          "line": 9,
          "column": 4
        },
        "end": {
          "line": 9,
          "column": 14
        }
      },
      "4": {
        "start": {
          "line": 11,
          "column": 2
        },
        "end": {
          "line": 14,
          "column": 34
        }
      },
      "5": {
        "start": {
          "line": 12,
          "column": 15
        },
        "end": {
          "line": 12,
          "column": 43
        }
      },
      "6": {
        "start": {
          "line": 14,
          "column": 15
        },
        "end": {
          "line": 14,
          "column": 34
        }
      },
      "7": {
        "start": {
          "line": 16,
          "column": 2
        },
        "end": {
          "line": 18,
          "column": 4
        }
      },
      "8": {
        "start": {
          "line": 17,
          "column": 4
        },
        "end": {
          "line": 17,
          "column": 79
        }
      },
      "9": {
        "start": {
          "line": 20,
          "column": 2
        },
        "end": {
          "line": 20,
          "column": 13
        }
      }
    },
    "fnMap": {
      "0": {
        "name": "clone",
        "decl": {
          "start": {
            "line": 7,
            "column": 9
          },
          "end": {
            "line": 7,
            "column": 14
          }
        },
        "loc": {
          "start": {
            "line": 7,
            "column": 21
          },
          "end": {
            "line": 21,
            "column": 1
          }
        },
        "line": 7
      },
      "1": {
        "name": "(anonymous_1)",
        "decl": {
          "start": {
            "line": 16,
            "column": 42
          },
          "end": {
            "line": 16,
            "column": 43
          }
        },
        "loc": {
          "start": {
            "line": 16,
            "column": 57
          },
          "end": {
            "line": 18,
            "column": 3
          }
        },
        "line": 16
      }
    },
    "branchMap": {
      "0": {
        "loc": {
          "start": {
            "line": 8,
            "column": 2
          },
          "end": {
            "line": 9,
            "column": 14
          }
        },
        "type": "if",
        "locations": [
          {
            "start": {
              "line": 8,
              "column": 2
            },
            "end": {
              "line": 9,
              "column": 14
            }
          },
          {
            "start": {},
            "end": {}
          }
        ],
        "line": 8
      },
      "1": {
        "loc": {
          "start": {
            "line": 8,
            "column": 6
          },
          "end": {
            "line": 8,
            "column": 45
          }
        },
        "type": "binary-expr",
        "locations": [
          {
            "start": {
              "line": 8,
              "column": 6
            },
            "end": {
              "line": 8,
              "column": 18
            }
          },
          {
            "start": {
              "line": 8,
              "column": 22
            },
            "end": {
              "line": 8,
              "column": 45
            }
          }
        ],
        "line": 8
      },
      "2": {
        "loc": {
          "start": {
            "line": 11,
            "column": 2
          },
          "end": {
            "line": 14,
            "column": 34
          }
        },
        "type": "if",
        "locations": [
          {
            "start": {
              "line": 11,
              "column": 2
            },
            "end": {
              "line": 14,
              "column": 34
            }
          },
          {
            "start": {
              "line": 14,
              "column": 4
            },
            "end": {
              "line": 14,
              "column": 34
            }
          }
        ],
        "line": 11
      }
    },
    "s": {
      "0": 123,
      "1": 123,
      "2": 123,
      "3": 0,
      "4": 123,
      "5": 0,
      "6": 123,
      "7": 123,
      "8": 13284,
      "9": 123
    },
    "f": {
      "0": 123,
      "1": 13284
    },
    "b": {
      "0": [
        0,
        123
      ],
      "1": [
        123,
        123
      ],
      "2": [
        0,
        123
      ]
    },
    "_coverageSchema": "1a1c01bbd47fc00a2c39e90264f33305004495a9",
    "hash": "39d10851c8a3e8865d1275c4f1e887bc8dba4a17"
  },
  "C:\\Users\\DELL\\Documents\\FYP\\Part 2\\Continuation Version\\UnitGen_Final_Completed_Version\\backend\\benchmark_packages\\node-graceful-fs\\graceful-fs.js": {
    "path": "C:\\Users\\DELL\\Documents\\FYP\\Part 2\\Continuation Version\\UnitGen_Final_Completed_Version\\backend\\benchmark_packages\\node-graceful-fs\\graceful-fs.js",
    "statementMap": {
      "0": {
        "start": {
          "line": 1,
          "column": 9
        },
        "end": {
          "line": 1,
          "column": 22
        }
      },
      "1": {
        "start": {
          "line": 2,
          "column": 0
        },
        "end": {
          "line": 2,
          "column": 35
        }
      },
      "2": {
        "start": {
          "line": 5,
          "column": 0
        },
        "end": {
          "line": 5,
          "column": 25
        }
      },
      "3": {
        "start": {
          "line": 7,
          "column": 0
        },
        "end": {
          "line": 7,
          "column": 43
        }
      },
      "4": {
        "start": {
          "line": 8,
          "column": 0
        },
        "end": {
          "line": 8,
          "column": 45
        }
      },
      "5": {
        "start": {
          "line": 9,
          "column": 0
        },
        "end": {
          "line": 9,
          "column": 38
        }
      },
      "6": {
        "start": {
          "line": 10,
          "column": 0
        },
        "end": {
          "line": 10,
          "column": 40
        }
      },
      "7": {
        "start": {
          "line": 11,
          "column": 0
        },
        "end": {
          "line": 11,
          "column": 28
        }
      },
      "8": {
        "start": {
          "line": 12,
          "column": 0
        },
        "end": {
          "line": 12,
          "column": 36
        }
      },
      "9": {
        "start": {
          "line": 13,
          "column": 0
        },
        "end": {
          "line": 13,
          "column": 50
        }
      },
      "10": {
        "start": {
          "line": 14,
          "column": 0
        },
        "end": {
          "line": 14,
          "column": 52
        }
      },
      "11": {
        "start": {
          "line": 15,
          "column": 0
        },
        "end": {
          "line": 15,
          "column": 26
        }
      },
      "12": {
        "start": {
          "line": 16,
          "column": 0
        },
        "end": {
          "line": 16,
          "column": 34
        }
      },
      "13": {
        "start": {
          "line": 17,
          "column": 0
        },
        "end": {
          "line": 17,
          "column": 32
        }
      },
      "14": {
        "start": {
          "line": 19,
          "column": 0
        },
        "end": {
          "line": 19,
          "column": 61
        }
      },
      "15": {
        "start": {
          "line": 20,
          "column": 0
        },
        "end": {
          "line": 20,
          "column": 43
        }
      },
      "16": {
        "start": {
          "line": 22,
          "column": 0
        },
        "end": {
          "line": 22,
          "column": 63
        }
      },
      "17": {
        "start": {
          "line": 23,
          "column": 0
        },
        "end": {
          "line": 23,
          "column": 45
        }
      },
      "18": {
        "start": {
          "line": 25,
          "column": 12
        },
        "end": {
          "line": 25,
          "column": 14
        }
      },
      "19": {
        "start": {
          "line": 28,
          "column": 2
        },
        "end": {
          "line": 31,
          "column": 75
        }
      },
      "20": {
        "start": {
          "line": 29,
          "column": 4
        },
        "end": {
          "line": 29,
          "column": 53
        }
      },
      "21": {
        "start": {
          "line": 31,
          "column": 4
        },
        "end": {
          "line": 31,
          "column": 75
        }
      },
      "22": {
        "start": {
          "line": 35,
          "column": 13
        },
        "end": {
          "line": 35,
          "column": 17
        }
      },
      "23": {
        "start": {
          "line": 36,
          "column": 2
        },
        "end": {
          "line": 47,
          "column": 4
        }
      },
      "24": {
        "start": {
          "line": 37,
          "column": 4
        },
        "end": {
          "line": 46,
          "column": 5
        }
      },
      "25": {
        "start": {
          "line": 38,
          "column": 6
        },
        "end": {
          "line": 39,
          "column": 22
        }
      },
      "26": {
        "start": {
          "line": 39,
          "column": 8
        },
        "end": {
          "line": 39,
          "column": 22
        }
      },
      "27": {
        "start": {
          "line": 41,
          "column": 6
        },
        "end": {
          "line": 41,
          "column": 29
        }
      },
      "28": {
        "start": {
          "line": 43,
          "column": 6
        },
        "end": {
          "line": 43,
          "column": 18
        }
      },
      "29": {
        "start": {
          "line": 44,
          "column": 6
        },
        "end": {
          "line": 44,
          "column": 27
        }
      },
      "30": {
        "start": {
          "line": 45,
          "column": 6
        },
        "end": {
          "line": 45,
          "column": 17
        }
      },
      "31": {
        "start": {
          "line": 51,
          "column": 2
        },
        "end": {
          "line": 54,
          "column": 77
        }
      },
      "32": {
        "start": {
          "line": 52,
          "column": 4
        },
        "end": {
          "line": 52,
          "column": 54
        }
      },
      "33": {
        "start": {
          "line": 54,
          "column": 4
        },
        "end": {
          "line": 54,
          "column": 77
        }
      },
      "34": {
        "start": {
          "line": 58,
          "column": 13
        },
        "end": {
          "line": 58,
          "column": 17
        }
      },
      "35": {
        "start": {
          "line": 59,
          "column": 2
        },
        "end": {
          "line": 67,
          "column": 4
        }
      },
      "36": {
        "start": {
          "line": 60,
          "column": 4
        },
        "end": {
          "line": 66,
          "column": 5
        }
      },
      "37": {
        "start": {
          "line": 61,
          "column": 6
        },
        "end": {
          "line": 61,
          "column": 20
        }
      },
      "38": {
        "start": {
          "line": 62,
          "column": 6
        },
        "end": {
          "line": 62,
          "column": 29
        }
      },
      "39": {
        "start": {
          "line": 64,
          "column": 6
        },
        "end": {
          "line": 64,
          "column": 18
        }
      },
      "40": {
        "start": {
          "line": 65,
          "column": 6
        },
        "end": {
          "line": 65,
          "column": 27
        }
      },
      "41": {
        "start": {
          "line": 71,
          "column": 2
        },
        "end": {
          "line": 77,
          "column": 4
        }
      },
      "42": {
        "start": {
          "line": 72,
          "column": 4
        },
        "end": {
          "line": 73,
          "column": 13
        }
      },
      "43": {
        "start": {
          "line": 73,
          "column": 6
        },
        "end": {
          "line": 73,
          "column": 13
        }
      },
      "44": {
        "start": {
          "line": 75,
          "column": 4
        },
        "end": {
          "line": 76,
          "column": 31
        }
      },
      "45": {
        "start": {
          "line": 76,
          "column": 6
        },
        "end": {
          "line": 76,
          "column": 31
        }
      },
      "46": {
        "start": {
          "line": 83,
          "column": 13
        },
        "end": {
          "line": 83,
          "column": 46
        }
      },
      "47": {
        "start": {
          "line": 84,
          "column": 2
        },
        "end": {
          "line": 84,
          "column": 9
        }
      },
      "48": {
        "start": {
          "line": 85,
          "column": 2
        },
        "end": {
          "line": 85,
          "column": 13
        }
      },
      "49": {
        "start": {
          "line": 89,
          "column": 2
        },
        "end": {
          "line": 89,
          "column": 38
        }
      },
      "50": {
        "start": {
          "line": 93,
          "column": 2
        },
        "end": {
          "line": 93,
          "column": 39
        }
      },
      "51": {
        "start": {
          "line": 97,
          "column": 2
        },
        "end": {
          "line": 98,
          "column": 26
        }
      },
      "52": {
        "start": {
          "line": 98,
          "column": 4
        },
        "end": {
          "line": 98,
          "column": 26
        }
      },
      "53": {
        "start": {
          "line": 100,
          "column": 2
        },
        "end": {
          "line": 100,
          "column": 34
        }
      },
      "54": {
        "start": {
          "line": 103,
          "column": 4
        },
        "end": {
          "line": 108,
          "column": 6
        }
      },
      "55": {
        "start": {
          "line": 104,
          "column": 6
        },
        "end": {
          "line": 107,
          "column": 33
        }
      },
      "56": {
        "start": {
          "line": 105,
          "column": 8
        },
        "end": {
          "line": 105,
          "column": 49
        }
      },
      "57": {
        "start": {
          "line": 106,
          "column": 11
        },
        "end": {
          "line": 107,
          "column": 33
        }
      },
      "58": {
        "start": {
          "line": 107,
          "column": 8
        },
        "end": {
          "line": 107,
          "column": 33
        }
      },
      "59": {
        "start": {
          "line": 113,
          "column": 2
        },
        "end": {
          "line": 114,
          "column": 32
        }
      },
      "60": {
        "start": {
          "line": 114,
          "column": 4
        },
        "end": {
          "line": 114,
          "column": 32
        }
      },
      "61": {
        "start": {
          "line": 116,
          "column": 2
        },
        "end": {
          "line": 116,
          "column": 30
        }
      },
      "62": {
        "start": {
          "line": 119,
          "column": 4
        },
        "end": {
          "line": 124,
          "column": 6
        }
      },
      "63": {
        "start": {
          "line": 120,
          "column": 6
        },
        "end": {
          "line": 123,
          "column": 33
        }
      },
      "64": {
        "start": {
          "line": 121,
          "column": 8
        },
        "end": {
          "line": 121,
          "column": 45
        }
      },
      "65": {
        "start": {
          "line": 122,
          "column": 11
        },
        "end": {
          "line": 123,
          "column": 33
        }
      },
      "66": {
        "start": {
          "line": 123,
          "column": 8
        },
        "end": {
          "line": 123,
          "column": 33
        }
      },
      "67": {
        "start": {
          "line": 129,
          "column": 2
        },
        "end": {
          "line": 129,
          "column": 21
        }
      },
      "68": {
        "start": {
          "line": 132,
          "column": 4
        },
        "end": {
          "line": 140,
          "column": 6
        }
      },
      "69": {
        "start": {
          "line": 133,
          "column": 6
        },
        "end": {
          "line": 134,
          "column": 21
        }
      },
      "70": {
        "start": {
          "line": 134,
          "column": 8
        },
        "end": {
          "line": 134,
          "column": 21
        }
      },
      "71": {
        "start": {
          "line": 136,
          "column": 6
        },
        "end": {
          "line": 139,
          "column": 33
        }
      },
      "72": {
        "start": {
          "line": 137,
          "column": 8
        },
        "end": {
          "line": 137,
          "column": 36
        }
      },
      "73": {
        "start": {
          "line": 138,
          "column": 11
        },
        "end": {
          "line": 139,
          "column": 33
        }
      },
      "74": {
        "start": {
          "line": 139,
          "column": 8
        },
        "end": {
          "line": 139,
          "column": 33
        }
      },
      "75": {
        "start": {
          "line": 145,
          "column": 13
        },
        "end": {
          "line": 145,
          "column": 26
        }
      },
      "76": {
        "start": {
          "line": 146,
          "column": 2
        },
        "end": {
          "line": 147,
          "column": 32
        }
      },
      "77": {
        "start": {
          "line": 147,
          "column": 4
        },
        "end": {
          "line": 147,
          "column": 32
        }
      }
    },
    "fnMap": {
      "0": {
        "name": "ReadStream",
        "decl": {
          "start": {
            "line": 27,
            "column": 9
          },
          "end": {
            "line": 27,
            "column": 19
          }
        },
        "loc": {
          "start": {
            "line": 27,
            "column": 36
          },
          "end": {
            "line": 32,
            "column": 1
          }
        },
        "line": 27
      },
      "1": {
        "name": "ReadStream$open",
        "decl": {
          "start": {
            "line": 34,
            "column": 9
          },
          "end": {
            "line": 34,
            "column": 24
          }
        },
        "loc": {
          "start": {
            "line": 34,
            "column": 28
          },
          "end": {
            "line": 48,
            "column": 1
          }
        },
        "line": 34
      },
      "2": {
        "name": "(anonymous_2)",
        "decl": {
          "start": {
            "line": 36,
            "column": 41
          },
          "end": {
            "line": 36,
            "column": 42
          }
        },
        "loc": {
          "start": {
            "line": 36,
            "column": 60
          },
          "end": {
            "line": 47,
            "column": 3
          }
        },
        "line": 36
      },
      "3": {
        "name": "WriteStream",
        "decl": {
          "start": {
            "line": 50,
            "column": 9
          },
          "end": {
            "line": 50,
            "column": 20
          }
        },
        "loc": {
          "start": {
            "line": 50,
            "column": 37
          },
          "end": {
            "line": 55,
            "column": 1
          }
        },
        "line": 50
      },
      "4": {
        "name": "WriteStream$open",
        "decl": {
          "start": {
            "line": 57,
            "column": 9
          },
          "end": {
            "line": 57,
            "column": 25
          }
        },
        "loc": {
          "start": {
            "line": 57,
            "column": 29
          },
          "end": {
            "line": 68,
            "column": 1
          }
        },
        "line": 57
      },
      "5": {
        "name": "(anonymous_5)",
        "decl": {
          "start": {
            "line": 59,
            "column": 41
          },
          "end": {
            "line": 59,
            "column": 42
          }
        },
        "loc": {
          "start": {
            "line": 59,
            "column": 60
          },
          "end": {
            "line": 67,
            "column": 3
          }
        },
        "line": 59
      },
      "6": {
        "name": "close",
        "decl": {
          "start": {
            "line": 70,
            "column": 9
          },
          "end": {
            "line": 70,
            "column": 14
          }
        },
        "loc": {
          "start": {
            "line": 70,
            "column": 24
          },
          "end": {
            "line": 78,
            "column": 1
          }
        },
        "line": 70
      },
      "7": {
        "name": "(anonymous_7)",
        "decl": {
          "start": {
            "line": 71,
            "column": 22
          },
          "end": {
            "line": 71,
            "column": 23
          }
        },
        "loc": {
          "start": {
            "line": 71,
            "column": 37
          },
          "end": {
            "line": 77,
            "column": 3
          }
        },
        "line": 71
      },
      "8": {
        "name": "closeSync",
        "decl": {
          "start": {
            "line": 80,
            "column": 9
          },
          "end": {
            "line": 80,
            "column": 18
          }
        },
        "loc": {
          "start": {
            "line": 80,
            "column": 22
          },
          "end": {
            "line": 86,
            "column": 1
          }
        },
        "line": 80
      },
      "9": {
        "name": "createReadStream",
        "decl": {
          "start": {
            "line": 88,
            "column": 9
          },
          "end": {
            "line": 88,
            "column": 25
          }
        },
        "loc": {
          "start": {
            "line": 88,
            "column": 42
          },
          "end": {
            "line": 90,
            "column": 1
          }
        },
        "line": 88
      },
      "10": {
        "name": "createWriteStream",
        "decl": {
          "start": {
            "line": 92,
            "column": 9
          },
          "end": {
            "line": 92,
            "column": 26
          }
        },
        "loc": {
          "start": {
            "line": 92,
            "column": 43
          },
          "end": {
            "line": 94,
            "column": 1
          }
        },
        "line": 92
      },
      "11": {
        "name": "open",
        "decl": {
          "start": {
            "line": 96,
            "column": 9
          },
          "end": {
            "line": 96,
            "column": 13
          }
        },
        "loc": {
          "start": {
            "line": 96,
            "column": 38
          },
          "end": {
            "line": 110,
            "column": 1
          }
        },
        "line": 96
      },
      "12": {
        "name": "go",
        "decl": {
          "start": {
            "line": 102,
            "column": 11
          },
          "end": {
            "line": 102,
            "column": 13
          }
        },
        "loc": {
          "start": {
            "line": 102,
            "column": 38
          },
          "end": {
            "line": 109,
            "column": 3
          }
        },
        "line": 102
      },
      "13": {
        "name": "(anonymous_13)",
        "decl": {
          "start": {
            "line": 103,
            "column": 38
          },
          "end": {
            "line": 103,
            "column": 39
          }
        },
        "loc": {
          "start": {
            "line": 103,
            "column": 57
          },
          "end": {
            "line": 108,
            "column": 5
          }
        },
        "line": 103
      },
      "14": {
        "name": "readFile",
        "decl": {
          "start": {
            "line": 112,
            "column": 9
          },
          "end": {
            "line": 112,
            "column": 17
          }
        },
        "loc": {
          "start": {
            "line": 112,
            "column": 38
          },
          "end": {
            "line": 126,
            "column": 1
          }
        },
        "line": 112
      },
      "15": {
        "name": "go",
        "decl": {
          "start": {
            "line": 118,
            "column": 11
          },
          "end": {
            "line": 118,
            "column": 13
          }
        },
        "loc": {
          "start": {
            "line": 118,
            "column": 38
          },
          "end": {
            "line": 125,
            "column": 3
          }
        },
        "line": 118
      },
      "16": {
        "name": "(anonymous_16)",
        "decl": {
          "start": {
            "line": 119,
            "column": 38
          },
          "end": {
            "line": 119,
            "column": 39
          }
        },
        "loc": {
          "start": {
            "line": 119,
            "column": 57
          },
          "end": {
            "line": 124,
            "column": 5
          }
        },
        "line": 119
      },
      "17": {
        "name": "readdir",
        "decl": {
          "start": {
            "line": 128,
            "column": 9
          },
          "end": {
            "line": 128,
            "column": 16
          }
        },
        "loc": {
          "start": {
            "line": 128,
            "column": 28
          },
          "end": {
            "line": 142,
            "column": 1
          }
        },
        "line": 128
      },
      "18": {
        "name": "go",
        "decl": {
          "start": {
            "line": 131,
            "column": 11
          },
          "end": {
            "line": 131,
            "column": 13
          }
        },
        "loc": {
          "start": {
            "line": 131,
            "column": 17
          },
          "end": {
            "line": 141,
            "column": 3
          }
        },
        "line": 131
      },
      "19": {
        "name": "(anonymous_19)",
        "decl": {
          "start": {
            "line": 132,
            "column": 28
          },
          "end": {
            "line": 132,
            "column": 29
          }
        },
        "loc": {
          "start": {
            "line": 132,
            "column": 50
          },
          "end": {
            "line": 140,
            "column": 5
          }
        },
        "line": 132
      },
      "20": {
        "name": "retry",
        "decl": {
          "start": {
            "line": 144,
            "column": 9
          },
          "end": {
            "line": 144,
            "column": 14
          }
        },
        "loc": {
          "start": {
            "line": 144,
            "column": 18
          },
          "end": {
            "line": 148,
            "column": 1
          }
        },
        "line": 144
      }
    },
    "branchMap": {
      "0": {
        "loc": {
          "start": {
            "line": 28,
            "column": 2
          },
          "end": {
            "line": 31,
            "column": 75
          }
        },
        "type": "if",
        "locations": [
          {
            "start": {
              "line": 28,
              "column": 2
            },
            "end": {
              "line": 31,
              "column": 75
            }
          },
          {
            "start": {
              "line": 31,
              "column": 4
            },
            "end": {
              "line": 31,
              "column": 75
            }
          }
        ],
        "line": 28
      },
      "1": {
        "loc": {
          "start": {
            "line": 37,
            "column": 4
          },
          "end": {
            "line": 46,
            "column": 5
          }
        },
        "type": "if",
        "locations": [
          {
            "start": {
              "line": 37,
              "column": 4
            },
            "end": {
              "line": 46,
              "column": 5
            }
          },
          {
            "start": {
              "line": 42,
              "column": 11
            },
            "end": {
              "line": 46,
              "column": 5
            }
          }
        ],
        "line": 37
      },
      "2": {
        "loc": {
          "start": {
            "line": 38,
            "column": 6
          },
          "end": {
            "line": 39,
            "column": 22
          }
        },
        "type": "if",
        "locations": [
          {
            "start": {
              "line": 38,
              "column": 6
            },
            "end": {
              "line": 39,
              "column": 22
            }
          },
          {
            "start": {},
            "end": {}
          }
        ],
        "line": 38
      },
      "3": {
        "loc": {
          "start": {
            "line": 51,
            "column": 2
          },
          "end": {
            "line": 54,
            "column": 77
          }
        },
        "type": "if",
        "locations": [
          {
            "start": {
              "line": 51,
              "column": 2
            },
            "end": {
              "line": 54,
              "column": 77
            }
          },
          {
            "start": {
              "line": 54,
              "column": 4
            },
            "end": {
              "line": 54,
              "column": 77
            }
          }
        ],
        "line": 51
      },
      "4": {
        "loc": {
          "start": {
            "line": 60,
            "column": 4
          },
          "end": {
            "line": 66,
            "column": 5
          }
        },
        "type": "if",
        "locations": [
          {
            "start": {
              "line": 60,
              "column": 4
            },
            "end": {
              "line": 66,
              "column": 5
            }
          },
          {
            "start": {
              "line": 63,
              "column": 11
            },
            "end": {
              "line": 66,
              "column": 5
            }
          }
        ],
        "line": 60
      },
      "5": {
        "loc": {
          "start": {
            "line": 72,
            "column": 4
          },
          "end": {
            "line": 73,
            "column": 13
          }
        },
        "type": "if",
        "locations": [
          {
            "start": {
              "line": 72,
              "column": 4
            },
            "end": {
              "line": 73,
              "column": 13
            }
          },
          {
            "start": {},
            "end": {}
          }
        ],
        "line": 72
      },
      "6": {
        "loc": {
          "start": {
            "line": 75,
            "column": 4
          },
          "end": {
            "line": 76,
            "column": 31
          }
        },
        "type": "if",
        "locations": [
          {
            "start": {
              "line": 75,
              "column": 4
            },
            "end": {
              "line": 76,
              "column": 31
            }
          },
          {
            "start": {},
            "end": {}
          }
        ],
        "line": 75
      },
      "7": {
        "loc": {
          "start": {
            "line": 97,
            "column": 2
          },
          "end": {
            "line": 98,
            "column": 26
          }
        },
        "type": "if",
        "locations": [
          {
            "start": {
              "line": 97,
              "column": 2
            },
            "end": {
              "line": 98,
              "column": 26
            }
          },
          {
            "start": {},
            "end": {}
          }
        ],
        "line": 97
      },
      "8": {
        "loc": {
          "start": {
            "line": 104,
            "column": 6
          },
          "end": {
            "line": 107,
            "column": 33
          }
        },
        "type": "if",
        "locations": [
          {
            "start": {
              "line": 104,
              "column": 6
            },
            "end": {
              "line": 107,
              "column": 33
            }
          },
          {
            "start": {
              "line": 106,
              "column": 11
            },
            "end": {
              "line": 107,
              "column": 33
            }
          }
        ],
        "line": 104
      },
      "9": {
        "loc": {
          "start": {
            "line": 104,
            "column": 10
          },
          "end": {
            "line": 104,
            "column": 65
          }
        },
        "type": "binary-expr",
        "locations": [
          {
            "start": {
              "line": 104,
              "column": 10
            },
            "end": {
              "line": 104,
              "column": 13
            }
          },
          {
            "start": {
              "line": 104,
              "column": 18
            },
            "end": {
              "line": 104,
              "column": 39
            }
          },
          {
            "start": {
              "line": 104,
              "column": 43
            },
            "end": {
              "line": 104,
              "column": 64
            }
          }
        ],
        "line": 104
      },
      "10": {
        "loc": {
          "start": {
            "line": 106,
            "column": 11
          },
          "end": {
            "line": 107,
            "column": 33
          }
        },
        "type": "if",
        "locations": [
          {
            "start": {
              "line": 106,
              "column": 11
            },
            "end": {
              "line": 107,
              "column": 33
            }
          },
          {
            "start": {},
            "end": {}
          }
        ],
        "line": 106
      },
      "11": {
        "loc": {
          "start": {
            "line": 113,
            "column": 2
          },
          "end": {
            "line": 114,
            "column": 32
          }
        },
        "type": "if",
        "locations": [
          {
            "start": {
              "line": 113,
              "column": 2
            },
            "end": {
              "line": 114,
              "column": 32
            }
          },
          {
            "start": {},
            "end": {}
          }
        ],
        "line": 113
      },
      "12": {
        "loc": {
          "start": {
            "line": 120,
            "column": 6
          },
          "end": {
            "line": 123,
            "column": 33
          }
        },
        "type": "if",
        "locations": [
          {
            "start": {
              "line": 120,
              "column": 6
            },
            "end": {
              "line": 123,
              "column": 33
            }
          },
          {
            "start": {
              "line": 122,
              "column": 11
            },
            "end": {
              "line": 123,
              "column": 33
            }
          }
        ],
        "line": 120
      },
      "13": {
        "loc": {
          "start": {
            "line": 120,
            "column": 10
          },
          "end": {
            "line": 120,
            "column": 65
          }
        },
        "type": "binary-expr",
        "locations": [
          {
            "start": {
              "line": 120,
              "column": 10
            },
            "end": {
              "line": 120,
              "column": 13
            }
          },
          {
            "start": {
              "line": 120,
              "column": 18
            },
            "end": {
              "line": 120,
              "column": 39
            }
          },
          {
            "start": {
              "line": 120,
              "column": 43
            },
            "end": {
              "line": 120,
              "column": 64
            }
          }
        ],
        "line": 120
      },
      "14": {
        "loc": {
          "start": {
            "line": 122,
            "column": 11
          },
          "end": {
            "line": 123,
            "column": 33
          }
        },
        "type": "if",
        "locations": [
          {
            "start": {
              "line": 122,
              "column": 11
            },
            "end": {
              "line": 123,
              "column": 33
            }
          },
          {
            "start": {},
            "end": {}
          }
        ],
        "line": 122
      },
      "15": {
        "loc": {
          "start": {
            "line": 133,
            "column": 6
          },
          "end": {
            "line": 134,
            "column": 21
          }
        },
        "type": "if",
        "locations": [
          {
            "start": {
              "line": 133,
              "column": 6
            },
            "end": {
              "line": 134,
              "column": 21
            }
          },
          {
            "start": {},
            "end": {}
          }
        ],
        "line": 133
      },
      "16": {
        "loc": {
          "start": {
            "line": 133,
            "column": 10
          },
          "end": {
            "line": 133,
            "column": 29
          }
        },
        "type": "binary-expr",
        "locations": [
          {
            "start": {
              "line": 133,
              "column": 10
            },
            "end": {
              "line": 133,
              "column": 15
            }
          },
          {
            "start": {
              "line": 133,
              "column": 19
            },
            "end": {
              "line": 133,
              "column": 29
            }
          }
        ],
        "line": 133
      },
      "17": {
        "loc": {
          "start": {
            "line": 136,
            "column": 6
          },
          "end": {
            "line": 139,
            "column": 33
          }
        },
        "type": "if",
        "locations": [
          {
            "start": {
              "line": 136,
              "column": 6
            },
            "end": {
              "line": 139,
              "column": 33
            }
          },
          {
            "start": {
              "line": 138,
              "column": 11
            },
            "end": {
              "line": 139,
              "column": 33
            }
          }
        ],
        "line": 136
      },
      "18": {
        "loc": {
          "start": {
            "line": 136,
            "column": 10
          },
          "end": {
            "line": 136,
            "column": 65
          }
        },
        "type": "binary-expr",
        "locations": [
          {
            "start": {
              "line": 136,
              "column": 10
            },
            "end": {
              "line": 136,
              "column": 13
            }
          },
          {
            "start": {
              "line": 136,
              "column": 18
            },
            "end": {
              "line": 136,
              "column": 39
            }
          },
          {
            "start": {
              "line": 136,
              "column": 43
            },
            "end": {
              "line": 136,
              "column": 64
            }
          }
        ],
        "line": 136
      },
      "19": {
        "loc": {
          "start": {
            "line": 138,
            "column": 11
          },
          "end": {
            "line": 139,
            "column": 33
          }
        },
        "type": "if",
        "locations": [
          {
            "start": {
              "line": 138,
              "column": 11
            },
            "end": {
              "line": 139,
              "column": 33
            }
          },
          {
            "start": {},
            "end": {}
          }
        ],
        "line": 138
      },
      "20": {
        "loc": {
          "start": {
            "line": 146,
            "column": 2
          },
          "end": {
            "line": 147,
            "column": 32
          }
        },
        "type": "if",
        "locations": [
          {
            "start": {
              "line": 146,
              "column": 2
            },
            "end": {
              "line": 147,
              "column": 32
            }
          },
          {
            "start": {},
            "end": {}
          }
        ],
        "line": 146
      }
    },
    "s": {
      "0": 123,
      "1": 123,
      "2": 123,
      "3": 123,
      "4": 123,
      "5": 123,
      "6": 123,
      "7": 123,
      "8": 123,
      "9": 123,
      "10": 123,
      "11": 123,
      "12": 123,
      "13": 123,
      "14": 123,
      "15": 123,
      "16": 123,
      "17": 123,
      "18": 123,
      "19": 0,
      "20": 0,
      "21": 0,
      "22": 0,
      "23": 0,
      "24": 0,
      "25": 0,
      "26": 0,
      "27": 0,
      "28": 0,
      "29": 0,
      "30": 0,
      "31": 0,
      "32": 0,
      "33": 0,
      "34": 0,
      "35": 0,
      "36": 0,
      "37": 0,
      "38": 0,
      "39": 0,
      "40": 0,
      "41": 4,
      "42": 0,
      "43": 0,
      "44": 0,
      "45": 0,
      "46": 1,
      "47": 1,
      "48": 1,
      "49": 0,
      "50": 0,
      "51": 3,
      "52": 0,
      "53": 3,
      "54": 3,
      "55": 3,
      "56": 0,
      "57": 3,
      "58": 3,
      "59": 1,
      "60": 0,
      "61": 1,
      "62": 1,
      "63": 0,
      "64": 0,
      "65": 0,
      "66": 0,
      "67": 3,
      "68": 3,
      "69": 3,
      "70": 1,
      "71": 3,
      "72": 0,
      "73": 3,
      "74": 3,
      "75": 1,
      "76": 1,
      "77": 0
    },
    "f": {
      "0": 0,
      "1": 0,
      "2": 0,
      "3": 0,
      "4": 0,
      "5": 0,
      "6": 4,
      "7": 0,
      "8": 1,
      "9": 0,
      "10": 0,
      "11": 3,
      "12": 3,
      "13": 3,
      "14": 1,
      "15": 1,
      "16": 0,
      "17": 3,
      "18": 3,
      "19": 3,
      "20": 1
    },
    "b": {
      "0": [
        0,
        0
      ],
      "1": [
        0,
        0
      ],
      "2": [
        0,
        0
      ],
      "3": [
        0,
        0
      ],
      "4": [
        0,
        0
      ],
      "5": [
        0,
        0
      ],
      "6": [
        0,
        0
      ],
      "7": [
        0,
        3
      ],
      "8": [
        0,
        3
      ],
      "9": [
        3,
        2,
        2
      ],
      "10": [
        3,
        0
      ],
      "11": [
        0,
        1
      ],
      "12": [
        0,
        0
      ],
      "13": [
        0,
        0,
        0
      ],
      "14": [
        0,
        0
      ],
      "15": [
        1,
        2
      ],
      "16": [
        3,
        1
      ],
      "17": [
        0,
        3
      ],
      "18": [
        3,
        2,
        2
      ],
      "19": [
        3,
        0
      ],
      "20": [
        0,
        1
      ]
    },
    "_coverageSchema": "1a1c01bbd47fc00a2c39e90264f33305004495a9",
    "hash": "81a59af2fd36ac84519b49261fab862e2c4bc28e"
  },
  "C:\\Users\\DELL\\Documents\\FYP\\Part 2\\Continuation Version\\UnitGen_Final_Completed_Version\\backend\\benchmark_packages\\node-graceful-fs\\polyfills.js": {
    "path": "C:\\Users\\DELL\\Documents\\FYP\\Part 2\\Continuation Version\\UnitGen_Final_Completed_Version\\backend\\benchmark_packages\\node-graceful-fs\\polyfills.js",
    "statementMap": {
      "0": {
        "start": {
          "line": 1,
          "column": 9
        },
        "end": {
          "line": 1,
          "column": 27
        }
      },
      "1": {
        "start": {
          "line": 2,
          "column": 16
        },
        "end": {
          "line": 2,
          "column": 36
        }
      },
      "2": {
        "start": {
          "line": 4,
          "column": 14
        },
        "end": {
          "line": 4,
          "column": 25
        }
      },
      "3": {
        "start": {
          "line": 5,
          "column": 10
        },
        "end": {
          "line": 5,
          "column": 14
        }
      },
      "4": {
        "start": {
          "line": 6,
          "column": 0
        },
        "end": {
          "line": 10,
          "column": 1
        }
      },
      "5": {
        "start": {
          "line": 7,
          "column": 2
        },
        "end": {
          "line": 8,
          "column": 31
        }
      },
      "6": {
        "start": {
          "line": 8,
          "column": 4
        },
        "end": {
          "line": 8,
          "column": 31
        }
      },
      "7": {
        "start": {
          "line": 9,
          "column": 2
        },
        "end": {
          "line": 9,
          "column": 12
        }
      },
      "8": {
        "start": {
          "line": 11,
          "column": 12
        },
        "end": {
          "line": 11,
          "column": 25
        }
      },
      "9": {
        "start": {
          "line": 12,
          "column": 0
        },
        "end": {
          "line": 15,
          "column": 1
        }
      },
      "10": {
        "start": {
          "line": 13,
          "column": 2
        },
        "end": {
          "line": 13,
          "column": 12
        }
      },
      "11": {
        "start": {
          "line": 14,
          "column": 2
        },
        "end": {
          "line": 14,
          "column": 24
        }
      },
      "12": {
        "start": {
          "line": 21,
          "column": 0
        },
        "end": {
          "line": 62,
          "column": 1
        }
      },
      "13": {
        "start": {
          "line": 23,
          "column": 2
        },
        "end": {
          "line": 41,
          "column": 3
        }
      },
      "14": {
        "start": {
          "line": 24,
          "column": 4
        },
        "end": {
          "line": 24,
          "column": 31
        }
      },
      "15": {
        "start": {
          "line": 25,
          "column": 4
        },
        "end": {
          "line": 40,
          "column": 6
        }
      },
      "16": {
        "start": {
          "line": 29,
          "column": 6
        },
        "end": {
          "line": 32,
          "column": 7
        }
      },
      "17": {
        "start": {
          "line": 30,
          "column": 8
        },
        "end": {
          "line": 30,
          "column": 21
        }
      },
      "18": {
        "start": {
          "line": 31,
          "column": 8
        },
        "end": {
          "line": 31,
          "column": 14
        }
      },
      "19": {
        "start": {
          "line": 35,
          "column": 6
        },
        "end": {
          "line": 39,
          "column": 8
        }
      },
      "20": {
        "start": {
          "line": 36,
          "column": 8
        },
        "end": {
          "line": 38,
          "column": 10
        }
      },
      "21": {
        "start": {
          "line": 37,
          "column": 10
        },
        "end": {
          "line": 37,
          "column": 31
        }
      },
      "22": {
        "start": {
          "line": 43,
          "column": 2
        },
        "end": {
          "line": 61,
          "column": 3
        }
      },
      "23": {
        "start": {
          "line": 44,
          "column": 13
        },
        "end": {
          "line": 44,
          "column": 78
        }
      },
      "24": {
        "start": {
          "line": 49,
          "column": 4
        },
        "end": {
          "line": 53,
          "column": 5
        }
      },
      "25": {
        "start": {
          "line": 50,
          "column": 16
        },
        "end": {
          "line": 50,
          "column": 39
        }
      },
      "26": {
        "start": {
          "line": 52,
          "column": 6
        },
        "end": {
          "line": 52,
          "column": 14
        }
      },
      "27": {
        "start": {
          "line": 54,
          "column": 4
        },
        "end": {
          "line": 58,
          "column": 5
        }
      },
      "28": {
        "start": {
          "line": 55,
          "column": 6
        },
        "end": {
          "line": 55,
          "column": 22
        }
      },
      "29": {
        "start": {
          "line": 57,
          "column": 6
        },
        "end": {
          "line": 57,
          "column": 15
        }
      },
      "30": {
        "start": {
          "line": 59,
          "column": 4
        },
        "end": {
          "line": 59,
          "column": 40
        }
      },
      "31": {
        "start": {
          "line": 59,
          "column": 21
        },
        "end": {
          "line": 59,
          "column": 40
        }
      },
      "32": {
        "start": {
          "line": 60,
          "column": 4
        },
        "end": {
          "line": 60,
          "column": 14
        }
      },
      "33": {
        "start": {
          "line": 66,
          "column": 0
        },
        "end": {
          "line": 104,
          "column": 1
        }
      },
      "34": {
        "start": {
          "line": 67,
          "column": 2
        },
        "end": {
          "line": 103,
          "column": 3
        }
      },
      "35": {
        "start": {
          "line": 68,
          "column": 4
        },
        "end": {
          "line": 78,
          "column": 5
        }
      },
      "36": {
        "start": {
          "line": 69,
          "column": 6
        },
        "end": {
          "line": 77,
          "column": 8
        }
      },
      "37": {
        "start": {
          "line": 70,
          "column": 8
        },
        "end": {
          "line": 70,
          "column": 23
        }
      },
      "38": {
        "start": {
          "line": 71,
          "column": 8
        },
        "end": {
          "line": 71,
          "column": 29
        }
      },
      "39": {
        "start": {
          "line": 71,
          "column": 16
        },
        "end": {
          "line": 71,
          "column": 29
        }
      },
      "40": {
        "start": {
          "line": 72,
          "column": 8
        },
        "end": {
          "line": 76,
          "column": 10
        }
      },
      "41": {
        "start": {
          "line": 73,
          "column": 10
        },
        "end": {
          "line": 75,
          "column": 12
        }
      },
      "42": {
        "start": {
          "line": 74,
          "column": 12
        },
        "end": {
          "line": 74,
          "column": 32
        }
      },
      "43": {
        "start": {
          "line": 80,
          "column": 4
        },
        "end": {
          "line": 98,
          "column": 5
        }
      },
      "44": {
        "start": {
          "line": 81,
          "column": 15
        },
        "end": {
          "line": 81,
          "column": 53
        }
      },
      "45": {
        "start": {
          "line": 86,
          "column": 6
        },
        "end": {
          "line": 90,
          "column": 7
        }
      },
      "46": {
        "start": {
          "line": 87,
          "column": 18
        },
        "end": {
          "line": 87,
          "column": 44
        }
      },
      "47": {
        "start": {
          "line": 89,
          "column": 8
        },
        "end": {
          "line": 89,
          "column": 16
        }
      },
      "48": {
        "start": {
          "line": 91,
          "column": 6
        },
        "end": {
          "line": 95,
          "column": 7
        }
      },
      "49": {
        "start": {
          "line": 92,
          "column": 8
        },
        "end": {
          "line": 92,
          "column": 24
        }
      },
      "50": {
        "start": {
          "line": 94,
          "column": 8
        },
        "end": {
          "line": 94,
          "column": 17
        }
      },
      "51": {
        "start": {
          "line": 96,
          "column": 6
        },
        "end": {
          "line": 96,
          "column": 42
        }
      },
      "52": {
        "start": {
          "line": 96,
          "column": 23
        },
        "end": {
          "line": 96,
          "column": 42
        }
      },
      "53": {
        "start": {
          "line": 97,
          "column": 6
        },
        "end": {
          "line": 97,
          "column": 16
        }
      },
      "54": {
        "start": {
          "line": 101,
          "column": 4
        },
        "end": {
          "line": 101,
          "column": 67
        }
      },
      "55": {
        "start": {
          "line": 101,
          "column": 45
        },
        "end": {
          "line": 101,
          "column": 65
        }
      },
      "56": {
        "start": {
          "line": 102,
          "column": 4
        },
        "end": {
          "line": 102,
          "column": 35
        }
      },
      "57": {
        "start": {
          "line": 112,
          "column": 0
        },
        "end": {
          "line": 112,
          "column": 29
        }
      },
      "58": {
        "start": {
          "line": 113,
          "column": 0
        },
        "end": {
          "line": 113,
          "column": 31
        }
      },
      "59": {
        "start": {
          "line": 114,
          "column": 0
        },
        "end": {
          "line": 114,
          "column": 31
        }
      },
      "60": {
        "start": {
          "line": 116,
          "column": 0
        },
        "end": {
          "line": 116,
          "column": 29
        }
      },
      "61": {
        "start": {
          "line": 117,
          "column": 0
        },
        "end": {
          "line": 117,
          "column": 31
        }
      },
      "62": {
        "start": {
          "line": 118,
          "column": 0
        },
        "end": {
          "line": 118,
          "column": 31
        }
      },
      "63": {
        "start": {
          "line": 120,
          "column": 0
        },
        "end": {
          "line": 120,
          "column": 41
        }
      },
      "64": {
        "start": {
          "line": 121,
          "column": 0
        },
        "end": {
          "line": 121,
          "column": 43
        }
      },
      "65": {
        "start": {
          "line": 122,
          "column": 0
        },
        "end": {
          "line": 122,
          "column": 43
        }
      },
      "66": {
        "start": {
          "line": 124,
          "column": 0
        },
        "end": {
          "line": 124,
          "column": 37
        }
      },
      "67": {
        "start": {
          "line": 125,
          "column": 0
        },
        "end": {
          "line": 125,
          "column": 39
        }
      },
      "68": {
        "start": {
          "line": 126,
          "column": 0
        },
        "end": {
          "line": 126,
          "column": 39
        }
      },
      "69": {
        "start": {
          "line": 129,
          "column": 2
        },
        "end": {
          "line": 129,
          "column": 24
        }
      },
      "70": {
        "start": {
          "line": 129,
          "column": 13
        },
        "end": {
          "line": 129,
          "column": 24
        }
      },
      "71": {
        "start": {
          "line": 130,
          "column": 2
        },
        "end": {
          "line": 135,
          "column": 3
        }
      },
      "72": {
        "start": {
          "line": 131,
          "column": 4
        },
        "end": {
          "line": 134,
          "column": 6
        }
      },
      "73": {
        "start": {
          "line": 132,
          "column": 6
        },
        "end": {
          "line": 132,
          "column": 34
        }
      },
      "74": {
        "start": {
          "line": 132,
          "column": 25
        },
        "end": {
          "line": 132,
          "column": 34
        }
      },
      "75": {
        "start": {
          "line": 133,
          "column": 6
        },
        "end": {
          "line": 133,
          "column": 17
        }
      },
      "76": {
        "start": {
          "line": 139,
          "column": 2
        },
        "end": {
          "line": 139,
          "column": 24
        }
      },
      "77": {
        "start": {
          "line": 139,
          "column": 13
        },
        "end": {
          "line": 139,
          "column": 24
        }
      },
      "78": {
        "start": {
          "line": 140,
          "column": 2
        },
        "end": {
          "line": 146,
          "column": 3
        }
      },
      "79": {
        "start": {
          "line": 141,
          "column": 4
        },
        "end": {
          "line": 145,
          "column": 5
        }
      },
      "80": {
        "start": {
          "line": 142,
          "column": 6
        },
        "end": {
          "line": 142,
          "column": 44
        }
      },
      "81": {
        "start": {
          "line": 144,
          "column": 6
        },
        "end": {
          "line": 144,
          "column": 34
        }
      },
      "82": {
        "start": {
          "line": 144,
          "column": 26
        },
        "end": {
          "line": 144,
          "column": 34
        }
      },
      "83": {
        "start": {
          "line": 162,
          "column": 2
        },
        "end": {
          "line": 163,
          "column": 15
        }
      },
      "84": {
        "start": {
          "line": 163,
          "column": 4
        },
        "end": {
          "line": 163,
          "column": 15
        }
      },
      "85": {
        "start": {
          "line": 165,
          "column": 2
        },
        "end": {
          "line": 166,
          "column": 15
        }
      },
      "86": {
        "start": {
          "line": 166,
          "column": 4
        },
        "end": {
          "line": 166,
          "column": 15
        }
      },
      "87": {
        "start": {
          "line": 168,
          "column": 16
        },
        "end": {
          "line": 168,
          "column": 57
        }
      },
      "88": {
        "start": {
          "line": 169,
          "column": 2
        },
        "end": {
          "line": 172,
          "column": 3
        }
      },
      "89": {
        "start": {
          "line": 170,
          "column": 4
        },
        "end": {
          "line": 171,
          "column": 17
        }
      },
      "90": {
        "start": {
          "line": 171,
          "column": 6
        },
        "end": {
          "line": 171,
          "column": 17
        }
      },
      "91": {
        "start": {
          "line": 174,
          "column": 2
        },
        "end": {
          "line": 174,
          "column": 14
        }
      },
      "92": {
        "start": {
          "line": 179,
          "column": 0
        },
        "end": {
          "line": 184,
          "column": 1
        }
      },
      "93": {
        "start": {
          "line": 180,
          "column": 2
        },
        "end": {
          "line": 182,
          "column": 3
        }
      },
      "94": {
        "start": {
          "line": 181,
          "column": 4
        },
        "end": {
          "line": 181,
          "column": 24
        }
      },
      "95": {
        "start": {
          "line": 183,
          "column": 2
        },
        "end": {
          "line": 183,
          "column": 32
        }
      },
      "96": {
        "start": {
          "line": 185,
          "column": 0
        },
        "end": {
          "line": 190,
          "column": 1
        }
      },
      "97": {
        "start": {
          "line": 186,
          "column": 2
        },
        "end": {
          "line": 188,
          "column": 3
        }
      },
      "98": {
        "start": {
          "line": 187,
          "column": 4
        },
        "end": {
          "line": 187,
          "column": 24
        }
      },
      "99": {
        "start": {
          "line": 189,
          "column": 2
        },
        "end": {
          "line": 189,
          "column": 32
        }
      },
      "100": {
        "start": {
          "line": 197,
          "column": 0
        },
        "end": {
          "line": 210,
          "column": 1
        }
      },
      "101": {
        "start": {
          "line": 198,
          "column": 16
        },
        "end": {
          "line": 198,
          "column": 25
        }
      },
      "102": {
        "start": {
          "line": 199,
          "column": 2
        },
        "end": {
          "line": 209,
          "column": 3
        }
      },
      "103": {
        "start": {
          "line": 200,
          "column": 16
        },
        "end": {
          "line": 200,
          "column": 26
        }
      },
      "104": {
        "start": {
          "line": 201,
          "column": 4
        },
        "end": {
          "line": 208,
          "column": 6
        }
      },
      "105": {
        "start": {
          "line": 202,
          "column": 6
        },
        "end": {
          "line": 206,
          "column": 7
        }
      },
      "106": {
        "start": {
          "line": 205,
          "column": 8
        },
        "end": {
          "line": 205,
          "column": 36
        }
      },
      "107": {
        "start": {
          "line": 207,
          "column": 6
        },
        "end": {
          "line": 207,
          "column": 19
        }
      },
      "108": {
        "start": {
          "line": 207,
          "column": 13
        },
        "end": {
          "line": 207,
          "column": 19
        }
      },
      "109": {
        "start": {
          "line": 214,
          "column": 11
        },
        "end": {
          "line": 214,
          "column": 18
        }
      },
      "110": {
        "start": {
          "line": 215,
          "column": 0
        },
        "end": {
          "line": 228,
          "column": 1
        }
      },
      "111": {
        "start": {
          "line": 217,
          "column": 2
        },
        "end": {
          "line": 226,
          "column": 3
        }
      },
      "112": {
        "start": {
          "line": 218,
          "column": 21
        },
        "end": {
          "line": 218,
          "column": 22
        }
      },
      "113": {
        "start": {
          "line": 219,
          "column": 4
        },
        "end": {
          "line": 225,
          "column": 5
        }
      },
      "114": {
        "start": {
          "line": 220,
          "column": 6
        },
        "end": {
          "line": 223,
          "column": 7
        }
      },
      "115": {
        "start": {
          "line": 221,
          "column": 8
        },
        "end": {
          "line": 221,
          "column": 21
        }
      },
      "116": {
        "start": {
          "line": 222,
          "column": 8
        },
        "end": {
          "line": 222,
          "column": 76
        }
      },
      "117": {
        "start": {
          "line": 224,
          "column": 6
        },
        "end": {
          "line": 224,
          "column": 38
        }
      },
      "118": {
        "start": {
          "line": 227,
          "column": 2
        },
        "end": {
          "line": 227,
          "column": 70
        }
      },
      "119": {
        "start": {
          "line": 230,
          "column": 15
        },
        "end": {
          "line": 230,
          "column": 26
        }
      },
      "120": {
        "start": {
          "line": 231,
          "column": 0
        },
        "end": {
          "line": 244,
          "column": 1
        }
      },
      "121": {
        "start": {
          "line": 232,
          "column": 19
        },
        "end": {
          "line": 232,
          "column": 20
        }
      },
      "122": {
        "start": {
          "line": 233,
          "column": 2
        },
        "end": {
          "line": 243,
          "column": 3
        }
      },
      "123": {
        "start": {
          "line": 234,
          "column": 4
        },
        "end": {
          "line": 242,
          "column": 5
        }
      },
      "124": {
        "start": {
          "line": 235,
          "column": 6
        },
        "end": {
          "line": 235,
          "column": 68
        }
      },
      "125": {
        "start": {
          "line": 237,
          "column": 6
        },
        "end": {
          "line": 240,
          "column": 7
        }
      },
      "126": {
        "start": {
          "line": 238,
          "column": 8
        },
        "end": {
          "line": 238,
          "column": 21
        }
      },
      "127": {
        "start": {
          "line": 239,
          "column": 8
        },
        "end": {
          "line": 239,
          "column": 16
        }
      },
      "128": {
        "start": {
          "line": 241,
          "column": 6
        },
        "end": {
          "line": 241,
          "column": 14
        }
      }
    },
    "fnMap": {
      "0": {
        "name": "(anonymous_0)",
        "decl": {
          "start": {
            "line": 6,
            "column": 14
          },
          "end": {
            "line": 6,
            "column": 15
          }
        },
        "loc": {
          "start": {
            "line": 6,
            "column": 25
          },
          "end": {
            "line": 10,
            "column": 1
          }
        },
        "line": 6
      },
      "1": {
        "name": "(anonymous_1)",
        "decl": {
          "start": {
            "line": 12,
            "column": 16
          },
          "end": {
            "line": 12,
            "column": 17
          }
        },
        "loc": {
          "start": {
            "line": 12,
            "column": 28
          },
          "end": {
            "line": 15,
            "column": 1
          }
        },
        "line": 12
      },
      "2": {
        "name": "(anonymous_2)",
        "decl": {
          "start": {
            "line": 23,
            "column": 14
          },
          "end": {
            "line": 23,
            "column": 15
          }
        },
        "loc": {
          "start": {
            "line": 23,
            "column": 46
          },
          "end": {
            "line": 41,
            "column": 3
          }
        },
        "line": 23
      },
      "3": {
        "name": "(anonymous_3)",
        "decl": {
          "start": {
            "line": 28,
            "column": 13
          },
          "end": {
            "line": 28,
            "column": 14
          }
        },
        "loc": {
          "start": {
            "line": 28,
            "column": 32
          },
          "end": {
            "line": 40,
            "column": 5
          }
        },
        "line": 28
      },
      "4": {
        "name": "(anonymous_4)",
        "decl": {
          "start": {
            "line": 35,
            "column": 26
          },
          "end": {
            "line": 35,
            "column": 27
          }
        },
        "loc": {
          "start": {
            "line": 35,
            "column": 41
          },
          "end": {
            "line": 39,
            "column": 7
          }
        },
        "line": 35
      },
      "5": {
        "name": "(anonymous_5)",
        "decl": {
          "start": {
            "line": 36,
            "column": 21
          },
          "end": {
            "line": 36,
            "column": 22
          }
        },
        "loc": {
          "start": {
            "line": 36,
            "column": 36
          },
          "end": {
            "line": 38,
            "column": 9
          }
        },
        "line": 36
      },
      "6": {
        "name": "(anonymous_6)",
        "decl": {
          "start": {
            "line": 43,
            "column": 18
          },
          "end": {
            "line": 43,
            "column": 19
          }
        },
        "loc": {
          "start": {
            "line": 43,
            "column": 40
          },
          "end": {
            "line": 61,
            "column": 3
          }
        },
        "line": 43
      },
      "7": {
        "name": "(anonymous_7)",
        "decl": {
          "start": {
            "line": 68,
            "column": 17
          },
          "end": {
            "line": 68,
            "column": 18
          }
        },
        "loc": {
          "start": {
            "line": 68,
            "column": 45
          },
          "end": {
            "line": 78,
            "column": 5
          }
        },
        "line": 68
      },
      "8": {
        "name": "(anonymous_8)",
        "decl": {
          "start": {
            "line": 69,
            "column": 41
          },
          "end": {
            "line": 69,
            "column": 42
          }
        },
        "loc": {
          "start": {
            "line": 69,
            "column": 59
          },
          "end": {
            "line": 77,
            "column": 7
          }
        },
        "line": 69
      },
      "9": {
        "name": "(anonymous_9)",
        "decl": {
          "start": {
            "line": 72,
            "column": 31
          },
          "end": {
            "line": 72,
            "column": 32
          }
        },
        "loc": {
          "start": {
            "line": 72,
            "column": 45
          },
          "end": {
            "line": 76,
            "column": 9
          }
        },
        "line": 72
      },
      "10": {
        "name": "(anonymous_10)",
        "decl": {
          "start": {
            "line": 73,
            "column": 23
          },
          "end": {
            "line": 73,
            "column": 24
          }
        },
        "loc": {
          "start": {
            "line": 73,
            "column": 38
          },
          "end": {
            "line": 75,
            "column": 11
          }
        },
        "line": 73
      },
      "11": {
        "name": "(anonymous_11)",
        "decl": {
          "start": {
            "line": 80,
            "column": 21
          },
          "end": {
            "line": 80,
            "column": 22
          }
        },
        "loc": {
          "start": {
            "line": 80,
            "column": 45
          },
          "end": {
            "line": 98,
            "column": 5
          }
        },
        "line": 80
      },
      "12": {
        "name": "(anonymous_12)",
        "decl": {
          "start": {
            "line": 101,
            "column": 17
          },
          "end": {
            "line": 101,
            "column": 18
          }
        },
        "loc": {
          "start": {
            "line": 101,
            "column": 43
          },
          "end": {
            "line": 101,
            "column": 67
          }
        },
        "line": 101
      },
      "13": {
        "name": "(anonymous_13)",
        "decl": {
          "start": {
            "line": 102,
            "column": 21
          },
          "end": {
            "line": 102,
            "column": 22
          }
        },
        "loc": {
          "start": {
            "line": 102,
            "column": 33
          },
          "end": {
            "line": 102,
            "column": 35
          }
        },
        "line": 102
      },
      "14": {
        "name": "chownFix",
        "decl": {
          "start": {
            "line": 128,
            "column": 9
          },
          "end": {
            "line": 128,
            "column": 17
          }
        },
        "loc": {
          "start": {
            "line": 128,
            "column": 25
          },
          "end": {
            "line": 136,
            "column": 1
          }
        },
        "line": 128
      },
      "15": {
        "name": "(anonymous_15)",
        "decl": {
          "start": {
            "line": 130,
            "column": 9
          },
          "end": {
            "line": 130,
            "column": 10
          }
        },
        "loc": {
          "start": {
            "line": 130,
            "column": 41
          },
          "end": {
            "line": 135,
            "column": 3
          }
        },
        "line": 130
      },
      "16": {
        "name": "(anonymous_16)",
        "decl": {
          "start": {
            "line": 131,
            "column": 43
          },
          "end": {
            "line": 131,
            "column": 44
          }
        },
        "loc": {
          "start": {
            "line": 131,
            "column": 62
          },
          "end": {
            "line": 134,
            "column": 5
          }
        },
        "line": 131
      },
      "17": {
        "name": "chownFixSync",
        "decl": {
          "start": {
            "line": 138,
            "column": 9
          },
          "end": {
            "line": 138,
            "column": 21
          }
        },
        "loc": {
          "start": {
            "line": 138,
            "column": 29
          },
          "end": {
            "line": 147,
            "column": 1
          }
        },
        "line": 138
      },
      "18": {
        "name": "(anonymous_18)",
        "decl": {
          "start": {
            "line": 140,
            "column": 9
          },
          "end": {
            "line": 140,
            "column": 10
          }
        },
        "loc": {
          "start": {
            "line": 140,
            "column": 37
          },
          "end": {
            "line": 146,
            "column": 3
          }
        },
        "line": 140
      },
      "19": {
        "name": "chownErOk",
        "decl": {
          "start": {
            "line": 161,
            "column": 9
          },
          "end": {
            "line": 161,
            "column": 18
          }
        },
        "loc": {
          "start": {
            "line": 161,
            "column": 24
          },
          "end": {
            "line": 175,
            "column": 1
          }
        },
        "line": 161
      },
      "20": {
        "name": "(anonymous_20)",
        "decl": {
          "start": {
            "line": 180,
            "column": 14
          },
          "end": {
            "line": 180,
            "column": 15
          }
        },
        "loc": {
          "start": {
            "line": 180,
            "column": 40
          },
          "end": {
            "line": 182,
            "column": 3
          }
        },
        "line": 180
      },
      "21": {
        "name": "(anonymous_21)",
        "decl": {
          "start": {
            "line": 183,
            "column": 18
          },
          "end": {
            "line": 183,
            "column": 19
          }
        },
        "loc": {
          "start": {
            "line": 183,
            "column": 30
          },
          "end": {
            "line": 183,
            "column": 32
          }
        },
        "line": 183
      },
      "22": {
        "name": "(anonymous_22)",
        "decl": {
          "start": {
            "line": 186,
            "column": 14
          },
          "end": {
            "line": 186,
            "column": 15
          }
        },
        "loc": {
          "start": {
            "line": 186,
            "column": 44
          },
          "end": {
            "line": 188,
            "column": 3
          }
        },
        "line": 186
      },
      "23": {
        "name": "(anonymous_23)",
        "decl": {
          "start": {
            "line": 189,
            "column": 18
          },
          "end": {
            "line": 189,
            "column": 19
          }
        },
        "loc": {
          "start": {
            "line": 189,
            "column": 30
          },
          "end": {
            "line": 189,
            "column": 32
          }
        },
        "line": 189
      },
      "24": {
        "name": "rename",
        "decl": {
          "start": {
            "line": 199,
            "column": 23
          },
          "end": {
            "line": 199,
            "column": 29
          }
        },
        "loc": {
          "start": {
            "line": 199,
            "column": 45
          },
          "end": {
            "line": 209,
            "column": 3
          }
        },
        "line": 199
      },
      "25": {
        "name": "CB",
        "decl": {
          "start": {
            "line": 201,
            "column": 31
          },
          "end": {
            "line": 201,
            "column": 33
          }
        },
        "loc": {
          "start": {
            "line": 201,
            "column": 39
          },
          "end": {
            "line": 208,
            "column": 5
          }
        },
        "line": 201
      },
      "26": {
        "name": "(anonymous_26)",
        "decl": {
          "start": {
            "line": 215,
            "column": 10
          },
          "end": {
            "line": 215,
            "column": 11
          }
        },
        "loc": {
          "start": {
            "line": 215,
            "column": 69
          },
          "end": {
            "line": 228,
            "column": 1
          }
        },
        "line": 215
      },
      "27": {
        "name": "(anonymous_27)",
        "decl": {
[...]
            },
            "end": {
              "line": 96,
              "column": 42
            }
          },
          {
            "start": {},
            "end": {}
          }
        ],
        "line": 96
      },
      "15": {
        "loc": {
          "start": {
            "line": 96,
            "column": 10
          },
          "end": {
            "line": 96,
            "column": 21
          }
        },
        "type": "binary-expr",
        "locations": [
          {
            "start": {
              "line": 96,
              "column": 10
            },
            "end": {
              "line": 96,
              "column": 13
            }
          },
          {
            "start": {
              "line": 96,
              "column": 17
            },
            "end": {
              "line": 96,
              "column": 21
            }
          }
        ],
        "line": 96
      },
      "16": {
        "loc": {
          "start": {
            "line": 96,
            "column": 30
          },
          "end": {
            "line": 96,
            "column": 41
          }
        },
        "type": "binary-expr",
        "locations": [
          {
            "start": {
              "line": 96,
              "column": 30
            },
            "end": {
              "line": 96,
              "column": 33
            }
          },
          {
            "start": {
              "line": 96,
              "column": 37
            },
            "end": {
              "line": 96,
              "column": 41
            }
          }
        ],
        "line": 96
      },
      "17": {
        "loc": {
          "start": {
            "line": 129,
            "column": 2
          },
          "end": {
            "line": 129,
            "column": 24
          }
        },
        "type": "if",
        "locations": [
          {
            "start": {
              "line": 129,
              "column": 2
            },
            "end": {
              "line": 129,
              "column": 24
            }
          },
          {
            "start": {},
            "end": {}
          }
        ],
        "line": 129
      },
      "18": {
        "loc": {
          "start": {
            "line": 132,
            "column": 6
          },
          "end": {
            "line": 132,
            "column": 34
          }
        },
        "type": "if",
        "locations": [
          {
            "start": {
              "line": 132,
              "column": 6
            },
            "end": {
              "line": 132,
              "column": 34
            }
          },
          {
            "start": {},
            "end": {}
          }
        ],
        "line": 132
      },
      "19": {
        "loc": {
          "start": {
            "line": 139,
            "column": 2
          },
          "end": {
            "line": 139,
            "column": 24
          }
        },
        "type": "if",
        "locations": [
          {
            "start": {
              "line": 139,
              "column": 2
            },
            "end": {
              "line": 139,
              "column": 24
            }
          },
          {
            "start": {},
            "end": {}
          }
        ],
        "line": 139
      },
      "20": {
        "loc": {
          "start": {
            "line": 144,
            "column": 6
          },
          "end": {
            "line": 144,
            "column": 34
          }
        },
        "type": "if",
        "locations": [
          {
            "start": {
              "line": 144,
              "column": 6
            },
            "end": {
              "line": 144,
              "column": 34
            }
          },
          {
            "start": {},
            "end": {}
          }
        ],
        "line": 144
      },
      "21": {
        "loc": {
          "start": {
            "line": 162,
            "column": 2
          },
          "end": {
            "line": 163,
            "column": 15
          }
        },
        "type": "if",
        "locations": [
          {
            "start": {
              "line": 162,
              "column": 2
            },
            "end": {
              "line": 163,
              "column": 15
            }
          },
          {
            "start": {},
            "end": {}
          }
        ],
        "line": 162
      },
      "22": {
        "loc": {
          "start": {
            "line": 165,
            "column": 2
          },
          "end": {
            "line": 166,
            "column": 15
          }
        },
        "type": "if",
        "locations": [
          {
            "start": {
              "line": 165,
              "column": 2
            },
            "end": {
              "line": 166,
              "column": 15
            }
          },
          {
            "start": {},
            "end": {}
          }
        ],
        "line": 165
      },
      "23": {
        "loc": {
          "start": {
            "line": 168,
            "column": 16
          },
          "end": {
            "line": 168,
            "column": 57
          }
        },
        "type": "binary-expr",
        "locations": [
          {
            "start": {
              "line": 168,
              "column": 16
            },
            "end": {
              "line": 168,
              "column": 31
            }
          },
          {
            "start": {
              "line": 168,
              "column": 35
            },
            "end": {
              "line": 168,
              "column": 57
            }
          }
        ],
        "line": 168
      },
      "24": {
        "loc": {
          "start": {
            "line": 169,
            "column": 2
          },
          "end": {
            "line": 172,
            "column": 3
          }
        },
        "type": "if",
        "locations": [
          {
            "start": {
              "line": 169,
              "column": 2
            },
            "end": {
              "line": 172,
              "column": 3
            }
          },
          {
            "start": {},
            "end": {}
          }
        ],
        "line": 169
      },
      "25": {
        "loc": {
          "start": {
            "line": 170,
            "column": 4
          },
          "end": {
            "line": 171,
            "column": 17
          }
        },
        "type": "if",
        "locations": [
          {
            "start": {
              "line": 170,
              "column": 4
            },
            "end": {
              "line": 171,
              "column": 17
            }
          },
          {
            "start": {},
            "end": {}
          }
        ],
        "line": 170
      },
      "26": {
        "loc": {
          "start": {
            "line": 170,
            "column": 8
          },
          "end": {
            "line": 170,
            "column": 51
          }
        },
        "type": "binary-expr",
        "locations": [
          {
            "start": {
              "line": 170,
              "column": 8
            },
            "end": {
              "line": 170,
              "column": 28
            }
          },
          {
            "start": {
              "line": 170,
              "column": 32
            },
            "end": {
              "line": 170,
              "column": 51
            }
          }
        ],
        "line": 170
      },
      "27": {
        "loc": {
          "start": {
            "line": 179,
            "column": 0
          },
          "end": {
            "line": 184,
            "column": 1
          }
        },
        "type": "if",
        "locations": [
          {
            "start": {
              "line": 179,
              "column": 0
            },
            "end": {
              "line": 184,
              "column": 1
            }
          },
          {
            "start": {},
            "end": {}
          }
        ],
        "line": 179
      },
      "28": {
        "loc": {
          "start": {
            "line": 185,
            "column": 0
          },
          "end": {
            "line": 190,
            "column": 1
          }
        },
        "type": "if",
        "locations": [
          {
            "start": {
              "line": 185,
              "column": 0
            },
            "end": {
              "line": 190,
              "column": 1
            }
          },
          {
            "start": {},
            "end": {}
          }
        ],
        "line": 185
      },
      "29": {
        "loc": {
          "start": {
            "line": 197,
            "column": 0
          },
          "end": {
            "line": 210,
            "column": 1
          }
        },
        "type": "if",
        "locations": [
          {
            "start": {
              "line": 197,
              "column": 0
            },
            "end": {
              "line": 210,
              "column": 1
            }
          },
          {
            "start": {},
            "end": {}
          }
        ],
        "line": 197
      },
      "30": {
        "loc": {
          "start": {
            "line": 202,
            "column": 6
          },
          "end": {
            "line": 206,
            "column": 7
          }
        },
        "type": "if",
        "locations": [
          {
            "start": {
              "line": 202,
              "column": 6
            },
            "end": {
              "line": 206,
              "column": 7
            }
          },
          {
            "start": {},
            "end": {}
          }
        ],
        "line": 202
      },
      "31": {
        "loc": {
          "start": {
            "line": 202,
            "column": 10
          },
          "end": {
            "line": 204,
            "column": 38
          }
        },
        "type": "binary-expr",
        "locations": [
          {
            "start": {
              "line": 202,
              "column": 10
            },
            "end": {
              "line": 202,
              "column": 12
            }
          },
          {
            "start": {
              "line": 203,
              "column": 14
            },
            "end": {
              "line": 203,
              "column": 34
            }
          },
          {
            "start": {
              "line": 203,
              "column": 38
            },
            "end": {
              "line": 203,
              "column": 57
            }
          },
          {
            "start": {
              "line": 204,
              "column": 13
            },
            "end": {
              "line": 204,
              "column": 38
            }
          }
        ],
        "line": 202
      },
      "32": {
        "loc": {
          "start": {
            "line": 207,
            "column": 6
          },
          "end": {
            "line": 207,
            "column": 19
          }
        },
        "type": "if",
        "locations": [
          {
            "start": {
              "line": 207,
              "column": 6
            },
            "end": {
              "line": 207,
              "column": 19
            }
          },
          {
            "start": {},
            "end": {}
          }
        ],
        "line": 207
      },
      "33": {
        "loc": {
          "start": {
            "line": 217,
            "column": 2
          },
          "end": {
            "line": 226,
            "column": 3
          }
        },
        "type": "if",
        "locations": [
          {
            "start": {
              "line": 217,
              "column": 2
            },
            "end": {
              "line": 226,
              "column": 3
            }
          },
          {
            "start": {},
            "end": {}
          }
        ],
        "line": 217
      },
      "34": {
        "loc": {
          "start": {
            "line": 217,
            "column": 6
          },
          "end": {
            "line": 217,
            "column": 50
          }
        },
        "type": "binary-expr",
        "locations": [
          {
            "start": {
              "line": 217,
              "column": 6
            },
            "end": {
              "line": 217,
              "column": 15
            }
          },
          {
            "start": {
              "line": 217,
              "column": 19
            },
            "end": {
              "line": 217,
              "column": 50
            }
          }
        ],
        "line": 217
      },
      "35": {
        "loc": {
          "start": {
            "line": 220,
            "column": 6
          },
          "end": {
            "line": 223,
            "column": 7
          }
        },
        "type": "if",
        "locations": [
          {
            "start": {
              "line": 220,
              "column": 6
            },
            "end": {
              "line": 223,
              "column": 7
            }
          },
          {
            "start": {},
            "end": {}
          }
        ],
        "line": 220
      },
      "36": {
        "loc": {
          "start": {
            "line": 220,
            "column": 10
          },
          "end": {
            "line": 220,
            "column": 55
          }
        },
        "type": "binary-expr",
        "locations": [
          {
            "start": {
              "line": 220,
              "column": 10
            },
            "end": {
              "line": 220,
              "column": 12
            }
          },
          {
            "start": {
              "line": 220,
              "column": 16
            },
            "end": {
              "line": 220,
              "column": 36
            }
          },
          {
            "start": {
              "line": 220,
              "column": 40
            },
            "end": {
              "line": 220,
              "column": 55
            }
          }
        ],
        "line": 220
      },
      "37": {
        "loc": {
          "start": {
            "line": 237,
            "column": 6
          },
          "end": {
            "line": 240,
            "column": 7
          }
        },
        "type": "if",
        "locations": [
          {
            "start": {
              "line": 237,
              "column": 6
            },
            "end": {
              "line": 240,
              "column": 7
            }
          },
          {
            "start": {},
            "end": {}
          }
        ],
        "line": 237
      },
      "38": {
        "loc": {
          "start": {
            "line": 237,
            "column": 10
          },
          "end": {
            "line": 237,
            "column": 49
          }
        },
        "type": "binary-expr",
        "locations": [
          {
            "start": {
              "line": 237,
              "column": 10
            },
            "end": {
              "line": 237,
              "column": 30
            }
          },
          {
            "start": {
              "line": 237,
              "column": 34
            },
            "end": {
              "line": 237,
              "column": 49
            }
          }
        ],
        "line": 237
      }
    },
    "s": {
      "0": 123,
      "1": 123,
      "2": 123,
      "3": 123,
      "4": 123,
      "5": 0,
      "6": 0,
      "7": 0,
      "8": 123,
      "9": 123,
      "10": 0,
      "11": 0,
      "12": 123,
      "13": 0,
      "14": 0,
      "15": 0,
      "16": 0,
      "17": 0,
      "18": 0,
      "19": 0,
      "20": 0,
      "21": 0,
      "22": 0,
      "23": 0,
      "24": 0,
      "25": 0,
      "26": 0,
      "27": 0,
      "28": 0,
      "29": 0,
      "30": 0,
      "31": 0,
      "32": 0,
      "33": 123,
      "34": 0,
      "35": 0,
      "36": 0,
      "37": 0,
      "38": 0,
      "39": 0,
      "40": 0,
      "41": 0,
      "42": 0,
      "43": 0,
      "44": 0,
      "45": 0,
      "46": 0,
      "47": 0,
      "48": 0,
      "49": 0,
      "50": 0,
      "51": 0,
      "52": 0,
      "53": 0,
      "54": 0,
      "55": 0,
      "56": 0,
      "57": 123,
      "58": 123,
      "59": 123,
      "60": 123,
      "61": 123,
      "62": 123,
      "63": 123,
      "64": 123,
      "65": 123,
      "66": 123,
      "67": 123,
      "68": 123,
      "69": 1107,
      "70": 246,
      "71": 861,
      "72": 6,
      "73": 0,
      "74": 0,
      "75": 0,
      "76": 369,
      "77": 0,
      "78": 369,
      "79": 7,
      "80": 7,
      "81": 4,
      "82": 4,
      "83": 4,
      "84": 0,
      "85": 4,
      "86": 0,
      "87": 4,
      "88": 4,
      "89": 4,
      "90": 0,
      "91": 4,
      "92": 123,
      "93": 123,
      "94": 0,
      "95": 123,
      "96": 123,
      "97": 0,
      "98": 0,
      "99": 0,
      "100": 123,
      "101": 123,
      "102": 123,
      "103": 0,
      "104": 0,
      "105": 0,
      "106": 0,
      "107": 0,
      "108": 0,
      "109": 123,
      "110": 123,
      "111": 1,
      "112": 1,
      "113": 1,
      "114": 1,
      "115": 0,
      "116": 0,
      "117": 1,
      "118": 1,
      "119": 123,
      "120": 123,
      "121": 2,
      "122": 2,
      "123": 2,
      "124": 2,
      "125": 1,
      "126": 0,
      "127": 0,
      "128": 1
    },
    "f": {
      "0": 0,
      "1": 0,
      "2": 0,
      "3": 0,
      "4": 0,
      "5": 0,
      "6": 0,
      "7": 0,
      "8": 0,
      "9": 0,
      "10": 0,
      "11": 0,
      "12": 0,
      "13": 0,
      "14": 1107,
      "15": 6,
      "16": 0,
      "17": 369,
      "18": 7,
      "19": 4,
      "20": 0,
      "21": 0,
      "22": 0,
      "23": 0,
      "24": 0,
      "25": 0,
      "26": 1,
      "27": 1,
      "28": 2
    },
    "b": {
      "0": [
        0,
        0
      ],
      "1": [
        0,
        123
      ],
      "2": [
        123,
        0
      ],
      "3": [
        0,
        0
      ],
      "4": [
        0,
        0
      ],
      "5": [
        0,
        0
      ],
      "6": [
        0,
        0
      ],
      "7": [
        0,
        0
      ],
      "8": [
        0,
        0
      ],
      "9": [
        0,
        123
      ],
      "10": [
        0,
        0
      ],
      "11": [
        0,
        0
      ],
      "12": [
        0,
        0
      ],
      "13": [
        0,
        0
      ],
      "14": [
        0,
        0
      ],
      "15": [
        0,
        0
      ],
      "16": [
        0,
        0
      ],
      "17": [
        246,
        861
      ],
      "18": [
        0,
        0
      ],
      "19": [
        0,
        369
      ],
      "20": [
        4,
        0
      ],
      "21": [
        0,
        4
      ],
      "22": [
        0,
        4
      ],
      "23": [
        4,
        0
      ],
      "24": [
        4,
        0
      ],
      "25": [
        0,
        4
      ],
      "26": [
        4,
        4
      ],
      "27": [
        123,
        0
      ],
      "28": [
        0,
        123
      ],
      "29": [
        123,
        0
      ],
      "30": [
        0,
        0
      ],
      "31": [
        0,
        0,
        0,
        0
      ],
      "32": [
        0,
        0
      ],
      "33": [
        1,
        0
      ],
      "34": [
        1,
        1
      ],
      "35": [
        0,
        1
      ],
      "36": [
        1,
        0,
        0
      ],
      "37": [
        0,
        1
      ],
      "38": [
        1,
        0
      ]
    },
    "_coverageSchema": "1a1c01bbd47fc00a2c39e90264f33305004495a9",
    "hash": "2ec6b79e733814a40c6bb5a4bb4808494f481648"
  }
}