{"total": {"lines":{"total":208,"covered":107,"skipped":0,"pct":51.44},"statements":{"total":217,"covered":109,"skipped":0,"pct":50.23},"functions":{"total":52,"covered":21,"skipped":0,"pct":40.38},"branches":{"total":132,"covered":45,"skipped":0,"pct":34.09},"branchesTrue":{"total":0,"covered":0,"skipped":0,"pct":"Unknown"}}
,"C:\\Users\\DELL\\Documents\\FYP\\Part 2\\Continuation Version\\UnitGen_Final_Completed_Version\\backend\\benchmark_packages\\node-graceful-fs\\fs.js": {"lines":{"total":10,"covered":8,"skipped":0,"pct":80},"functions":{"total":2,"covered":2,"skipped":0,"pct":100},"statements":{"total":10,"covered":8,"skipped":0,"pct":80},"branches":{"total":6,"covered":4,"skipped":0,"pct":66.66}}
,"C:\\Users\\DELL\\Documents\\FYP\\Part 2\\Continuation Version\\UnitGen_Final_Completed_Version\\backend\\benchmark_packages\\node-graceful-fs\\graceful-fs.js": {"lines":{"total":78,"covered":41,"skipped":0,"pct":52.56},"functions":{"total":21,"covered":11,"skipped":0,"pct":52.38},"statements":{"total":78,"covered":41,"skipped":0,"pct":52.56},"branches":{"total":45,"covered":17,"skipped":0,"pct":37.77}}
,"C:\\Users\\DELL\\Documents\\FYP\\Part 2\\Continuation Version\\UnitGen_Final_Completed_Version\\backend\\benchmark_packages\\node-graceful-fs\\polyfills.js": {"lines":{"total":120,"covered":58,"skipped":0,"pct":48.33},"functions":{"total":29,"covered":8,"skipped":0,"pct":27.58},"statements":{"total":129,"covered":60,"skipped":0,"pct":46.51},"branches":{"total":81,"covered":24,"skipped":0,"pct":29.62}}
}
